ARM GAS  /tmp/ccO2G5lB.s 			page 1


   1              		.syntax unified
   2              		.cpu cortex-m3
   3              		.fpu softvfp
   4              		.eabi_attribute 20, 1
   5              		.eabi_attribute 21, 1
   6              		.eabi_attribute 23, 3
   7              		.eabi_attribute 24, 1
   8              		.eabi_attribute 25, 1
   9              		.eabi_attribute 26, 1
  10              		.eabi_attribute 30, 2
  11              		.eabi_attribute 34, 1
  12              		.eabi_attribute 18, 4
  13              		.thumb
  14              		.file	"chcore_v7m.c"
  15              		.text
  16              	.Ltext0:
  17              		.cfi_sections	.debug_frame
  18              		.section	.text._port_switch_from_isr,"ax",%progbits
  19              		.align	2
  20              		.p2align 4,,15
  21              		.global	_port_switch_from_isr
  22              		.thumb
  23              		.thumb_func
  24              		.type	_port_switch_from_isr, %function
  25              	_port_switch_from_isr:
  26              	.LFB11:
  27              		.file 1 "../ChibiOS_2.6.2/os/ports/GCC/ARMCMx/chcore_v7m.c"
  28              		.loc 1 207 0
  29              		.cfi_startproc
  30              		@ Naked Function: prologue and epilogue provided by programmer.
  31              		@ args = 0, pretend = 0, frame = 0
  32              		@ frame_needed = 0, uses_anonymous_args = 0
  33              		.loc 1 210 0
  34 0000 FFF7FEFF 		bl	chSchDoReschedule
  35              		.loc 1 212 0
  36              	@ 212 "../ChibiOS_2.6.2/os/ports/GCC/ARMCMx/chcore_v7m.c" 1
  37              		_port_exit_from_isr:
  38              	@ 0 "" 2
  39              		.loc 1 214 0
  40              	@ 214 "../ChibiOS_2.6.2/os/ports/GCC/ARMCMx/chcore_v7m.c" 1
  41 0004 00DF     		svc     #0
  42              	@ 0 "" 2
  43              		.loc 1 221 0
  44              		.thumb
  45              		.cfi_endproc
  46              	.LFE11:
  47              		.size	_port_switch_from_isr, .-_port_switch_from_isr
  48 0006 00BFAFF3 		.section	.text.SVCallVector,"ax",%progbits
  48      0080AFF3 
  48      0080
  49              		.align	2
  50              		.p2align 4,,15
  51              		.global	SVCallVector
  52              		.thumb
  53              		.thumb_func
  54              		.type	SVCallVector, %function
  55              	SVCallVector:
ARM GAS  /tmp/ccO2G5lB.s 			page 2


  56              	.LFB8:
  57              		.loc 1 65 0
  58              		.cfi_startproc
  59              		@ args = 0, pretend = 0, frame = 0
  60              		@ frame_needed = 0, uses_anonymous_args = 0
  61              		@ link register save eliminated.
  62              		.loc 1 69 0
  63              	@ 69 "../ChibiOS_2.6.2/os/ports/GCC/ARMCMx/chcore_v7m.c" 1
  64 0000 EFF30983 		mrs     r3, PSP
  65              	@ 0 "" 2
  66              	.LVL0:
  67              		.loc 1 73 0
  68              		.thumb
  69 0004 2033     		adds	r3, r3, #32
  70              	.LVL1:
  71              		.loc 1 80 0
  72              	@ 80 "../ChibiOS_2.6.2/os/ports/GCC/ARMCMx/chcore_v7m.c" 1
  73 0006 83F30988 		msr     PSP, r3
  74              	@ 0 "" 2
  75              		.thumb
  76              	.LBB2:
  77              		.loc 1 81 0
  78 000a 0023     		movs	r3, #0
  79              	.LVL2:
  80              	@ 81 "../ChibiOS_2.6.2/os/ports/GCC/ARMCMx/chcore_v7m.c" 1
  81 000c 83F31188 		msr     BASEPRI, r3
  82              	@ 0 "" 2
  83              	.LVL3:
  84              		.thumb
  85              	.LBE2:
  86              		.loc 1 82 0
  87 0010 7047     		bx	lr
  88              		.cfi_endproc
  89              	.LFE8:
  90              		.size	SVCallVector, .-SVCallVector
  91 0012 00BFAFF3 		.section	.text._port_init,"ax",%progbits
  91      0080AFF3 
  91      0080AFF3 
  91      0080
  92              		.align	2
  93              		.p2align 4,,15
  94              		.global	_port_init
  95              		.thumb
  96              		.thumb_func
  97              		.type	_port_init, %function
  98              	_port_init:
  99              	.LFB9:
 100              		.loc 1 118 0
 101              		.cfi_startproc
 102              		@ args = 0, pretend = 0, frame = 0
 103              		@ frame_needed = 0, uses_anonymous_args = 0
 104 0000 08B5     		push	{r3, lr}
 105              	.LCFI0:
 106              		.cfi_def_cfa_offset 8
 107              		.cfi_offset 14, -4
 108              		.cfi_offset 3, -8
 109              		.loc 1 122 0
ARM GAS  /tmp/ccO2G5lB.s 			page 3


 110 0002 4FF44072 		mov	r2, #768
 111              		.loc 1 121 0
 112 0006 4FF46D43 		mov	r3, #60672
 113 000a CEF20003 		movt	r3, 57344
 114              		.loc 1 122 0
 115 000e C0F2FA52 		movt	r2, 1530
 116              		.loc 1 121 0
 117 0012 0021     		movs	r1, #0
 118 0014 9960     		str	r1, [r3, #8]
 119              		.loc 1 125 0
 120 0016 0720     		movs	r0, #7
 121 0018 1021     		movs	r1, #16
 122              		.loc 1 122 0
 123 001a DA60     		str	r2, [r3, #12]
 124              		.loc 1 125 0
 125 001c FFF7FEFF 		bl	nvicSetSystemHandlerPriority
 126              		.loc 1 127 0
 127 0020 0A20     		movs	r0, #10
 128 0022 2021     		movs	r1, #32
 129 0024 FFF7FEFF 		bl	nvicSetSystemHandlerPriority
 130              		.loc 1 129 0
 131 0028 0B20     		movs	r0, #11
 132 002a 8021     		movs	r1, #128
 133              		.loc 1 131 0
 134 002c BDE80840 		pop	{r3, lr}
 135              		.loc 1 129 0
 136 0030 FFF7FEBF 		b	nvicSetSystemHandlerPriority
 137              		.cfi_endproc
 138              	.LFE9:
 139              		.size	_port_init, .-_port_init
 140 0034 AFF30080 		.section	.text._port_irq_epilogue,"ax",%progbits
 140      AFF30080 
 140      AFF30080 
 141              		.align	2
 142              		.p2align 4,,15
 143              		.global	_port_irq_epilogue
 144              		.thumb
 145              		.thumb_func
 146              		.type	_port_irq_epilogue, %function
 147              	_port_irq_epilogue:
 148              	.LFB10:
 149              		.loc 1 148 0
 150              		.cfi_startproc
 151              		@ args = 0, pretend = 0, frame = 0
 152              		@ frame_needed = 0, uses_anonymous_args = 0
 153              		@ link register save eliminated.
 154              	.LBB3:
 155              		.loc 1 150 0
 156 0000 2023     		movs	r3, #32
 157              	.LVL4:
 158              	@ 150 "../ChibiOS_2.6.2/os/ports/GCC/ARMCMx/chcore_v7m.c" 1
 159 0002 83F31188 		msr     BASEPRI, r3
 160              	@ 0 "" 2
 161              	.LVL5:
 162              		.thumb
 163              	.LBE3:
 164              		.loc 1 151 0
ARM GAS  /tmp/ccO2G5lB.s 			page 4


 165 0006 4FF46D40 		mov	r0, #60672
 166 000a CEF20000 		movt	r0, 57344
 167 000e 4368     		ldr	r3, [r0, #4]
 168              	.LVL6:
 169 0010 13F40063 		ands	r3, r3, #2048
 170 0014 1FD0     		beq	.L5
 171              	.LBB4:
 172              		.loc 1 155 0
 173              	@ 155 "../ChibiOS_2.6.2/os/ports/GCC/ARMCMx/chcore_v7m.c" 1
 174 0016 EFF30982 		mrs     r2, PSP
 175              	@ 0 "" 2
 176              	.LVL7:
 177              		.loc 1 159 0
 178              		.thumb
 179 001a A2F12001 		sub	r1, r2, #32
 180              		.loc 1 160 0
 181              	@ 160 "../ChibiOS_2.6.2/os/ports/GCC/ARMCMx/chcore_v7m.c" 1
 182 001e 81F30988 		msr     PSP, r1
 183              	@ 0 "" 2
 184              		.loc 1 165 0
 185              		.thumb
 186 0022 40F20003 		movw	r3, #:lower16:rlist
 187 0026 C0F20003 		movt	r3, #:upper16:rlist
 188 002a 9969     		ldr	r1, [r3, #24]
 189              		.loc 1 161 0
 190 002c 4FF08070 		mov	r0, #16777216
 191 0030 42F8040C 		str	r0, [r2, #-4]
 192              		.loc 1 165 0
 193 0034 C87F     		ldrb	r0, [r1, #31]	@ zero_extendqisi2
 194 0036 88B1     		cbz	r0, .L6
 195              		.loc 1 165 0 is_stmt 0 discriminator 1
 196 0038 1868     		ldr	r0, [r3, #0]
 197 003a 8B68     		ldr	r3, [r1, #8]
 198 003c 8068     		ldr	r0, [r0, #8]
 199 003e 9842     		cmp	r0, r3
 200 0040 94BF     		ite	ls
 201 0042 0023     		movls	r3, #0
 202 0044 0123     		movhi	r3, #1
 203 0046 93B1     		cbz	r3, .L8
 204              	.L11:
 205              		.loc 1 167 0 is_stmt 1
 206 0048 40F20003 		movw	r3, #:lower16:_port_switch_from_isr
 207 004c C0F20003 		movt	r3, #:upper16:_port_switch_from_isr
 208 0050 42F8083C 		str	r3, [r2, #-8]
 209 0054 7047     		bx	lr
 210              	.LVL8:
 211              	.L5:
 212              	.LBE4:
 213              	.LBB5:
 214              		.loc 1 197 0
 215              	@ 197 "../ChibiOS_2.6.2/os/ports/GCC/ARMCMx/chcore_v7m.c" 1
 216 0056 83F31188 		msr     BASEPRI, r3
 217              	@ 0 "" 2
 218              	.LVL9:
 219              		.thumb
 220 005a 7047     		bx	lr
 221              	.LVL10:
ARM GAS  /tmp/ccO2G5lB.s 			page 5


 222              	.L6:
 223              	.LBE5:
 224              	.LBB6:
 225              		.loc 1 165 0 discriminator 2
 226 005c 1868     		ldr	r0, [r3, #0]
 227 005e 8B68     		ldr	r3, [r1, #8]
 228 0060 8168     		ldr	r1, [r0, #8]
 229 0062 9942     		cmp	r1, r3
 230 0064 34BF     		ite	cc
 231 0066 0023     		movcc	r3, #0
 232 0068 0123     		movcs	r3, #1
 233 006a 002B     		cmp	r3, #0
 234 006c ECD1     		bne	.L11
 235              	.L8:
 236              		.loc 1 176 0
 237 006e 40F20001 		movw	r1, #:lower16:_port_exit_from_isr
 238 0072 C0F20001 		movt	r1, #:upper16:_port_exit_from_isr
 239 0076 42F8081C 		str	r1, [r2, #-8]
 240 007a 7047     		bx	lr
 241              	.LBE6:
 242              		.cfi_endproc
 243              	.LFE10:
 244              		.size	_port_irq_epilogue, .-_port_irq_epilogue
 245 007c AFF30080 		.section	.text.SysTickVector,"ax",%progbits
 246              		.align	2
 247              		.p2align 4,,15
 248              		.global	SysTickVector
 249              		.thumb
 250              		.thumb_func
 251              		.type	SysTickVector, %function
 252              	SysTickVector:
 253              	.LFB7:
 254              		.loc 1 47 0
 255              		.cfi_startproc
 256              		@ args = 0, pretend = 0, frame = 0
 257              		@ frame_needed = 0, uses_anonymous_args = 0
 258 0000 08B5     		push	{r3, lr}
 259              	.LCFI1:
 260              		.cfi_def_cfa_offset 8
 261              		.cfi_offset 14, -4
 262              		.cfi_offset 3, -8
 263              	.LBB7:
 264              		.loc 1 51 0
 265 0002 2023     		movs	r3, #32
 266              	.LVL11:
 267              	@ 51 "../ChibiOS_2.6.2/os/ports/GCC/ARMCMx/chcore_v7m.c" 1
 268 0004 83F31188 		msr     BASEPRI, r3
 269              	@ 0 "" 2
 270              	.LVL12:
 271              		.thumb
 272              	.LBE7:
 273              		.loc 1 52 0
 274 0008 FFF7FEFF 		bl	chSysTimerHandlerI
 275              	.LVL13:
 276              	.LBB8:
 277              		.loc 1 53 0
 278 000c 0023     		movs	r3, #0
ARM GAS  /tmp/ccO2G5lB.s 			page 6


 279              	.LVL14:
 280              	@ 53 "../ChibiOS_2.6.2/os/ports/GCC/ARMCMx/chcore_v7m.c" 1
 281 000e 83F31188 		msr     BASEPRI, r3
 282              	@ 0 "" 2
 283              	.LVL15:
 284              		.thumb
 285              	.LBE8:
 286              		.loc 1 56 0
 287 0012 BDE80840 		pop	{r3, lr}
 288              		.loc 1 55 0
 289 0016 FFF7FEBF 		b	_port_irq_epilogue
 290              	.LVL16:
 291              		.cfi_endproc
 292              	.LFE7:
 293              		.size	SysTickVector, .-SysTickVector
 294              		.section	.text._port_switch,"ax",%progbits
 295              		.align	2
 296              		.p2align 4,,15
 297              		.global	_port_switch
 298              		.thumb
 299              		.thumb_func
 300              		.type	_port_switch, %function
 301              	_port_switch:
 302              	.LFB12:
 303              		.loc 1 236 0
 304              		.cfi_startproc
 305              		@ Naked Function: prologue and epilogue provided by programmer.
 306              		@ args = 0, pretend = 0, frame = 0
 307              		@ frame_needed = 0, uses_anonymous_args = 0
 308              	.LVL17:
 309              		.loc 1 238 0
 310              	@ 238 "../ChibiOS_2.6.2/os/ports/GCC/ARMCMx/chcore_v7m.c" 1
 311 0000 2DE9F04F 		push    {r4, r5, r6, r7, r8, r9, r10, r11, lr}
 312              	@ 0 "" 2
 313              		.loc 1 244 0
 314              	@ 244 "../ChibiOS_2.6.2/os/ports/GCC/ARMCMx/chcore_v7m.c" 1
 315 0004 C1F80CD0 		str     sp, [r1, #12]                          
 316 0008 D0F80CD0 		ldr     sp, [r0, #12]
 317              	@ 0 "" 2
 318              		.loc 1 250 0
 319              	@ 250 "../ChibiOS_2.6.2/os/ports/GCC/ARMCMx/chcore_v7m.c" 1
 320 000c BDE8F08F 		pop     {r4, r5, r6, r7, r8, r9, r10, r11, pc}
 321              	@ 0 "" 2
 322              		.loc 1 252 0
 323              		.thumb
 324              		.cfi_endproc
 325              	.LFE12:
 326              		.size	_port_switch, .-_port_switch
 327              		.section	.text._port_thread_start,"ax",%progbits
 328              		.align	2
 329              		.p2align 4,,15
 330              		.global	_port_thread_start
 331              		.thumb
 332              		.thumb_func
 333              		.type	_port_thread_start, %function
 334              	_port_thread_start:
 335              	.LFB13:
ARM GAS  /tmp/ccO2G5lB.s 			page 7


 336              		.loc 1 259 0
 337              		.cfi_startproc
 338              		@ args = 0, pretend = 0, frame = 0
 339              		@ frame_needed = 0, uses_anonymous_args = 0
 340              		@ link register save eliminated.
 341              	.LBB9:
 342              		.loc 1 261 0
 343 0000 0023     		movs	r3, #0
 344              	.LVL18:
 345              	@ 261 "../ChibiOS_2.6.2/os/ports/GCC/ARMCMx/chcore_v7m.c" 1
 346 0002 83F31188 		msr     BASEPRI, r3
 347              	@ 0 "" 2
 348              	.LVL19:
 349              		.thumb
 350              	.LBE9:
 351              		.loc 1 262 0
 352              	@ 262 "../ChibiOS_2.6.2/os/ports/GCC/ARMCMx/chcore_v7m.c" 1
 353 0006 2846     		mov     r0, r5                                 
 354 0008 A047     		blx     r4                                     
 355 000a FFF7FEFF 		bl      chThdExit
 356              	@ 0 "" 2
 357              		.loc 1 265 0
 358              		.thumb
 359 000e 7047     		bx	lr
 360              		.cfi_endproc
 361              	.LFE13:
 362              		.size	_port_thread_start, .-_port_thread_start
 363              		.text
 364              	.Letext0:
 365              		.file 2 "/opt/pros/toolchain/bin/../lib/gcc/arm-none-eabi/4.6.3/../../../../arm-none-eabi/include/
 366              		.file 3 "../ChibiOS_2.6.2/os/ports/GCC/ARMCMx/chtypes.h"
 367              		.file 4 "../ChibiOS_2.6.2/os/kernel/include/chlists.h"
 368              		.file 5 "../ChibiOS_2.6.2/os/kernel/include/chthreads.h"
 369              		.file 6 "../ChibiOS_2.6.2/os/ports/GCC/ARMCMx/chcore_v7m.h"
 370              		.file 7 "../ChibiOS_2.6.2/os/ports/common/ARMCMx/nvic.h"
 371              		.file 8 "../ChibiOS_2.6.2/os/kernel/include/chschd.h"
 372              		.file 9 "../ChibiOS_2.6.2/os/kernel/include/chmtx.h"
 373              		.section	.debug_info,"",%progbits
 374              	.Ldebug_info0:
 375 0000 E1070000 		.4byte	0x7e1
 376 0004 0200     		.2byte	0x2
 377 0006 00000000 		.4byte	.Ldebug_abbrev0
 378 000a 04       		.byte	0x4
 379 000b 01       		.uleb128 0x1
 380 000c 97020000 		.4byte	.LASF89
 381 0010 01       		.byte	0x1
 382 0011 1E030000 		.4byte	.LASF90
 383 0015 E2000000 		.4byte	.LASF91
 384 0019 00000000 		.4byte	0
 385 001d 00000000 		.4byte	0
 386 0021 18000000 		.4byte	.Ldebug_ranges0+0x18
 387 0025 00000000 		.4byte	.Ldebug_line0
 388 0029 02       		.uleb128 0x2
 389 002a 04       		.byte	0x4
 390 002b 05       		.byte	0x5
 391 002c 696E7400 		.ascii	"int\000"
 392 0030 03       		.uleb128 0x3
ARM GAS  /tmp/ccO2G5lB.s 			page 8


 393 0031 04       		.byte	0x4
 394 0032 07       		.byte	0x7
 395 0033 C7000000 		.4byte	.LASF0
 396 0037 03       		.uleb128 0x3
 397 0038 01       		.byte	0x1
 398 0039 06       		.byte	0x6
 399 003a 5E000000 		.4byte	.LASF1
 400 003e 04       		.uleb128 0x4
 401 003f 0B030000 		.4byte	.LASF5
 402 0043 02       		.byte	0x2
 403 0044 2A       		.byte	0x2a
 404 0045 49000000 		.4byte	0x49
 405 0049 03       		.uleb128 0x3
 406 004a 01       		.byte	0x1
 407 004b 08       		.byte	0x8
 408 004c 0B020000 		.4byte	.LASF2
 409 0050 03       		.uleb128 0x3
 410 0051 02       		.byte	0x2
 411 0052 05       		.byte	0x5
 412 0053 29020000 		.4byte	.LASF3
 413 0057 03       		.uleb128 0x3
 414 0058 02       		.byte	0x2
 415 0059 07       		.byte	0x7
 416 005a 47010000 		.4byte	.LASF4
 417 005e 04       		.uleb128 0x4
 418 005f 03020000 		.4byte	.LASF6
 419 0063 02       		.byte	0x2
 420 0064 4F       		.byte	0x4f
 421 0065 69000000 		.4byte	0x69
 422 0069 03       		.uleb128 0x3
 423 006a 04       		.byte	0x4
 424 006b 05       		.byte	0x5
 425 006c 84000000 		.4byte	.LASF7
 426 0070 04       		.uleb128 0x4
 427 0071 79020000 		.4byte	.LASF8
 428 0075 02       		.byte	0x2
 429 0076 50       		.byte	0x50
 430 0077 7B000000 		.4byte	0x7b
 431 007b 03       		.uleb128 0x3
 432 007c 04       		.byte	0x4
 433 007d 07       		.byte	0x7
 434 007e 12010000 		.4byte	.LASF9
 435 0082 03       		.uleb128 0x3
 436 0083 08       		.byte	0x8
 437 0084 05       		.byte	0x5
 438 0085 50000000 		.4byte	.LASF10
 439 0089 03       		.uleb128 0x3
 440 008a 08       		.byte	0x8
 441 008b 07       		.byte	0x7
 442 008c 23000000 		.4byte	.LASF11
 443 0090 03       		.uleb128 0x3
 444 0091 01       		.byte	0x1
 445 0092 02       		.byte	0x2
 446 0093 FD010000 		.4byte	.LASF12
 447 0097 04       		.uleb128 0x4
 448 0098 89010000 		.4byte	.LASF13
 449 009c 03       		.byte	0x3
ARM GAS  /tmp/ccO2G5lB.s 			page 9


 450 009d 2C       		.byte	0x2c
 451 009e 3E000000 		.4byte	0x3e
 452 00a2 04       		.uleb128 0x4
 453 00a3 8D000000 		.4byte	.LASF14
 454 00a7 03       		.byte	0x3
 455 00a8 2D       		.byte	0x2d
 456 00a9 3E000000 		.4byte	0x3e
 457 00ad 04       		.uleb128 0x4
 458 00ae E1010000 		.4byte	.LASF15
 459 00b2 03       		.byte	0x3
 460 00b3 2E       		.byte	0x2e
 461 00b4 3E000000 		.4byte	0x3e
 462 00b8 04       		.uleb128 0x4
 463 00b9 7A000000 		.4byte	.LASF16
 464 00bd 03       		.byte	0x3
 465 00be 2F       		.byte	0x2f
 466 00bf 3E000000 		.4byte	0x3e
 467 00c3 04       		.uleb128 0x4
 468 00c4 F5010000 		.4byte	.LASF17
 469 00c8 03       		.byte	0x3
 470 00c9 30       		.byte	0x30
 471 00ca 70000000 		.4byte	0x70
 472 00ce 04       		.uleb128 0x4
 473 00cf 5F010000 		.4byte	.LASF18
 474 00d3 03       		.byte	0x3
 475 00d4 31       		.byte	0x31
 476 00d5 5E000000 		.4byte	0x5e
 477 00d9 04       		.uleb128 0x4
 478 00da 9D010000 		.4byte	.LASF19
 479 00de 03       		.byte	0x3
 480 00df 33       		.byte	0x33
 481 00e0 70000000 		.4byte	0x70
 482 00e4 04       		.uleb128 0x4
 483 00e5 AF020000 		.4byte	.LASF20
 484 00e9 03       		.byte	0x3
 485 00ea 35       		.byte	0x35
 486 00eb 70000000 		.4byte	0x70
 487 00ef 04       		.uleb128 0x4
 488 00f0 67020000 		.4byte	.LASF21
 489 00f4 04       		.byte	0x4
 490 00f5 2A       		.byte	0x2a
 491 00f6 FA000000 		.4byte	0xfa
 492 00fa 05       		.uleb128 0x5
 493 00fb 67020000 		.4byte	.LASF21
 494 00ff 48       		.byte	0x48
 495 0100 05       		.byte	0x5
 496 0101 5E       		.byte	0x5e
 497 0102 1F020000 		.4byte	0x21f
 498 0106 06       		.uleb128 0x6
 499 0107 58020000 		.4byte	.LASF22
 500 010b 05       		.byte	0x5
 501 010c 5F       		.byte	0x5f
 502 010d 44020000 		.4byte	0x244
 503 0111 02       		.byte	0x2
 504 0112 23       		.byte	0x23
 505 0113 00       		.uleb128 0
 506 0114 06       		.uleb128 0x6
ARM GAS  /tmp/ccO2G5lB.s 			page 10


 507 0115 EE010000 		.4byte	.LASF23
 508 0119 05       		.byte	0x5
 509 011a 61       		.byte	0x61
 510 011b 44020000 		.4byte	0x244
 511 011f 02       		.byte	0x2
 512 0120 23       		.byte	0x23
 513 0121 04       		.uleb128 0x4
 514 0122 06       		.uleb128 0x6
 515 0123 49000000 		.4byte	.LASF24
 516 0127 05       		.byte	0x5
 517 0128 63       		.byte	0x63
 518 0129 C3000000 		.4byte	0xc3
 519 012d 02       		.byte	0x2
 520 012e 23       		.byte	0x23
 521 012f 08       		.uleb128 0x8
 522 0130 06       		.uleb128 0x6
 523 0131 71030000 		.4byte	.LASF25
 524 0135 05       		.byte	0x5
 525 0136 64       		.byte	0x64
 526 0137 8A030000 		.4byte	0x38a
 527 013b 02       		.byte	0x2
 528 013c 23       		.byte	0x23
 529 013d 0C       		.uleb128 0xc
 530 013e 06       		.uleb128 0x6
 531 013f A9000000 		.4byte	.LASF26
 532 0143 05       		.byte	0x5
 533 0144 66       		.byte	0x66
 534 0145 44020000 		.4byte	0x244
 535 0149 02       		.byte	0x2
 536 014a 23       		.byte	0x23
 537 014b 10       		.uleb128 0x10
 538 014c 06       		.uleb128 0x6
 539 014d B4010000 		.4byte	.LASF27
 540 0151 05       		.byte	0x5
 541 0152 67       		.byte	0x67
 542 0153 44020000 		.4byte	0x244
 543 0157 02       		.byte	0x2
 544 0158 23       		.byte	0x23
 545 0159 14       		.uleb128 0x14
 546 015a 06       		.uleb128 0x6
 547 015b 57030000 		.4byte	.LASF28
 548 015f 05       		.byte	0x5
 549 0160 6E       		.byte	0x6e
 550 0161 30060000 		.4byte	0x630
 551 0165 02       		.byte	0x2
 552 0166 23       		.byte	0x23
 553 0167 18       		.uleb128 0x18
 554 0168 06       		.uleb128 0x6
 555 0169 33020000 		.4byte	.LASF29
 556 016d 05       		.byte	0x5
 557 016e 79       		.byte	0x79
 558 016f A2000000 		.4byte	0xa2
 559 0173 02       		.byte	0x2
 560 0174 23       		.byte	0x23
 561 0175 1C       		.uleb128 0x1c
 562 0176 06       		.uleb128 0x6
 563 0177 5F020000 		.4byte	.LASF30
ARM GAS  /tmp/ccO2G5lB.s 			page 11


 564 017b 05       		.byte	0x5
 565 017c 7D       		.byte	0x7d
 566 017d 97000000 		.4byte	0x97
 567 0181 02       		.byte	0x2
 568 0182 23       		.byte	0x23
 569 0183 1D       		.uleb128 0x1d
 570 0184 06       		.uleb128 0x6
 571 0185 EF020000 		.4byte	.LASF31
 572 0189 05       		.byte	0x5
 573 018a 82       		.byte	0x82
 574 018b AD000000 		.4byte	0xad
 575 018f 02       		.byte	0x2
 576 0190 23       		.byte	0x23
 577 0191 1E       		.uleb128 0x1e
 578 0192 06       		.uleb128 0x6
 579 0193 3B020000 		.4byte	.LASF32
 580 0197 05       		.byte	0x5
 581 0198 88       		.byte	0x88
 582 0199 B8000000 		.4byte	0xb8
 583 019d 02       		.byte	0x2
 584 019e 23       		.byte	0x23
 585 019f 1F       		.uleb128 0x1f
 586 01a0 06       		.uleb128 0x6
 587 01a1 D1020000 		.4byte	.LASF33
 588 01a5 05       		.byte	0x5
 589 01a6 8F       		.byte	0x8f
 590 01a7 46050000 		.4byte	0x546
 591 01ab 02       		.byte	0x2
 592 01ac 23       		.byte	0x23
 593 01ad 20       		.uleb128 0x20
 594 01ae 07       		.uleb128 0x7
 595 01af 705F7500 		.ascii	"p_u\000"
 596 01b3 05       		.byte	0x5
 597 01b4 B4       		.byte	0xb4
 598 01b5 FB050000 		.4byte	0x5fb
 599 01b9 02       		.byte	0x2
 600 01ba 23       		.byte	0x23
 601 01bb 24       		.uleb128 0x24
 602 01bc 06       		.uleb128 0x6
 603 01bd 77030000 		.4byte	.LASF34
 604 01c1 05       		.byte	0x5
 605 01c2 B9       		.byte	0xb9
 606 01c3 6C020000 		.4byte	0x26c
 607 01c7 02       		.byte	0x2
 608 01c8 23       		.byte	0x23
 609 01c9 28       		.uleb128 0x28
 610 01ca 06       		.uleb128 0x6
 611 01cb E4020000 		.4byte	.LASF35
 612 01cf 05       		.byte	0x5
 613 01d0 BF       		.byte	0xbf
 614 01d1 4A020000 		.4byte	0x24a
 615 01d5 02       		.byte	0x2
 616 01d6 23       		.byte	0x23
 617 01d7 2C       		.uleb128 0x2c
 618 01d8 06       		.uleb128 0x6
 619 01d9 00000000 		.4byte	.LASF36
 620 01dd 05       		.byte	0x5
ARM GAS  /tmp/ccO2G5lB.s 			page 12


 621 01de C3       		.byte	0xc3
 622 01df CE000000 		.4byte	0xce
 623 01e3 02       		.byte	0x2
 624 01e4 23       		.byte	0x23
 625 01e5 34       		.uleb128 0x34
 626 01e6 06       		.uleb128 0x6
 627 01e7 6E020000 		.4byte	.LASF37
 628 01eb 05       		.byte	0x5
 629 01ec C9       		.byte	0xc9
 630 01ed D9000000 		.4byte	0xd9
 631 01f1 02       		.byte	0x2
 632 01f2 23       		.byte	0x23
 633 01f3 38       		.uleb128 0x38
 634 01f4 06       		.uleb128 0x6
 635 01f5 1F020000 		.4byte	.LASF38
 636 01f9 05       		.byte	0x5
 637 01fa D0       		.byte	0xd0
 638 01fb 42060000 		.4byte	0x642
 639 01ff 02       		.byte	0x2
 640 0200 23       		.byte	0x23
 641 0201 3C       		.uleb128 0x3c
 642 0202 06       		.uleb128 0x6
 643 0203 B9020000 		.4byte	.LASF39
 644 0207 05       		.byte	0x5
 645 0208 D4       		.byte	0xd4
 646 0209 C3000000 		.4byte	0xc3
 647 020d 02       		.byte	0x2
 648 020e 23       		.byte	0x23
 649 020f 40       		.uleb128 0x40
 650 0210 06       		.uleb128 0x6
 651 0211 6A000000 		.4byte	.LASF40
 652 0215 05       		.byte	0x5
 653 0216 DA       		.byte	0xda
 654 0217 82020000 		.4byte	0x282
 655 021b 02       		.byte	0x2
 656 021c 23       		.byte	0x23
 657 021d 44       		.uleb128 0x44
 658 021e 00       		.byte	0
 659 021f 08       		.uleb128 0x8
 660 0220 08       		.byte	0x8
 661 0221 04       		.byte	0x4
 662 0222 61       		.byte	0x61
 663 0223 44020000 		.4byte	0x244
 664 0227 06       		.uleb128 0x6
 665 0228 58020000 		.4byte	.LASF22
 666 022c 04       		.byte	0x4
 667 022d 62       		.byte	0x62
 668 022e 44020000 		.4byte	0x244
 669 0232 02       		.byte	0x2
 670 0233 23       		.byte	0x23
 671 0234 00       		.uleb128 0
 672 0235 06       		.uleb128 0x6
 673 0236 EE010000 		.4byte	.LASF23
 674 023a 04       		.byte	0x4
 675 023b 64       		.byte	0x64
 676 023c 44020000 		.4byte	0x244
 677 0240 02       		.byte	0x2
ARM GAS  /tmp/ccO2G5lB.s 			page 13


 678 0241 23       		.byte	0x23
 679 0242 04       		.uleb128 0x4
 680 0243 00       		.byte	0
 681 0244 09       		.uleb128 0x9
 682 0245 04       		.byte	0x4
 683 0246 EF000000 		.4byte	0xef
 684 024a 04       		.uleb128 0x4
 685 024b C2010000 		.4byte	.LASF41
 686 024f 04       		.byte	0x4
 687 0250 66       		.byte	0x66
 688 0251 1F020000 		.4byte	0x21f
 689 0255 08       		.uleb128 0x8
 690 0256 04       		.byte	0x4
 691 0257 04       		.byte	0x4
 692 0258 6B       		.byte	0x6b
 693 0259 6C020000 		.4byte	0x26c
 694 025d 06       		.uleb128 0x6
 695 025e 58020000 		.4byte	.LASF22
 696 0262 04       		.byte	0x4
 697 0263 6D       		.byte	0x6d
 698 0264 44020000 		.4byte	0x244
 699 0268 02       		.byte	0x2
 700 0269 23       		.byte	0x23
 701 026a 00       		.uleb128 0
 702 026b 00       		.byte	0
 703 026c 04       		.uleb128 0x4
 704 026d 91010000 		.4byte	.LASF42
 705 0271 04       		.byte	0x4
 706 0272 70       		.byte	0x70
 707 0273 55020000 		.4byte	0x255
 708 0277 04       		.uleb128 0x4
 709 0278 BE000000 		.4byte	.LASF43
 710 027c 06       		.byte	0x6
 711 027d E5       		.byte	0xe5
 712 027e 82020000 		.4byte	0x282
 713 0282 0A       		.uleb128 0xa
 714 0283 04       		.byte	0x4
 715 0284 05       		.uleb128 0x5
 716 0285 DB000000 		.4byte	.LASF44
 717 0289 20       		.byte	0x20
 718 028a 06       		.byte	0x6
 719 028b ED       		.byte	0xed
 720 028c FC020000 		.4byte	0x2fc
 721 0290 07       		.uleb128 0x7
 722 0291 723000   		.ascii	"r0\000"
 723 0294 06       		.byte	0x6
 724 0295 EE       		.byte	0xee
 725 0296 77020000 		.4byte	0x277
 726 029a 02       		.byte	0x2
 727 029b 23       		.byte	0x23
 728 029c 00       		.uleb128 0
 729 029d 07       		.uleb128 0x7
 730 029e 723100   		.ascii	"r1\000"
 731 02a1 06       		.byte	0x6
 732 02a2 EF       		.byte	0xef
 733 02a3 77020000 		.4byte	0x277
 734 02a7 02       		.byte	0x2
ARM GAS  /tmp/ccO2G5lB.s 			page 14


 735 02a8 23       		.byte	0x23
 736 02a9 04       		.uleb128 0x4
 737 02aa 07       		.uleb128 0x7
 738 02ab 723200   		.ascii	"r2\000"
 739 02ae 06       		.byte	0x6
 740 02af F0       		.byte	0xf0
 741 02b0 77020000 		.4byte	0x277
 742 02b4 02       		.byte	0x2
 743 02b5 23       		.byte	0x23
 744 02b6 08       		.uleb128 0x8
 745 02b7 07       		.uleb128 0x7
 746 02b8 723300   		.ascii	"r3\000"
 747 02bb 06       		.byte	0x6
 748 02bc F1       		.byte	0xf1
 749 02bd 77020000 		.4byte	0x277
 750 02c1 02       		.byte	0x2
 751 02c2 23       		.byte	0x23
 752 02c3 0C       		.uleb128 0xc
 753 02c4 07       		.uleb128 0x7
 754 02c5 72313200 		.ascii	"r12\000"
 755 02c9 06       		.byte	0x6
 756 02ca F2       		.byte	0xf2
 757 02cb 77020000 		.4byte	0x277
 758 02cf 02       		.byte	0x2
 759 02d0 23       		.byte	0x23
 760 02d1 10       		.uleb128 0x10
 761 02d2 06       		.uleb128 0x6
 762 02d3 D4000000 		.4byte	.LASF45
 763 02d7 06       		.byte	0x6
 764 02d8 F3       		.byte	0xf3
 765 02d9 77020000 		.4byte	0x277
 766 02dd 02       		.byte	0x2
 767 02de 23       		.byte	0x23
 768 02df 14       		.uleb128 0x14
 769 02e0 07       		.uleb128 0x7
 770 02e1 706300   		.ascii	"pc\000"
 771 02e4 06       		.byte	0x6
 772 02e5 F4       		.byte	0xf4
 773 02e6 77020000 		.4byte	0x277
 774 02ea 02       		.byte	0x2
 775 02eb 23       		.byte	0x23
 776 02ec 18       		.uleb128 0x18
 777 02ed 06       		.uleb128 0x6
 778 02ee 45020000 		.4byte	.LASF46
 779 02f2 06       		.byte	0x6
 780 02f3 F5       		.byte	0xf5
 781 02f4 77020000 		.4byte	0x277
 782 02f8 02       		.byte	0x2
 783 02f9 23       		.byte	0x23
 784 02fa 1C       		.uleb128 0x1c
 785 02fb 00       		.byte	0
 786 02fc 0B       		.uleb128 0xb
 787 02fd DD020000 		.4byte	.LASF47
 788 0301 24       		.byte	0x24
 789 0302 06       		.byte	0x6
 790 0303 0C01     		.2byte	0x10c
 791 0305 8A030000 		.4byte	0x38a
ARM GAS  /tmp/ccO2G5lB.s 			page 15


 792 0309 0C       		.uleb128 0xc
 793 030a 723400   		.ascii	"r4\000"
 794 030d 06       		.byte	0x6
 795 030e 1F01     		.2byte	0x11f
 796 0310 77020000 		.4byte	0x277
 797 0314 02       		.byte	0x2
 798 0315 23       		.byte	0x23
 799 0316 00       		.uleb128 0
 800 0317 0C       		.uleb128 0xc
 801 0318 723500   		.ascii	"r5\000"
 802 031b 06       		.byte	0x6
 803 031c 2001     		.2byte	0x120
 804 031e 77020000 		.4byte	0x277
 805 0322 02       		.byte	0x2
 806 0323 23       		.byte	0x23
 807 0324 04       		.uleb128 0x4
 808 0325 0C       		.uleb128 0xc
 809 0326 723600   		.ascii	"r6\000"
 810 0329 06       		.byte	0x6
 811 032a 2101     		.2byte	0x121
 812 032c 77020000 		.4byte	0x277
 813 0330 02       		.byte	0x2
 814 0331 23       		.byte	0x23
 815 0332 08       		.uleb128 0x8
 816 0333 0C       		.uleb128 0xc
 817 0334 723700   		.ascii	"r7\000"
 818 0337 06       		.byte	0x6
 819 0338 2201     		.2byte	0x122
 820 033a 77020000 		.4byte	0x277
 821 033e 02       		.byte	0x2
 822 033f 23       		.byte	0x23
 823 0340 0C       		.uleb128 0xc
 824 0341 0C       		.uleb128 0xc
 825 0342 723800   		.ascii	"r8\000"
 826 0345 06       		.byte	0x6
 827 0346 2301     		.2byte	0x123
 828 0348 77020000 		.4byte	0x277
 829 034c 02       		.byte	0x2
 830 034d 23       		.byte	0x23
 831 034e 10       		.uleb128 0x10
 832 034f 0C       		.uleb128 0xc
 833 0350 723900   		.ascii	"r9\000"
 834 0353 06       		.byte	0x6
 835 0354 2401     		.2byte	0x124
 836 0356 77020000 		.4byte	0x277
 837 035a 02       		.byte	0x2
 838 035b 23       		.byte	0x23
 839 035c 14       		.uleb128 0x14
 840 035d 0C       		.uleb128 0xc
 841 035e 72313000 		.ascii	"r10\000"
 842 0362 06       		.byte	0x6
 843 0363 2501     		.2byte	0x125
 844 0365 77020000 		.4byte	0x277
 845 0369 02       		.byte	0x2
 846 036a 23       		.byte	0x23
 847 036b 18       		.uleb128 0x18
 848 036c 0C       		.uleb128 0xc
ARM GAS  /tmp/ccO2G5lB.s 			page 16


 849 036d 72313100 		.ascii	"r11\000"
 850 0371 06       		.byte	0x6
 851 0372 2601     		.2byte	0x126
 852 0374 77020000 		.4byte	0x277
 853 0378 02       		.byte	0x2
 854 0379 23       		.byte	0x23
 855 037a 1C       		.uleb128 0x1c
 856 037b 0C       		.uleb128 0xc
 857 037c 6C7200   		.ascii	"lr\000"
 858 037f 06       		.byte	0x6
 859 0380 2701     		.2byte	0x127
 860 0382 77020000 		.4byte	0x277
 861 0386 02       		.byte	0x2
 862 0387 23       		.byte	0x23
 863 0388 20       		.uleb128 0x20
 864 0389 00       		.byte	0
 865 038a 0B       		.uleb128 0xb
 866 038b 3F010000 		.4byte	.LASF48
 867 038f 04       		.byte	0x4
 868 0390 06       		.byte	0x6
 869 0391 3101     		.2byte	0x131
 870 0393 A7030000 		.4byte	0x3a7
 871 0397 0C       		.uleb128 0xc
 872 0398 72313300 		.ascii	"r13\000"
 873 039c 06       		.byte	0x6
 874 039d 3201     		.2byte	0x132
 875 039f A7030000 		.4byte	0x3a7
 876 03a3 02       		.byte	0x2
 877 03a4 23       		.byte	0x23
 878 03a5 00       		.uleb128 0
 879 03a6 00       		.byte	0
 880 03a7 09       		.uleb128 0x9
 881 03a8 04       		.byte	0x4
 882 03a9 FC020000 		.4byte	0x2fc
 883 03ad 0D       		.uleb128 0xd
 884 03ae 7B000000 		.4byte	0x7b
 885 03b2 08       		.uleb128 0x8
 886 03b3 8C       		.byte	0x8c
 887 03b4 07       		.byte	0x7
 888 03b5 89       		.byte	0x89
 889 03b6 E2040000 		.4byte	0x4e2
 890 03ba 06       		.uleb128 0x6
 891 03bb 43000000 		.4byte	.LASF49
 892 03bf 07       		.byte	0x7
 893 03c0 8A       		.byte	0x8a
 894 03c1 AD030000 		.4byte	0x3ad
 895 03c5 02       		.byte	0x2
 896 03c6 23       		.byte	0x23
 897 03c7 00       		.uleb128 0
 898 03c8 06       		.uleb128 0x6
 899 03c9 5A010000 		.4byte	.LASF50
 900 03cd 07       		.byte	0x7
 901 03ce 8B       		.byte	0x8b
 902 03cf AD030000 		.4byte	0x3ad
 903 03d3 02       		.byte	0x2
 904 03d4 23       		.byte	0x23
 905 03d5 04       		.uleb128 0x4
ARM GAS  /tmp/ccO2G5lB.s 			page 17


 906 03d6 06       		.uleb128 0x6
 907 03d7 24010000 		.4byte	.LASF51
 908 03db 07       		.byte	0x7
 909 03dc 8C       		.byte	0x8c
 910 03dd AD030000 		.4byte	0x3ad
 911 03e1 02       		.byte	0x2
 912 03e2 23       		.byte	0x23
 913 03e3 08       		.uleb128 0x8
 914 03e4 06       		.uleb128 0x6
 915 03e5 65010000 		.4byte	.LASF52
 916 03e9 07       		.byte	0x7
 917 03ea 8D       		.byte	0x8d
 918 03eb AD030000 		.4byte	0x3ad
 919 03ef 02       		.byte	0x2
 920 03f0 23       		.byte	0x23
 921 03f1 0C       		.uleb128 0xc
 922 03f2 07       		.uleb128 0x7
 923 03f3 53435200 		.ascii	"SCR\000"
 924 03f7 07       		.byte	0x7
 925 03f8 8E       		.byte	0x8e
 926 03f9 AD030000 		.4byte	0x3ad
 927 03fd 02       		.byte	0x2
 928 03fe 23       		.byte	0x23
 929 03ff 10       		.uleb128 0x10
 930 0400 07       		.uleb128 0x7
 931 0401 43435200 		.ascii	"CCR\000"
 932 0405 07       		.byte	0x7
 933 0406 8F       		.byte	0x8f
 934 0407 AD030000 		.4byte	0x3ad
 935 040b 02       		.byte	0x2
 936 040c 23       		.byte	0x23
 937 040d 14       		.uleb128 0x14
 938 040e 06       		.uleb128 0x6
 939 040f D8020000 		.4byte	.LASF53
 940 0413 07       		.byte	0x7
 941 0414 90       		.byte	0x90
 942 0415 F2040000 		.4byte	0x4f2
 943 0419 02       		.byte	0x2
 944 041a 23       		.byte	0x23
 945 041b 18       		.uleb128 0x18
 946 041c 06       		.uleb128 0x6
 947 041d 19020000 		.4byte	.LASF54
 948 0421 07       		.byte	0x7
 949 0422 91       		.byte	0x91
 950 0423 AD030000 		.4byte	0x3ad
 951 0427 02       		.byte	0x2
 952 0428 23       		.byte	0x23
 953 0429 24       		.uleb128 0x24
 954 042a 06       		.uleb128 0x6
 955 042b AF010000 		.4byte	.LASF55
 956 042f 07       		.byte	0x7
 957 0430 92       		.byte	0x92
 958 0431 AD030000 		.4byte	0x3ad
 959 0435 02       		.byte	0x2
 960 0436 23       		.byte	0x23
 961 0437 28       		.uleb128 0x28
 962 0438 06       		.uleb128 0x6
ARM GAS  /tmp/ccO2G5lB.s 			page 18


 963 0439 64030000 		.4byte	.LASF56
 964 043d 07       		.byte	0x7
 965 043e 93       		.byte	0x93
 966 043f AD030000 		.4byte	0x3ad
 967 0443 02       		.byte	0x2
 968 0444 23       		.byte	0x23
 969 0445 2C       		.uleb128 0x2c
 970 0446 06       		.uleb128 0x6
 971 0447 6B010000 		.4byte	.LASF57
 972 044b 07       		.byte	0x7
 973 044c 94       		.byte	0x94
 974 044d AD030000 		.4byte	0x3ad
 975 0451 02       		.byte	0x2
 976 0452 23       		.byte	0x23
 977 0453 30       		.uleb128 0x30
 978 0454 06       		.uleb128 0x6
 979 0455 70010000 		.4byte	.LASF58
 980 0459 07       		.byte	0x7
 981 045a 95       		.byte	0x95
 982 045b AD030000 		.4byte	0x3ad
 983 045f 02       		.byte	0x2
 984 0460 23       		.byte	0x23
 985 0461 34       		.uleb128 0x34
 986 0462 06       		.uleb128 0x6
 987 0463 B1000000 		.4byte	.LASF59
 988 0467 07       		.byte	0x7
 989 0468 96       		.byte	0x96
 990 0469 AD030000 		.4byte	0x3ad
 991 046d 02       		.byte	0x2
 992 046e 23       		.byte	0x23
 993 046f 38       		.uleb128 0x38
 994 0470 06       		.uleb128 0x6
 995 0471 8A020000 		.4byte	.LASF60
 996 0475 07       		.byte	0x7
 997 0476 97       		.byte	0x97
 998 0477 AD030000 		.4byte	0x3ad
 999 047b 02       		.byte	0x2
 1000 047c 23       		.byte	0x23
 1001 047d 3C       		.uleb128 0x3c
 1002 047e 07       		.uleb128 0x7
 1003 047f 50465200 		.ascii	"PFR\000"
 1004 0483 07       		.byte	0x7
 1005 0484 98       		.byte	0x98
 1006 0485 07050000 		.4byte	0x507
 1007 0489 02       		.byte	0x2
 1008 048a 23       		.byte	0x23
 1009 048b 40       		.uleb128 0x40
 1010 048c 07       		.uleb128 0x7
 1011 048d 44465200 		.ascii	"DFR\000"
 1012 0491 07       		.byte	0x7
 1013 0492 99       		.byte	0x99
 1014 0493 AD030000 		.4byte	0x3ad
 1015 0497 02       		.byte	0x2
 1016 0498 23       		.byte	0x23
 1017 0499 48       		.uleb128 0x48
 1018 049a 07       		.uleb128 0x7
 1019 049b 41445200 		.ascii	"ADR\000"
ARM GAS  /tmp/ccO2G5lB.s 			page 19


 1020 049f 07       		.byte	0x7
 1021 04a0 9A       		.byte	0x9a
 1022 04a1 AD030000 		.4byte	0x3ad
 1023 04a5 02       		.byte	0x2
 1024 04a6 23       		.byte	0x23
 1025 04a7 4C       		.uleb128 0x4c
 1026 04a8 06       		.uleb128 0x6
 1027 04a9 00030000 		.4byte	.LASF61
 1028 04ad 07       		.byte	0x7
 1029 04ae 9B       		.byte	0x9b
 1030 04af 1C050000 		.4byte	0x51c
 1031 04b3 02       		.byte	0x2
 1032 04b4 23       		.byte	0x23
 1033 04b5 50       		.uleb128 0x50
 1034 04b6 07       		.uleb128 0x7
 1035 04b7 53415200 		.ascii	"SAR\000"
 1036 04bb 07       		.byte	0x7
 1037 04bc 9C       		.byte	0x9c
 1038 04bd 31050000 		.4byte	0x531
 1039 04c1 02       		.byte	0x2
 1040 04c2 23       		.byte	0x23
 1041 04c3 60       		.uleb128 0x60
 1042 04c4 06       		.uleb128 0x6
 1043 04c5 8F020000 		.4byte	.LASF62
 1044 04c9 07       		.byte	0x7
 1045 04ca 9D       		.byte	0x9d
 1046 04cb 36050000 		.4byte	0x536
 1047 04cf 02       		.byte	0x2
 1048 04d0 23       		.byte	0x23
 1049 04d1 74       		.uleb128 0x74
 1050 04d2 06       		.uleb128 0x6
 1051 04d3 5E030000 		.4byte	.LASF63
 1052 04d7 07       		.byte	0x7
 1053 04d8 9E       		.byte	0x9e
 1054 04d9 AD030000 		.4byte	0x3ad
 1055 04dd 03       		.byte	0x3
 1056 04de 23       		.byte	0x23
 1057 04df 8801     		.uleb128 0x88
 1058 04e1 00       		.byte	0
 1059 04e2 0E       		.uleb128 0xe
 1060 04e3 7B000000 		.4byte	0x7b
 1061 04e7 F2040000 		.4byte	0x4f2
 1062 04eb 0F       		.uleb128 0xf
 1063 04ec 30000000 		.4byte	0x30
 1064 04f0 02       		.byte	0x2
 1065 04f1 00       		.byte	0
 1066 04f2 0D       		.uleb128 0xd
 1067 04f3 E2040000 		.4byte	0x4e2
 1068 04f7 0E       		.uleb128 0xe
 1069 04f8 7B000000 		.4byte	0x7b
 1070 04fc 07050000 		.4byte	0x507
 1071 0500 0F       		.uleb128 0xf
 1072 0501 30000000 		.4byte	0x30
 1073 0505 01       		.byte	0x1
 1074 0506 00       		.byte	0
 1075 0507 0D       		.uleb128 0xd
 1076 0508 F7040000 		.4byte	0x4f7
ARM GAS  /tmp/ccO2G5lB.s 			page 20


 1077 050c 0E       		.uleb128 0xe
 1078 050d 7B000000 		.4byte	0x7b
 1079 0511 1C050000 		.4byte	0x51c
 1080 0515 0F       		.uleb128 0xf
 1081 0516 30000000 		.4byte	0x30
 1082 051a 03       		.byte	0x3
 1083 051b 00       		.byte	0
 1084 051c 0D       		.uleb128 0xd
 1085 051d 0C050000 		.4byte	0x50c
 1086 0521 0E       		.uleb128 0xe
 1087 0522 7B000000 		.4byte	0x7b
 1088 0526 31050000 		.4byte	0x531
 1089 052a 0F       		.uleb128 0xf
 1090 052b 30000000 		.4byte	0x30
 1091 052f 04       		.byte	0x4
 1092 0530 00       		.byte	0
 1093 0531 0D       		.uleb128 0xd
 1094 0532 21050000 		.4byte	0x521
 1095 0536 0D       		.uleb128 0xd
 1096 0537 21050000 		.4byte	0x521
 1097 053b 04       		.uleb128 0x4
 1098 053c 0D000000 		.4byte	.LASF64
 1099 0540 07       		.byte	0x7
 1100 0541 9F       		.byte	0x9f
 1101 0542 B2030000 		.4byte	0x3b2
 1102 0546 0D       		.uleb128 0xd
 1103 0547 E4000000 		.4byte	0xe4
 1104 054b 08       		.uleb128 0x8
 1105 054c 1C       		.byte	0x1c
 1106 054d 08       		.byte	0x8
 1107 054e 5E       		.byte	0x5e
 1108 054f A8050000 		.4byte	0x5a8
 1109 0553 06       		.uleb128 0x6
 1110 0554 82020000 		.4byte	.LASF65
 1111 0558 08       		.byte	0x8
 1112 0559 5F       		.byte	0x5f
 1113 055a 4A020000 		.4byte	0x24a
 1114 055e 02       		.byte	0x2
 1115 055f 23       		.byte	0x23
 1116 0560 00       		.uleb128 0
 1117 0561 06       		.uleb128 0x6
 1118 0562 4A020000 		.4byte	.LASF66
 1119 0566 08       		.byte	0x8
 1120 0567 60       		.byte	0x60
 1121 0568 C3000000 		.4byte	0xc3
 1122 056c 02       		.byte	0x2
 1123 056d 23       		.byte	0x23
 1124 056e 08       		.uleb128 0x8
 1125 056f 06       		.uleb128 0x6
 1126 0570 BC010000 		.4byte	.LASF67
 1127 0574 08       		.byte	0x8
 1128 0575 62       		.byte	0x62
 1129 0576 8A030000 		.4byte	0x38a
 1130 057a 02       		.byte	0x2
 1131 057b 23       		.byte	0x23
 1132 057c 0C       		.uleb128 0xc
 1133 057d 06       		.uleb128 0x6
ARM GAS  /tmp/ccO2G5lB.s 			page 21


 1134 057e B6000000 		.4byte	.LASF68
 1135 0582 08       		.byte	0x8
 1136 0583 65       		.byte	0x65
 1137 0584 44020000 		.4byte	0x244
 1138 0588 02       		.byte	0x2
 1139 0589 23       		.byte	0x23
 1140 058a 10       		.uleb128 0x10
 1141 058b 06       		.uleb128 0x6
 1142 058c D9010000 		.4byte	.LASF69
 1143 0590 08       		.byte	0x8
 1144 0591 66       		.byte	0x66
 1145 0592 44020000 		.4byte	0x244
 1146 0596 02       		.byte	0x2
 1147 0597 23       		.byte	0x23
 1148 0598 14       		.uleb128 0x14
 1149 0599 06       		.uleb128 0x6
 1150 059a CF010000 		.4byte	.LASF70
 1151 059e 08       		.byte	0x8
 1152 059f 69       		.byte	0x69
 1153 05a0 44020000 		.4byte	0x244
 1154 05a4 02       		.byte	0x2
 1155 05a5 23       		.byte	0x23
 1156 05a6 18       		.uleb128 0x18
 1157 05a7 00       		.byte	0
 1158 05a8 04       		.uleb128 0x4
 1159 05a9 F6020000 		.4byte	.LASF71
 1160 05ad 08       		.byte	0x8
 1161 05ae 6B       		.byte	0x6b
 1162 05af 4B050000 		.4byte	0x54b
 1163 05b3 05       		.uleb128 0x5
 1164 05b4 A9010000 		.4byte	.LASF72
 1165 05b8 10       		.byte	0x10
 1166 05b9 09       		.byte	0x9
 1167 05ba 2C       		.byte	0x2c
 1168 05bb EA050000 		.4byte	0x5ea
 1169 05bf 06       		.uleb128 0x6
 1170 05c0 72000000 		.4byte	.LASF73
 1171 05c4 09       		.byte	0x9
 1172 05c5 2D       		.byte	0x2d
 1173 05c6 4A020000 		.4byte	0x24a
 1174 05ca 02       		.byte	0x2
 1175 05cb 23       		.byte	0x23
 1176 05cc 00       		.uleb128 0
 1177 05cd 06       		.uleb128 0x6
 1178 05ce 69030000 		.4byte	.LASF74
 1179 05d2 09       		.byte	0x9
 1180 05d3 2F       		.byte	0x2f
 1181 05d4 44020000 		.4byte	0x244
 1182 05d8 02       		.byte	0x2
 1183 05d9 23       		.byte	0x23
 1184 05da 08       		.uleb128 0x8
 1185 05db 06       		.uleb128 0x6
 1186 05dc A8020000 		.4byte	.LASF75
 1187 05e0 09       		.byte	0x9
 1188 05e1 31       		.byte	0x31
 1189 05e2 EA050000 		.4byte	0x5ea
 1190 05e6 02       		.byte	0x2
ARM GAS  /tmp/ccO2G5lB.s 			page 22


 1191 05e7 23       		.byte	0x23
 1192 05e8 0C       		.uleb128 0xc
 1193 05e9 00       		.byte	0
 1194 05ea 09       		.uleb128 0x9
 1195 05eb 04       		.byte	0x4
 1196 05ec B3050000 		.4byte	0x5b3
 1197 05f0 04       		.uleb128 0x4
 1198 05f1 A9010000 		.4byte	.LASF72
 1199 05f5 09       		.byte	0x9
 1200 05f6 33       		.byte	0x33
 1201 05f7 B3050000 		.4byte	0x5b3
 1202 05fb 10       		.uleb128 0x10
 1203 05fc 04       		.byte	0x4
 1204 05fd 05       		.byte	0x5
 1205 05fe 96       		.byte	0x96
 1206 05ff 30060000 		.4byte	0x630
 1207 0603 11       		.uleb128 0x11
 1208 0604 06000000 		.4byte	.LASF76
 1209 0608 05       		.byte	0x5
 1210 0609 9D       		.byte	0x9d
 1211 060a CE000000 		.4byte	0xce
 1212 060e 11       		.uleb128 0x11
 1213 060f 3A000000 		.4byte	.LASF77
 1214 0613 05       		.byte	0x5
 1215 0614 A4       		.byte	0xa4
 1216 0615 CE000000 		.4byte	0xce
 1217 0619 11       		.uleb128 0x11
 1218 061a 50030000 		.4byte	.LASF78
 1219 061e 05       		.byte	0x5
 1220 061f AB       		.byte	0xab
 1221 0620 82020000 		.4byte	0x282
 1222 0624 11       		.uleb128 0x11
 1223 0625 51020000 		.4byte	.LASF79
 1224 0629 05       		.byte	0x5
 1225 062a B2       		.byte	0xb2
 1226 062b D9000000 		.4byte	0xd9
 1227 062f 00       		.byte	0
 1228 0630 09       		.uleb128 0x9
 1229 0631 04       		.byte	0x4
 1230 0632 36060000 		.4byte	0x636
 1231 0636 12       		.uleb128 0x12
 1232 0637 3B060000 		.4byte	0x63b
 1233 063b 03       		.uleb128 0x3
 1234 063c 01       		.byte	0x1
 1235 063d 08       		.byte	0x8
 1236 063e A3020000 		.4byte	.LASF80
 1237 0642 09       		.uleb128 0x9
 1238 0643 04       		.byte	0x4
 1239 0644 F0050000 		.4byte	0x5f0
 1240 0648 13       		.uleb128 0x13
 1241 0649 01       		.byte	0x1
 1242 064a 29010000 		.4byte	.LASF82
 1243 064e 01       		.byte	0x1
 1244 064f CF       		.byte	0xcf
 1245 0650 01       		.byte	0x1
 1246 0651 00000000 		.4byte	.LFB11
 1247 0655 06000000 		.4byte	.LFE11
ARM GAS  /tmp/ccO2G5lB.s 			page 23


 1248 0659 02       		.byte	0x2
 1249 065a 7D       		.byte	0x7d
 1250 065b 00       		.sleb128 0
 1251 065c 14       		.uleb128 0x14
 1252 065d 01       		.byte	0x1
 1253 065e C4020000 		.4byte	.LASF84
 1254 0662 01       		.byte	0x1
 1255 0663 41       		.byte	0x41
 1256 0664 01       		.byte	0x1
 1257 0665 00000000 		.4byte	.LFB8
 1258 0669 12000000 		.4byte	.LFE8
 1259 066d 02       		.byte	0x2
 1260 066e 7D       		.byte	0x7d
 1261 066f 00       		.sleb128 0
 1262 0670 9D060000 		.4byte	0x69d
 1263 0674 15       		.uleb128 0x15
 1264 0675 E9010000 		.4byte	.LASF81
 1265 0679 01       		.byte	0x1
 1266 067a 42       		.byte	0x42
 1267 067b 9D060000 		.4byte	0x69d
 1268 067f 00000000 		.4byte	.LLST0
 1269 0683 16       		.uleb128 0x16
 1270 0684 0A000000 		.4byte	.LBB2
 1271 0688 10000000 		.4byte	.LBE2
 1272 068c 17       		.uleb128 0x17
 1273 068d 746D7000 		.ascii	"tmp\000"
 1274 0691 01       		.byte	0x1
 1275 0692 51       		.byte	0x51
 1276 0693 70000000 		.4byte	0x70
 1277 0697 20000000 		.4byte	.LLST1
 1278 069b 00       		.byte	0
 1279 069c 00       		.byte	0
 1280 069d 09       		.uleb128 0x9
 1281 069e 04       		.byte	0x4
 1282 069f 84020000 		.4byte	0x284
 1283 06a3 18       		.uleb128 0x18
 1284 06a4 01       		.byte	0x1
 1285 06a5 13030000 		.4byte	.LASF83
 1286 06a9 01       		.byte	0x1
 1287 06aa 76       		.byte	0x76
 1288 06ab 01       		.byte	0x1
 1289 06ac 00000000 		.4byte	.LFB9
 1290 06b0 34000000 		.4byte	.LFE9
 1291 06b4 33000000 		.4byte	.LLST2
 1292 06b8 14       		.uleb128 0x14
 1293 06b9 01       		.byte	0x1
 1294 06ba 76010000 		.4byte	.LASF85
 1295 06be 01       		.byte	0x1
 1296 06bf 94       		.byte	0x94
 1297 06c0 01       		.byte	0x1
 1298 06c1 00000000 		.4byte	.LFB10
 1299 06c5 7C000000 		.4byte	.LFE10
 1300 06c9 02       		.byte	0x2
 1301 06ca 7D       		.byte	0x7d
 1302 06cb 00       		.sleb128 0
 1303 06cc 20070000 		.4byte	0x720
 1304 06d0 19       		.uleb128 0x19
ARM GAS  /tmp/ccO2G5lB.s 			page 24


 1305 06d1 00000000 		.4byte	.LBB3
 1306 06d5 06000000 		.4byte	.LBE3
 1307 06d9 ED060000 		.4byte	0x6ed
 1308 06dd 17       		.uleb128 0x17
 1309 06de 746D7000 		.ascii	"tmp\000"
 1310 06e2 01       		.byte	0x1
 1311 06e3 96       		.byte	0x96
 1312 06e4 70000000 		.4byte	0x70
 1313 06e8 53000000 		.4byte	.LLST3
 1314 06ec 00       		.byte	0
 1315 06ed 1A       		.uleb128 0x1a
 1316 06ee 00000000 		.4byte	.Ldebug_ranges0+0
 1317 06f2 06070000 		.4byte	0x706
 1318 06f6 15       		.uleb128 0x15
 1319 06f7 E9010000 		.4byte	.LASF81
 1320 06fb 01       		.byte	0x1
 1321 06fc 98       		.byte	0x98
 1322 06fd 9D060000 		.4byte	0x69d
 1323 0701 66000000 		.4byte	.LLST4
 1324 0705 00       		.byte	0
 1325 0706 16       		.uleb128 0x16
 1326 0707 56000000 		.4byte	.LBB5
 1327 070b 5C000000 		.4byte	.LBE5
 1328 070f 17       		.uleb128 0x17
 1329 0710 746D7000 		.ascii	"tmp\000"
 1330 0714 01       		.byte	0x1
 1331 0715 C5       		.byte	0xc5
 1332 0716 70000000 		.4byte	0x70
 1333 071a 88000000 		.4byte	.LLST5
 1334 071e 00       		.byte	0
 1335 071f 00       		.byte	0
 1336 0720 1B       		.uleb128 0x1b
 1337 0721 01       		.byte	0x1
 1338 0722 15000000 		.4byte	.LASF86
 1339 0726 01       		.byte	0x1
 1340 0727 2F       		.byte	0x2f
 1341 0728 01       		.byte	0x1
 1342 0729 00000000 		.4byte	.LFB7
 1343 072d 1A000000 		.4byte	.LFE7
 1344 0731 9B000000 		.4byte	.LLST6
 1345 0735 70070000 		.4byte	0x770
 1346 0739 19       		.uleb128 0x19
 1347 073a 02000000 		.4byte	.LBB7
 1348 073e 08000000 		.4byte	.LBE7
 1349 0742 56070000 		.4byte	0x756
 1350 0746 17       		.uleb128 0x17
 1351 0747 746D7000 		.ascii	"tmp\000"
 1352 074b 01       		.byte	0x1
 1353 074c 33       		.byte	0x33
 1354 074d 70000000 		.4byte	0x70
 1355 0751 BB000000 		.4byte	.LLST7
 1356 0755 00       		.byte	0
 1357 0756 16       		.uleb128 0x16
 1358 0757 0C000000 		.4byte	.LBB8
 1359 075b 12000000 		.4byte	.LBE8
 1360 075f 17       		.uleb128 0x17
 1361 0760 746D7000 		.ascii	"tmp\000"
ARM GAS  /tmp/ccO2G5lB.s 			page 25


 1362 0764 01       		.byte	0x1
 1363 0765 35       		.byte	0x35
 1364 0766 70000000 		.4byte	0x70
 1365 076a CE000000 		.4byte	.LLST8
 1366 076e 00       		.byte	0
 1367 076f 00       		.byte	0
 1368 0770 14       		.uleb128 0x14
 1369 0771 01       		.byte	0x1
 1370 0772 05010000 		.4byte	.LASF87
 1371 0776 01       		.byte	0x1
 1372 0777 EC       		.byte	0xec
 1373 0778 01       		.byte	0x1
 1374 0779 00000000 		.4byte	.LFB12
 1375 077d 10000000 		.4byte	.LFE12
 1376 0781 02       		.byte	0x2
 1377 0782 7D       		.byte	0x7d
 1378 0783 00       		.sleb128 0
 1379 0784 A3070000 		.4byte	0x7a3
 1380 0788 1C       		.uleb128 0x1c
 1381 0789 6E747000 		.ascii	"ntp\000"
 1382 078d 01       		.byte	0x1
 1383 078e EC       		.byte	0xec
 1384 078f 44020000 		.4byte	0x244
 1385 0793 01       		.byte	0x1
 1386 0794 50       		.byte	0x50
 1387 0795 1C       		.uleb128 0x1c
 1388 0796 6F747000 		.ascii	"otp\000"
 1389 079a 01       		.byte	0x1
 1390 079b EC       		.byte	0xec
 1391 079c 44020000 		.4byte	0x244
 1392 07a0 01       		.byte	0x1
 1393 07a1 51       		.byte	0x51
 1394 07a2 00       		.byte	0
 1395 07a3 1D       		.uleb128 0x1d
 1396 07a4 01       		.byte	0x1
 1397 07a5 96000000 		.4byte	.LASF88
 1398 07a9 01       		.byte	0x1
 1399 07aa 0301     		.2byte	0x103
 1400 07ac 01       		.byte	0x1
 1401 07ad 00000000 		.4byte	.LFB13
 1402 07b1 10000000 		.4byte	.LFE13
 1403 07b5 02       		.byte	0x2
 1404 07b6 7D       		.byte	0x7d
 1405 07b7 00       		.sleb128 0
 1406 07b8 D7070000 		.4byte	0x7d7
 1407 07bc 16       		.uleb128 0x16
 1408 07bd 00000000 		.4byte	.LBB9
 1409 07c1 06000000 		.4byte	.LBE9
 1410 07c5 1E       		.uleb128 0x1e
 1411 07c6 746D7000 		.ascii	"tmp\000"
 1412 07ca 01       		.byte	0x1
 1413 07cb 0501     		.2byte	0x105
 1414 07cd 70000000 		.4byte	0x70
 1415 07d1 E1000000 		.4byte	.LLST9
 1416 07d5 00       		.byte	0
 1417 07d6 00       		.byte	0
 1418 07d7 1F       		.uleb128 0x1f
ARM GAS  /tmp/ccO2G5lB.s 			page 26


 1419 07d8 05030000 		.4byte	.LASF92
 1420 07dc 08       		.byte	0x8
 1421 07dd 6F       		.byte	0x6f
 1422 07de A8050000 		.4byte	0x5a8
 1423 07e2 01       		.byte	0x1
 1424 07e3 01       		.byte	0x1
 1425 07e4 00       		.byte	0
 1426              		.section	.debug_abbrev,"",%progbits
 1427              	.Ldebug_abbrev0:
 1428 0000 01       		.uleb128 0x1
 1429 0001 11       		.uleb128 0x11
 1430 0002 01       		.byte	0x1
 1431 0003 25       		.uleb128 0x25
 1432 0004 0E       		.uleb128 0xe
 1433 0005 13       		.uleb128 0x13
 1434 0006 0B       		.uleb128 0xb
 1435 0007 03       		.uleb128 0x3
 1436 0008 0E       		.uleb128 0xe
 1437 0009 1B       		.uleb128 0x1b
 1438 000a 0E       		.uleb128 0xe
 1439 000b 11       		.uleb128 0x11
 1440 000c 01       		.uleb128 0x1
 1441 000d 52       		.uleb128 0x52
 1442 000e 01       		.uleb128 0x1
 1443 000f 55       		.uleb128 0x55
 1444 0010 06       		.uleb128 0x6
 1445 0011 10       		.uleb128 0x10
 1446 0012 06       		.uleb128 0x6
 1447 0013 00       		.byte	0
 1448 0014 00       		.byte	0
 1449 0015 02       		.uleb128 0x2
 1450 0016 24       		.uleb128 0x24
 1451 0017 00       		.byte	0
 1452 0018 0B       		.uleb128 0xb
 1453 0019 0B       		.uleb128 0xb
 1454 001a 3E       		.uleb128 0x3e
 1455 001b 0B       		.uleb128 0xb
 1456 001c 03       		.uleb128 0x3
 1457 001d 08       		.uleb128 0x8
 1458 001e 00       		.byte	0
 1459 001f 00       		.byte	0
 1460 0020 03       		.uleb128 0x3
 1461 0021 24       		.uleb128 0x24
 1462 0022 00       		.byte	0
 1463 0023 0B       		.uleb128 0xb
 1464 0024 0B       		.uleb128 0xb
 1465 0025 3E       		.uleb128 0x3e
 1466 0026 0B       		.uleb128 0xb
 1467 0027 03       		.uleb128 0x3
 1468 0028 0E       		.uleb128 0xe
 1469 0029 00       		.byte	0
 1470 002a 00       		.byte	0
 1471 002b 04       		.uleb128 0x4
 1472 002c 16       		.uleb128 0x16
 1473 002d 00       		.byte	0
 1474 002e 03       		.uleb128 0x3
 1475 002f 0E       		.uleb128 0xe
ARM GAS  /tmp/ccO2G5lB.s 			page 27


 1476 0030 3A       		.uleb128 0x3a
 1477 0031 0B       		.uleb128 0xb
 1478 0032 3B       		.uleb128 0x3b
 1479 0033 0B       		.uleb128 0xb
 1480 0034 49       		.uleb128 0x49
 1481 0035 13       		.uleb128 0x13
 1482 0036 00       		.byte	0
 1483 0037 00       		.byte	0
 1484 0038 05       		.uleb128 0x5
 1485 0039 13       		.uleb128 0x13
 1486 003a 01       		.byte	0x1
 1487 003b 03       		.uleb128 0x3
 1488 003c 0E       		.uleb128 0xe
 1489 003d 0B       		.uleb128 0xb
 1490 003e 0B       		.uleb128 0xb
 1491 003f 3A       		.uleb128 0x3a
 1492 0040 0B       		.uleb128 0xb
 1493 0041 3B       		.uleb128 0x3b
 1494 0042 0B       		.uleb128 0xb
 1495 0043 01       		.uleb128 0x1
 1496 0044 13       		.uleb128 0x13
 1497 0045 00       		.byte	0
 1498 0046 00       		.byte	0
 1499 0047 06       		.uleb128 0x6
 1500 0048 0D       		.uleb128 0xd
 1501 0049 00       		.byte	0
 1502 004a 03       		.uleb128 0x3
 1503 004b 0E       		.uleb128 0xe
 1504 004c 3A       		.uleb128 0x3a
 1505 004d 0B       		.uleb128 0xb
 1506 004e 3B       		.uleb128 0x3b
 1507 004f 0B       		.uleb128 0xb
 1508 0050 49       		.uleb128 0x49
 1509 0051 13       		.uleb128 0x13
 1510 0052 38       		.uleb128 0x38
 1511 0053 0A       		.uleb128 0xa
 1512 0054 00       		.byte	0
 1513 0055 00       		.byte	0
 1514 0056 07       		.uleb128 0x7
 1515 0057 0D       		.uleb128 0xd
 1516 0058 00       		.byte	0
 1517 0059 03       		.uleb128 0x3
 1518 005a 08       		.uleb128 0x8
 1519 005b 3A       		.uleb128 0x3a
 1520 005c 0B       		.uleb128 0xb
 1521 005d 3B       		.uleb128 0x3b
 1522 005e 0B       		.uleb128 0xb
 1523 005f 49       		.uleb128 0x49
 1524 0060 13       		.uleb128 0x13
 1525 0061 38       		.uleb128 0x38
 1526 0062 0A       		.uleb128 0xa
 1527 0063 00       		.byte	0
 1528 0064 00       		.byte	0
 1529 0065 08       		.uleb128 0x8
 1530 0066 13       		.uleb128 0x13
 1531 0067 01       		.byte	0x1
 1532 0068 0B       		.uleb128 0xb
ARM GAS  /tmp/ccO2G5lB.s 			page 28


 1533 0069 0B       		.uleb128 0xb
 1534 006a 3A       		.uleb128 0x3a
 1535 006b 0B       		.uleb128 0xb
 1536 006c 3B       		.uleb128 0x3b
 1537 006d 0B       		.uleb128 0xb
 1538 006e 01       		.uleb128 0x1
 1539 006f 13       		.uleb128 0x13
 1540 0070 00       		.byte	0
 1541 0071 00       		.byte	0
 1542 0072 09       		.uleb128 0x9
 1543 0073 0F       		.uleb128 0xf
 1544 0074 00       		.byte	0
 1545 0075 0B       		.uleb128 0xb
 1546 0076 0B       		.uleb128 0xb
 1547 0077 49       		.uleb128 0x49
 1548 0078 13       		.uleb128 0x13
 1549 0079 00       		.byte	0
 1550 007a 00       		.byte	0
 1551 007b 0A       		.uleb128 0xa
 1552 007c 0F       		.uleb128 0xf
 1553 007d 00       		.byte	0
 1554 007e 0B       		.uleb128 0xb
 1555 007f 0B       		.uleb128 0xb
 1556 0080 00       		.byte	0
 1557 0081 00       		.byte	0
 1558 0082 0B       		.uleb128 0xb
 1559 0083 13       		.uleb128 0x13
 1560 0084 01       		.byte	0x1
 1561 0085 03       		.uleb128 0x3
 1562 0086 0E       		.uleb128 0xe
 1563 0087 0B       		.uleb128 0xb
 1564 0088 0B       		.uleb128 0xb
 1565 0089 3A       		.uleb128 0x3a
 1566 008a 0B       		.uleb128 0xb
 1567 008b 3B       		.uleb128 0x3b
 1568 008c 05       		.uleb128 0x5
 1569 008d 01       		.uleb128 0x1
 1570 008e 13       		.uleb128 0x13
 1571 008f 00       		.byte	0
 1572 0090 00       		.byte	0
 1573 0091 0C       		.uleb128 0xc
 1574 0092 0D       		.uleb128 0xd
 1575 0093 00       		.byte	0
 1576 0094 03       		.uleb128 0x3
 1577 0095 08       		.uleb128 0x8
 1578 0096 3A       		.uleb128 0x3a
 1579 0097 0B       		.uleb128 0xb
 1580 0098 3B       		.uleb128 0x3b
 1581 0099 05       		.uleb128 0x5
 1582 009a 49       		.uleb128 0x49
 1583 009b 13       		.uleb128 0x13
 1584 009c 38       		.uleb128 0x38
 1585 009d 0A       		.uleb128 0xa
 1586 009e 00       		.byte	0
 1587 009f 00       		.byte	0
 1588 00a0 0D       		.uleb128 0xd
 1589 00a1 35       		.uleb128 0x35
ARM GAS  /tmp/ccO2G5lB.s 			page 29


 1590 00a2 00       		.byte	0
 1591 00a3 49       		.uleb128 0x49
 1592 00a4 13       		.uleb128 0x13
 1593 00a5 00       		.byte	0
 1594 00a6 00       		.byte	0
 1595 00a7 0E       		.uleb128 0xe
 1596 00a8 01       		.uleb128 0x1
 1597 00a9 01       		.byte	0x1
 1598 00aa 49       		.uleb128 0x49
 1599 00ab 13       		.uleb128 0x13
 1600 00ac 01       		.uleb128 0x1
 1601 00ad 13       		.uleb128 0x13
 1602 00ae 00       		.byte	0
 1603 00af 00       		.byte	0
 1604 00b0 0F       		.uleb128 0xf
 1605 00b1 21       		.uleb128 0x21
 1606 00b2 00       		.byte	0
 1607 00b3 49       		.uleb128 0x49
 1608 00b4 13       		.uleb128 0x13
 1609 00b5 2F       		.uleb128 0x2f
 1610 00b6 0B       		.uleb128 0xb
 1611 00b7 00       		.byte	0
 1612 00b8 00       		.byte	0
 1613 00b9 10       		.uleb128 0x10
 1614 00ba 17       		.uleb128 0x17
 1615 00bb 01       		.byte	0x1
 1616 00bc 0B       		.uleb128 0xb
 1617 00bd 0B       		.uleb128 0xb
 1618 00be 3A       		.uleb128 0x3a
 1619 00bf 0B       		.uleb128 0xb
 1620 00c0 3B       		.uleb128 0x3b
 1621 00c1 0B       		.uleb128 0xb
 1622 00c2 01       		.uleb128 0x1
 1623 00c3 13       		.uleb128 0x13
 1624 00c4 00       		.byte	0
 1625 00c5 00       		.byte	0
 1626 00c6 11       		.uleb128 0x11
 1627 00c7 0D       		.uleb128 0xd
 1628 00c8 00       		.byte	0
 1629 00c9 03       		.uleb128 0x3
 1630 00ca 0E       		.uleb128 0xe
 1631 00cb 3A       		.uleb128 0x3a
 1632 00cc 0B       		.uleb128 0xb
 1633 00cd 3B       		.uleb128 0x3b
 1634 00ce 0B       		.uleb128 0xb
 1635 00cf 49       		.uleb128 0x49
 1636 00d0 13       		.uleb128 0x13
 1637 00d1 00       		.byte	0
 1638 00d2 00       		.byte	0
 1639 00d3 12       		.uleb128 0x12
 1640 00d4 26       		.uleb128 0x26
 1641 00d5 00       		.byte	0
 1642 00d6 49       		.uleb128 0x49
 1643 00d7 13       		.uleb128 0x13
 1644 00d8 00       		.byte	0
 1645 00d9 00       		.byte	0
 1646 00da 13       		.uleb128 0x13
ARM GAS  /tmp/ccO2G5lB.s 			page 30


 1647 00db 2E       		.uleb128 0x2e
 1648 00dc 00       		.byte	0
 1649 00dd 3F       		.uleb128 0x3f
 1650 00de 0C       		.uleb128 0xc
 1651 00df 03       		.uleb128 0x3
 1652 00e0 0E       		.uleb128 0xe
 1653 00e1 3A       		.uleb128 0x3a
 1654 00e2 0B       		.uleb128 0xb
 1655 00e3 3B       		.uleb128 0x3b
 1656 00e4 0B       		.uleb128 0xb
 1657 00e5 27       		.uleb128 0x27
 1658 00e6 0C       		.uleb128 0xc
 1659 00e7 11       		.uleb128 0x11
 1660 00e8 01       		.uleb128 0x1
 1661 00e9 12       		.uleb128 0x12
 1662 00ea 01       		.uleb128 0x1
 1663 00eb 40       		.uleb128 0x40
 1664 00ec 0A       		.uleb128 0xa
 1665 00ed 00       		.byte	0
 1666 00ee 00       		.byte	0
 1667 00ef 14       		.uleb128 0x14
 1668 00f0 2E       		.uleb128 0x2e
 1669 00f1 01       		.byte	0x1
 1670 00f2 3F       		.uleb128 0x3f
 1671 00f3 0C       		.uleb128 0xc
 1672 00f4 03       		.uleb128 0x3
 1673 00f5 0E       		.uleb128 0xe
 1674 00f6 3A       		.uleb128 0x3a
 1675 00f7 0B       		.uleb128 0xb
 1676 00f8 3B       		.uleb128 0x3b
 1677 00f9 0B       		.uleb128 0xb
 1678 00fa 27       		.uleb128 0x27
 1679 00fb 0C       		.uleb128 0xc
 1680 00fc 11       		.uleb128 0x11
 1681 00fd 01       		.uleb128 0x1
 1682 00fe 12       		.uleb128 0x12
 1683 00ff 01       		.uleb128 0x1
 1684 0100 40       		.uleb128 0x40
 1685 0101 0A       		.uleb128 0xa
 1686 0102 01       		.uleb128 0x1
 1687 0103 13       		.uleb128 0x13
 1688 0104 00       		.byte	0
 1689 0105 00       		.byte	0
 1690 0106 15       		.uleb128 0x15
 1691 0107 34       		.uleb128 0x34
 1692 0108 00       		.byte	0
 1693 0109 03       		.uleb128 0x3
 1694 010a 0E       		.uleb128 0xe
 1695 010b 3A       		.uleb128 0x3a
 1696 010c 0B       		.uleb128 0xb
 1697 010d 3B       		.uleb128 0x3b
 1698 010e 0B       		.uleb128 0xb
 1699 010f 49       		.uleb128 0x49
 1700 0110 13       		.uleb128 0x13
 1701 0111 02       		.uleb128 0x2
 1702 0112 06       		.uleb128 0x6
 1703 0113 00       		.byte	0
ARM GAS  /tmp/ccO2G5lB.s 			page 31


 1704 0114 00       		.byte	0
 1705 0115 16       		.uleb128 0x16
 1706 0116 0B       		.uleb128 0xb
 1707 0117 01       		.byte	0x1
 1708 0118 11       		.uleb128 0x11
 1709 0119 01       		.uleb128 0x1
 1710 011a 12       		.uleb128 0x12
 1711 011b 01       		.uleb128 0x1
 1712 011c 00       		.byte	0
 1713 011d 00       		.byte	0
 1714 011e 17       		.uleb128 0x17
 1715 011f 34       		.uleb128 0x34
 1716 0120 00       		.byte	0
 1717 0121 03       		.uleb128 0x3
 1718 0122 08       		.uleb128 0x8
 1719 0123 3A       		.uleb128 0x3a
 1720 0124 0B       		.uleb128 0xb
 1721 0125 3B       		.uleb128 0x3b
 1722 0126 0B       		.uleb128 0xb
 1723 0127 49       		.uleb128 0x49
 1724 0128 13       		.uleb128 0x13
 1725 0129 02       		.uleb128 0x2
 1726 012a 06       		.uleb128 0x6
 1727 012b 00       		.byte	0
 1728 012c 00       		.byte	0
 1729 012d 18       		.uleb128 0x18
 1730 012e 2E       		.uleb128 0x2e
 1731 012f 00       		.byte	0
 1732 0130 3F       		.uleb128 0x3f
 1733 0131 0C       		.uleb128 0xc
 1734 0132 03       		.uleb128 0x3
 1735 0133 0E       		.uleb128 0xe
 1736 0134 3A       		.uleb128 0x3a
 1737 0135 0B       		.uleb128 0xb
 1738 0136 3B       		.uleb128 0x3b
 1739 0137 0B       		.uleb128 0xb
 1740 0138 27       		.uleb128 0x27
 1741 0139 0C       		.uleb128 0xc
 1742 013a 11       		.uleb128 0x11
 1743 013b 01       		.uleb128 0x1
 1744 013c 12       		.uleb128 0x12
 1745 013d 01       		.uleb128 0x1
 1746 013e 40       		.uleb128 0x40
 1747 013f 06       		.uleb128 0x6
 1748 0140 00       		.byte	0
 1749 0141 00       		.byte	0
 1750 0142 19       		.uleb128 0x19
 1751 0143 0B       		.uleb128 0xb
 1752 0144 01       		.byte	0x1
 1753 0145 11       		.uleb128 0x11
 1754 0146 01       		.uleb128 0x1
 1755 0147 12       		.uleb128 0x12
 1756 0148 01       		.uleb128 0x1
 1757 0149 01       		.uleb128 0x1
 1758 014a 13       		.uleb128 0x13
 1759 014b 00       		.byte	0
 1760 014c 00       		.byte	0
ARM GAS  /tmp/ccO2G5lB.s 			page 32


 1761 014d 1A       		.uleb128 0x1a
 1762 014e 0B       		.uleb128 0xb
 1763 014f 01       		.byte	0x1
 1764 0150 55       		.uleb128 0x55
 1765 0151 06       		.uleb128 0x6
 1766 0152 01       		.uleb128 0x1
 1767 0153 13       		.uleb128 0x13
 1768 0154 00       		.byte	0
 1769 0155 00       		.byte	0
 1770 0156 1B       		.uleb128 0x1b
 1771 0157 2E       		.uleb128 0x2e
 1772 0158 01       		.byte	0x1
 1773 0159 3F       		.uleb128 0x3f
 1774 015a 0C       		.uleb128 0xc
 1775 015b 03       		.uleb128 0x3
 1776 015c 0E       		.uleb128 0xe
 1777 015d 3A       		.uleb128 0x3a
 1778 015e 0B       		.uleb128 0xb
 1779 015f 3B       		.uleb128 0x3b
 1780 0160 0B       		.uleb128 0xb
 1781 0161 27       		.uleb128 0x27
 1782 0162 0C       		.uleb128 0xc
 1783 0163 11       		.uleb128 0x11
 1784 0164 01       		.uleb128 0x1
 1785 0165 12       		.uleb128 0x12
 1786 0166 01       		.uleb128 0x1
 1787 0167 40       		.uleb128 0x40
 1788 0168 06       		.uleb128 0x6
 1789 0169 01       		.uleb128 0x1
 1790 016a 13       		.uleb128 0x13
 1791 016b 00       		.byte	0
 1792 016c 00       		.byte	0
 1793 016d 1C       		.uleb128 0x1c
 1794 016e 05       		.uleb128 0x5
 1795 016f 00       		.byte	0
 1796 0170 03       		.uleb128 0x3
 1797 0171 08       		.uleb128 0x8
 1798 0172 3A       		.uleb128 0x3a
 1799 0173 0B       		.uleb128 0xb
 1800 0174 3B       		.uleb128 0x3b
 1801 0175 0B       		.uleb128 0xb
 1802 0176 49       		.uleb128 0x49
 1803 0177 13       		.uleb128 0x13
 1804 0178 02       		.uleb128 0x2
 1805 0179 0A       		.uleb128 0xa
 1806 017a 00       		.byte	0
 1807 017b 00       		.byte	0
 1808 017c 1D       		.uleb128 0x1d
 1809 017d 2E       		.uleb128 0x2e
 1810 017e 01       		.byte	0x1
 1811 017f 3F       		.uleb128 0x3f
 1812 0180 0C       		.uleb128 0xc
 1813 0181 03       		.uleb128 0x3
 1814 0182 0E       		.uleb128 0xe
 1815 0183 3A       		.uleb128 0x3a
 1816 0184 0B       		.uleb128 0xb
 1817 0185 3B       		.uleb128 0x3b
ARM GAS  /tmp/ccO2G5lB.s 			page 33


 1818 0186 05       		.uleb128 0x5
 1819 0187 27       		.uleb128 0x27
 1820 0188 0C       		.uleb128 0xc
 1821 0189 11       		.uleb128 0x11
 1822 018a 01       		.uleb128 0x1
 1823 018b 12       		.uleb128 0x12
 1824 018c 01       		.uleb128 0x1
 1825 018d 40       		.uleb128 0x40
 1826 018e 0A       		.uleb128 0xa
 1827 018f 01       		.uleb128 0x1
 1828 0190 13       		.uleb128 0x13
 1829 0191 00       		.byte	0
 1830 0192 00       		.byte	0
 1831 0193 1E       		.uleb128 0x1e
 1832 0194 34       		.uleb128 0x34
 1833 0195 00       		.byte	0
 1834 0196 03       		.uleb128 0x3
 1835 0197 08       		.uleb128 0x8
 1836 0198 3A       		.uleb128 0x3a
 1837 0199 0B       		.uleb128 0xb
 1838 019a 3B       		.uleb128 0x3b
 1839 019b 05       		.uleb128 0x5
 1840 019c 49       		.uleb128 0x49
 1841 019d 13       		.uleb128 0x13
 1842 019e 02       		.uleb128 0x2
 1843 019f 06       		.uleb128 0x6
 1844 01a0 00       		.byte	0
 1845 01a1 00       		.byte	0
 1846 01a2 1F       		.uleb128 0x1f
 1847 01a3 34       		.uleb128 0x34
 1848 01a4 00       		.byte	0
 1849 01a5 03       		.uleb128 0x3
 1850 01a6 0E       		.uleb128 0xe
 1851 01a7 3A       		.uleb128 0x3a
 1852 01a8 0B       		.uleb128 0xb
 1853 01a9 3B       		.uleb128 0x3b
 1854 01aa 0B       		.uleb128 0xb
 1855 01ab 49       		.uleb128 0x49
 1856 01ac 13       		.uleb128 0x13
 1857 01ad 3F       		.uleb128 0x3f
 1858 01ae 0C       		.uleb128 0xc
 1859 01af 3C       		.uleb128 0x3c
 1860 01b0 0C       		.uleb128 0xc
 1861 01b1 00       		.byte	0
 1862 01b2 00       		.byte	0
 1863 01b3 00       		.byte	0
 1864              		.section	.debug_loc,"",%progbits
 1865              	.Ldebug_loc0:
 1866              	.LLST0:
 1867 0000 04000000 		.4byte	.LVL0
 1868 0004 06000000 		.4byte	.LVL1
 1869 0008 0300     		.2byte	0x3
 1870 000a 73       		.byte	0x73
 1871 000b 20       		.sleb128 32
 1872 000c 9F       		.byte	0x9f
 1873 000d 06000000 		.4byte	.LVL1
 1874 0011 0C000000 		.4byte	.LVL2
ARM GAS  /tmp/ccO2G5lB.s 			page 34


 1875 0015 0100     		.2byte	0x1
 1876 0017 53       		.byte	0x53
 1877 0018 00000000 		.4byte	0
 1878 001c 00000000 		.4byte	0
 1879              	.LLST1:
 1880 0020 10000000 		.4byte	.LVL3
 1881 0024 12000000 		.4byte	.LFE8
 1882 0028 0100     		.2byte	0x1
 1883 002a 53       		.byte	0x53
 1884 002b 00000000 		.4byte	0
 1885 002f 00000000 		.4byte	0
 1886              	.LLST2:
 1887 0033 00000000 		.4byte	.LFB9
 1888 0037 02000000 		.4byte	.LCFI0
 1889 003b 0200     		.2byte	0x2
 1890 003d 7D       		.byte	0x7d
 1891 003e 00       		.sleb128 0
 1892 003f 02000000 		.4byte	.LCFI0
 1893 0043 34000000 		.4byte	.LFE9
 1894 0047 0200     		.2byte	0x2
 1895 0049 7D       		.byte	0x7d
 1896 004a 08       		.sleb128 8
 1897 004b 00000000 		.4byte	0
 1898 004f 00000000 		.4byte	0
 1899              	.LLST3:
 1900 0053 06000000 		.4byte	.LVL5
 1901 0057 10000000 		.4byte	.LVL6
 1902 005b 0100     		.2byte	0x1
 1903 005d 53       		.byte	0x53
 1904 005e 00000000 		.4byte	0
 1905 0062 00000000 		.4byte	0
 1906              	.LLST4:
 1907 0066 1A000000 		.4byte	.LVL7
 1908 006a 56000000 		.4byte	.LVL8
 1909 006e 0300     		.2byte	0x3
 1910 0070 72       		.byte	0x72
 1911 0071 60       		.sleb128 -32
 1912 0072 9F       		.byte	0x9f
 1913 0073 5C000000 		.4byte	.LVL10
 1914 0077 7C000000 		.4byte	.LFE10
 1915 007b 0300     		.2byte	0x3
 1916 007d 72       		.byte	0x72
 1917 007e 60       		.sleb128 -32
 1918 007f 9F       		.byte	0x9f
 1919 0080 00000000 		.4byte	0
 1920 0084 00000000 		.4byte	0
 1921              	.LLST5:
 1922 0088 5A000000 		.4byte	.LVL9
 1923 008c 5C000000 		.4byte	.LVL10
 1924 0090 0100     		.2byte	0x1
 1925 0092 53       		.byte	0x53
 1926 0093 00000000 		.4byte	0
 1927 0097 00000000 		.4byte	0
 1928              	.LLST6:
 1929 009b 00000000 		.4byte	.LFB7
 1930 009f 02000000 		.4byte	.LCFI1
 1931 00a3 0200     		.2byte	0x2
ARM GAS  /tmp/ccO2G5lB.s 			page 35


 1932 00a5 7D       		.byte	0x7d
 1933 00a6 00       		.sleb128 0
 1934 00a7 02000000 		.4byte	.LCFI1
 1935 00ab 1A000000 		.4byte	.LFE7
 1936 00af 0200     		.2byte	0x2
 1937 00b1 7D       		.byte	0x7d
 1938 00b2 08       		.sleb128 8
 1939 00b3 00000000 		.4byte	0
 1940 00b7 00000000 		.4byte	0
 1941              	.LLST7:
 1942 00bb 08000000 		.4byte	.LVL12
 1943 00bf 0B000000 		.4byte	.LVL13-1
 1944 00c3 0100     		.2byte	0x1
 1945 00c5 53       		.byte	0x53
 1946 00c6 00000000 		.4byte	0
 1947 00ca 00000000 		.4byte	0
 1948              	.LLST8:
 1949 00ce 12000000 		.4byte	.LVL15
 1950 00d2 19000000 		.4byte	.LVL16-1
 1951 00d6 0100     		.2byte	0x1
 1952 00d8 53       		.byte	0x53
 1953 00d9 00000000 		.4byte	0
 1954 00dd 00000000 		.4byte	0
 1955              	.LLST9:
 1956 00e1 06000000 		.4byte	.LVL19
 1957 00e5 10000000 		.4byte	.LFE13
 1958 00e9 0100     		.2byte	0x1
 1959 00eb 53       		.byte	0x53
 1960 00ec 00000000 		.4byte	0
 1961 00f0 00000000 		.4byte	0
 1962              		.section	.debug_aranges,"",%progbits
 1963 0000 4C000000 		.4byte	0x4c
 1964 0004 0200     		.2byte	0x2
 1965 0006 00000000 		.4byte	.Ldebug_info0
 1966 000a 04       		.byte	0x4
 1967 000b 00       		.byte	0
 1968 000c 0000     		.2byte	0
 1969 000e 0000     		.2byte	0
 1970 0010 00000000 		.4byte	.LFB11
 1971 0014 06000000 		.4byte	.LFE11-.LFB11
 1972 0018 00000000 		.4byte	.LFB8
 1973 001c 12000000 		.4byte	.LFE8-.LFB8
 1974 0020 00000000 		.4byte	.LFB9
 1975 0024 34000000 		.4byte	.LFE9-.LFB9
 1976 0028 00000000 		.4byte	.LFB10
 1977 002c 7C000000 		.4byte	.LFE10-.LFB10
 1978 0030 00000000 		.4byte	.LFB7
 1979 0034 1A000000 		.4byte	.LFE7-.LFB7
 1980 0038 00000000 		.4byte	.LFB12
 1981 003c 10000000 		.4byte	.LFE12-.LFB12
 1982 0040 00000000 		.4byte	.LFB13
 1983 0044 10000000 		.4byte	.LFE13-.LFB13
 1984 0048 00000000 		.4byte	0
 1985 004c 00000000 		.4byte	0
 1986              		.section	.debug_ranges,"",%progbits
 1987              	.Ldebug_ranges0:
 1988 0000 16000000 		.4byte	.LBB4
ARM GAS  /tmp/ccO2G5lB.s 			page 36


 1989 0004 56000000 		.4byte	.LBE4
 1990 0008 5C000000 		.4byte	.LBB6
 1991 000c 7C000000 		.4byte	.LBE6
 1992 0010 00000000 		.4byte	0
 1993 0014 00000000 		.4byte	0
 1994 0018 00000000 		.4byte	.LFB11
 1995 001c 06000000 		.4byte	.LFE11
 1996 0020 00000000 		.4byte	.LFB8
 1997 0024 12000000 		.4byte	.LFE8
 1998 0028 00000000 		.4byte	.LFB9
 1999 002c 34000000 		.4byte	.LFE9
 2000 0030 00000000 		.4byte	.LFB10
 2001 0034 7C000000 		.4byte	.LFE10
 2002 0038 00000000 		.4byte	.LFB7
 2003 003c 1A000000 		.4byte	.LFE7
 2004 0040 00000000 		.4byte	.LFB12
 2005 0044 10000000 		.4byte	.LFE12
 2006 0048 00000000 		.4byte	.LFB13
 2007 004c 10000000 		.4byte	.LFE13
 2008 0050 00000000 		.4byte	0
 2009 0054 00000000 		.4byte	0
 2010              		.section	.debug_line,"",%progbits
 2011              	.Ldebug_line0:
 2012 0000 07020000 		.section	.debug_str,"MS",%progbits,1
 2012      02005201 
 2012      00000201 
 2012      FB0E0D00 
 2012      01010101 
 2013              	.LASF36:
 2014 0000 705F6D73 		.ascii	"p_msg\000"
 2014      6700
 2015              	.LASF76:
 2016 0006 7264796D 		.ascii	"rdymsg\000"
 2016      736700
 2017              	.LASF64:
 2018 000d 434D785F 		.ascii	"CMx_SCB\000"
 2018      53434200 
 2019              	.LASF86:
 2020 0015 53797354 		.ascii	"SysTickVector\000"
 2020      69636B56 
 2020      6563746F 
 2020      7200
 2021              	.LASF11:
 2022 0023 6C6F6E67 		.ascii	"long long unsigned int\000"
 2022      206C6F6E 
 2022      6720756E 
 2022      7369676E 
 2022      65642069 
 2023              	.LASF77:
 2024 003a 65786974 		.ascii	"exitcode\000"
 2024      636F6465 
 2024      00
 2025              	.LASF49:
 2026 0043 43505549 		.ascii	"CPUID\000"
 2026      4400
 2027              	.LASF24:
 2028 0049 705F7072 		.ascii	"p_prio\000"
ARM GAS  /tmp/ccO2G5lB.s 			page 37


 2028      696F00
 2029              	.LASF10:
 2030 0050 6C6F6E67 		.ascii	"long long int\000"
 2030      206C6F6E 
 2030      6720696E 
 2030      7400
 2031              	.LASF1:
 2032 005e 7369676E 		.ascii	"signed char\000"
 2032      65642063 
 2032      68617200 
 2033              	.LASF40:
 2034 006a 705F6D70 		.ascii	"p_mpool\000"
 2034      6F6F6C00 
 2035              	.LASF73:
 2036 0072 6D5F7175 		.ascii	"m_queue\000"
 2036      65756500 
 2037              	.LASF16:
 2038 007a 74736C69 		.ascii	"tslices_t\000"
 2038      6365735F 
 2038      7400
 2039              	.LASF7:
 2040 0084 6C6F6E67 		.ascii	"long int\000"
 2040      20696E74 
 2040      00
 2041              	.LASF14:
 2042 008d 74737461 		.ascii	"tstate_t\000"
 2042      74655F74 
 2042      00
 2043              	.LASF88:
 2044 0096 5F706F72 		.ascii	"_port_thread_start\000"
 2044      745F7468 
 2044      72656164 
 2044      5F737461 
 2044      727400
 2045              	.LASF26:
 2046 00a9 705F6E65 		.ascii	"p_newer\000"
 2046      77657200 
 2047              	.LASF59:
 2048 00b1 42464152 		.ascii	"BFAR\000"
 2048      00
 2049              	.LASF68:
 2050 00b6 725F6E65 		.ascii	"r_newer\000"
 2050      77657200 
 2051              	.LASF43:
 2052 00be 72656761 		.ascii	"regarm_t\000"
 2052      726D5F74 
 2052      00
 2053              	.LASF0:
 2054 00c7 756E7369 		.ascii	"unsigned int\000"
 2054      676E6564 
 2054      20696E74 
 2054      00
 2055              	.LASF45:
 2056 00d4 6C725F74 		.ascii	"lr_thd\000"
 2056      686400
 2057              	.LASF44:
 2058 00db 65787463 		.ascii	"extctx\000"
ARM GAS  /tmp/ccO2G5lB.s 			page 38


 2058      747800
 2059              	.LASF91:
 2060 00e2 2F686F6D 		.ascii	"/home/aolsen/vrc-9999/TossUp-Joker\000"
 2060      652F616F 
 2060      6C73656E 
 2060      2F767263 
 2060      2D393939 
 2061              	.LASF87:
 2062 0105 5F706F72 		.ascii	"_port_switch\000"
 2062      745F7377 
 2062      69746368 
 2062      00
 2063              	.LASF9:
 2064 0112 6C6F6E67 		.ascii	"long unsigned int\000"
 2064      20756E73 
 2064      69676E65 
 2064      6420696E 
 2064      7400
 2065              	.LASF51:
 2066 0124 56544F52 		.ascii	"VTOR\000"
 2066      00
 2067              	.LASF82:
 2068 0129 5F706F72 		.ascii	"_port_switch_from_isr\000"
 2068      745F7377 
 2068      69746368 
 2068      5F66726F 
 2068      6D5F6973 
 2069              	.LASF48:
 2070 013f 636F6E74 		.ascii	"context\000"
 2070      65787400 
 2071              	.LASF4:
 2072 0147 73686F72 		.ascii	"short unsigned int\000"
 2072      7420756E 
 2072      7369676E 
 2072      65642069 
 2072      6E7400
 2073              	.LASF50:
 2074 015a 49435352 		.ascii	"ICSR\000"
 2074      00
 2075              	.LASF18:
 2076 015f 6D73675F 		.ascii	"msg_t\000"
 2076      7400
 2077              	.LASF52:
 2078 0165 41495243 		.ascii	"AIRCR\000"
 2078      5200
 2079              	.LASF57:
 2080 016b 44465352 		.ascii	"DFSR\000"
 2080      00
 2081              	.LASF58:
 2082 0170 4D4D4641 		.ascii	"MMFAR\000"
 2082      5200
 2083              	.LASF85:
 2084 0176 5F706F72 		.ascii	"_port_irq_epilogue\000"
 2084      745F6972 
 2084      715F6570 
 2084      696C6F67 
 2084      756500
ARM GAS  /tmp/ccO2G5lB.s 			page 39


 2085              	.LASF13:
 2086 0189 746D6F64 		.ascii	"tmode_t\000"
 2086      655F7400 
 2087              	.LASF42:
 2088 0191 54687265 		.ascii	"ThreadsList\000"
 2088      6164734C 
 2088      69737400 
 2089              	.LASF19:
 2090 019d 6576656E 		.ascii	"eventmask_t\000"
 2090      746D6173 
 2090      6B5F7400 
 2091              	.LASF72:
 2092 01a9 4D757465 		.ascii	"Mutex\000"
 2092      7800
 2093              	.LASF55:
 2094 01af 43465352 		.ascii	"CFSR\000"
 2094      00
 2095              	.LASF27:
 2096 01b4 705F6F6C 		.ascii	"p_older\000"
 2096      64657200 
 2097              	.LASF67:
 2098 01bc 725F6374 		.ascii	"r_ctx\000"
 2098      7800
 2099              	.LASF41:
 2100 01c2 54687265 		.ascii	"ThreadsQueue\000"
 2100      61647351 
 2100      75657565 
 2100      00
 2101              	.LASF70:
 2102 01cf 725F6375 		.ascii	"r_current\000"
 2102      7272656E 
 2102      7400
 2103              	.LASF69:
 2104 01d9 725F6F6C 		.ascii	"r_older\000"
 2104      64657200 
 2105              	.LASF15:
 2106 01e1 74726566 		.ascii	"trefs_t\000"
 2106      735F7400 
 2107              	.LASF81:
 2108 01e9 63747870 		.ascii	"ctxp\000"
 2108      00
 2109              	.LASF23:
 2110 01ee 705F7072 		.ascii	"p_prev\000"
 2110      657600
 2111              	.LASF17:
 2112 01f5 74707269 		.ascii	"tprio_t\000"
 2112      6F5F7400 
 2113              	.LASF12:
 2114 01fd 5F426F6F 		.ascii	"_Bool\000"
 2114      6C00
 2115              	.LASF6:
 2116 0203 696E7433 		.ascii	"int32_t\000"
 2116      325F7400 
 2117              	.LASF2:
 2118 020b 756E7369 		.ascii	"unsigned char\000"
 2118      676E6564 
 2118      20636861 
ARM GAS  /tmp/ccO2G5lB.s 			page 40


 2118      7200
 2119              	.LASF54:
 2120 0219 53484353 		.ascii	"SHCSR\000"
 2120      5200
 2121              	.LASF38:
 2122 021f 705F6D74 		.ascii	"p_mtxlist\000"
 2122      786C6973 
 2122      7400
 2123              	.LASF3:
 2124 0229 73686F72 		.ascii	"short int\000"
 2124      7420696E 
 2124      7400
 2125              	.LASF29:
 2126 0233 705F7374 		.ascii	"p_state\000"
 2126      61746500 
 2127              	.LASF32:
 2128 023b 705F7072 		.ascii	"p_preempt\000"
 2128      65656D70 
 2128      7400
 2129              	.LASF46:
 2130 0245 78707372 		.ascii	"xpsr\000"
 2130      00
 2131              	.LASF66:
 2132 024a 725F7072 		.ascii	"r_prio\000"
 2132      696F00
 2133              	.LASF79:
 2134 0251 65776D61 		.ascii	"ewmask\000"
 2134      736B00
 2135              	.LASF22:
 2136 0258 705F6E65 		.ascii	"p_next\000"
 2136      787400
 2137              	.LASF30:
 2138 025f 705F666C 		.ascii	"p_flags\000"
 2138      61677300 
 2139              	.LASF21:
 2140 0267 54687265 		.ascii	"Thread\000"
 2140      616400
 2141              	.LASF37:
 2142 026e 705F6570 		.ascii	"p_epending\000"
 2142      656E6469 
 2142      6E6700
 2143              	.LASF8:
 2144 0279 75696E74 		.ascii	"uint32_t\000"
 2144      33325F74 
 2144      00
 2145              	.LASF65:
 2146 0282 725F7175 		.ascii	"r_queue\000"
 2146      65756500 
 2147              	.LASF60:
 2148 028a 41465352 		.ascii	"AFSR\000"
 2148      00
 2149              	.LASF62:
 2150 028f 756E7573 		.ascii	"unused1\000"
 2150      65643100 
 2151              	.LASF89:
 2152 0297 474E5520 		.ascii	"GNU C 4.6.3\000"
 2152      4320342E 
ARM GAS  /tmp/ccO2G5lB.s 			page 41


 2152      362E3300 
 2153              	.LASF80:
 2154 02a3 63686172 		.ascii	"char\000"
 2154      00
 2155              	.LASF75:
 2156 02a8 6D5F6E65 		.ascii	"m_next\000"
 2156      787400
 2157              	.LASF20:
 2158 02af 73797374 		.ascii	"systime_t\000"
 2158      696D655F 
 2158      7400
 2159              	.LASF39:
 2160 02b9 705F7265 		.ascii	"p_realprio\000"
 2160      616C7072 
 2160      696F00
 2161              	.LASF84:
 2162 02c4 53564361 		.ascii	"SVCallVector\000"
 2162      6C6C5665 
 2162      63746F72 
 2162      00
 2163              	.LASF33:
 2164 02d1 705F7469 		.ascii	"p_time\000"
 2164      6D6500
 2165              	.LASF53:
 2166 02d8 53485052 		.ascii	"SHPR\000"
 2166      00
 2167              	.LASF47:
 2168 02dd 696E7463 		.ascii	"intctx\000"
 2168      747800
 2169              	.LASF35:
 2170 02e4 705F6D73 		.ascii	"p_msgqueue\000"
 2170      67717565 
 2170      756500
 2171              	.LASF31:
 2172 02ef 705F7265 		.ascii	"p_refs\000"
 2172      667300
 2173              	.LASF71:
 2174 02f6 52656164 		.ascii	"ReadyList\000"
 2174      794C6973 
 2174      7400
 2175              	.LASF61:
 2176 0300 4D4D4652 		.ascii	"MMFR\000"
 2176      00
 2177              	.LASF92:
 2178 0305 726C6973 		.ascii	"rlist\000"
 2178      7400
 2179              	.LASF5:
 2180 030b 75696E74 		.ascii	"uint8_t\000"
 2180      385F7400 
 2181              	.LASF83:
 2182 0313 5F706F72 		.ascii	"_port_init\000"
 2182      745F696E 
 2182      697400
 2183              	.LASF90:
 2184 031e 2E2E2F43 		.ascii	"../ChibiOS_2.6.2/os/ports/GCC/ARMCMx/chcore_v7m.c\000"
 2184      68696269 
 2184      4F535F32 
ARM GAS  /tmp/ccO2G5lB.s 			page 42


 2184      2E362E32 
 2184      2F6F732F 
 2185              	.LASF78:
 2186 0350 77746F62 		.ascii	"wtobjp\000"
 2186      6A7000
 2187              	.LASF28:
 2188 0357 705F6E61 		.ascii	"p_name\000"
 2188      6D6500
 2189              	.LASF63:
 2190 035e 43504143 		.ascii	"CPACR\000"
 2190      5200
 2191              	.LASF56:
 2192 0364 48465352 		.ascii	"HFSR\000"
 2192      00
 2193              	.LASF74:
 2194 0369 6D5F6F77 		.ascii	"m_owner\000"
 2194      6E657200 
 2195              	.LASF25:
 2196 0371 705F6374 		.ascii	"p_ctx\000"
 2196      7800
 2197              	.LASF34:
 2198 0377 705F7761 		.ascii	"p_waiting\000"
 2198      6974696E 
 2198      6700
 2199              		.ident	"GCC: (Sourcery CodeBench Lite 2012.03-56) 4.6.3"
ARM GAS  /tmp/ccO2G5lB.s 			page 43


DEFINED SYMBOLS
                            *ABS*:00000000 chcore_v7m.c
     /tmp/ccO2G5lB.s:19     .text._port_switch_from_isr:00000000 $t
     /tmp/ccO2G5lB.s:25     .text._port_switch_from_isr:00000000 _port_switch_from_isr
     /tmp/ccO2G5lB.s:37     .text._port_switch_from_isr:00000004 _port_exit_from_isr
     /tmp/ccO2G5lB.s:49     .text.SVCallVector:00000000 $t
     /tmp/ccO2G5lB.s:55     .text.SVCallVector:00000000 SVCallVector
     /tmp/ccO2G5lB.s:92     .text._port_init:00000000 $t
     /tmp/ccO2G5lB.s:98     .text._port_init:00000000 _port_init
     /tmp/ccO2G5lB.s:141    .text._port_irq_epilogue:00000000 $t
     /tmp/ccO2G5lB.s:147    .text._port_irq_epilogue:00000000 _port_irq_epilogue
     /tmp/ccO2G5lB.s:246    .text.SysTickVector:00000000 $t
     /tmp/ccO2G5lB.s:252    .text.SysTickVector:00000000 SysTickVector
     /tmp/ccO2G5lB.s:295    .text._port_switch:00000000 $t
     /tmp/ccO2G5lB.s:301    .text._port_switch:00000000 _port_switch
     /tmp/ccO2G5lB.s:328    .text._port_thread_start:00000000 $t
     /tmp/ccO2G5lB.s:334    .text._port_thread_start:00000000 _port_thread_start
                     .debug_frame:00000010 $d

UNDEFINED SYMBOLS
chSchDoReschedule
nvicSetSystemHandlerPriority
rlist
chSysTimerHandlerI
chThdExit
