ARM GAS  /tmp/cc2NQiie.s 			page 1


   1              		.syntax unified
   2              		.cpu cortex-m3
   3              		.fpu softvfp
   4              		.eabi_attribute 20, 1
   5              		.eabi_attribute 21, 1
   6              		.eabi_attribute 23, 3
   7              		.eabi_attribute 24, 1
   8              		.eabi_attribute 25, 1
   9              		.eabi_attribute 26, 1
  10              		.eabi_attribute 30, 2
  11              		.eabi_attribute 34, 1
  12              		.eabi_attribute 18, 4
  13              		.thumb
  14              		.file	"chdebug.c"
  15              		.text
  16              	.Ltext0:
  17              		.cfi_sections	.debug_frame
  18              	.Letext0:
  19              		.section	.debug_info,"",%progbits
  20              	.Ldebug_info0:
  21 0000 76000000 		.4byte	0x76
  22 0004 0200     		.2byte	0x2
  23 0006 00000000 		.4byte	.Ldebug_abbrev0
  24 000a 04       		.byte	0x4
  25 000b 01       		.uleb128 0x1
  26 000c 9C000000 		.4byte	.LASF11
  27 0010 01       		.byte	0x1
  28 0011 0D000000 		.4byte	.LASF12
  29 0015 A8000000 		.4byte	.LASF13
  30 0019 00000000 		.4byte	.Ltext0
  31 001d 00000000 		.4byte	.Letext0
  32 0021 00000000 		.4byte	.Ldebug_line0
  33 0025 02       		.uleb128 0x2
  34 0026 04       		.byte	0x4
  35 0027 05       		.byte	0x5
  36 0028 696E7400 		.ascii	"int\000"
  37 002c 03       		.uleb128 0x3
  38 002d 04       		.byte	0x4
  39 002e 07       		.byte	0x7
  40 002f 00000000 		.4byte	.LASF0
  41 0033 03       		.uleb128 0x3
  42 0034 01       		.byte	0x1
  43 0035 06       		.byte	0x6
  44 0036 56000000 		.4byte	.LASF1
  45 003a 03       		.uleb128 0x3
  46 003b 01       		.byte	0x1
  47 003c 08       		.byte	0x8
  48 003d 48000000 		.4byte	.LASF2
  49 0041 03       		.uleb128 0x3
  50 0042 02       		.byte	0x2
  51 0043 05       		.byte	0x5
  52 0044 7B000000 		.4byte	.LASF3
  53 0048 03       		.uleb128 0x3
  54 0049 02       		.byte	0x2
  55 004a 07       		.byte	0x7
  56 004b 62000000 		.4byte	.LASF4
  57 004f 03       		.uleb128 0x3
ARM GAS  /tmp/cc2NQiie.s 			page 2


  58 0050 04       		.byte	0x4
  59 0051 05       		.byte	0x5
  60 0052 CB000000 		.4byte	.LASF5
  61 0056 03       		.uleb128 0x3
  62 0057 04       		.byte	0x4
  63 0058 07       		.byte	0x7
  64 0059 36000000 		.4byte	.LASF6
  65 005d 03       		.uleb128 0x3
  66 005e 08       		.byte	0x8
  67 005f 05       		.byte	0x5
  68 0060 D9000000 		.4byte	.LASF7
  69 0064 03       		.uleb128 0x3
  70 0065 08       		.byte	0x8
  71 0066 07       		.byte	0x7
  72 0067 85000000 		.4byte	.LASF8
  73 006b 03       		.uleb128 0x3
  74 006c 01       		.byte	0x1
  75 006d 02       		.byte	0x2
  76 006e 75000000 		.4byte	.LASF9
  77 0072 03       		.uleb128 0x3
  78 0073 01       		.byte	0x1
  79 0074 08       		.byte	0x8
  80 0075 D4000000 		.4byte	.LASF10
  81 0079 00       		.byte	0
  82              		.section	.debug_abbrev,"",%progbits
  83              	.Ldebug_abbrev0:
  84 0000 01       		.uleb128 0x1
  85 0001 11       		.uleb128 0x11
  86 0002 01       		.byte	0x1
  87 0003 25       		.uleb128 0x25
  88 0004 0E       		.uleb128 0xe
  89 0005 13       		.uleb128 0x13
  90 0006 0B       		.uleb128 0xb
  91 0007 03       		.uleb128 0x3
  92 0008 0E       		.uleb128 0xe
  93 0009 1B       		.uleb128 0x1b
  94 000a 0E       		.uleb128 0xe
  95 000b 11       		.uleb128 0x11
  96 000c 01       		.uleb128 0x1
  97 000d 12       		.uleb128 0x12
  98 000e 01       		.uleb128 0x1
  99 000f 10       		.uleb128 0x10
 100 0010 06       		.uleb128 0x6
 101 0011 00       		.byte	0
 102 0012 00       		.byte	0
 103 0013 02       		.uleb128 0x2
 104 0014 24       		.uleb128 0x24
 105 0015 00       		.byte	0
 106 0016 0B       		.uleb128 0xb
 107 0017 0B       		.uleb128 0xb
 108 0018 3E       		.uleb128 0x3e
 109 0019 0B       		.uleb128 0xb
 110 001a 03       		.uleb128 0x3
 111 001b 08       		.uleb128 0x8
 112 001c 00       		.byte	0
 113 001d 00       		.byte	0
 114 001e 03       		.uleb128 0x3
ARM GAS  /tmp/cc2NQiie.s 			page 3


 115 001f 24       		.uleb128 0x24
 116 0020 00       		.byte	0
 117 0021 0B       		.uleb128 0xb
 118 0022 0B       		.uleb128 0xb
 119 0023 3E       		.uleb128 0x3e
 120 0024 0B       		.uleb128 0xb
 121 0025 03       		.uleb128 0x3
 122 0026 0E       		.uleb128 0xe
 123 0027 00       		.byte	0
 124 0028 00       		.byte	0
 125 0029 00       		.byte	0
 126              		.section	.debug_line,"",%progbits
 127              	.Ldebug_line0:
 128 0000 19000000 		.section	.debug_str,"MS",%progbits,1
 128      02001300 
 128      00000201 
 128      FB0E0D00 
 128      01010101 
 129              	.LASF0:
 130 0000 756E7369 		.ascii	"unsigned int\000"
 130      676E6564 
 130      20696E74 
 130      00
 131              	.LASF12:
 132 000d 2E2E2F43 		.ascii	"../ChibiOS_2.6.2/os/kernel/src/chdebug.c\000"
 132      68696269 
 132      4F535F32 
 132      2E362E32 
 132      2F6F732F 
 133              	.LASF6:
 134 0036 6C6F6E67 		.ascii	"long unsigned int\000"
 134      20756E73 
 134      69676E65 
 134      6420696E 
 134      7400
 135              	.LASF2:
 136 0048 756E7369 		.ascii	"unsigned char\000"
 136      676E6564 
 136      20636861 
 136      7200
 137              	.LASF1:
 138 0056 7369676E 		.ascii	"signed char\000"
 138      65642063 
 138      68617200 
 139              	.LASF4:
 140 0062 73686F72 		.ascii	"short unsigned int\000"
 140      7420756E 
 140      7369676E 
 140      65642069 
 140      6E7400
 141              	.LASF9:
 142 0075 5F426F6F 		.ascii	"_Bool\000"
 142      6C00
 143              	.LASF3:
 144 007b 73686F72 		.ascii	"short int\000"
 144      7420696E 
 144      7400
ARM GAS  /tmp/cc2NQiie.s 			page 4


 145              	.LASF8:
 146 0085 6C6F6E67 		.ascii	"long long unsigned int\000"
 146      206C6F6E 
 146      6720756E 
 146      7369676E 
 146      65642069 
 147              	.LASF11:
 148 009c 474E5520 		.ascii	"GNU C 4.6.3\000"
 148      4320342E 
 148      362E3300 
 149              	.LASF13:
 150 00a8 2F686F6D 		.ascii	"/home/aolsen/vrc-9999/TossUp-Joker\000"
 150      652F616F 
 150      6C73656E 
 150      2F767263 
 150      2D393939 
 151              	.LASF5:
 152 00cb 6C6F6E67 		.ascii	"long int\000"
 152      20696E74 
 152      00
 153              	.LASF10:
 154 00d4 63686172 		.ascii	"char\000"
 154      00
 155              	.LASF7:
 156 00d9 6C6F6E67 		.ascii	"long long int\000"
 156      206C6F6E 
 156      6720696E 
 156      7400
 157              		.ident	"GCC: (Sourcery CodeBench Lite 2012.03-56) 4.6.3"
ARM GAS  /tmp/cc2NQiie.s 			page 5


DEFINED SYMBOLS
                            *ABS*:00000000 chdebug.c

NO UNDEFINED SYMBOLS
