ARM GAS  /tmp/ccmVJo3R.s 			page 1


   1              		.syntax unified
   2              		.cpu cortex-m3
   3              		.fpu softvfp
   4              		.eabi_attribute 20, 1
   5              		.eabi_attribute 21, 1
   6              		.eabi_attribute 23, 3
   7              		.eabi_attribute 24, 1
   8              		.eabi_attribute 25, 1
   9              		.eabi_attribute 26, 1
  10              		.eabi_attribute 30, 2
  11              		.eabi_attribute 34, 1
  12              		.eabi_attribute 18, 4
  13              		.thumb
  14              		.file	"chmsg.c"
  15              		.text
  16              	.Ltext0:
  17              		.cfi_sections	.debug_frame
  18              		.section	.text.chMsgSend,"ax",%progbits
  19              		.align	2
  20              		.p2align 4,,15
  21              		.global	chMsgSend
  22              		.thumb
  23              		.thumb_func
  24              		.type	chMsgSend, %function
  25              	chMsgSend:
  26              	.LFB7:
  27              		.file 1 "../ChibiOS_2.6.2/os/kernel/src/chmsg.c"
  28              		.loc 1 75 0
  29              		.cfi_startproc
  30              		@ args = 0, pretend = 0, frame = 0
  31              		@ frame_needed = 0, uses_anonymous_args = 0
  32              	.LVL0:
  33 0000 70B5     		push	{r4, r5, r6, lr}
  34              	.LCFI0:
  35              		.cfi_def_cfa_offset 16
  36              		.cfi_offset 14, -4
  37              		.cfi_offset 6, -8
  38              		.cfi_offset 5, -12
  39              		.cfi_offset 4, -16
  40              		.loc 1 76 0
  41 0002 40F20002 		movw	r2, #:lower16:rlist
  42 0006 C0F20002 		movt	r2, #:upper16:rlist
  43 000a 9469     		ldr	r4, [r2, #24]
  44              	.LVL1:
  45              	.LBB10:
  46              		.loc 1 80 0
  47 000c 2023     		movs	r3, #32
  48              	.LVL2:
  49              	@ 80 "../ChibiOS_2.6.2/os/kernel/src/chmsg.c" 1
  50 000e 83F31188 		msr     BASEPRI, r3
  51              	@ 0 "" 2
  52              	.LVL3:
  53              		.thumb
  54              	.LBE10:
  55              		.loc 1 82 0
  56 0012 00F12C05 		add	r5, r0, #44
  57 0016 6562     		str	r5, [r4, #36]
ARM GAS  /tmp/ccmVJo3R.s 			page 2


  58              	.LVL4:
  59              		.loc 1 84 0
  60 0018 067F     		ldrb	r6, [r0, #28]	@ zero_extendqisi2
  61              	.LBB11:
  62              	.LBB12:
  63              		.file 2 "../ChibiOS_2.6.2/os/kernel/include/chinline.h"
  64              		.loc 2 55 0
  65 001a 036B     		ldr	r3, [r0, #48]
  66              	.LVL5:
  67              	.LBE12:
  68              	.LBE11:
  69              		.loc 1 84 0
  70 001c 0C2E     		cmp	r6, #12
  71              	.LBB15:
  72              	.LBB13:
  73              		.loc 2 54 0
  74 001e 2560     		str	r5, [r4, #0]
  75              	.LBE13:
  76              	.LBE15:
  77              		.loc 1 81 0
  78 0020 6163     		str	r1, [r4, #52]
  79              	.LBB16:
  80              	.LBB14:
  81              		.loc 2 55 0
  82 0022 6360     		str	r3, [r4, #4]
  83              		.loc 2 56 0
  84 0024 0463     		str	r4, [r0, #48]
  85 0026 1C60     		str	r4, [r3, #0]
  86              	.LBE14:
  87              	.LBE16:
  88              		.loc 1 84 0
  89 0028 07D0     		beq	.L4
  90              		.loc 1 86 0
  91 002a 0A20     		movs	r0, #10
  92              	.LVL6:
  93 002c FFF7FEFF 		bl	chSchGoSleepS
  94              	.LVL7:
  95              		.loc 1 87 0
  96 0030 606A     		ldr	r0, [r4, #36]
  97              	.LVL8:
  98              	.LBB17:
  99              		.loc 1 88 0
 100 0032 0023     		movs	r3, #0
 101              	.LVL9:
 102              	@ 88 "../ChibiOS_2.6.2/os/kernel/src/chmsg.c" 1
 103 0034 83F31188 		msr     BASEPRI, r3
 104              	@ 0 "" 2
 105              	.LVL10:
 106              		.thumb
 107              	.LBE17:
 108              		.loc 1 90 0
 109 0038 70BD     		pop	{r4, r5, r6, pc}
 110              	.LVL11:
 111              	.L4:
 112              		.loc 1 85 0
 113 003a FFF7FEFF 		bl	chSchReadyI
 114              	.LVL12:
ARM GAS  /tmp/ccmVJo3R.s 			page 3


 115              		.loc 1 86 0
 116 003e 0A20     		movs	r0, #10
 117 0040 FFF7FEFF 		bl	chSchGoSleepS
 118              		.loc 1 87 0
 119 0044 606A     		ldr	r0, [r4, #36]
 120              	.LVL13:
 121              	.LBB18:
 122              		.loc 1 88 0
 123 0046 0023     		movs	r3, #0
 124              	@ 88 "../ChibiOS_2.6.2/os/kernel/src/chmsg.c" 1
 125 0048 83F31188 		msr     BASEPRI, r3
 126              	@ 0 "" 2
 127              	.LVL14:
 128              		.thumb
 129              	.LBE18:
 130              		.loc 1 90 0
 131 004c 70BD     		pop	{r4, r5, r6, pc}
 132              		.cfi_endproc
 133              	.LFE7:
 134              		.size	chMsgSend, .-chMsgSend
 135 004e 00BF     		.section	.text.chMsgWait,"ax",%progbits
 136              		.align	2
 137              		.p2align 4,,15
 138              		.global	chMsgWait
 139              		.thumb
 140              		.thumb_func
 141              		.type	chMsgWait, %function
 142              	chMsgWait:
 143              	.LFB8:
 144              		.loc 1 106 0
 145              		.cfi_startproc
 146              		@ args = 0, pretend = 0, frame = 0
 147              		@ frame_needed = 0, uses_anonymous_args = 0
 148 0000 10B5     		push	{r4, lr}
 149              	.LCFI1:
 150              		.cfi_def_cfa_offset 8
 151              		.cfi_offset 14, -4
 152              		.cfi_offset 4, -8
 153              	.LBB19:
 154              		.loc 1 109 0
 155 0002 2023     		movs	r3, #32
 156              	.LVL15:
 157              	@ 109 "../ChibiOS_2.6.2/os/kernel/src/chmsg.c" 1
 158 0004 83F31188 		msr     BASEPRI, r3
 159              	@ 0 "" 2
 160              	.LVL16:
 161              		.thumb
 162              	.LBE19:
 163              		.loc 1 110 0
 164 0008 40F20004 		movw	r4, #:lower16:rlist
 165 000c C0F20004 		movt	r4, #:upper16:rlist
 166 0010 A369     		ldr	r3, [r4, #24]
 167              	.LVL17:
 168 0012 1A46     		mov	r2, r3
 169 0014 52F82C0F 		ldr	r0, [r2, #44]!
 170 0018 9042     		cmp	r0, r2
 171 001a 08D0     		beq	.L7
ARM GAS  /tmp/ccmVJo3R.s 			page 4


 172              	.L6:
 173              	.LVL18:
 174              	.LBB20:
 175              	.LBB21:
 176              		.loc 2 62 0
 177 001c 0168     		ldr	r1, [r0, #0]
 178 001e D962     		str	r1, [r3, #44]
 179 0020 4A60     		str	r2, [r1, #4]
 180              	.LBE21:
 181              	.LBE20:
 182              		.loc 1 113 0
 183 0022 0B22     		movs	r2, #11
 184 0024 0277     		strb	r2, [r0, #28]
 185              	.LBB22:
 186              		.loc 1 114 0
 187 0026 0023     		movs	r3, #0
 188              	.LVL19:
 189              	@ 114 "../ChibiOS_2.6.2/os/kernel/src/chmsg.c" 1
 190 0028 83F31188 		msr     BASEPRI, r3
 191              	@ 0 "" 2
 192              	.LVL20:
 193              		.thumb
 194              	.LBE22:
 195              		.loc 1 116 0
 196 002c 10BD     		pop	{r4, pc}
 197              	.LVL21:
 198              	.L7:
 199              		.loc 1 111 0
 200 002e 0C20     		movs	r0, #12
 201 0030 FFF7FEFF 		bl	chSchGoSleepS
 202 0034 A369     		ldr	r3, [r4, #24]
 203 0036 1A46     		mov	r2, r3
 204 0038 52F82C0F 		ldr	r0, [r2, #44]!
 205 003c EEE7     		b	.L6
 206              		.cfi_endproc
 207              	.LFE8:
 208              		.size	chMsgWait, .-chMsgWait
 209 003e 00BF     		.section	.text.chMsgRelease,"ax",%progbits
 210              		.align	2
 211              		.p2align 4,,15
 212              		.global	chMsgRelease
 213              		.thumb
 214              		.thumb_func
 215              		.type	chMsgRelease, %function
 216              	chMsgRelease:
 217              	.LFB9:
 218              		.loc 1 128 0
 219              		.cfi_startproc
 220              		@ args = 0, pretend = 0, frame = 0
 221              		@ frame_needed = 0, uses_anonymous_args = 0
 222              	.LVL22:
 223 0000 08B5     		push	{r3, lr}
 224              	.LCFI2:
 225              		.cfi_def_cfa_offset 8
 226              		.cfi_offset 14, -4
 227              		.cfi_offset 3, -8
 228              	.LBB23:
ARM GAS  /tmp/ccmVJo3R.s 			page 5


 229              		.loc 1 130 0
 230 0002 2023     		movs	r3, #32
 231              	.LVL23:
 232              	@ 130 "../ChibiOS_2.6.2/os/kernel/src/chmsg.c" 1
 233 0004 83F31188 		msr     BASEPRI, r3
 234              	@ 0 "" 2
 235              	.LVL24:
 236              		.thumb
 237              	.LBE23:
 238              		.loc 1 133 0
 239 0008 FFF7FEFF 		bl	chSchWakeupS
 240              	.LVL25:
 241              	.LBB24:
 242              		.loc 1 134 0
 243 000c 0023     		movs	r3, #0
 244              	.LVL26:
 245              	@ 134 "../ChibiOS_2.6.2/os/kernel/src/chmsg.c" 1
 246 000e 83F31188 		msr     BASEPRI, r3
 247              	@ 0 "" 2
 248              	.LVL27:
 249              		.thumb
 250              	.LBE24:
 251              		.loc 1 135 0
 252 0012 08BD     		pop	{r3, pc}
 253              		.cfi_endproc
 254              	.LFE9:
 255              		.size	chMsgRelease, .-chMsgRelease
 256 0014 AFF30080 		.text
 256      AFF30080 
 256      AFF30080 
 257              	.Letext0:
 258              		.file 3 "/opt/pros/toolchain/bin/../lib/gcc/arm-none-eabi/4.6.3/../../../../arm-none-eabi/include/
 259              		.file 4 "../ChibiOS_2.6.2/os/ports/GCC/ARMCMx/chtypes.h"
 260              		.file 5 "../ChibiOS_2.6.2/os/kernel/include/chlists.h"
 261              		.file 6 "../ChibiOS_2.6.2/os/kernel/include/chthreads.h"
 262              		.file 7 "../ChibiOS_2.6.2/os/ports/GCC/ARMCMx/chcore_v7m.h"
 263              		.file 8 "../ChibiOS_2.6.2/os/kernel/include/chschd.h"
 264              		.file 9 "../ChibiOS_2.6.2/os/kernel/include/chmtx.h"
 265              		.section	.debug_info,"",%progbits
 266              	.Ldebug_info0:
 267 0000 2C060000 		.4byte	0x62c
 268 0004 0200     		.2byte	0x2
 269 0006 00000000 		.4byte	.Ldebug_abbrev0
 270 000a 04       		.byte	0x4
 271 000b 01       		.uleb128 0x1
 272 000c 0A020000 		.4byte	.LASF64
 273 0010 01       		.byte	0x1
 274 0011 99000000 		.4byte	.LASF65
 275 0015 66020000 		.4byte	.LASF66
 276 0019 00000000 		.4byte	0
 277 001d 00000000 		.4byte	0
 278 0021 38000000 		.4byte	.Ldebug_ranges0+0x38
 279 0025 00000000 		.4byte	.Ldebug_line0
 280 0029 02       		.uleb128 0x2
 281 002a 04       		.byte	0x4
 282 002b 05       		.byte	0x5
 283 002c 696E7400 		.ascii	"int\000"
ARM GAS  /tmp/ccmVJo3R.s 			page 6


 284 0030 03       		.uleb128 0x3
 285 0031 04       		.byte	0x4
 286 0032 07       		.byte	0x7
 287 0033 D1000000 		.4byte	.LASF0
 288 0037 03       		.uleb128 0x3
 289 0038 01       		.byte	0x1
 290 0039 06       		.byte	0x6
 291 003a 4F000000 		.4byte	.LASF1
 292 003e 04       		.uleb128 0x4
 293 003f 99020000 		.4byte	.LASF5
 294 0043 03       		.byte	0x3
 295 0044 2A       		.byte	0x2a
 296 0045 49000000 		.4byte	0x49
 297 0049 03       		.uleb128 0x3
 298 004a 01       		.byte	0x1
 299 004b 08       		.byte	0x8
 300 004c 89010000 		.4byte	.LASF2
 301 0050 03       		.uleb128 0x3
 302 0051 02       		.byte	0x2
 303 0052 05       		.byte	0x5
 304 0053 A1010000 		.4byte	.LASF3
 305 0057 03       		.uleb128 0x3
 306 0058 02       		.byte	0x2
 307 0059 07       		.byte	0x7
 308 005a F8000000 		.4byte	.LASF4
 309 005e 04       		.uleb128 0x4
 310 005f 81010000 		.4byte	.LASF6
 311 0063 03       		.byte	0x3
 312 0064 4F       		.byte	0x4f
 313 0065 69000000 		.4byte	0x69
 314 0069 03       		.uleb128 0x3
 315 006a 04       		.byte	0x4
 316 006b 05       		.byte	0x5
 317 006c 75000000 		.4byte	.LASF7
 318 0070 04       		.uleb128 0x4
 319 0071 F9010000 		.4byte	.LASF8
 320 0075 03       		.byte	0x3
 321 0076 50       		.byte	0x50
 322 0077 7B000000 		.4byte	0x7b
 323 007b 03       		.uleb128 0x3
 324 007c 04       		.byte	0x4
 325 007d 07       		.byte	0x7
 326 007e DE000000 		.4byte	.LASF9
 327 0082 03       		.uleb128 0x3
 328 0083 08       		.byte	0x8
 329 0084 05       		.byte	0x5
 330 0085 41000000 		.4byte	.LASF10
 331 0089 03       		.uleb128 0x3
 332 008a 08       		.byte	0x8
 333 008b 07       		.byte	0x7
 334 008c 1A000000 		.4byte	.LASF11
 335 0090 03       		.uleb128 0x3
 336 0091 01       		.byte	0x1
 337 0092 02       		.byte	0x2
 338 0093 7B010000 		.4byte	.LASF12
 339 0097 04       		.uleb128 0x4
 340 0098 11010000 		.4byte	.LASF13
ARM GAS  /tmp/ccmVJo3R.s 			page 7


 341 009c 04       		.byte	0x4
 342 009d 2C       		.byte	0x2c
 343 009e 3E000000 		.4byte	0x3e
 344 00a2 04       		.uleb128 0x4
 345 00a3 88000000 		.4byte	.LASF14
 346 00a7 04       		.byte	0x4
 347 00a8 2D       		.byte	0x2d
 348 00a9 3E000000 		.4byte	0x3e
 349 00ad 04       		.uleb128 0x4
 350 00ae 64010000 		.4byte	.LASF15
 351 00b2 04       		.byte	0x4
 352 00b3 2E       		.byte	0x2e
 353 00b4 3E000000 		.4byte	0x3e
 354 00b8 04       		.uleb128 0x4
 355 00b9 6B000000 		.4byte	.LASF16
 356 00bd 04       		.byte	0x4
 357 00be 2F       		.byte	0x2f
 358 00bf 3E000000 		.4byte	0x3e
 359 00c3 04       		.uleb128 0x4
 360 00c4 73010000 		.4byte	.LASF17
 361 00c8 04       		.byte	0x4
 362 00c9 30       		.byte	0x30
 363 00ca 70000000 		.4byte	0x70
 364 00ce 04       		.uleb128 0x4
 365 00cf 0B010000 		.4byte	.LASF18
 366 00d3 04       		.byte	0x4
 367 00d4 31       		.byte	0x31
 368 00d5 5E000000 		.4byte	0x5e
 369 00d9 04       		.uleb128 0x4
 370 00da 25010000 		.4byte	.LASF19
 371 00de 04       		.byte	0x4
 372 00df 33       		.byte	0x33
 373 00e0 70000000 		.4byte	0x70
 374 00e4 04       		.uleb128 0x4
 375 00e5 2E020000 		.4byte	.LASF20
 376 00e9 04       		.byte	0x4
 377 00ea 35       		.byte	0x35
 378 00eb 70000000 		.4byte	0x70
 379 00ef 04       		.uleb128 0x4
 380 00f0 DA010000 		.4byte	.LASF21
 381 00f4 05       		.byte	0x5
 382 00f5 2A       		.byte	0x2a
 383 00f6 FA000000 		.4byte	0xfa
 384 00fa 05       		.uleb128 0x5
 385 00fb DA010000 		.4byte	.LASF21
 386 00ff 48       		.byte	0x48
 387 0100 06       		.byte	0x6
 388 0101 5E       		.byte	0x5e
 389 0102 1F020000 		.4byte	0x21f
 390 0106 06       		.uleb128 0x6
 391 0107 CB010000 		.4byte	.LASF22
 392 010b 06       		.byte	0x6
 393 010c 5F       		.byte	0x5f
 394 010d 44020000 		.4byte	0x244
 395 0111 02       		.byte	0x2
 396 0112 23       		.byte	0x23
 397 0113 00       		.uleb128 0
ARM GAS  /tmp/ccmVJo3R.s 			page 8


 398 0114 06       		.uleb128 0x6
 399 0115 6C010000 		.4byte	.LASF23
 400 0119 06       		.byte	0x6
 401 011a 61       		.byte	0x61
 402 011b 44020000 		.4byte	0x244
 403 011f 02       		.byte	0x2
 404 0120 23       		.byte	0x23
 405 0121 04       		.uleb128 0x4
 406 0122 06       		.uleb128 0x6
 407 0123 3A000000 		.4byte	.LASF24
 408 0127 06       		.byte	0x6
 409 0128 63       		.byte	0x63
 410 0129 C3000000 		.4byte	0xc3
 411 012d 02       		.byte	0x2
 412 012e 23       		.byte	0x23
 413 012f 08       		.uleb128 0x8
 414 0130 06       		.uleb128 0x6
 415 0131 B7020000 		.4byte	.LASF25
 416 0135 06       		.byte	0x6
 417 0136 64       		.byte	0x64
 418 0137 12030000 		.4byte	0x312
 419 013b 02       		.byte	0x2
 420 013c 23       		.byte	0x23
 421 013d 0C       		.uleb128 0xc
 422 013e 06       		.uleb128 0x6
 423 013f 91000000 		.4byte	.LASF26
 424 0143 06       		.byte	0x6
 425 0144 66       		.byte	0x66
 426 0145 44020000 		.4byte	0x244
 427 0149 02       		.byte	0x2
 428 014a 23       		.byte	0x23
 429 014b 10       		.uleb128 0x10
 430 014c 06       		.uleb128 0x6
 431 014d 37010000 		.4byte	.LASF27
 432 0151 06       		.byte	0x6
 433 0152 67       		.byte	0x67
 434 0153 44020000 		.4byte	0x244
 435 0157 02       		.byte	0x2
 436 0158 23       		.byte	0x23
 437 0159 14       		.uleb128 0x14
 438 015a 06       		.uleb128 0x6
 439 015b A8020000 		.4byte	.LASF28
 440 015f 06       		.byte	0x6
 441 0160 6E       		.byte	0x6e
 442 0161 1F040000 		.4byte	0x41f
 443 0165 02       		.byte	0x2
 444 0166 23       		.byte	0x23
 445 0167 18       		.uleb128 0x18
 446 0168 06       		.uleb128 0x6
 447 0169 AB010000 		.4byte	.LASF29
 448 016d 06       		.byte	0x6
 449 016e 79       		.byte	0x79
 450 016f A2000000 		.4byte	0xa2
 451 0173 02       		.byte	0x2
 452 0174 23       		.byte	0x23
 453 0175 1C       		.uleb128 0x1c
 454 0176 06       		.uleb128 0x6
ARM GAS  /tmp/ccmVJo3R.s 			page 9


 455 0177 D2010000 		.4byte	.LASF30
 456 017b 06       		.byte	0x6
 457 017c 7D       		.byte	0x7d
 458 017d 97000000 		.4byte	0x97
 459 0181 02       		.byte	0x2
 460 0182 23       		.byte	0x23
 461 0183 1D       		.uleb128 0x1d
 462 0184 06       		.uleb128 0x6
 463 0185 82020000 		.4byte	.LASF31
 464 0189 06       		.byte	0x6
 465 018a 82       		.byte	0x82
 466 018b AD000000 		.4byte	0xad
 467 018f 02       		.byte	0x2
 468 0190 23       		.byte	0x23
 469 0191 1E       		.uleb128 0x1e
 470 0192 06       		.uleb128 0x6
 471 0193 B3010000 		.4byte	.LASF32
 472 0197 06       		.byte	0x6
 473 0198 88       		.byte	0x88
 474 0199 B8000000 		.4byte	0xb8
 475 019d 02       		.byte	0x2
 476 019e 23       		.byte	0x23
 477 019f 1F       		.uleb128 0x1f
 478 01a0 06       		.uleb128 0x6
 479 01a1 43020000 		.4byte	.LASF33
 480 01a5 06       		.byte	0x6
 481 01a6 8F       		.byte	0x8f
 482 01a7 35030000 		.4byte	0x335
 483 01ab 02       		.byte	0x2
 484 01ac 23       		.byte	0x23
 485 01ad 20       		.uleb128 0x20
 486 01ae 07       		.uleb128 0x7
 487 01af 705F7500 		.ascii	"p_u\000"
 488 01b3 06       		.byte	0x6
 489 01b4 B4       		.byte	0xb4
 490 01b5 EA030000 		.4byte	0x3ea
 491 01b9 02       		.byte	0x2
 492 01ba 23       		.byte	0x23
 493 01bb 24       		.uleb128 0x24
 494 01bc 06       		.uleb128 0x6
 495 01bd BD020000 		.4byte	.LASF34
 496 01c1 06       		.byte	0x6
 497 01c2 B9       		.byte	0xb9
 498 01c3 6C020000 		.4byte	0x26c
 499 01c7 02       		.byte	0x2
 500 01c8 23       		.byte	0x23
 501 01c9 28       		.uleb128 0x28
 502 01ca 06       		.uleb128 0x6
 503 01cb 51020000 		.4byte	.LASF35
 504 01cf 06       		.byte	0x6
 505 01d0 BF       		.byte	0xbf
 506 01d1 4A020000 		.4byte	0x24a
 507 01d5 02       		.byte	0x2
 508 01d6 23       		.byte	0x23
 509 01d7 2C       		.uleb128 0x2c
 510 01d8 06       		.uleb128 0x6
 511 01d9 00000000 		.4byte	.LASF36
ARM GAS  /tmp/ccmVJo3R.s 			page 10


 512 01dd 06       		.byte	0x6
 513 01de C3       		.byte	0xc3
 514 01df CE000000 		.4byte	0xce
 515 01e3 02       		.byte	0x2
 516 01e4 23       		.byte	0x23
 517 01e5 34       		.uleb128 0x34
 518 01e6 06       		.uleb128 0x6
 519 01e7 EE010000 		.4byte	.LASF37
 520 01eb 06       		.byte	0x6
 521 01ec C9       		.byte	0xc9
 522 01ed D9000000 		.4byte	0xd9
 523 01f1 02       		.byte	0x2
 524 01f2 23       		.byte	0x23
 525 01f3 38       		.uleb128 0x38
 526 01f4 06       		.uleb128 0x6
 527 01f5 97010000 		.4byte	.LASF38
 528 01f9 06       		.byte	0x6
 529 01fa D0       		.byte	0xd0
 530 01fb 31040000 		.4byte	0x431
 531 01ff 02       		.byte	0x2
 532 0200 23       		.byte	0x23
 533 0201 3C       		.uleb128 0x3c
 534 0202 06       		.uleb128 0x6
 535 0203 38020000 		.4byte	.LASF39
 536 0207 06       		.byte	0x6
 537 0208 D4       		.byte	0xd4
 538 0209 C3000000 		.4byte	0xc3
 539 020d 02       		.byte	0x2
 540 020e 23       		.byte	0x23
 541 020f 40       		.uleb128 0x40
 542 0210 06       		.uleb128 0x6
 543 0211 5B000000 		.4byte	.LASF40
 544 0215 06       		.byte	0x6
 545 0216 DA       		.byte	0xda
 546 0217 82020000 		.4byte	0x282
 547 021b 02       		.byte	0x2
 548 021c 23       		.byte	0x23
 549 021d 44       		.uleb128 0x44
 550 021e 00       		.byte	0
 551 021f 08       		.uleb128 0x8
 552 0220 08       		.byte	0x8
 553 0221 05       		.byte	0x5
 554 0222 61       		.byte	0x61
 555 0223 44020000 		.4byte	0x244
 556 0227 06       		.uleb128 0x6
 557 0228 CB010000 		.4byte	.LASF22
 558 022c 05       		.byte	0x5
 559 022d 62       		.byte	0x62
 560 022e 44020000 		.4byte	0x244
 561 0232 02       		.byte	0x2
 562 0233 23       		.byte	0x23
 563 0234 00       		.uleb128 0
 564 0235 06       		.uleb128 0x6
 565 0236 6C010000 		.4byte	.LASF23
 566 023a 05       		.byte	0x5
 567 023b 64       		.byte	0x64
 568 023c 44020000 		.4byte	0x244
ARM GAS  /tmp/ccmVJo3R.s 			page 11


 569 0240 02       		.byte	0x2
 570 0241 23       		.byte	0x23
 571 0242 04       		.uleb128 0x4
 572 0243 00       		.byte	0
 573 0244 09       		.uleb128 0x9
 574 0245 04       		.byte	0x4
 575 0246 EF000000 		.4byte	0xef
 576 024a 04       		.uleb128 0x4
 577 024b 45010000 		.4byte	.LASF41
 578 024f 05       		.byte	0x5
 579 0250 66       		.byte	0x66
 580 0251 1F020000 		.4byte	0x21f
 581 0255 08       		.uleb128 0x8
 582 0256 04       		.byte	0x4
 583 0257 05       		.byte	0x5
 584 0258 6B       		.byte	0x6b
 585 0259 6C020000 		.4byte	0x26c
 586 025d 06       		.uleb128 0x6
 587 025e CB010000 		.4byte	.LASF22
 588 0262 05       		.byte	0x5
 589 0263 6D       		.byte	0x6d
 590 0264 44020000 		.4byte	0x244
 591 0268 02       		.byte	0x2
 592 0269 23       		.byte	0x23
 593 026a 00       		.uleb128 0
 594 026b 00       		.byte	0
 595 026c 04       		.uleb128 0x4
 596 026d 19010000 		.4byte	.LASF42
 597 0271 05       		.byte	0x5
 598 0272 70       		.byte	0x70
 599 0273 55020000 		.4byte	0x255
 600 0277 04       		.uleb128 0x4
 601 0278 C8000000 		.4byte	.LASF43
 602 027c 07       		.byte	0x7
 603 027d E5       		.byte	0xe5
 604 027e 82020000 		.4byte	0x282
 605 0282 0A       		.uleb128 0xa
 606 0283 04       		.byte	0x4
 607 0284 0B       		.uleb128 0xb
 608 0285 4A020000 		.4byte	.LASF44
 609 0289 24       		.byte	0x24
 610 028a 07       		.byte	0x7
 611 028b 0C01     		.2byte	0x10c
 612 028d 12030000 		.4byte	0x312
 613 0291 0C       		.uleb128 0xc
 614 0292 723400   		.ascii	"r4\000"
 615 0295 07       		.byte	0x7
 616 0296 1F01     		.2byte	0x11f
 617 0298 77020000 		.4byte	0x277
 618 029c 02       		.byte	0x2
 619 029d 23       		.byte	0x23
 620 029e 00       		.uleb128 0
 621 029f 0C       		.uleb128 0xc
 622 02a0 723500   		.ascii	"r5\000"
 623 02a3 07       		.byte	0x7
 624 02a4 2001     		.2byte	0x120
 625 02a6 77020000 		.4byte	0x277
ARM GAS  /tmp/ccmVJo3R.s 			page 12


 626 02aa 02       		.byte	0x2
 627 02ab 23       		.byte	0x23
 628 02ac 04       		.uleb128 0x4
 629 02ad 0C       		.uleb128 0xc
 630 02ae 723600   		.ascii	"r6\000"
 631 02b1 07       		.byte	0x7
 632 02b2 2101     		.2byte	0x121
 633 02b4 77020000 		.4byte	0x277
 634 02b8 02       		.byte	0x2
 635 02b9 23       		.byte	0x23
 636 02ba 08       		.uleb128 0x8
 637 02bb 0C       		.uleb128 0xc
 638 02bc 723700   		.ascii	"r7\000"
 639 02bf 07       		.byte	0x7
 640 02c0 2201     		.2byte	0x122
 641 02c2 77020000 		.4byte	0x277
 642 02c6 02       		.byte	0x2
 643 02c7 23       		.byte	0x23
 644 02c8 0C       		.uleb128 0xc
 645 02c9 0C       		.uleb128 0xc
 646 02ca 723800   		.ascii	"r8\000"
 647 02cd 07       		.byte	0x7
 648 02ce 2301     		.2byte	0x123
 649 02d0 77020000 		.4byte	0x277
 650 02d4 02       		.byte	0x2
 651 02d5 23       		.byte	0x23
 652 02d6 10       		.uleb128 0x10
 653 02d7 0C       		.uleb128 0xc
 654 02d8 723900   		.ascii	"r9\000"
 655 02db 07       		.byte	0x7
 656 02dc 2401     		.2byte	0x124
 657 02de 77020000 		.4byte	0x277
 658 02e2 02       		.byte	0x2
 659 02e3 23       		.byte	0x23
 660 02e4 14       		.uleb128 0x14
 661 02e5 0C       		.uleb128 0xc
 662 02e6 72313000 		.ascii	"r10\000"
 663 02ea 07       		.byte	0x7
 664 02eb 2501     		.2byte	0x125
 665 02ed 77020000 		.4byte	0x277
 666 02f1 02       		.byte	0x2
 667 02f2 23       		.byte	0x23
 668 02f3 18       		.uleb128 0x18
 669 02f4 0C       		.uleb128 0xc
 670 02f5 72313100 		.ascii	"r11\000"
 671 02f9 07       		.byte	0x7
 672 02fa 2601     		.2byte	0x126
 673 02fc 77020000 		.4byte	0x277
 674 0300 02       		.byte	0x2
 675 0301 23       		.byte	0x23
 676 0302 1C       		.uleb128 0x1c
 677 0303 0C       		.uleb128 0xc
 678 0304 6C7200   		.ascii	"lr\000"
 679 0307 07       		.byte	0x7
 680 0308 2701     		.2byte	0x127
 681 030a 77020000 		.4byte	0x277
 682 030e 02       		.byte	0x2
ARM GAS  /tmp/ccmVJo3R.s 			page 13


 683 030f 23       		.byte	0x23
 684 0310 20       		.uleb128 0x20
 685 0311 00       		.byte	0
 686 0312 0B       		.uleb128 0xb
 687 0313 F0000000 		.4byte	.LASF45
 688 0317 04       		.byte	0x4
 689 0318 07       		.byte	0x7
 690 0319 3101     		.2byte	0x131
 691 031b 2F030000 		.4byte	0x32f
 692 031f 0C       		.uleb128 0xc
 693 0320 72313300 		.ascii	"r13\000"
 694 0324 07       		.byte	0x7
 695 0325 3201     		.2byte	0x132
 696 0327 2F030000 		.4byte	0x32f
 697 032b 02       		.byte	0x2
 698 032c 23       		.byte	0x23
 699 032d 00       		.uleb128 0
 700 032e 00       		.byte	0
 701 032f 09       		.uleb128 0x9
 702 0330 04       		.byte	0x4
 703 0331 84020000 		.4byte	0x284
 704 0335 0D       		.uleb128 0xd
 705 0336 E4000000 		.4byte	0xe4
 706 033a 08       		.uleb128 0x8
 707 033b 1C       		.byte	0x1c
 708 033c 08       		.byte	0x8
 709 033d 5E       		.byte	0x5e
 710 033e 97030000 		.4byte	0x397
 711 0342 06       		.uleb128 0x6
 712 0343 02020000 		.4byte	.LASF46
 713 0347 08       		.byte	0x8
 714 0348 5F       		.byte	0x5f
 715 0349 4A020000 		.4byte	0x24a
 716 034d 02       		.byte	0x2
 717 034e 23       		.byte	0x23
 718 034f 00       		.uleb128 0
 719 0350 06       		.uleb128 0x6
 720 0351 BD010000 		.4byte	.LASF47
 721 0355 08       		.byte	0x8
 722 0356 60       		.byte	0x60
 723 0357 C3000000 		.4byte	0xc3
 724 035b 02       		.byte	0x2
 725 035c 23       		.byte	0x23
 726 035d 08       		.uleb128 0x8
 727 035e 06       		.uleb128 0x6
 728 035f 3F010000 		.4byte	.LASF48
 729 0363 08       		.byte	0x8
 730 0364 62       		.byte	0x62
 731 0365 12030000 		.4byte	0x312
 732 0369 02       		.byte	0x2
 733 036a 23       		.byte	0x23
 734 036b 0C       		.uleb128 0xc
 735 036c 06       		.uleb128 0x6
 736 036d C0000000 		.4byte	.LASF49
 737 0371 08       		.byte	0x8
 738 0372 65       		.byte	0x65
 739 0373 44020000 		.4byte	0x244
ARM GAS  /tmp/ccmVJo3R.s 			page 14


 740 0377 02       		.byte	0x2
 741 0378 23       		.byte	0x23
 742 0379 10       		.uleb128 0x10
 743 037a 06       		.uleb128 0x6
 744 037b 5C010000 		.4byte	.LASF50
 745 037f 08       		.byte	0x8
 746 0380 66       		.byte	0x66
 747 0381 44020000 		.4byte	0x244
 748 0385 02       		.byte	0x2
 749 0386 23       		.byte	0x23
 750 0387 14       		.uleb128 0x14
 751 0388 06       		.uleb128 0x6
 752 0389 52010000 		.4byte	.LASF51
 753 038d 08       		.byte	0x8
 754 038e 69       		.byte	0x69
 755 038f 44020000 		.4byte	0x244
 756 0393 02       		.byte	0x2
 757 0394 23       		.byte	0x23
 758 0395 18       		.uleb128 0x18
 759 0396 00       		.byte	0
 760 0397 04       		.uleb128 0x4
 761 0398 89020000 		.4byte	.LASF52
 762 039c 08       		.byte	0x8
 763 039d 6B       		.byte	0x6b
 764 039e 3A030000 		.4byte	0x33a
 765 03a2 05       		.uleb128 0x5
 766 03a3 31010000 		.4byte	.LASF53
 767 03a7 10       		.byte	0x10
 768 03a8 09       		.byte	0x9
 769 03a9 2C       		.byte	0x2c
 770 03aa D9030000 		.4byte	0x3d9
 771 03ae 06       		.uleb128 0x6
 772 03af 63000000 		.4byte	.LASF54
 773 03b3 09       		.byte	0x9
 774 03b4 2D       		.byte	0x2d
 775 03b5 4A020000 		.4byte	0x24a
 776 03b9 02       		.byte	0x2
 777 03ba 23       		.byte	0x23
 778 03bb 00       		.uleb128 0
 779 03bc 06       		.uleb128 0x6
 780 03bd AF020000 		.4byte	.LASF55
 781 03c1 09       		.byte	0x9
 782 03c2 2F       		.byte	0x2f
 783 03c3 44020000 		.4byte	0x244
 784 03c7 02       		.byte	0x2
 785 03c8 23       		.byte	0x23
 786 03c9 08       		.uleb128 0x8
 787 03ca 06       		.uleb128 0x6
 788 03cb 27020000 		.4byte	.LASF56
 789 03cf 09       		.byte	0x9
 790 03d0 31       		.byte	0x31
 791 03d1 D9030000 		.4byte	0x3d9
 792 03d5 02       		.byte	0x2
 793 03d6 23       		.byte	0x23
 794 03d7 0C       		.uleb128 0xc
 795 03d8 00       		.byte	0
 796 03d9 09       		.uleb128 0x9
ARM GAS  /tmp/ccmVJo3R.s 			page 15


 797 03da 04       		.byte	0x4
 798 03db A2030000 		.4byte	0x3a2
 799 03df 04       		.uleb128 0x4
 800 03e0 31010000 		.4byte	.LASF53
 801 03e4 09       		.byte	0x9
 802 03e5 33       		.byte	0x33
 803 03e6 A2030000 		.4byte	0x3a2
 804 03ea 0E       		.uleb128 0xe
 805 03eb 04       		.byte	0x4
 806 03ec 06       		.byte	0x6
 807 03ed 96       		.byte	0x96
 808 03ee 1F040000 		.4byte	0x41f
 809 03f2 0F       		.uleb128 0xf
 810 03f3 13000000 		.4byte	.LASF57
 811 03f7 06       		.byte	0x6
 812 03f8 9D       		.byte	0x9d
 813 03f9 CE000000 		.4byte	0xce
 814 03fd 0F       		.uleb128 0xf
 815 03fe 31000000 		.4byte	.LASF58
 816 0402 06       		.byte	0x6
 817 0403 A4       		.byte	0xa4
 818 0404 CE000000 		.4byte	0xce
 819 0408 0F       		.uleb128 0xf
 820 0409 A1020000 		.4byte	.LASF59
 821 040d 06       		.byte	0x6
 822 040e AB       		.byte	0xab
 823 040f 82020000 		.4byte	0x282
 824 0413 0F       		.uleb128 0xf
 825 0414 C4010000 		.4byte	.LASF60
 826 0418 06       		.byte	0x6
 827 0419 B2       		.byte	0xb2
 828 041a D9000000 		.4byte	0xd9
 829 041e 00       		.byte	0
 830 041f 09       		.uleb128 0x9
 831 0420 04       		.byte	0x4
 832 0421 25040000 		.4byte	0x425
 833 0425 10       		.uleb128 0x10
 834 0426 2A040000 		.4byte	0x42a
 835 042a 03       		.uleb128 0x3
 836 042b 01       		.byte	0x1
 837 042c 08       		.byte	0x8
 838 042d 16020000 		.4byte	.LASF61
 839 0431 09       		.uleb128 0x9
 840 0432 04       		.byte	0x4
 841 0433 DF030000 		.4byte	0x3df
 842 0437 11       		.uleb128 0x11
 843 0438 06000000 		.4byte	.LASF67
 844 043c 02       		.byte	0x2
 845 043d 34       		.byte	0x34
 846 043e 01       		.byte	0x1
 847 043f 03       		.byte	0x3
 848 0440 5A040000 		.4byte	0x45a
 849 0444 12       		.uleb128 0x12
 850 0445 747000   		.ascii	"tp\000"
 851 0448 02       		.byte	0x2
 852 0449 34       		.byte	0x34
 853 044a 44020000 		.4byte	0x244
ARM GAS  /tmp/ccmVJo3R.s 			page 16


 854 044e 12       		.uleb128 0x12
 855 044f 74717000 		.ascii	"tqp\000"
 856 0453 02       		.byte	0x2
 857 0454 34       		.byte	0x34
 858 0455 5A040000 		.4byte	0x45a
 859 0459 00       		.byte	0
 860 045a 09       		.uleb128 0x9
 861 045b 04       		.byte	0x4
 862 045c 4A020000 		.4byte	0x24a
 863 0460 13       		.uleb128 0x13
 864 0461 1B020000 		.4byte	.LASF68
 865 0465 02       		.byte	0x2
 866 0466 3B       		.byte	0x3b
 867 0467 01       		.byte	0x1
 868 0468 44020000 		.4byte	0x244
 869 046c 03       		.byte	0x3
 870 046d 87040000 		.4byte	0x487
 871 0471 12       		.uleb128 0x12
 872 0472 74717000 		.ascii	"tqp\000"
 873 0476 02       		.byte	0x2
 874 0477 3B       		.byte	0x3b
 875 0478 5A040000 		.4byte	0x45a
 876 047c 14       		.uleb128 0x14
 877 047d 747000   		.ascii	"tp\000"
 878 0480 02       		.byte	0x2
 879 0481 3C       		.byte	0x3c
 880 0482 44020000 		.4byte	0x244
 881 0486 00       		.byte	0
 882 0487 15       		.uleb128 0x15
 883 0488 01       		.byte	0x1
 884 0489 7E000000 		.4byte	.LASF62
 885 048d 01       		.byte	0x1
 886 048e 4B       		.byte	0x4b
 887 048f 01       		.byte	0x1
 888 0490 CE000000 		.4byte	0xce
 889 0494 00000000 		.4byte	.LFB7
 890 0498 4E000000 		.4byte	.LFE7
 891 049c 00000000 		.4byte	.LLST0
 892 04a0 27050000 		.4byte	0x527
 893 04a4 16       		.uleb128 0x16
 894 04a5 747000   		.ascii	"tp\000"
 895 04a8 01       		.byte	0x1
 896 04a9 4B       		.byte	0x4b
 897 04aa 44020000 		.4byte	0x244
 898 04ae 20000000 		.4byte	.LLST1
 899 04b2 16       		.uleb128 0x16
 900 04b3 6D736700 		.ascii	"msg\000"
 901 04b7 01       		.byte	0x1
 902 04b8 4B       		.byte	0x4b
 903 04b9 CE000000 		.4byte	0xce
 904 04bd 40000000 		.4byte	.LLST2
 905 04c1 17       		.uleb128 0x17
 906 04c2 63747000 		.ascii	"ctp\000"
 907 04c6 01       		.byte	0x1
 908 04c7 4C       		.byte	0x4c
 909 04c8 44020000 		.4byte	0x244
 910 04cc 76000000 		.4byte	.LLST3
ARM GAS  /tmp/ccmVJo3R.s 			page 17


 911 04d0 18       		.uleb128 0x18
 912 04d1 0C000000 		.4byte	.LBB10
 913 04d5 12000000 		.4byte	.LBE10
 914 04d9 ED040000 		.4byte	0x4ed
 915 04dd 17       		.uleb128 0x17
 916 04de 746D7000 		.ascii	"tmp\000"
 917 04e2 01       		.byte	0x1
 918 04e3 50       		.byte	0x50
 919 04e4 70000000 		.4byte	0x70
 920 04e8 95000000 		.4byte	.LLST4
 921 04ec 00       		.byte	0
 922 04ed 19       		.uleb128 0x19
 923 04ee 37040000 		.4byte	0x437
 924 04f2 1A000000 		.4byte	.LBB11
 925 04f6 00000000 		.4byte	.Ldebug_ranges0+0
 926 04fa 01       		.byte	0x1
 927 04fb 53       		.byte	0x53
 928 04fc 11050000 		.4byte	0x511
 929 0500 1A       		.uleb128 0x1a
 930 0501 4E040000 		.4byte	0x44e
 931 0505 01       		.byte	0x1
 932 0506 55       		.byte	0x55
 933 0507 1B       		.uleb128 0x1b
 934 0508 44040000 		.4byte	0x444
 935 050c A8000000 		.4byte	.LLST5
 936 0510 00       		.byte	0
 937 0511 1C       		.uleb128 0x1c
 938 0512 20000000 		.4byte	.Ldebug_ranges0+0x20
 939 0516 17       		.uleb128 0x17
 940 0517 746D7000 		.ascii	"tmp\000"
 941 051b 01       		.byte	0x1
 942 051c 58       		.byte	0x58
 943 051d 70000000 		.4byte	0x70
 944 0521 C7000000 		.4byte	.LLST6
 945 0525 00       		.byte	0
 946 0526 00       		.byte	0
 947 0527 15       		.uleb128 0x15
 948 0528 01       		.byte	0x1
 949 0529 5C020000 		.4byte	.LASF63
 950 052d 01       		.byte	0x1
 951 052e 6A       		.byte	0x6a
 952 052f 01       		.byte	0x1
 953 0530 44020000 		.4byte	0x244
 954 0534 00000000 		.4byte	.LFB8
 955 0538 3E000000 		.4byte	.LFE8
 956 053c E5000000 		.4byte	.LLST7
 957 0540 B5050000 		.4byte	0x5b5
 958 0544 14       		.uleb128 0x14
 959 0545 747000   		.ascii	"tp\000"
 960 0548 01       		.byte	0x1
 961 0549 6B       		.byte	0x6b
 962 054a 44020000 		.4byte	0x244
 963 054e 18       		.uleb128 0x18
 964 054f 02000000 		.4byte	.LBB19
 965 0553 08000000 		.4byte	.LBE19
 966 0557 6B050000 		.4byte	0x56b
 967 055b 17       		.uleb128 0x17
ARM GAS  /tmp/ccmVJo3R.s 			page 18


 968 055c 746D7000 		.ascii	"tmp\000"
 969 0560 01       		.byte	0x1
 970 0561 6D       		.byte	0x6d
 971 0562 70000000 		.4byte	0x70
 972 0566 05010000 		.4byte	.LLST8
 973 056a 00       		.byte	0
 974 056b 1D       		.uleb128 0x1d
 975 056c 60040000 		.4byte	0x460
 976 0570 1C000000 		.4byte	.LBB20
 977 0574 22000000 		.4byte	.LBE20
 978 0578 01       		.byte	0x1
 979 0579 70       		.byte	0x70
 980 057a 9B050000 		.4byte	0x59b
 981 057e 1B       		.uleb128 0x1b
 982 057f 71040000 		.4byte	0x471
 983 0583 18010000 		.4byte	.LLST9
 984 0587 1E       		.uleb128 0x1e
 985 0588 1C000000 		.4byte	.LBB21
 986 058c 22000000 		.4byte	.LBE21
 987 0590 1F       		.uleb128 0x1f
 988 0591 7C040000 		.4byte	0x47c
 989 0595 2D010000 		.4byte	.LLST10
 990 0599 00       		.byte	0
 991 059a 00       		.byte	0
 992 059b 1E       		.uleb128 0x1e
 993 059c 26000000 		.4byte	.LBB22
 994 05a0 2C000000 		.4byte	.LBE22
 995 05a4 17       		.uleb128 0x17
 996 05a5 746D7000 		.ascii	"tmp\000"
 997 05a9 01       		.byte	0x1
 998 05aa 72       		.byte	0x72
 999 05ab 70000000 		.4byte	0x70
 1000 05af 40010000 		.4byte	.LLST11
 1001 05b3 00       		.byte	0
 1002 05b4 00       		.byte	0
 1003 05b5 20       		.uleb128 0x20
 1004 05b6 01       		.byte	0x1
 1005 05b7 E1010000 		.4byte	.LASF69
 1006 05bb 01       		.byte	0x1
 1007 05bc 80       		.byte	0x80
 1008 05bd 01       		.byte	0x1
 1009 05be 00000000 		.4byte	.LFB9
 1010 05c2 14000000 		.4byte	.LFE9
 1011 05c6 53010000 		.4byte	.LLST12
 1012 05ca 22060000 		.4byte	0x622
 1013 05ce 16       		.uleb128 0x16
 1014 05cf 747000   		.ascii	"tp\000"
 1015 05d2 01       		.byte	0x1
 1016 05d3 80       		.byte	0x80
 1017 05d4 44020000 		.4byte	0x244
 1018 05d8 73010000 		.4byte	.LLST13
 1019 05dc 16       		.uleb128 0x16
 1020 05dd 6D736700 		.ascii	"msg\000"
 1021 05e1 01       		.byte	0x1
 1022 05e2 80       		.byte	0x80
 1023 05e3 CE000000 		.4byte	0xce
 1024 05e7 86010000 		.4byte	.LLST14
ARM GAS  /tmp/ccmVJo3R.s 			page 19


 1025 05eb 18       		.uleb128 0x18
 1026 05ec 02000000 		.4byte	.LBB23
 1027 05f0 08000000 		.4byte	.LBE23
 1028 05f4 08060000 		.4byte	0x608
 1029 05f8 17       		.uleb128 0x17
 1030 05f9 746D7000 		.ascii	"tmp\000"
 1031 05fd 01       		.byte	0x1
 1032 05fe 82       		.byte	0x82
 1033 05ff 70000000 		.4byte	0x70
 1034 0603 99010000 		.4byte	.LLST15
 1035 0607 00       		.byte	0
 1036 0608 1E       		.uleb128 0x1e
 1037 0609 0C000000 		.4byte	.LBB24
 1038 060d 12000000 		.4byte	.LBE24
 1039 0611 17       		.uleb128 0x17
 1040 0612 746D7000 		.ascii	"tmp\000"
 1041 0616 01       		.byte	0x1
 1042 0617 86       		.byte	0x86
 1043 0618 70000000 		.4byte	0x70
 1044 061c AC010000 		.4byte	.LLST16
 1045 0620 00       		.byte	0
 1046 0621 00       		.byte	0
 1047 0622 21       		.uleb128 0x21
 1048 0623 93020000 		.4byte	.LASF70
 1049 0627 08       		.byte	0x8
 1050 0628 6F       		.byte	0x6f
 1051 0629 97030000 		.4byte	0x397
 1052 062d 01       		.byte	0x1
 1053 062e 01       		.byte	0x1
 1054 062f 00       		.byte	0
 1055              		.section	.debug_abbrev,"",%progbits
 1056              	.Ldebug_abbrev0:
 1057 0000 01       		.uleb128 0x1
 1058 0001 11       		.uleb128 0x11
 1059 0002 01       		.byte	0x1
 1060 0003 25       		.uleb128 0x25
 1061 0004 0E       		.uleb128 0xe
 1062 0005 13       		.uleb128 0x13
 1063 0006 0B       		.uleb128 0xb
 1064 0007 03       		.uleb128 0x3
 1065 0008 0E       		.uleb128 0xe
 1066 0009 1B       		.uleb128 0x1b
 1067 000a 0E       		.uleb128 0xe
 1068 000b 11       		.uleb128 0x11
 1069 000c 01       		.uleb128 0x1
 1070 000d 52       		.uleb128 0x52
 1071 000e 01       		.uleb128 0x1
 1072 000f 55       		.uleb128 0x55
 1073 0010 06       		.uleb128 0x6
 1074 0011 10       		.uleb128 0x10
 1075 0012 06       		.uleb128 0x6
 1076 0013 00       		.byte	0
 1077 0014 00       		.byte	0
 1078 0015 02       		.uleb128 0x2
 1079 0016 24       		.uleb128 0x24
 1080 0017 00       		.byte	0
 1081 0018 0B       		.uleb128 0xb
ARM GAS  /tmp/ccmVJo3R.s 			page 20


 1082 0019 0B       		.uleb128 0xb
 1083 001a 3E       		.uleb128 0x3e
 1084 001b 0B       		.uleb128 0xb
 1085 001c 03       		.uleb128 0x3
 1086 001d 08       		.uleb128 0x8
 1087 001e 00       		.byte	0
 1088 001f 00       		.byte	0
 1089 0020 03       		.uleb128 0x3
 1090 0021 24       		.uleb128 0x24
 1091 0022 00       		.byte	0
 1092 0023 0B       		.uleb128 0xb
 1093 0024 0B       		.uleb128 0xb
 1094 0025 3E       		.uleb128 0x3e
 1095 0026 0B       		.uleb128 0xb
 1096 0027 03       		.uleb128 0x3
 1097 0028 0E       		.uleb128 0xe
 1098 0029 00       		.byte	0
 1099 002a 00       		.byte	0
 1100 002b 04       		.uleb128 0x4
 1101 002c 16       		.uleb128 0x16
 1102 002d 00       		.byte	0
 1103 002e 03       		.uleb128 0x3
 1104 002f 0E       		.uleb128 0xe
 1105 0030 3A       		.uleb128 0x3a
 1106 0031 0B       		.uleb128 0xb
 1107 0032 3B       		.uleb128 0x3b
 1108 0033 0B       		.uleb128 0xb
 1109 0034 49       		.uleb128 0x49
 1110 0035 13       		.uleb128 0x13
 1111 0036 00       		.byte	0
 1112 0037 00       		.byte	0
 1113 0038 05       		.uleb128 0x5
 1114 0039 13       		.uleb128 0x13
 1115 003a 01       		.byte	0x1
 1116 003b 03       		.uleb128 0x3
 1117 003c 0E       		.uleb128 0xe
 1118 003d 0B       		.uleb128 0xb
 1119 003e 0B       		.uleb128 0xb
 1120 003f 3A       		.uleb128 0x3a
 1121 0040 0B       		.uleb128 0xb
 1122 0041 3B       		.uleb128 0x3b
 1123 0042 0B       		.uleb128 0xb
 1124 0043 01       		.uleb128 0x1
 1125 0044 13       		.uleb128 0x13
 1126 0045 00       		.byte	0
 1127 0046 00       		.byte	0
 1128 0047 06       		.uleb128 0x6
 1129 0048 0D       		.uleb128 0xd
 1130 0049 00       		.byte	0
 1131 004a 03       		.uleb128 0x3
 1132 004b 0E       		.uleb128 0xe
 1133 004c 3A       		.uleb128 0x3a
 1134 004d 0B       		.uleb128 0xb
 1135 004e 3B       		.uleb128 0x3b
 1136 004f 0B       		.uleb128 0xb
 1137 0050 49       		.uleb128 0x49
 1138 0051 13       		.uleb128 0x13
ARM GAS  /tmp/ccmVJo3R.s 			page 21


 1139 0052 38       		.uleb128 0x38
 1140 0053 0A       		.uleb128 0xa
 1141 0054 00       		.byte	0
 1142 0055 00       		.byte	0
 1143 0056 07       		.uleb128 0x7
 1144 0057 0D       		.uleb128 0xd
 1145 0058 00       		.byte	0
 1146 0059 03       		.uleb128 0x3
 1147 005a 08       		.uleb128 0x8
 1148 005b 3A       		.uleb128 0x3a
 1149 005c 0B       		.uleb128 0xb
 1150 005d 3B       		.uleb128 0x3b
 1151 005e 0B       		.uleb128 0xb
 1152 005f 49       		.uleb128 0x49
 1153 0060 13       		.uleb128 0x13
 1154 0061 38       		.uleb128 0x38
 1155 0062 0A       		.uleb128 0xa
 1156 0063 00       		.byte	0
 1157 0064 00       		.byte	0
 1158 0065 08       		.uleb128 0x8
 1159 0066 13       		.uleb128 0x13
 1160 0067 01       		.byte	0x1
 1161 0068 0B       		.uleb128 0xb
 1162 0069 0B       		.uleb128 0xb
 1163 006a 3A       		.uleb128 0x3a
 1164 006b 0B       		.uleb128 0xb
 1165 006c 3B       		.uleb128 0x3b
 1166 006d 0B       		.uleb128 0xb
 1167 006e 01       		.uleb128 0x1
 1168 006f 13       		.uleb128 0x13
 1169 0070 00       		.byte	0
 1170 0071 00       		.byte	0
 1171 0072 09       		.uleb128 0x9
 1172 0073 0F       		.uleb128 0xf
 1173 0074 00       		.byte	0
 1174 0075 0B       		.uleb128 0xb
 1175 0076 0B       		.uleb128 0xb
 1176 0077 49       		.uleb128 0x49
 1177 0078 13       		.uleb128 0x13
 1178 0079 00       		.byte	0
 1179 007a 00       		.byte	0
 1180 007b 0A       		.uleb128 0xa
 1181 007c 0F       		.uleb128 0xf
 1182 007d 00       		.byte	0
 1183 007e 0B       		.uleb128 0xb
 1184 007f 0B       		.uleb128 0xb
 1185 0080 00       		.byte	0
 1186 0081 00       		.byte	0
 1187 0082 0B       		.uleb128 0xb
 1188 0083 13       		.uleb128 0x13
 1189 0084 01       		.byte	0x1
 1190 0085 03       		.uleb128 0x3
 1191 0086 0E       		.uleb128 0xe
 1192 0087 0B       		.uleb128 0xb
 1193 0088 0B       		.uleb128 0xb
 1194 0089 3A       		.uleb128 0x3a
 1195 008a 0B       		.uleb128 0xb
ARM GAS  /tmp/ccmVJo3R.s 			page 22


 1196 008b 3B       		.uleb128 0x3b
 1197 008c 05       		.uleb128 0x5
 1198 008d 01       		.uleb128 0x1
 1199 008e 13       		.uleb128 0x13
 1200 008f 00       		.byte	0
 1201 0090 00       		.byte	0
 1202 0091 0C       		.uleb128 0xc
 1203 0092 0D       		.uleb128 0xd
 1204 0093 00       		.byte	0
 1205 0094 03       		.uleb128 0x3
 1206 0095 08       		.uleb128 0x8
 1207 0096 3A       		.uleb128 0x3a
 1208 0097 0B       		.uleb128 0xb
 1209 0098 3B       		.uleb128 0x3b
 1210 0099 05       		.uleb128 0x5
 1211 009a 49       		.uleb128 0x49
 1212 009b 13       		.uleb128 0x13
 1213 009c 38       		.uleb128 0x38
 1214 009d 0A       		.uleb128 0xa
 1215 009e 00       		.byte	0
 1216 009f 00       		.byte	0
 1217 00a0 0D       		.uleb128 0xd
 1218 00a1 35       		.uleb128 0x35
 1219 00a2 00       		.byte	0
 1220 00a3 49       		.uleb128 0x49
 1221 00a4 13       		.uleb128 0x13
 1222 00a5 00       		.byte	0
 1223 00a6 00       		.byte	0
 1224 00a7 0E       		.uleb128 0xe
 1225 00a8 17       		.uleb128 0x17
 1226 00a9 01       		.byte	0x1
 1227 00aa 0B       		.uleb128 0xb
 1228 00ab 0B       		.uleb128 0xb
 1229 00ac 3A       		.uleb128 0x3a
 1230 00ad 0B       		.uleb128 0xb
 1231 00ae 3B       		.uleb128 0x3b
 1232 00af 0B       		.uleb128 0xb
 1233 00b0 01       		.uleb128 0x1
 1234 00b1 13       		.uleb128 0x13
 1235 00b2 00       		.byte	0
 1236 00b3 00       		.byte	0
 1237 00b4 0F       		.uleb128 0xf
 1238 00b5 0D       		.uleb128 0xd
 1239 00b6 00       		.byte	0
 1240 00b7 03       		.uleb128 0x3
 1241 00b8 0E       		.uleb128 0xe
 1242 00b9 3A       		.uleb128 0x3a
 1243 00ba 0B       		.uleb128 0xb
 1244 00bb 3B       		.uleb128 0x3b
 1245 00bc 0B       		.uleb128 0xb
 1246 00bd 49       		.uleb128 0x49
 1247 00be 13       		.uleb128 0x13
 1248 00bf 00       		.byte	0
 1249 00c0 00       		.byte	0
 1250 00c1 10       		.uleb128 0x10
 1251 00c2 26       		.uleb128 0x26
 1252 00c3 00       		.byte	0
ARM GAS  /tmp/ccmVJo3R.s 			page 23


 1253 00c4 49       		.uleb128 0x49
 1254 00c5 13       		.uleb128 0x13
 1255 00c6 00       		.byte	0
 1256 00c7 00       		.byte	0
 1257 00c8 11       		.uleb128 0x11
 1258 00c9 2E       		.uleb128 0x2e
 1259 00ca 01       		.byte	0x1
 1260 00cb 03       		.uleb128 0x3
 1261 00cc 0E       		.uleb128 0xe
 1262 00cd 3A       		.uleb128 0x3a
 1263 00ce 0B       		.uleb128 0xb
 1264 00cf 3B       		.uleb128 0x3b
 1265 00d0 0B       		.uleb128 0xb
 1266 00d1 27       		.uleb128 0x27
 1267 00d2 0C       		.uleb128 0xc
 1268 00d3 20       		.uleb128 0x20
 1269 00d4 0B       		.uleb128 0xb
 1270 00d5 01       		.uleb128 0x1
 1271 00d6 13       		.uleb128 0x13
 1272 00d7 00       		.byte	0
 1273 00d8 00       		.byte	0
 1274 00d9 12       		.uleb128 0x12
 1275 00da 05       		.uleb128 0x5
 1276 00db 00       		.byte	0
 1277 00dc 03       		.uleb128 0x3
 1278 00dd 08       		.uleb128 0x8
 1279 00de 3A       		.uleb128 0x3a
 1280 00df 0B       		.uleb128 0xb
 1281 00e0 3B       		.uleb128 0x3b
 1282 00e1 0B       		.uleb128 0xb
 1283 00e2 49       		.uleb128 0x49
 1284 00e3 13       		.uleb128 0x13
 1285 00e4 00       		.byte	0
 1286 00e5 00       		.byte	0
 1287 00e6 13       		.uleb128 0x13
 1288 00e7 2E       		.uleb128 0x2e
 1289 00e8 01       		.byte	0x1
 1290 00e9 03       		.uleb128 0x3
 1291 00ea 0E       		.uleb128 0xe
 1292 00eb 3A       		.uleb128 0x3a
 1293 00ec 0B       		.uleb128 0xb
 1294 00ed 3B       		.uleb128 0x3b
 1295 00ee 0B       		.uleb128 0xb
 1296 00ef 27       		.uleb128 0x27
 1297 00f0 0C       		.uleb128 0xc
 1298 00f1 49       		.uleb128 0x49
 1299 00f2 13       		.uleb128 0x13
 1300 00f3 20       		.uleb128 0x20
 1301 00f4 0B       		.uleb128 0xb
 1302 00f5 01       		.uleb128 0x1
 1303 00f6 13       		.uleb128 0x13
 1304 00f7 00       		.byte	0
 1305 00f8 00       		.byte	0
 1306 00f9 14       		.uleb128 0x14
 1307 00fa 34       		.uleb128 0x34
 1308 00fb 00       		.byte	0
 1309 00fc 03       		.uleb128 0x3
ARM GAS  /tmp/ccmVJo3R.s 			page 24


 1310 00fd 08       		.uleb128 0x8
 1311 00fe 3A       		.uleb128 0x3a
 1312 00ff 0B       		.uleb128 0xb
 1313 0100 3B       		.uleb128 0x3b
 1314 0101 0B       		.uleb128 0xb
 1315 0102 49       		.uleb128 0x49
 1316 0103 13       		.uleb128 0x13
 1317 0104 00       		.byte	0
 1318 0105 00       		.byte	0
 1319 0106 15       		.uleb128 0x15
 1320 0107 2E       		.uleb128 0x2e
 1321 0108 01       		.byte	0x1
 1322 0109 3F       		.uleb128 0x3f
 1323 010a 0C       		.uleb128 0xc
 1324 010b 03       		.uleb128 0x3
 1325 010c 0E       		.uleb128 0xe
 1326 010d 3A       		.uleb128 0x3a
 1327 010e 0B       		.uleb128 0xb
 1328 010f 3B       		.uleb128 0x3b
 1329 0110 0B       		.uleb128 0xb
 1330 0111 27       		.uleb128 0x27
 1331 0112 0C       		.uleb128 0xc
 1332 0113 49       		.uleb128 0x49
 1333 0114 13       		.uleb128 0x13
 1334 0115 11       		.uleb128 0x11
 1335 0116 01       		.uleb128 0x1
 1336 0117 12       		.uleb128 0x12
 1337 0118 01       		.uleb128 0x1
 1338 0119 40       		.uleb128 0x40
 1339 011a 06       		.uleb128 0x6
 1340 011b 01       		.uleb128 0x1
 1341 011c 13       		.uleb128 0x13
 1342 011d 00       		.byte	0
 1343 011e 00       		.byte	0
 1344 011f 16       		.uleb128 0x16
 1345 0120 05       		.uleb128 0x5
 1346 0121 00       		.byte	0
 1347 0122 03       		.uleb128 0x3
 1348 0123 08       		.uleb128 0x8
 1349 0124 3A       		.uleb128 0x3a
 1350 0125 0B       		.uleb128 0xb
 1351 0126 3B       		.uleb128 0x3b
 1352 0127 0B       		.uleb128 0xb
 1353 0128 49       		.uleb128 0x49
 1354 0129 13       		.uleb128 0x13
 1355 012a 02       		.uleb128 0x2
 1356 012b 06       		.uleb128 0x6
 1357 012c 00       		.byte	0
 1358 012d 00       		.byte	0
 1359 012e 17       		.uleb128 0x17
 1360 012f 34       		.uleb128 0x34
 1361 0130 00       		.byte	0
 1362 0131 03       		.uleb128 0x3
 1363 0132 08       		.uleb128 0x8
 1364 0133 3A       		.uleb128 0x3a
 1365 0134 0B       		.uleb128 0xb
 1366 0135 3B       		.uleb128 0x3b
ARM GAS  /tmp/ccmVJo3R.s 			page 25


 1367 0136 0B       		.uleb128 0xb
 1368 0137 49       		.uleb128 0x49
 1369 0138 13       		.uleb128 0x13
 1370 0139 02       		.uleb128 0x2
 1371 013a 06       		.uleb128 0x6
 1372 013b 00       		.byte	0
 1373 013c 00       		.byte	0
 1374 013d 18       		.uleb128 0x18
 1375 013e 0B       		.uleb128 0xb
 1376 013f 01       		.byte	0x1
 1377 0140 11       		.uleb128 0x11
 1378 0141 01       		.uleb128 0x1
 1379 0142 12       		.uleb128 0x12
 1380 0143 01       		.uleb128 0x1
 1381 0144 01       		.uleb128 0x1
 1382 0145 13       		.uleb128 0x13
 1383 0146 00       		.byte	0
 1384 0147 00       		.byte	0
 1385 0148 19       		.uleb128 0x19
 1386 0149 1D       		.uleb128 0x1d
 1387 014a 01       		.byte	0x1
 1388 014b 31       		.uleb128 0x31
 1389 014c 13       		.uleb128 0x13
 1390 014d 52       		.uleb128 0x52
 1391 014e 01       		.uleb128 0x1
 1392 014f 55       		.uleb128 0x55
 1393 0150 06       		.uleb128 0x6
 1394 0151 58       		.uleb128 0x58
 1395 0152 0B       		.uleb128 0xb
 1396 0153 59       		.uleb128 0x59
 1397 0154 0B       		.uleb128 0xb
 1398 0155 01       		.uleb128 0x1
 1399 0156 13       		.uleb128 0x13
 1400 0157 00       		.byte	0
 1401 0158 00       		.byte	0
 1402 0159 1A       		.uleb128 0x1a
 1403 015a 05       		.uleb128 0x5
 1404 015b 00       		.byte	0
 1405 015c 31       		.uleb128 0x31
 1406 015d 13       		.uleb128 0x13
 1407 015e 02       		.uleb128 0x2
 1408 015f 0A       		.uleb128 0xa
 1409 0160 00       		.byte	0
 1410 0161 00       		.byte	0
 1411 0162 1B       		.uleb128 0x1b
 1412 0163 05       		.uleb128 0x5
 1413 0164 00       		.byte	0
 1414 0165 31       		.uleb128 0x31
 1415 0166 13       		.uleb128 0x13
 1416 0167 02       		.uleb128 0x2
 1417 0168 06       		.uleb128 0x6
 1418 0169 00       		.byte	0
 1419 016a 00       		.byte	0
 1420 016b 1C       		.uleb128 0x1c
 1421 016c 0B       		.uleb128 0xb
 1422 016d 01       		.byte	0x1
 1423 016e 55       		.uleb128 0x55
ARM GAS  /tmp/ccmVJo3R.s 			page 26


 1424 016f 06       		.uleb128 0x6
 1425 0170 00       		.byte	0
 1426 0171 00       		.byte	0
 1427 0172 1D       		.uleb128 0x1d
 1428 0173 1D       		.uleb128 0x1d
 1429 0174 01       		.byte	0x1
 1430 0175 31       		.uleb128 0x31
 1431 0176 13       		.uleb128 0x13
 1432 0177 11       		.uleb128 0x11
 1433 0178 01       		.uleb128 0x1
 1434 0179 12       		.uleb128 0x12
 1435 017a 01       		.uleb128 0x1
 1436 017b 58       		.uleb128 0x58
 1437 017c 0B       		.uleb128 0xb
 1438 017d 59       		.uleb128 0x59
 1439 017e 0B       		.uleb128 0xb
 1440 017f 01       		.uleb128 0x1
 1441 0180 13       		.uleb128 0x13
 1442 0181 00       		.byte	0
 1443 0182 00       		.byte	0
 1444 0183 1E       		.uleb128 0x1e
 1445 0184 0B       		.uleb128 0xb
 1446 0185 01       		.byte	0x1
 1447 0186 11       		.uleb128 0x11
 1448 0187 01       		.uleb128 0x1
 1449 0188 12       		.uleb128 0x12
 1450 0189 01       		.uleb128 0x1
 1451 018a 00       		.byte	0
 1452 018b 00       		.byte	0
 1453 018c 1F       		.uleb128 0x1f
 1454 018d 34       		.uleb128 0x34
 1455 018e 00       		.byte	0
 1456 018f 31       		.uleb128 0x31
 1457 0190 13       		.uleb128 0x13
 1458 0191 02       		.uleb128 0x2
 1459 0192 06       		.uleb128 0x6
 1460 0193 00       		.byte	0
 1461 0194 00       		.byte	0
 1462 0195 20       		.uleb128 0x20
 1463 0196 2E       		.uleb128 0x2e
 1464 0197 01       		.byte	0x1
 1465 0198 3F       		.uleb128 0x3f
 1466 0199 0C       		.uleb128 0xc
 1467 019a 03       		.uleb128 0x3
 1468 019b 0E       		.uleb128 0xe
 1469 019c 3A       		.uleb128 0x3a
 1470 019d 0B       		.uleb128 0xb
 1471 019e 3B       		.uleb128 0x3b
 1472 019f 0B       		.uleb128 0xb
 1473 01a0 27       		.uleb128 0x27
 1474 01a1 0C       		.uleb128 0xc
 1475 01a2 11       		.uleb128 0x11
 1476 01a3 01       		.uleb128 0x1
 1477 01a4 12       		.uleb128 0x12
 1478 01a5 01       		.uleb128 0x1
 1479 01a6 40       		.uleb128 0x40
 1480 01a7 06       		.uleb128 0x6
ARM GAS  /tmp/ccmVJo3R.s 			page 27


 1481 01a8 01       		.uleb128 0x1
 1482 01a9 13       		.uleb128 0x13
 1483 01aa 00       		.byte	0
 1484 01ab 00       		.byte	0
 1485 01ac 21       		.uleb128 0x21
 1486 01ad 34       		.uleb128 0x34
 1487 01ae 00       		.byte	0
 1488 01af 03       		.uleb128 0x3
 1489 01b0 0E       		.uleb128 0xe
 1490 01b1 3A       		.uleb128 0x3a
 1491 01b2 0B       		.uleb128 0xb
 1492 01b3 3B       		.uleb128 0x3b
 1493 01b4 0B       		.uleb128 0xb
 1494 01b5 49       		.uleb128 0x49
 1495 01b6 13       		.uleb128 0x13
 1496 01b7 3F       		.uleb128 0x3f
 1497 01b8 0C       		.uleb128 0xc
 1498 01b9 3C       		.uleb128 0x3c
 1499 01ba 0C       		.uleb128 0xc
 1500 01bb 00       		.byte	0
 1501 01bc 00       		.byte	0
 1502 01bd 00       		.byte	0
 1503              		.section	.debug_loc,"",%progbits
 1504              	.Ldebug_loc0:
 1505              	.LLST0:
 1506 0000 00000000 		.4byte	.LFB7
 1507 0004 02000000 		.4byte	.LCFI0
 1508 0008 0200     		.2byte	0x2
 1509 000a 7D       		.byte	0x7d
 1510 000b 00       		.sleb128 0
 1511 000c 02000000 		.4byte	.LCFI0
 1512 0010 4E000000 		.4byte	.LFE7
 1513 0014 0200     		.2byte	0x2
 1514 0016 7D       		.byte	0x7d
 1515 0017 10       		.sleb128 16
 1516 0018 00000000 		.4byte	0
 1517 001c 00000000 		.4byte	0
 1518              	.LLST1:
 1519 0020 00000000 		.4byte	.LVL0
 1520 0024 2C000000 		.4byte	.LVL6
 1521 0028 0100     		.2byte	0x1
 1522 002a 50       		.byte	0x50
 1523 002b 2C000000 		.4byte	.LVL6
 1524 002f 4E000000 		.4byte	.LFE7
 1525 0033 0300     		.2byte	0x3
 1526 0035 75       		.byte	0x75
 1527 0036 54       		.sleb128 -44
 1528 0037 9F       		.byte	0x9f
 1529 0038 00000000 		.4byte	0
 1530 003c 00000000 		.4byte	0
 1531              	.LLST2:
 1532 0040 00000000 		.4byte	.LVL0
 1533 0044 2F000000 		.4byte	.LVL7-1
 1534 0048 0100     		.2byte	0x1
 1535 004a 51       		.byte	0x51
 1536 004b 32000000 		.4byte	.LVL8
 1537 004f 3A000000 		.4byte	.LVL11
ARM GAS  /tmp/ccmVJo3R.s 			page 28


 1538 0053 0200     		.2byte	0x2
 1539 0055 74       		.byte	0x74
 1540 0056 24       		.sleb128 36
 1541 0057 3A000000 		.4byte	.LVL11
 1542 005b 3D000000 		.4byte	.LVL12-1
 1543 005f 0100     		.2byte	0x1
 1544 0061 51       		.byte	0x51
 1545 0062 46000000 		.4byte	.LVL13
 1546 0066 4E000000 		.4byte	.LFE7
 1547 006a 0200     		.2byte	0x2
 1548 006c 74       		.byte	0x74
 1549 006d 24       		.sleb128 36
 1550 006e 00000000 		.4byte	0
 1551 0072 00000000 		.4byte	0
 1552              	.LLST3:
 1553 0076 0C000000 		.4byte	.LVL1
 1554 007a 2F000000 		.4byte	.LVL7-1
 1555 007e 0200     		.2byte	0x2
 1556 0080 72       		.byte	0x72
 1557 0081 18       		.sleb128 24
 1558 0082 2F000000 		.4byte	.LVL7-1
 1559 0086 4E000000 		.4byte	.LFE7
 1560 008a 0100     		.2byte	0x1
 1561 008c 54       		.byte	0x54
 1562 008d 00000000 		.4byte	0
 1563 0091 00000000 		.4byte	0
 1564              	.LLST4:
 1565 0095 12000000 		.4byte	.LVL3
 1566 0099 1C000000 		.4byte	.LVL5
 1567 009d 0100     		.2byte	0x1
 1568 009f 53       		.byte	0x53
 1569 00a0 00000000 		.4byte	0
 1570 00a4 00000000 		.4byte	0
 1571              	.LLST5:
 1572 00a8 18000000 		.4byte	.LVL4
 1573 00ac 2F000000 		.4byte	.LVL7-1
 1574 00b0 0200     		.2byte	0x2
 1575 00b2 72       		.byte	0x72
 1576 00b3 18       		.sleb128 24
 1577 00b4 2F000000 		.4byte	.LVL7-1
 1578 00b8 4E000000 		.4byte	.LFE7
 1579 00bc 0100     		.2byte	0x1
 1580 00be 54       		.byte	0x54
 1581 00bf 00000000 		.4byte	0
 1582 00c3 00000000 		.4byte	0
 1583              	.LLST6:
 1584 00c7 38000000 		.4byte	.LVL10
 1585 00cb 3A000000 		.4byte	.LVL11
 1586 00cf 0100     		.2byte	0x1
 1587 00d1 53       		.byte	0x53
 1588 00d2 4C000000 		.4byte	.LVL14
 1589 00d6 4E000000 		.4byte	.LFE7
 1590 00da 0100     		.2byte	0x1
 1591 00dc 53       		.byte	0x53
 1592 00dd 00000000 		.4byte	0
 1593 00e1 00000000 		.4byte	0
 1594              	.LLST7:
ARM GAS  /tmp/ccmVJo3R.s 			page 29


 1595 00e5 00000000 		.4byte	.LFB8
 1596 00e9 02000000 		.4byte	.LCFI1
 1597 00ed 0200     		.2byte	0x2
 1598 00ef 7D       		.byte	0x7d
 1599 00f0 00       		.sleb128 0
 1600 00f1 02000000 		.4byte	.LCFI1
 1601 00f5 3E000000 		.4byte	.LFE8
 1602 00f9 0200     		.2byte	0x2
 1603 00fb 7D       		.byte	0x7d
 1604 00fc 08       		.sleb128 8
 1605 00fd 00000000 		.4byte	0
 1606 0101 00000000 		.4byte	0
 1607              	.LLST8:
 1608 0105 08000000 		.4byte	.LVL16
 1609 0109 12000000 		.4byte	.LVL17
 1610 010d 0100     		.2byte	0x1
 1611 010f 53       		.byte	0x53
 1612 0110 00000000 		.4byte	0
 1613 0114 00000000 		.4byte	0
 1614              	.LLST9:
 1615 0118 1C000000 		.4byte	.LVL18
 1616 011c 28000000 		.4byte	.LVL19
 1617 0120 0300     		.2byte	0x3
 1618 0122 73       		.byte	0x73
 1619 0123 2C       		.sleb128 44
 1620 0124 9F       		.byte	0x9f
 1621 0125 00000000 		.4byte	0
 1622 0129 00000000 		.4byte	0
 1623              	.LLST10:
 1624 012d 1C000000 		.4byte	.LVL18
 1625 0131 2E000000 		.4byte	.LVL21
 1626 0135 0100     		.2byte	0x1
 1627 0137 50       		.byte	0x50
 1628 0138 00000000 		.4byte	0
 1629 013c 00000000 		.4byte	0
 1630              	.LLST11:
 1631 0140 2C000000 		.4byte	.LVL20
 1632 0144 2E000000 		.4byte	.LVL21
 1633 0148 0100     		.2byte	0x1
 1634 014a 53       		.byte	0x53
 1635 014b 00000000 		.4byte	0
 1636 014f 00000000 		.4byte	0
 1637              	.LLST12:
 1638 0153 00000000 		.4byte	.LFB9
 1639 0157 02000000 		.4byte	.LCFI2
 1640 015b 0200     		.2byte	0x2
 1641 015d 7D       		.byte	0x7d
 1642 015e 00       		.sleb128 0
 1643 015f 02000000 		.4byte	.LCFI2
 1644 0163 14000000 		.4byte	.LFE9
 1645 0167 0200     		.2byte	0x2
 1646 0169 7D       		.byte	0x7d
 1647 016a 08       		.sleb128 8
 1648 016b 00000000 		.4byte	0
 1649 016f 00000000 		.4byte	0
 1650              	.LLST13:
 1651 0173 00000000 		.4byte	.LVL22
ARM GAS  /tmp/ccmVJo3R.s 			page 30


 1652 0177 0B000000 		.4byte	.LVL25-1
 1653 017b 0100     		.2byte	0x1
 1654 017d 50       		.byte	0x50
 1655 017e 00000000 		.4byte	0
 1656 0182 00000000 		.4byte	0
 1657              	.LLST14:
 1658 0186 00000000 		.4byte	.LVL22
 1659 018a 0B000000 		.4byte	.LVL25-1
 1660 018e 0100     		.2byte	0x1
 1661 0190 51       		.byte	0x51
 1662 0191 00000000 		.4byte	0
 1663 0195 00000000 		.4byte	0
 1664              	.LLST15:
 1665 0199 08000000 		.4byte	.LVL24
 1666 019d 0B000000 		.4byte	.LVL25-1
 1667 01a1 0100     		.2byte	0x1
 1668 01a3 53       		.byte	0x53
 1669 01a4 00000000 		.4byte	0
 1670 01a8 00000000 		.4byte	0
 1671              	.LLST16:
 1672 01ac 12000000 		.4byte	.LVL27
 1673 01b0 14000000 		.4byte	.LFE9
 1674 01b4 0100     		.2byte	0x1
 1675 01b6 53       		.byte	0x53
 1676 01b7 00000000 		.4byte	0
 1677 01bb 00000000 		.4byte	0
 1678              		.section	.debug_aranges,"",%progbits
 1679 0000 2C000000 		.4byte	0x2c
 1680 0004 0200     		.2byte	0x2
 1681 0006 00000000 		.4byte	.Ldebug_info0
 1682 000a 04       		.byte	0x4
 1683 000b 00       		.byte	0
 1684 000c 0000     		.2byte	0
 1685 000e 0000     		.2byte	0
 1686 0010 00000000 		.4byte	.LFB7
 1687 0014 4E000000 		.4byte	.LFE7-.LFB7
 1688 0018 00000000 		.4byte	.LFB8
 1689 001c 3E000000 		.4byte	.LFE8-.LFB8
 1690 0020 00000000 		.4byte	.LFB9
 1691 0024 14000000 		.4byte	.LFE9-.LFB9
 1692 0028 00000000 		.4byte	0
 1693 002c 00000000 		.4byte	0
 1694              		.section	.debug_ranges,"",%progbits
 1695              	.Ldebug_ranges0:
 1696 0000 1A000000 		.4byte	.LBB11
 1697 0004 1C000000 		.4byte	.LBE11
 1698 0008 1E000000 		.4byte	.LBB15
 1699 000c 20000000 		.4byte	.LBE15
 1700 0010 22000000 		.4byte	.LBB16
 1701 0014 28000000 		.4byte	.LBE16
 1702 0018 00000000 		.4byte	0
 1703 001c 00000000 		.4byte	0
 1704 0020 32000000 		.4byte	.LBB17
 1705 0024 38000000 		.4byte	.LBE17
 1706 0028 46000000 		.4byte	.LBB18
 1707 002c 4C000000 		.4byte	.LBE18
 1708 0030 00000000 		.4byte	0
ARM GAS  /tmp/ccmVJo3R.s 			page 31


 1709 0034 00000000 		.4byte	0
 1710 0038 00000000 		.4byte	.LFB7
 1711 003c 4E000000 		.4byte	.LFE7
 1712 0040 00000000 		.4byte	.LFB8
 1713 0044 3E000000 		.4byte	.LFE8
 1714 0048 00000000 		.4byte	.LFB9
 1715 004c 14000000 		.4byte	.LFE9
 1716 0050 00000000 		.4byte	0
 1717 0054 00000000 		.4byte	0
 1718              		.section	.debug_line,"",%progbits
 1719              	.Ldebug_line0:
 1720 0000 BD010000 		.section	.debug_str,"MS",%progbits,1
 1720      02004801 
 1720      00000201 
 1720      FB0E0D00 
 1720      01010101 
 1721              	.LASF36:
 1722 0000 705F6D73 		.ascii	"p_msg\000"
 1722      6700
 1723              	.LASF67:
 1724 0006 71756575 		.ascii	"queue_insert\000"
 1724      655F696E 
 1724      73657274 
 1724      00
 1725              	.LASF57:
 1726 0013 7264796D 		.ascii	"rdymsg\000"
 1726      736700
 1727              	.LASF11:
 1728 001a 6C6F6E67 		.ascii	"long long unsigned int\000"
 1728      206C6F6E 
 1728      6720756E 
 1728      7369676E 
 1728      65642069 
 1729              	.LASF58:
 1730 0031 65786974 		.ascii	"exitcode\000"
 1730      636F6465 
 1730      00
 1731              	.LASF24:
 1732 003a 705F7072 		.ascii	"p_prio\000"
 1732      696F00
 1733              	.LASF10:
 1734 0041 6C6F6E67 		.ascii	"long long int\000"
 1734      206C6F6E 
 1734      6720696E 
 1734      7400
 1735              	.LASF1:
 1736 004f 7369676E 		.ascii	"signed char\000"
 1736      65642063 
 1736      68617200 
 1737              	.LASF40:
 1738 005b 705F6D70 		.ascii	"p_mpool\000"
 1738      6F6F6C00 
 1739              	.LASF54:
 1740 0063 6D5F7175 		.ascii	"m_queue\000"
 1740      65756500 
 1741              	.LASF16:
 1742 006b 74736C69 		.ascii	"tslices_t\000"
ARM GAS  /tmp/ccmVJo3R.s 			page 32


 1742      6365735F 
 1742      7400
 1743              	.LASF7:
 1744 0075 6C6F6E67 		.ascii	"long int\000"
 1744      20696E74 
 1744      00
 1745              	.LASF62:
 1746 007e 63684D73 		.ascii	"chMsgSend\000"
 1746      6753656E 
 1746      6400
 1747              	.LASF14:
 1748 0088 74737461 		.ascii	"tstate_t\000"
 1748      74655F74 
 1748      00
 1749              	.LASF26:
 1750 0091 705F6E65 		.ascii	"p_newer\000"
 1750      77657200 
 1751              	.LASF65:
 1752 0099 2E2E2F43 		.ascii	"../ChibiOS_2.6.2/os/kernel/src/chmsg.c\000"
 1752      68696269 
 1752      4F535F32 
 1752      2E362E32 
 1752      2F6F732F 
 1753              	.LASF49:
 1754 00c0 725F6E65 		.ascii	"r_newer\000"
 1754      77657200 
 1755              	.LASF43:
 1756 00c8 72656761 		.ascii	"regarm_t\000"
 1756      726D5F74 
 1756      00
 1757              	.LASF0:
 1758 00d1 756E7369 		.ascii	"unsigned int\000"
 1758      676E6564 
 1758      20696E74 
 1758      00
 1759              	.LASF9:
 1760 00de 6C6F6E67 		.ascii	"long unsigned int\000"
 1760      20756E73 
 1760      69676E65 
 1760      6420696E 
 1760      7400
 1761              	.LASF45:
 1762 00f0 636F6E74 		.ascii	"context\000"
 1762      65787400 
 1763              	.LASF4:
 1764 00f8 73686F72 		.ascii	"short unsigned int\000"
 1764      7420756E 
 1764      7369676E 
 1764      65642069 
 1764      6E7400
 1765              	.LASF18:
 1766 010b 6D73675F 		.ascii	"msg_t\000"
 1766      7400
 1767              	.LASF13:
 1768 0111 746D6F64 		.ascii	"tmode_t\000"
 1768      655F7400 
 1769              	.LASF42:
ARM GAS  /tmp/ccmVJo3R.s 			page 33


 1770 0119 54687265 		.ascii	"ThreadsList\000"
 1770      6164734C 
 1770      69737400 
 1771              	.LASF19:
 1772 0125 6576656E 		.ascii	"eventmask_t\000"
 1772      746D6173 
 1772      6B5F7400 
 1773              	.LASF53:
 1774 0131 4D757465 		.ascii	"Mutex\000"
 1774      7800
 1775              	.LASF27:
 1776 0137 705F6F6C 		.ascii	"p_older\000"
 1776      64657200 
 1777              	.LASF48:
 1778 013f 725F6374 		.ascii	"r_ctx\000"
 1778      7800
 1779              	.LASF41:
 1780 0145 54687265 		.ascii	"ThreadsQueue\000"
 1780      61647351 
 1780      75657565 
 1780      00
 1781              	.LASF51:
 1782 0152 725F6375 		.ascii	"r_current\000"
 1782      7272656E 
 1782      7400
 1783              	.LASF50:
 1784 015c 725F6F6C 		.ascii	"r_older\000"
 1784      64657200 
 1785              	.LASF15:
 1786 0164 74726566 		.ascii	"trefs_t\000"
 1786      735F7400 
 1787              	.LASF23:
 1788 016c 705F7072 		.ascii	"p_prev\000"
 1788      657600
 1789              	.LASF17:
 1790 0173 74707269 		.ascii	"tprio_t\000"
 1790      6F5F7400 
 1791              	.LASF12:
 1792 017b 5F426F6F 		.ascii	"_Bool\000"
 1792      6C00
 1793              	.LASF6:
 1794 0181 696E7433 		.ascii	"int32_t\000"
 1794      325F7400 
 1795              	.LASF2:
 1796 0189 756E7369 		.ascii	"unsigned char\000"
 1796      676E6564 
 1796      20636861 
 1796      7200
 1797              	.LASF38:
 1798 0197 705F6D74 		.ascii	"p_mtxlist\000"
 1798      786C6973 
 1798      7400
 1799              	.LASF3:
 1800 01a1 73686F72 		.ascii	"short int\000"
 1800      7420696E 
 1800      7400
 1801              	.LASF29:
ARM GAS  /tmp/ccmVJo3R.s 			page 34


 1802 01ab 705F7374 		.ascii	"p_state\000"
 1802      61746500 
 1803              	.LASF32:
 1804 01b3 705F7072 		.ascii	"p_preempt\000"
 1804      65656D70 
 1804      7400
 1805              	.LASF47:
 1806 01bd 725F7072 		.ascii	"r_prio\000"
 1806      696F00
 1807              	.LASF60:
 1808 01c4 65776D61 		.ascii	"ewmask\000"
 1808      736B00
 1809              	.LASF22:
 1810 01cb 705F6E65 		.ascii	"p_next\000"
 1810      787400
 1811              	.LASF30:
 1812 01d2 705F666C 		.ascii	"p_flags\000"
 1812      61677300 
 1813              	.LASF21:
 1814 01da 54687265 		.ascii	"Thread\000"
 1814      616400
 1815              	.LASF69:
 1816 01e1 63684D73 		.ascii	"chMsgRelease\000"
 1816      6752656C 
 1816      65617365 
 1816      00
 1817              	.LASF37:
 1818 01ee 705F6570 		.ascii	"p_epending\000"
 1818      656E6469 
 1818      6E6700
 1819              	.LASF8:
 1820 01f9 75696E74 		.ascii	"uint32_t\000"
 1820      33325F74 
 1820      00
 1821              	.LASF46:
 1822 0202 725F7175 		.ascii	"r_queue\000"
 1822      65756500 
 1823              	.LASF64:
 1824 020a 474E5520 		.ascii	"GNU C 4.6.3\000"
 1824      4320342E 
 1824      362E3300 
 1825              	.LASF61:
 1826 0216 63686172 		.ascii	"char\000"
 1826      00
 1827              	.LASF68:
 1828 021b 6669666F 		.ascii	"fifo_remove\000"
 1828      5F72656D 
 1828      6F766500 
 1829              	.LASF56:
 1830 0227 6D5F6E65 		.ascii	"m_next\000"
 1830      787400
 1831              	.LASF20:
 1832 022e 73797374 		.ascii	"systime_t\000"
 1832      696D655F 
 1832      7400
 1833              	.LASF39:
 1834 0238 705F7265 		.ascii	"p_realprio\000"
ARM GAS  /tmp/ccmVJo3R.s 			page 35


 1834      616C7072 
 1834      696F00
 1835              	.LASF33:
 1836 0243 705F7469 		.ascii	"p_time\000"
 1836      6D6500
 1837              	.LASF44:
 1838 024a 696E7463 		.ascii	"intctx\000"
 1838      747800
 1839              	.LASF35:
 1840 0251 705F6D73 		.ascii	"p_msgqueue\000"
 1840      67717565 
 1840      756500
 1841              	.LASF63:
 1842 025c 63684D73 		.ascii	"chMsgWait\000"
 1842      67576169 
 1842      7400
 1843              	.LASF66:
 1844 0266 2F686F6D 		.ascii	"/home/aolsen/pros/9999-0.13\000"
 1844      652F616F 
 1844      6C73656E 
 1844      2F70726F 
 1844      732F3939 
 1845              	.LASF31:
 1846 0282 705F7265 		.ascii	"p_refs\000"
 1846      667300
 1847              	.LASF52:
 1848 0289 52656164 		.ascii	"ReadyList\000"
 1848      794C6973 
 1848      7400
 1849              	.LASF70:
 1850 0293 726C6973 		.ascii	"rlist\000"
 1850      7400
 1851              	.LASF5:
 1852 0299 75696E74 		.ascii	"uint8_t\000"
 1852      385F7400 
 1853              	.LASF59:
 1854 02a1 77746F62 		.ascii	"wtobjp\000"
 1854      6A7000
 1855              	.LASF28:
 1856 02a8 705F6E61 		.ascii	"p_name\000"
 1856      6D6500
 1857              	.LASF55:
 1858 02af 6D5F6F77 		.ascii	"m_owner\000"
 1858      6E657200 
 1859              	.LASF25:
 1860 02b7 705F6374 		.ascii	"p_ctx\000"
 1860      7800
 1861              	.LASF34:
 1862 02bd 705F7761 		.ascii	"p_waiting\000"
 1862      6974696E 
 1862      6700
 1863              		.ident	"GCC: (Sourcery CodeBench Lite 2012.03-56) 4.6.3"
ARM GAS  /tmp/ccmVJo3R.s 			page 36


DEFINED SYMBOLS
                            *ABS*:00000000 chmsg.c
     /tmp/ccmVJo3R.s:19     .text.chMsgSend:00000000 $t
     /tmp/ccmVJo3R.s:25     .text.chMsgSend:00000000 chMsgSend
     /tmp/ccmVJo3R.s:136    .text.chMsgWait:00000000 $t
     /tmp/ccmVJo3R.s:142    .text.chMsgWait:00000000 chMsgWait
     /tmp/ccmVJo3R.s:210    .text.chMsgRelease:00000000 $t
     /tmp/ccmVJo3R.s:216    .text.chMsgRelease:00000000 chMsgRelease
                     .debug_frame:00000010 $d

UNDEFINED SYMBOLS
rlist
chSchGoSleepS
chSchReadyI
chSchWakeupS
