ARM GAS  /tmp/cckTlYO2.s 			page 1


   1              		.syntax unified
   2              		.cpu cortex-m3
   3              		.fpu softvfp
   4              		.eabi_attribute 20, 1
   5              		.eabi_attribute 21, 1
   6              		.eabi_attribute 23, 3
   7              		.eabi_attribute 24, 1
   8              		.eabi_attribute 25, 1
   9              		.eabi_attribute 26, 1
  10              		.eabi_attribute 30, 2
  11              		.eabi_attribute 34, 1
  12              		.eabi_attribute 18, 4
  13              		.thumb
  14              		.file	"chsys.c"
  15              		.text
  16              	.Ltext0:
  17              		.cfi_sections	.debug_frame
  18              		.section	.text._idle_thread,"ax",%progbits
  19              		.align	2
  20              		.p2align 4,,15
  21              		.global	_idle_thread
  22              		.thumb
  23              		.thumb_func
  24              		.type	_idle_thread, %function
  25              	_idle_thread:
  26              	.LFB7:
  27              		.file 1 "../ChibiOS_2.6.2/os/kernel/src/chsys.c"
  28              		.loc 1 61 0
  29              		.cfi_startproc
  30              		@ args = 0, pretend = 0, frame = 0
  31              		@ frame_needed = 0, uses_anonymous_args = 0
  32              		@ link register save eliminated.
  33              	.LVL0:
  34              		.loc 1 64 0
  35 0000 40F20000 		movw	r0, #:lower16:rlist
  36              	.LVL1:
  37 0004 C0F20000 		movt	r0, #:upper16:rlist
  38 0008 8269     		ldr	r2, [r0, #24]
  39 000a 40F20003 		movw	r3, #:lower16:.LC0
  40 000e C0F20003 		movt	r3, #:upper16:.LC0
  41 0012 9361     		str	r3, [r2, #24]
  42              	.L2:
  43 0014 FEE7     		b	.L2
  44              		.cfi_endproc
  45              	.LFE7:
  46              		.size	_idle_thread, .-_idle_thread
  47 0016 00BFAFF3 		.section	.text.chSysInit,"ax",%progbits
  47      0080AFF3 
  47      0080
  48              		.align	2
  49              		.p2align 4,,15
  50              		.global	chSysInit
  51              		.thumb
  52              		.thumb_func
  53              		.type	chSysInit, %function
  54              	chSysInit:
  55              	.LFB8:
ARM GAS  /tmp/cckTlYO2.s 			page 2


  56              		.loc 1 84 0
  57              		.cfi_startproc
  58              		@ args = 0, pretend = 0, frame = 0
  59              		@ frame_needed = 0, uses_anonymous_args = 0
  60 0000 30B5     		push	{r4, r5, lr}
  61              	.LCFI0:
  62              		.cfi_def_cfa_offset 12
  63              		.cfi_offset 14, -4
  64              		.cfi_offset 5, -8
  65              		.cfi_offset 4, -12
  66 0002 83B0     		sub	sp, sp, #12
  67              	.LCFI1:
  68              		.cfi_def_cfa_offset 24
  69              		.loc 1 90 0
  70 0004 FFF7FEFF 		bl	_port_init
  71              		.loc 1 91 0
  72 0008 FFF7FEFF 		bl	_scheduler_init
  73              		.loc 1 92 0
  74 000c FFF7FEFF 		bl	_vt_init
  75              		.loc 1 94 0
  76 0010 FFF7FEFF 		bl	_core_init
  77              		.loc 1 97 0
  78 0014 FFF7FEFF 		bl	_heap_init
  79              		.loc 1 104 0
  80 0018 40F20000 		movw	r0, #:lower16:.LANCHOR0
  81 001c 4021     		movs	r1, #64
  82 001e C0F20000 		movt	r0, #:upper16:.LANCHOR0
  83 0022 FFF7FEFF 		bl	_thread_init
  84 0026 40F20004 		movw	r4, #:lower16:rlist
  85 002a C0F20004 		movt	r4, #:upper16:rlist
  86 002e A061     		str	r0, [r4, #24]
  87              		.loc 1 105 0
  88 0030 0122     		movs	r2, #1
  89 0032 0277     		strb	r2, [r0, #28]
  90              	.LBB2:
  91              		.loc 1 111 0
  92 0034 0023     		movs	r3, #0
  93              	.LVL2:
  94              	@ 111 "../ChibiOS_2.6.2/os/kernel/src/chsys.c" 1
  95 0036 83F31188 		msr     BASEPRI, r3                    
  96 003a 62B6     		cpsie   i
  97              	@ 0 "" 2
  98              	.LVL3:
  99              		.thumb
 100              	.LBE2:
 101              		.loc 1 115 0
 102 003c 40F20001 		movw	r1, #:lower16:ch_debug
 103 0040 A569     		ldr	r5, [r4, #24]
 104 0042 C0F20001 		movt	r1, #:upper16:ch_debug
 105              		.loc 1 121 0
 106 0046 1C46     		mov	r4, r3
 107 0048 40F20000 		movw	r0, #:lower16:.LANCHOR1
 108 004c 40F20003 		movw	r3, #:lower16:_idle_thread
 109              	.LVL4:
 110              		.loc 1 115 0
 111 0050 A961     		str	r1, [r5, #24]
 112              		.loc 1 121 0
ARM GAS  /tmp/cckTlYO2.s 			page 3


 113 0052 C0F20003 		movt	r3, #:upper16:_idle_thread
 114 0056 C021     		movs	r1, #192
 115 0058 C0F20000 		movt	r0, #:upper16:.LANCHOR1
 116 005c 0094     		str	r4, [sp, #0]
 117              	.LVL5:
 118 005e FFF7FEFF 		bl	chThdCreateStatic
 119              		.loc 1 124 0
 120 0062 03B0     		add	sp, sp, #12
 121 0064 30BD     		pop	{r4, r5, pc}
 122              		.cfi_endproc
 123              	.LFE8:
 124              		.size	chSysInit, .-chSysInit
 125 0066 00BFAFF3 		.section	.text.chSysTimerHandlerI,"ax",%progbits
 125      0080AFF3 
 125      0080
 126              		.align	2
 127              		.p2align 4,,15
 128              		.global	chSysTimerHandlerI
 129              		.thumb
 130              		.thumb_func
 131              		.type	chSysTimerHandlerI, %function
 132              	chSysTimerHandlerI:
 133              	.LFB9:
 134              		.loc 1 137 0
 135              		.cfi_startproc
 136              		@ args = 0, pretend = 0, frame = 0
 137              		@ frame_needed = 0, uses_anonymous_args = 0
 138 0000 38B5     		push	{r3, r4, r5, lr}
 139              	.LCFI2:
 140              		.cfi_def_cfa_offset 16
 141              		.cfi_offset 14, -4
 142              		.cfi_offset 5, -8
 143              		.cfi_offset 4, -12
 144              		.cfi_offset 3, -16
 145              		.loc 1 143 0
 146 0002 40F20003 		movw	r3, #:lower16:rlist
 147 0006 C0F20003 		movt	r3, #:upper16:rlist
 148 000a 9B69     		ldr	r3, [r3, #24]
 149 000c DA7F     		ldrb	r2, [r3, #31]	@ zero_extendqisi2
 150 000e 0AB1     		cbz	r2, .L6
 151              		.loc 1 145 0
 152 0010 013A     		subs	r2, r2, #1
 153 0012 DA77     		strb	r2, [r3, #31]
 154              	.L6:
 155              		.loc 1 148 0
 156 0014 1A6A     		ldr	r2, [r3, #32]
 157              		.loc 1 150 0
 158 0016 40F20004 		movw	r4, #:lower16:vtlist
 159              		.loc 1 148 0
 160 001a 511C     		adds	r1, r2, #1
 161              		.loc 1 150 0
 162 001c C0F20004 		movt	r4, #:upper16:vtlist
 163              		.loc 1 148 0
 164 0020 1962     		str	r1, [r3, #32]
 165              		.loc 1 150 0
 166 0022 E368     		ldr	r3, [r4, #12]
 167 0024 2168     		ldr	r1, [r4, #0]
ARM GAS  /tmp/cckTlYO2.s 			page 4


 168 0026 581C     		adds	r0, r3, #1
 169 0028 A142     		cmp	r1, r4
 170 002a E060     		str	r0, [r4, #12]
 171 002c 14D0     		beq	.L5
 172              	.LBB3:
 173              		.loc 1 150 0 is_stmt 0 discriminator 1
 174 002e 8D68     		ldr	r5, [r1, #8]
 175 0030 013D     		subs	r5, r5, #1
 176 0032 8D60     		str	r5, [r1, #8]
 177              	.LVL6:
 178 0034 85B9     		cbnz	r5, .L5
 179              	.LVL7:
 180              	.L9:
 181              	.LBB4:
 182              		.loc 1 150 0 discriminator 3
 183 0036 0B68     		ldr	r3, [r1, #0]
 184              	.LVL8:
 185 0038 CA68     		ldr	r2, [r1, #12]
 186              	.LVL9:
 187 003a 5C60     		str	r4, [r3, #4]
 188 003c 2360     		str	r3, [r4, #0]
 189 003e CD60     		str	r5, [r1, #12]
 190              	.LBB5:
 191 0040 0023     		movs	r3, #0
 192              	.LVL10:
 193              	@ 150 "../ChibiOS_2.6.2/os/kernel/src/chsys.c" 1
 194 0042 83F31188 		msr     BASEPRI, r3
 195              	@ 0 "" 2
 196              	.LVL11:
 197              		.thumb
 198              	.LBE5:
 199 0046 0869     		ldr	r0, [r1, #16]
 200 0048 9047     		blx	r2
 201              	.LVL12:
 202              	.LBB6:
 203 004a 2023     		movs	r3, #32
 204              	@ 150 "../ChibiOS_2.6.2/os/kernel/src/chsys.c" 1
 205 004c 83F31188 		msr     BASEPRI, r3
 206              	@ 0 "" 2
 207              	.LVL13:
 208              		.thumb
 209              	.LBE6:
 210              	.LBE4:
 211 0050 2168     		ldr	r1, [r4, #0]
 212              	.LVL14:
 213 0052 8868     		ldr	r0, [r1, #8]
 214 0054 0028     		cmp	r0, #0
 215 0056 EED0     		beq	.L9
 216              	.LVL15:
 217              	.L5:
 218 0058 38BD     		pop	{r3, r4, r5, pc}
 219              	.LBE3:
 220              		.cfi_endproc
 221              	.LFE9:
 222              		.size	chSysTimerHandlerI, .-chSysTimerHandlerI
 223              		.global	_idle_thread_wa
 224 005a 00BFAFF3 		.section	.bss.mainthread.4647,"aw",%nobits
ARM GAS  /tmp/cckTlYO2.s 			page 5


 224      0080
 225              		.align	2
 226              		.set	.LANCHOR0,. + 0
 227              		.type	mainthread.4647, %object
 228              		.size	mainthread.4647, 72
 229              	mainthread.4647:
 230 0000 00000000 		.space	72
 230      00000000 
 230      00000000 
 230      00000000 
 230      00000000 
 231              		.section	.rodata.str1.4,"aMS",%progbits,1
 232              		.align	2
 233              	.LC0:
 234 0000 69646C65 		.ascii	"idle\000"
 234      00
 235 0005 000000   		.section	.bss._idle_thread_wa,"aw",%nobits
 236              		.align	3
 237              		.set	.LANCHOR1,. + 0
 238              		.type	_idle_thread_wa, %object
 239              		.size	_idle_thread_wa, 192
 240              	_idle_thread_wa:
 241 0000 00000000 		.space	192
 241      00000000 
 241      00000000 
 241      00000000 
 241      00000000 
 242              		.text
 243              	.Letext0:
 244              		.file 2 "/opt/pros/toolchain/bin/../lib/gcc/arm-none-eabi/4.6.3/../../../../arm-none-eabi/include/
 245              		.file 3 "../ChibiOS_2.6.2/os/ports/GCC/ARMCMx/chtypes.h"
 246              		.file 4 "../ChibiOS_2.6.2/os/kernel/include/chlists.h"
 247              		.file 5 "../ChibiOS_2.6.2/os/kernel/include/chthreads.h"
 248              		.file 6 "../ChibiOS_2.6.2/os/ports/GCC/ARMCMx/chcore_v7m.h"
 249              		.file 7 "../ChibiOS_2.6.2/os/kernel/include/chvt.h"
 250              		.file 8 "../ChibiOS_2.6.2/os/kernel/include/chschd.h"
 251              		.file 9 "../ChibiOS_2.6.2/os/kernel/include/chmtx.h"
 252              		.file 10 "../ChibiOS_2.6.2/os/kernel/include/chregistry.h"
 253              		.section	.debug_info,"",%progbits
 254              	.Ldebug_info0:
 255 0000 9C070000 		.4byte	0x79c
 256 0004 0200     		.2byte	0x2
 257 0006 00000000 		.4byte	.Ldebug_abbrev0
 258 000a 04       		.byte	0x4
 259 000b 01       		.uleb128 0x1
 260 000c 80030000 		.4byte	.LASF102
 261 0010 01       		.byte	0x1
 262 0011 EC000000 		.4byte	.LASF103
 263 0015 7F010000 		.4byte	.LASF104
 264 0019 00000000 		.4byte	0
 265 001d 00000000 		.4byte	0
 266 0021 00000000 		.4byte	.Ldebug_ranges0+0
 267 0025 00000000 		.4byte	.Ldebug_line0
 268 0029 02       		.uleb128 0x2
 269 002a 04       		.byte	0x4
 270 002b 05       		.byte	0x5
 271 002c 696E7400 		.ascii	"int\000"
ARM GAS  /tmp/cckTlYO2.s 			page 6


 272 0030 03       		.uleb128 0x3
 273 0031 04       		.byte	0x4
 274 0032 07       		.byte	0x7
 275 0033 6A010000 		.4byte	.LASF0
 276 0037 03       		.uleb128 0x3
 277 0038 01       		.byte	0x1
 278 0039 06       		.byte	0x6
 279 003a A0000000 		.4byte	.LASF1
 280 003e 04       		.uleb128 0x4
 281 003f F8030000 		.4byte	.LASF4
 282 0043 02       		.byte	0x2
 283 0044 2A       		.byte	0x2a
 284 0045 49000000 		.4byte	0x49
 285 0049 03       		.uleb128 0x3
 286 004a 01       		.byte	0x1
 287 004b 08       		.byte	0x8
 288 004c CB020000 		.4byte	.LASF2
 289 0050 03       		.uleb128 0x3
 290 0051 02       		.byte	0x2
 291 0052 05       		.byte	0x5
 292 0053 E3020000 		.4byte	.LASF3
 293 0057 04       		.uleb128 0x4
 294 0058 13010000 		.4byte	.LASF5
 295 005c 02       		.byte	0x2
 296 005d 36       		.byte	0x36
 297 005e 62000000 		.4byte	0x62
 298 0062 03       		.uleb128 0x3
 299 0063 02       		.byte	0x2
 300 0064 07       		.byte	0x7
 301 0065 D3010000 		.4byte	.LASF6
 302 0069 04       		.uleb128 0x4
 303 006a C3020000 		.4byte	.LASF7
 304 006e 02       		.byte	0x2
 305 006f 4F       		.byte	0x4f
 306 0070 74000000 		.4byte	0x74
 307 0074 03       		.uleb128 0x3
 308 0075 04       		.byte	0x4
 309 0076 05       		.byte	0x5
 310 0077 E3000000 		.4byte	.LASF8
 311 007b 04       		.uleb128 0x4
 312 007c 56030000 		.4byte	.LASF9
 313 0080 02       		.byte	0x2
 314 0081 50       		.byte	0x50
 315 0082 86000000 		.4byte	0x86
 316 0086 03       		.uleb128 0x3
 317 0087 04       		.byte	0x4
 318 0088 07       		.byte	0x7
 319 0089 A2010000 		.4byte	.LASF10
 320 008d 03       		.uleb128 0x3
 321 008e 08       		.byte	0x8
 322 008f 05       		.byte	0x5
 323 0090 92000000 		.4byte	.LASF11
 324 0094 04       		.uleb128 0x4
 325 0095 22000000 		.4byte	.LASF12
 326 0099 02       		.byte	0x2
 327 009a 78       		.byte	0x78
 328 009b 9F000000 		.4byte	0x9f
ARM GAS  /tmp/cckTlYO2.s 			page 7


 329 009f 03       		.uleb128 0x3
 330 00a0 08       		.byte	0x8
 331 00a1 07       		.byte	0x7
 332 00a2 45000000 		.4byte	.LASF13
 333 00a6 03       		.uleb128 0x3
 334 00a7 01       		.byte	0x1
 335 00a8 02       		.byte	0x2
 336 00a9 BD020000 		.4byte	.LASF14
 337 00ad 04       		.uleb128 0x4
 338 00ae EC010000 		.4byte	.LASF15
 339 00b2 03       		.byte	0x3
 340 00b3 2C       		.byte	0x2c
 341 00b4 3E000000 		.4byte	0x3e
 342 00b8 04       		.uleb128 0x4
 343 00b9 26010000 		.4byte	.LASF16
 344 00bd 03       		.byte	0x3
 345 00be 2D       		.byte	0x2d
 346 00bf 3E000000 		.4byte	0x3e
 347 00c3 04       		.uleb128 0x4
 348 00c4 9B020000 		.4byte	.LASF17
 349 00c8 03       		.byte	0x3
 350 00c9 2E       		.byte	0x2e
 351 00ca 3E000000 		.4byte	0x3e
 352 00ce 04       		.uleb128 0x4
 353 00cf D9000000 		.4byte	.LASF18
 354 00d3 03       		.byte	0x3
 355 00d4 2F       		.byte	0x2f
 356 00d5 3E000000 		.4byte	0x3e
 357 00d9 04       		.uleb128 0x4
 358 00da B5020000 		.4byte	.LASF19
 359 00de 03       		.byte	0x3
 360 00df 30       		.byte	0x30
 361 00e0 7B000000 		.4byte	0x7b
 362 00e4 04       		.uleb128 0x4
 363 00e5 E6010000 		.4byte	.LASF20
 364 00e9 03       		.byte	0x3
 365 00ea 31       		.byte	0x31
 366 00eb 69000000 		.4byte	0x69
 367 00ef 04       		.uleb128 0x4
 368 00f0 00020000 		.4byte	.LASF21
 369 00f4 03       		.byte	0x3
 370 00f5 33       		.byte	0x33
 371 00f6 7B000000 		.4byte	0x7b
 372 00fa 04       		.uleb128 0x4
 373 00fb 98030000 		.4byte	.LASF22
 374 00ff 03       		.byte	0x3
 375 0100 35       		.byte	0x35
 376 0101 7B000000 		.4byte	0x7b
 377 0105 04       		.uleb128 0x4
 378 0106 37030000 		.4byte	.LASF23
 379 010a 04       		.byte	0x4
 380 010b 2A       		.byte	0x2a
 381 010c 10010000 		.4byte	0x110
 382 0110 05       		.uleb128 0x5
 383 0111 37030000 		.4byte	.LASF23
 384 0115 48       		.byte	0x48
 385 0116 05       		.byte	0x5
ARM GAS  /tmp/cckTlYO2.s 			page 8


 386 0117 5E       		.byte	0x5e
 387 0118 35020000 		.4byte	0x235
 388 011c 06       		.uleb128 0x6
 389 011d 19030000 		.4byte	.LASF24
 390 0121 05       		.byte	0x5
 391 0122 5F       		.byte	0x5f
 392 0123 5A020000 		.4byte	0x25a
 393 0127 02       		.byte	0x2
 394 0128 23       		.byte	0x23
 395 0129 00       		.uleb128 0
 396 012a 06       		.uleb128 0x6
 397 012b AE020000 		.4byte	.LASF25
 398 012f 05       		.byte	0x5
 399 0130 61       		.byte	0x61
 400 0131 5A020000 		.4byte	0x25a
 401 0135 02       		.byte	0x2
 402 0136 23       		.byte	0x23
 403 0137 04       		.uleb128 0x4
 404 0138 06       		.uleb128 0x6
 405 0139 7E000000 		.4byte	.LASF26
 406 013d 05       		.byte	0x5
 407 013e 63       		.byte	0x63
 408 013f D9000000 		.4byte	0xd9
 409 0143 02       		.byte	0x2
 410 0144 23       		.byte	0x23
 411 0145 08       		.uleb128 0x8
 412 0146 06       		.uleb128 0x6
 413 0147 33040000 		.4byte	.LASF27
 414 014b 05       		.byte	0x5
 415 014c 64       		.byte	0x64
 416 014d 33030000 		.4byte	0x333
 417 0151 02       		.byte	0x2
 418 0152 23       		.byte	0x23
 419 0153 0C       		.uleb128 0xc
 420 0154 06       		.uleb128 0x6
 421 0155 2F010000 		.4byte	.LASF28
 422 0159 05       		.byte	0x5
 423 015a 66       		.byte	0x66
 424 015b 5A020000 		.4byte	0x25a
 425 015f 02       		.byte	0x2
 426 0160 23       		.byte	0x23
 427 0161 10       		.uleb128 0x10
 428 0162 06       		.uleb128 0x6
 429 0163 59020000 		.4byte	.LASF29
 430 0167 05       		.byte	0x5
 431 0168 67       		.byte	0x67
 432 0169 5A020000 		.4byte	0x25a
 433 016d 02       		.byte	0x2
 434 016e 23       		.byte	0x23
 435 016f 14       		.uleb128 0x14
 436 0170 06       		.uleb128 0x6
 437 0171 07040000 		.4byte	.LASF30
 438 0175 05       		.byte	0x5
 439 0176 6E       		.byte	0x6e
 440 0177 0D050000 		.4byte	0x50d
 441 017b 02       		.byte	0x2
 442 017c 23       		.byte	0x23
ARM GAS  /tmp/cckTlYO2.s 			page 9


 443 017d 18       		.uleb128 0x18
 444 017e 06       		.uleb128 0x6
 445 017f ED020000 		.4byte	.LASF31
 446 0183 05       		.byte	0x5
 447 0184 79       		.byte	0x79
 448 0185 B8000000 		.4byte	0xb8
 449 0189 02       		.byte	0x2
 450 018a 23       		.byte	0x23
 451 018b 1C       		.uleb128 0x1c
 452 018c 06       		.uleb128 0x6
 453 018d 2F030000 		.4byte	.LASF32
 454 0191 05       		.byte	0x5
 455 0192 7D       		.byte	0x7d
 456 0193 AD000000 		.4byte	0xad
 457 0197 02       		.byte	0x2
 458 0198 23       		.byte	0x23
 459 0199 1D       		.uleb128 0x1d
 460 019a 06       		.uleb128 0x6
 461 019b E1030000 		.4byte	.LASF33
 462 019f 05       		.byte	0x5
 463 01a0 82       		.byte	0x82
 464 01a1 C3000000 		.4byte	0xc3
 465 01a5 02       		.byte	0x2
 466 01a6 23       		.byte	0x23
 467 01a7 1E       		.uleb128 0x1e
 468 01a8 06       		.uleb128 0x6
 469 01a9 F5020000 		.4byte	.LASF34
 470 01ad 05       		.byte	0x5
 471 01ae 88       		.byte	0x88
 472 01af CE000000 		.4byte	0xce
 473 01b3 02       		.byte	0x2
 474 01b4 23       		.byte	0x23
 475 01b5 1F       		.uleb128 0x1f
 476 01b6 06       		.uleb128 0x6
 477 01b7 B6030000 		.4byte	.LASF35
 478 01bb 05       		.byte	0x5
 479 01bc 8F       		.byte	0x8f
 480 01bd 18040000 		.4byte	0x418
 481 01c1 02       		.byte	0x2
 482 01c2 23       		.byte	0x23
 483 01c3 20       		.uleb128 0x20
 484 01c4 07       		.uleb128 0x7
 485 01c5 705F7500 		.ascii	"p_u\000"
 486 01c9 05       		.byte	0x5
 487 01ca B4       		.byte	0xb4
 488 01cb D8040000 		.4byte	0x4d8
 489 01cf 02       		.byte	0x2
 490 01d0 23       		.byte	0x23
 491 01d1 24       		.uleb128 0x24
 492 01d2 06       		.uleb128 0x6
 493 01d3 39040000 		.4byte	.LASF36
 494 01d7 05       		.byte	0x5
 495 01d8 B9       		.byte	0xb9
 496 01d9 82020000 		.4byte	0x282
 497 01dd 02       		.byte	0x2
 498 01de 23       		.byte	0x23
 499 01df 28       		.uleb128 0x28
ARM GAS  /tmp/cckTlYO2.s 			page 10


 500 01e0 06       		.uleb128 0x6
 501 01e1 C4030000 		.4byte	.LASF37
 502 01e5 05       		.byte	0x5
 503 01e6 BF       		.byte	0xbf
 504 01e7 60020000 		.4byte	0x260
 505 01eb 02       		.byte	0x2
 506 01ec 23       		.byte	0x23
 507 01ed 2C       		.uleb128 0x2c
 508 01ee 06       		.uleb128 0x6
 509 01ef 15000000 		.4byte	.LASF38
 510 01f3 05       		.byte	0x5
 511 01f4 C3       		.byte	0xc3
 512 01f5 E4000000 		.4byte	0xe4
 513 01f9 02       		.byte	0x2
 514 01fa 23       		.byte	0x23
 515 01fb 34       		.uleb128 0x34
 516 01fc 06       		.uleb128 0x6
 517 01fd 4B030000 		.4byte	.LASF39
 518 0201 05       		.byte	0x5
 519 0202 C9       		.byte	0xc9
 520 0203 EF000000 		.4byte	0xef
 521 0207 02       		.byte	0x2
 522 0208 23       		.byte	0x23
 523 0209 38       		.uleb128 0x38
 524 020a 06       		.uleb128 0x6
 525 020b D9020000 		.4byte	.LASF40
 526 020f 05       		.byte	0x5
 527 0210 D0       		.byte	0xd0
 528 0211 1F050000 		.4byte	0x51f
 529 0215 02       		.byte	0x2
 530 0216 23       		.byte	0x23
 531 0217 3C       		.uleb128 0x3c
 532 0218 06       		.uleb128 0x6
 533 0219 A2030000 		.4byte	.LASF41
 534 021d 05       		.byte	0x5
 535 021e D4       		.byte	0xd4
 536 021f D9000000 		.4byte	0xd9
 537 0223 02       		.byte	0x2
 538 0224 23       		.byte	0x23
 539 0225 40       		.uleb128 0x40
 540 0226 06       		.uleb128 0x6
 541 0227 C9000000 		.4byte	.LASF42
 542 022b 05       		.byte	0x5
 543 022c DA       		.byte	0xda
 544 022d 98020000 		.4byte	0x298
 545 0231 02       		.byte	0x2
 546 0232 23       		.byte	0x23
 547 0233 44       		.uleb128 0x44
 548 0234 00       		.byte	0
 549 0235 08       		.uleb128 0x8
 550 0236 08       		.byte	0x8
 551 0237 04       		.byte	0x4
 552 0238 61       		.byte	0x61
 553 0239 5A020000 		.4byte	0x25a
 554 023d 06       		.uleb128 0x6
 555 023e 19030000 		.4byte	.LASF24
 556 0242 04       		.byte	0x4
ARM GAS  /tmp/cckTlYO2.s 			page 11


 557 0243 62       		.byte	0x62
 558 0244 5A020000 		.4byte	0x25a
 559 0248 02       		.byte	0x2
 560 0249 23       		.byte	0x23
 561 024a 00       		.uleb128 0
 562 024b 06       		.uleb128 0x6
 563 024c AE020000 		.4byte	.LASF25
 564 0250 04       		.byte	0x4
 565 0251 64       		.byte	0x64
 566 0252 5A020000 		.4byte	0x25a
 567 0256 02       		.byte	0x2
 568 0257 23       		.byte	0x23
 569 0258 04       		.uleb128 0x4
 570 0259 00       		.byte	0
 571 025a 09       		.uleb128 0x9
 572 025b 04       		.byte	0x4
 573 025c 05010000 		.4byte	0x105
 574 0260 04       		.uleb128 0x4
 575 0261 67020000 		.4byte	.LASF43
 576 0265 04       		.byte	0x4
 577 0266 66       		.byte	0x66
 578 0267 35020000 		.4byte	0x235
 579 026b 08       		.uleb128 0x8
 580 026c 04       		.byte	0x4
 581 026d 04       		.byte	0x4
 582 026e 6B       		.byte	0x6b
 583 026f 82020000 		.4byte	0x282
 584 0273 06       		.uleb128 0x6
 585 0274 19030000 		.4byte	.LASF24
 586 0278 04       		.byte	0x4
 587 0279 6D       		.byte	0x6d
 588 027a 5A020000 		.4byte	0x25a
 589 027e 02       		.byte	0x2
 590 027f 23       		.byte	0x23
 591 0280 00       		.uleb128 0
 592 0281 00       		.byte	0
 593 0282 04       		.uleb128 0x4
 594 0283 F4010000 		.4byte	.LASF44
 595 0287 04       		.byte	0x4
 596 0288 70       		.byte	0x70
 597 0289 6B020000 		.4byte	0x26b
 598 028d 04       		.uleb128 0x4
 599 028e 4F010000 		.4byte	.LASF45
 600 0292 06       		.byte	0x6
 601 0293 E5       		.byte	0xe5
 602 0294 98020000 		.4byte	0x298
 603 0298 0A       		.uleb128 0xa
 604 0299 04       		.byte	0x4
 605 029a 04       		.uleb128 0x4
 606 029b 12020000 		.4byte	.LASF46
 607 029f 06       		.byte	0x6
 608 02a0 EB       		.byte	0xeb
 609 02a1 94000000 		.4byte	0x94
 610 02a5 0B       		.uleb128 0xb
 611 02a6 BD030000 		.4byte	.LASF47
 612 02aa 24       		.byte	0x24
 613 02ab 06       		.byte	0x6
ARM GAS  /tmp/cckTlYO2.s 			page 12


 614 02ac 0C01     		.2byte	0x10c
 615 02ae 33030000 		.4byte	0x333
 616 02b2 0C       		.uleb128 0xc
 617 02b3 723400   		.ascii	"r4\000"
 618 02b6 06       		.byte	0x6
 619 02b7 1F01     		.2byte	0x11f
 620 02b9 8D020000 		.4byte	0x28d
 621 02bd 02       		.byte	0x2
 622 02be 23       		.byte	0x23
 623 02bf 00       		.uleb128 0
 624 02c0 0C       		.uleb128 0xc
 625 02c1 723500   		.ascii	"r5\000"
 626 02c4 06       		.byte	0x6
 627 02c5 2001     		.2byte	0x120
 628 02c7 8D020000 		.4byte	0x28d
 629 02cb 02       		.byte	0x2
 630 02cc 23       		.byte	0x23
 631 02cd 04       		.uleb128 0x4
 632 02ce 0C       		.uleb128 0xc
 633 02cf 723600   		.ascii	"r6\000"
 634 02d2 06       		.byte	0x6
 635 02d3 2101     		.2byte	0x121
 636 02d5 8D020000 		.4byte	0x28d
 637 02d9 02       		.byte	0x2
 638 02da 23       		.byte	0x23
 639 02db 08       		.uleb128 0x8
 640 02dc 0C       		.uleb128 0xc
 641 02dd 723700   		.ascii	"r7\000"
 642 02e0 06       		.byte	0x6
 643 02e1 2201     		.2byte	0x122
 644 02e3 8D020000 		.4byte	0x28d
 645 02e7 02       		.byte	0x2
 646 02e8 23       		.byte	0x23
 647 02e9 0C       		.uleb128 0xc
 648 02ea 0C       		.uleb128 0xc
 649 02eb 723800   		.ascii	"r8\000"
 650 02ee 06       		.byte	0x6
 651 02ef 2301     		.2byte	0x123
 652 02f1 8D020000 		.4byte	0x28d
 653 02f5 02       		.byte	0x2
 654 02f6 23       		.byte	0x23
 655 02f7 10       		.uleb128 0x10
 656 02f8 0C       		.uleb128 0xc
 657 02f9 723900   		.ascii	"r9\000"
 658 02fc 06       		.byte	0x6
 659 02fd 2401     		.2byte	0x124
 660 02ff 8D020000 		.4byte	0x28d
 661 0303 02       		.byte	0x2
 662 0304 23       		.byte	0x23
 663 0305 14       		.uleb128 0x14
 664 0306 0C       		.uleb128 0xc
 665 0307 72313000 		.ascii	"r10\000"
 666 030b 06       		.byte	0x6
 667 030c 2501     		.2byte	0x125
 668 030e 8D020000 		.4byte	0x28d
 669 0312 02       		.byte	0x2
 670 0313 23       		.byte	0x23
ARM GAS  /tmp/cckTlYO2.s 			page 13


 671 0314 18       		.uleb128 0x18
 672 0315 0C       		.uleb128 0xc
 673 0316 72313100 		.ascii	"r11\000"
 674 031a 06       		.byte	0x6
 675 031b 2601     		.2byte	0x126
 676 031d 8D020000 		.4byte	0x28d
 677 0321 02       		.byte	0x2
 678 0322 23       		.byte	0x23
 679 0323 1C       		.uleb128 0x1c
 680 0324 0C       		.uleb128 0xc
 681 0325 6C7200   		.ascii	"lr\000"
 682 0328 06       		.byte	0x6
 683 0329 2701     		.2byte	0x127
 684 032b 8D020000 		.4byte	0x28d
 685 032f 02       		.byte	0x2
 686 0330 23       		.byte	0x23
 687 0331 20       		.uleb128 0x20
 688 0332 00       		.byte	0
 689 0333 0B       		.uleb128 0xb
 690 0334 CB010000 		.4byte	.LASF48
 691 0338 04       		.byte	0x4
 692 0339 06       		.byte	0x6
 693 033a 3101     		.2byte	0x131
 694 033c 50030000 		.4byte	0x350
 695 0340 0C       		.uleb128 0xc
 696 0341 72313300 		.ascii	"r13\000"
 697 0345 06       		.byte	0x6
 698 0346 3201     		.2byte	0x132
 699 0348 50030000 		.4byte	0x350
 700 034c 02       		.byte	0x2
 701 034d 23       		.byte	0x23
 702 034e 00       		.uleb128 0
 703 034f 00       		.byte	0
 704 0350 09       		.uleb128 0x9
 705 0351 04       		.byte	0x4
 706 0352 A5020000 		.4byte	0x2a5
 707 0356 04       		.uleb128 0x4
 708 0357 AD030000 		.4byte	.LASF49
 709 035b 07       		.byte	0x7
 710 035c 58       		.byte	0x58
 711 035d 61030000 		.4byte	0x361
 712 0361 09       		.uleb128 0x9
 713 0362 04       		.byte	0x4
 714 0363 67030000 		.4byte	0x367
 715 0367 0D       		.uleb128 0xd
 716 0368 01       		.byte	0x1
 717 0369 73030000 		.4byte	0x373
 718 036d 0E       		.uleb128 0xe
 719 036e 98020000 		.4byte	0x298
 720 0372 00       		.byte	0
 721 0373 04       		.uleb128 0x4
 722 0374 73030000 		.4byte	.LASF50
 723 0378 07       		.byte	0x7
 724 0379 5D       		.byte	0x5d
 725 037a 7E030000 		.4byte	0x37e
 726 037e 05       		.uleb128 0x5
 727 037f 73030000 		.4byte	.LASF50
ARM GAS  /tmp/cckTlYO2.s 			page 14


 728 0383 14       		.byte	0x14
 729 0384 07       		.byte	0x7
 730 0385 64       		.byte	0x64
 731 0386 D1030000 		.4byte	0x3d1
 732 038a 06       		.uleb128 0x6
 733 038b 77010000 		.4byte	.LASF51
 734 038f 07       		.byte	0x7
 735 0390 65       		.byte	0x65
 736 0391 D1030000 		.4byte	0x3d1
 737 0395 02       		.byte	0x2
 738 0396 23       		.byte	0x23
 739 0397 00       		.uleb128 0
 740 0398 06       		.uleb128 0x6
 741 0399 58010000 		.4byte	.LASF52
 742 039d 07       		.byte	0x7
 743 039e 67       		.byte	0x67
 744 039f D1030000 		.4byte	0x3d1
 745 03a3 02       		.byte	0x2
 746 03a4 23       		.byte	0x23
 747 03a5 04       		.uleb128 0x4
 748 03a6 06       		.uleb128 0x6
 749 03a7 31020000 		.4byte	.LASF53
 750 03ab 07       		.byte	0x7
 751 03ac 69       		.byte	0x69
 752 03ad FA000000 		.4byte	0xfa
 753 03b1 02       		.byte	0x2
 754 03b2 23       		.byte	0x23
 755 03b3 08       		.uleb128 0x8
 756 03b4 06       		.uleb128 0x6
 757 03b5 39020000 		.4byte	.LASF54
 758 03b9 07       		.byte	0x7
 759 03ba 6A       		.byte	0x6a
 760 03bb 56030000 		.4byte	0x356
 761 03bf 02       		.byte	0x2
 762 03c0 23       		.byte	0x23
 763 03c1 0C       		.uleb128 0xc
 764 03c2 06       		.uleb128 0x6
 765 03c3 CF030000 		.4byte	.LASF55
 766 03c7 07       		.byte	0x7
 767 03c8 6C       		.byte	0x6c
 768 03c9 98020000 		.4byte	0x298
 769 03cd 02       		.byte	0x2
 770 03ce 23       		.byte	0x23
 771 03cf 10       		.uleb128 0x10
 772 03d0 00       		.byte	0
 773 03d1 09       		.uleb128 0x9
 774 03d2 04       		.byte	0x4
 775 03d3 73030000 		.4byte	0x373
 776 03d7 08       		.uleb128 0x8
 777 03d8 10       		.byte	0x10
 778 03d9 07       		.byte	0x7
 779 03da 76       		.byte	0x76
 780 03db 18040000 		.4byte	0x418
 781 03df 06       		.uleb128 0x6
 782 03e0 77010000 		.4byte	.LASF51
 783 03e4 07       		.byte	0x7
 784 03e5 77       		.byte	0x77
ARM GAS  /tmp/cckTlYO2.s 			page 15


 785 03e6 D1030000 		.4byte	0x3d1
 786 03ea 02       		.byte	0x2
 787 03eb 23       		.byte	0x23
 788 03ec 00       		.uleb128 0
 789 03ed 06       		.uleb128 0x6
 790 03ee 58010000 		.4byte	.LASF52
 791 03f2 07       		.byte	0x7
 792 03f3 79       		.byte	0x79
 793 03f4 D1030000 		.4byte	0x3d1
 794 03f8 02       		.byte	0x2
 795 03f9 23       		.byte	0x23
 796 03fa 04       		.uleb128 0x4
 797 03fb 06       		.uleb128 0x6
 798 03fc 31020000 		.4byte	.LASF53
 799 0400 07       		.byte	0x7
 800 0401 7B       		.byte	0x7b
 801 0402 FA000000 		.4byte	0xfa
 802 0406 02       		.byte	0x2
 803 0407 23       		.byte	0x23
 804 0408 08       		.uleb128 0x8
 805 0409 06       		.uleb128 0x6
 806 040a 0E040000 		.4byte	.LASF56
 807 040e 07       		.byte	0x7
 808 040f 7C       		.byte	0x7c
 809 0410 18040000 		.4byte	0x418
 810 0414 02       		.byte	0x2
 811 0415 23       		.byte	0x23
 812 0416 0C       		.uleb128 0xc
 813 0417 00       		.byte	0
 814 0418 0F       		.uleb128 0xf
 815 0419 FA000000 		.4byte	0xfa
 816 041d 04       		.uleb128 0x4
 817 041e 24040000 		.4byte	.LASF57
 818 0422 07       		.byte	0x7
 819 0423 7D       		.byte	0x7d
 820 0424 D7030000 		.4byte	0x3d7
 821 0428 08       		.uleb128 0x8
 822 0429 1C       		.byte	0x1c
 823 042a 08       		.byte	0x8
 824 042b 5E       		.byte	0x5e
 825 042c 85040000 		.4byte	0x485
 826 0430 06       		.uleb128 0x6
 827 0431 6B030000 		.4byte	.LASF58
 828 0435 08       		.byte	0x8
 829 0436 5F       		.byte	0x5f
 830 0437 60020000 		.4byte	0x260
 831 043b 02       		.byte	0x2
 832 043c 23       		.byte	0x23
 833 043d 00       		.uleb128 0
 834 043e 06       		.uleb128 0x6
 835 043f 0B030000 		.4byte	.LASF59
 836 0443 08       		.byte	0x8
 837 0444 60       		.byte	0x60
 838 0445 D9000000 		.4byte	0xd9
 839 0449 02       		.byte	0x2
 840 044a 23       		.byte	0x23
 841 044b 08       		.uleb128 0x8
ARM GAS  /tmp/cckTlYO2.s 			page 16


 842 044c 06       		.uleb128 0x6
 843 044d 61020000 		.4byte	.LASF60
 844 0451 08       		.byte	0x8
 845 0452 62       		.byte	0x62
 846 0453 33030000 		.4byte	0x333
 847 0457 02       		.byte	0x2
 848 0458 23       		.byte	0x23
 849 0459 0C       		.uleb128 0xc
 850 045a 06       		.uleb128 0x6
 851 045b 47010000 		.4byte	.LASF61
 852 045f 08       		.byte	0x8
 853 0460 65       		.byte	0x65
 854 0461 5A020000 		.4byte	0x25a
 855 0465 02       		.byte	0x2
 856 0466 23       		.byte	0x23
 857 0467 10       		.uleb128 0x10
 858 0468 06       		.uleb128 0x6
 859 0469 86020000 		.4byte	.LASF62
 860 046d 08       		.byte	0x8
 861 046e 66       		.byte	0x66
 862 046f 5A020000 		.4byte	0x25a
 863 0473 02       		.byte	0x2
 864 0474 23       		.byte	0x23
 865 0475 14       		.uleb128 0x14
 866 0476 06       		.uleb128 0x6
 867 0477 7C020000 		.4byte	.LASF63
 868 047b 08       		.byte	0x8
 869 047c 69       		.byte	0x69
 870 047d 5A020000 		.4byte	0x25a
 871 0481 02       		.byte	0x2
 872 0482 23       		.byte	0x23
 873 0483 18       		.uleb128 0x18
 874 0484 00       		.byte	0
 875 0485 04       		.uleb128 0x4
 876 0486 E8030000 		.4byte	.LASF64
 877 048a 08       		.byte	0x8
 878 048b 6B       		.byte	0x6b
 879 048c 28040000 		.4byte	0x428
 880 0490 05       		.uleb128 0x5
 881 0491 0C020000 		.4byte	.LASF65
 882 0495 10       		.byte	0x10
 883 0496 09       		.byte	0x9
 884 0497 2C       		.byte	0x2c
 885 0498 C7040000 		.4byte	0x4c7
 886 049c 06       		.uleb128 0x6
 887 049d D1000000 		.4byte	.LASF66
 888 04a1 09       		.byte	0x9
 889 04a2 2D       		.byte	0x2d
 890 04a3 60020000 		.4byte	0x260
 891 04a7 02       		.byte	0x2
 892 04a8 23       		.byte	0x23
 893 04a9 00       		.uleb128 0
 894 04aa 06       		.uleb128 0x6
 895 04ab 2B040000 		.4byte	.LASF67
 896 04af 09       		.byte	0x9
 897 04b0 2F       		.byte	0x2f
 898 04b1 5A020000 		.4byte	0x25a
ARM GAS  /tmp/cckTlYO2.s 			page 17


 899 04b5 02       		.byte	0x2
 900 04b6 23       		.byte	0x23
 901 04b7 08       		.uleb128 0x8
 902 04b8 06       		.uleb128 0x6
 903 04b9 91030000 		.4byte	.LASF68
 904 04bd 09       		.byte	0x9
 905 04be 31       		.byte	0x31
 906 04bf C7040000 		.4byte	0x4c7
 907 04c3 02       		.byte	0x2
 908 04c4 23       		.byte	0x23
 909 04c5 0C       		.uleb128 0xc
 910 04c6 00       		.byte	0
 911 04c7 09       		.uleb128 0x9
 912 04c8 04       		.byte	0x4
 913 04c9 90040000 		.4byte	0x490
 914 04cd 04       		.uleb128 0x4
 915 04ce 0C020000 		.4byte	.LASF65
 916 04d2 09       		.byte	0x9
 917 04d3 33       		.byte	0x33
 918 04d4 90040000 		.4byte	0x490
 919 04d8 10       		.uleb128 0x10
 920 04d9 04       		.byte	0x4
 921 04da 05       		.byte	0x5
 922 04db 96       		.byte	0x96
 923 04dc 0D050000 		.4byte	0x50d
 924 04e0 11       		.uleb128 0x11
 925 04e1 1B000000 		.4byte	.LASF69
 926 04e5 05       		.byte	0x5
 927 04e6 9D       		.byte	0x9d
 928 04e7 E4000000 		.4byte	0xe4
 929 04eb 11       		.uleb128 0x11
 930 04ec 6A000000 		.4byte	.LASF70
 931 04f0 05       		.byte	0x5
 932 04f1 A4       		.byte	0xa4
 933 04f2 E4000000 		.4byte	0xe4
 934 04f6 11       		.uleb128 0x11
 935 04f7 00040000 		.4byte	.LASF71
 936 04fb 05       		.byte	0x5
 937 04fc AB       		.byte	0xab
 938 04fd 98020000 		.4byte	0x298
 939 0501 11       		.uleb128 0x11
 940 0502 12030000 		.4byte	.LASF72
 941 0506 05       		.byte	0x5
 942 0507 B2       		.byte	0xb2
 943 0508 EF000000 		.4byte	0xef
 944 050c 00       		.byte	0
 945 050d 09       		.uleb128 0x9
 946 050e 04       		.byte	0x4
 947 050f 13050000 		.4byte	0x513
 948 0513 12       		.uleb128 0x12
 949 0514 18050000 		.4byte	0x518
 950 0518 03       		.uleb128 0x3
 951 0519 01       		.byte	0x1
 952 051a 08       		.byte	0x8
 953 051b 8C030000 		.4byte	.LASF73
 954 051f 09       		.uleb128 0x9
 955 0520 04       		.byte	0x4
ARM GAS  /tmp/cckTlYO2.s 			page 18


 956 0521 CD040000 		.4byte	0x4cd
 957 0525 04       		.uleb128 0x4
 958 0526 00000000 		.4byte	.LASF74
 959 052a 05       		.byte	0x5
 960 052b E5       		.byte	0xe5
 961 052c 30050000 		.4byte	0x530
 962 0530 09       		.uleb128 0x9
 963 0531 04       		.byte	0x4
 964 0532 36050000 		.4byte	0x536
 965 0536 13       		.uleb128 0x13
 966 0537 01       		.byte	0x1
 967 0538 E4000000 		.4byte	0xe4
 968 053c 46050000 		.4byte	0x546
 969 0540 0E       		.uleb128 0xe
 970 0541 98020000 		.4byte	0x298
 971 0545 00       		.byte	0
 972 0546 08       		.uleb128 0x8
 973 0547 16       		.byte	0x16
 974 0548 0A       		.byte	0xa
 975 0549 2C       		.byte	0x2c
 976 054a 4B060000 		.4byte	0x64b
 977 054e 06       		.uleb128 0x6
 978 054f BD010000 		.4byte	.LASF75
 979 0553 0A       		.byte	0xa
 980 0554 2D       		.byte	0x2d
 981 0555 4B060000 		.4byte	0x64b
 982 0559 02       		.byte	0x2
 983 055a 23       		.byte	0x23
 984 055b 00       		.uleb128 0
 985 055c 06       		.uleb128 0x6
 986 055d 1D020000 		.4byte	.LASF76
 987 0561 0A       		.byte	0xa
 988 0562 2E       		.byte	0x2e
 989 0563 3E000000 		.4byte	0x3e
 990 0567 02       		.byte	0x2
 991 0568 23       		.byte	0x23
 992 0569 04       		.uleb128 0x4
 993 056a 06       		.uleb128 0x6
 994 056b 74020000 		.4byte	.LASF77
 995 056f 0A       		.byte	0xa
 996 0570 2F       		.byte	0x2f
 997 0571 3E000000 		.4byte	0x3e
 998 0575 02       		.byte	0x2
 999 0576 23       		.byte	0x23
 1000 0577 05       		.uleb128 0x5
 1001 0578 06       		.uleb128 0x6
 1002 0579 19040000 		.4byte	.LASF78
 1003 057d 0A       		.byte	0xa
 1004 057e 30       		.byte	0x30
 1005 057f 57000000 		.4byte	0x57
 1006 0583 02       		.byte	0x2
 1007 0584 23       		.byte	0x23
 1008 0585 06       		.uleb128 0x6
 1009 0586 06       		.uleb128 0x6
 1010 0587 A3020000 		.4byte	.LASF79
 1011 058b 0A       		.byte	0xa
 1012 058c 31       		.byte	0x31
ARM GAS  /tmp/cckTlYO2.s 			page 19


 1013 058d 3E000000 		.4byte	0x3e
 1014 0591 02       		.byte	0x2
 1015 0592 23       		.byte	0x23
 1016 0593 08       		.uleb128 0x8
 1017 0594 06       		.uleb128 0x6
 1018 0595 41020000 		.4byte	.LASF80
 1019 0599 0A       		.byte	0xa
 1020 059a 32       		.byte	0x32
 1021 059b 3E000000 		.4byte	0x3e
 1022 059f 02       		.byte	0x2
 1023 05a0 23       		.byte	0x23
 1024 05a1 09       		.uleb128 0x9
 1025 05a2 06       		.uleb128 0x6
 1026 05a3 5C000000 		.4byte	.LASF81
 1027 05a7 0A       		.byte	0xa
 1028 05a8 33       		.byte	0x33
 1029 05a9 3E000000 		.4byte	0x3e
 1030 05ad 02       		.byte	0x2
 1031 05ae 23       		.byte	0x23
 1032 05af 0A       		.uleb128 0xa
 1033 05b0 06       		.uleb128 0x6
 1034 05b1 5F030000 		.4byte	.LASF82
 1035 05b5 0A       		.byte	0xa
 1036 05b6 34       		.byte	0x34
 1037 05b7 3E000000 		.4byte	0x3e
 1038 05bb 02       		.byte	0x2
 1039 05bc 23       		.byte	0x23
 1040 05bd 0B       		.uleb128 0xb
 1041 05be 06       		.uleb128 0x6
 1042 05bf D6030000 		.4byte	.LASF83
 1043 05c3 0A       		.byte	0xa
 1044 05c4 35       		.byte	0x35
 1045 05c5 3E000000 		.4byte	0x3e
 1046 05c9 02       		.byte	0x2
 1047 05ca 23       		.byte	0x23
 1048 05cb 0C       		.uleb128 0xc
 1049 05cc 06       		.uleb128 0x6
 1050 05cd 3E030000 		.4byte	.LASF84
 1051 05d1 0A       		.byte	0xa
 1052 05d2 36       		.byte	0x36
 1053 05d3 3E000000 		.4byte	0x3e
 1054 05d7 02       		.byte	0x2
 1055 05d8 23       		.byte	0x23
 1056 05d9 0D       		.uleb128 0xd
 1057 05da 06       		.uleb128 0x6
 1058 05db 08000000 		.4byte	.LASF85
 1059 05df 0A       		.byte	0xa
 1060 05e0 37       		.byte	0x37
 1061 05e1 3E000000 		.4byte	0x3e
 1062 05e5 02       		.byte	0x2
 1063 05e6 23       		.byte	0x23
 1064 05e7 0E       		.uleb128 0xe
 1065 05e8 06       		.uleb128 0x6
 1066 05e9 4D020000 		.4byte	.LASF86
 1067 05ed 0A       		.byte	0xa
 1068 05ee 38       		.byte	0x38
 1069 05ef 3E000000 		.4byte	0x3e
ARM GAS  /tmp/cckTlYO2.s 			page 20


 1070 05f3 02       		.byte	0x2
 1071 05f4 23       		.byte	0x23
 1072 05f5 0F       		.uleb128 0xf
 1073 05f6 06       		.uleb128 0x6
 1074 05f7 AC000000 		.4byte	.LASF87
 1075 05fb 0A       		.byte	0xa
 1076 05fc 39       		.byte	0x39
 1077 05fd 3E000000 		.4byte	0x3e
 1078 0601 02       		.byte	0x2
 1079 0602 23       		.byte	0x23
 1080 0603 10       		.uleb128 0x10
 1081 0604 06       		.uleb128 0x6
 1082 0605 85000000 		.4byte	.LASF88
 1083 0609 0A       		.byte	0xa
 1084 060a 3B       		.byte	0x3b
 1085 060b 3E000000 		.4byte	0x3e
 1086 060f 02       		.byte	0x2
 1087 0610 23       		.byte	0x23
 1088 0611 11       		.uleb128 0x11
 1089 0612 06       		.uleb128 0x6
 1090 0613 BC000000 		.4byte	.LASF89
 1091 0617 0A       		.byte	0xa
 1092 0618 3C       		.byte	0x3c
 1093 0619 3E000000 		.4byte	0x3e
 1094 061d 02       		.byte	0x2
 1095 061e 23       		.byte	0x23
 1096 061f 12       		.uleb128 0x12
 1097 0620 06       		.uleb128 0x6
 1098 0621 25020000 		.4byte	.LASF90
 1099 0625 0A       		.byte	0xa
 1100 0626 3D       		.byte	0x3d
 1101 0627 3E000000 		.4byte	0x3e
 1102 062b 02       		.byte	0x2
 1103 062c 23       		.byte	0x23
 1104 062d 13       		.uleb128 0x13
 1105 062e 06       		.uleb128 0x6
 1106 062f 20030000 		.4byte	.LASF91
 1107 0633 0A       		.byte	0xa
 1108 0634 3E       		.byte	0x3e
 1109 0635 3E000000 		.4byte	0x3e
 1110 0639 02       		.byte	0x2
 1111 063a 23       		.byte	0x23
 1112 063b 14       		.uleb128 0x14
 1113 063c 06       		.uleb128 0x6
 1114 063d FF020000 		.4byte	.LASF92
 1115 0641 0A       		.byte	0xa
 1116 0642 40       		.byte	0x40
 1117 0643 3E000000 		.4byte	0x3e
 1118 0647 02       		.byte	0x2
 1119 0648 23       		.byte	0x23
 1120 0649 15       		.uleb128 0x15
 1121 064a 00       		.byte	0
 1122 064b 14       		.uleb128 0x14
 1123 064c 18050000 		.4byte	0x518
 1124 0650 5B060000 		.4byte	0x65b
 1125 0654 15       		.uleb128 0x15
 1126 0655 30000000 		.4byte	0x30
ARM GAS  /tmp/cckTlYO2.s 			page 21


 1127 0659 03       		.byte	0x3
 1128 065a 00       		.byte	0
 1129 065b 04       		.uleb128 0x4
 1130 065c 1C010000 		.4byte	.LASF93
 1131 0660 0A       		.byte	0xa
 1132 0661 41       		.byte	0x41
 1133 0662 46050000 		.4byte	0x546
 1134 0666 16       		.uleb128 0x16
 1135 0667 01       		.byte	0x1
 1136 0668 8E020000 		.4byte	.LASF94
 1137 066c 01       		.byte	0x1
 1138 066d 3D       		.byte	0x3d
 1139 066e 01       		.byte	0x1
 1140 066f 00000000 		.4byte	.LFB7
 1141 0673 16000000 		.4byte	.LFE7
 1142 0677 02       		.byte	0x2
 1143 0678 7D       		.byte	0x7d
 1144 0679 00       		.sleb128 0
 1145 067a 8C060000 		.4byte	0x68c
 1146 067e 17       		.uleb128 0x17
 1147 067f 7000     		.ascii	"p\000"
 1148 0681 01       		.byte	0x1
 1149 0682 3D       		.byte	0x3d
 1150 0683 98020000 		.4byte	0x298
 1151 0687 00000000 		.4byte	.LLST0
 1152 068b 00       		.byte	0
 1153 068c 18       		.uleb128 0x18
 1154 068d 01       		.byte	0x1
 1155 068e 60010000 		.4byte	.LASF95
 1156 0692 01       		.byte	0x1
 1157 0693 54       		.byte	0x54
 1158 0694 01       		.byte	0x1
 1159 0695 00000000 		.4byte	.LFB8
 1160 0699 66000000 		.4byte	.LFE8
 1161 069d 13000000 		.4byte	.LLST1
 1162 06a1 D0060000 		.4byte	0x6d0
 1163 06a5 19       		.uleb128 0x19
 1164 06a6 73000000 		.4byte	.LASF96
 1165 06aa 01       		.byte	0x1
 1166 06ab 55       		.byte	0x55
 1167 06ac 05010000 		.4byte	0x105
 1168 06b0 05       		.byte	0x5
 1169 06b1 03       		.byte	0x3
 1170 06b2 00000000 		.4byte	mainthread.4647
 1171 06b6 1A       		.uleb128 0x1a
 1172 06b7 34000000 		.4byte	.LBB2
 1173 06bb 3C000000 		.4byte	.LBE2
 1174 06bf 1B       		.uleb128 0x1b
 1175 06c0 746D7000 		.ascii	"tmp\000"
 1176 06c4 01       		.byte	0x1
 1177 06c5 6F       		.byte	0x6f
 1178 06c6 7B000000 		.4byte	0x7b
 1179 06ca 3F000000 		.4byte	.LLST2
 1180 06ce 00       		.byte	0
 1181 06cf 00       		.byte	0
 1182 06d0 18       		.uleb128 0x18
 1183 06d1 01       		.byte	0x1
ARM GAS  /tmp/cckTlYO2.s 			page 22


 1184 06d2 32000000 		.4byte	.LASF97
 1185 06d6 01       		.byte	0x1
 1186 06d7 89       		.byte	0x89
 1187 06d8 01       		.byte	0x1
 1188 06d9 00000000 		.4byte	.LFB9
 1189 06dd 5A000000 		.4byte	.LFE9
 1190 06e1 5D000000 		.4byte	.LLST3
 1191 06e5 51070000 		.4byte	0x751
 1192 06e9 1A       		.uleb128 0x1a
 1193 06ea 2E000000 		.4byte	.LBB3
 1194 06ee 5A000000 		.4byte	.LBE3
 1195 06f2 1B       		.uleb128 0x1b
 1196 06f3 76747000 		.ascii	"vtp\000"
 1197 06f7 01       		.byte	0x1
 1198 06f8 96       		.byte	0x96
 1199 06f9 D1030000 		.4byte	0x3d1
 1200 06fd 7D000000 		.4byte	.LLST4
 1201 0701 1A       		.uleb128 0x1a
 1202 0702 36000000 		.4byte	.LBB4
 1203 0706 50000000 		.4byte	.LBE4
 1204 070a 1B       		.uleb128 0x1b
 1205 070b 666E00   		.ascii	"fn\000"
 1206 070e 01       		.byte	0x1
 1207 070f 96       		.byte	0x96
 1208 0710 56030000 		.4byte	0x356
 1209 0714 A8000000 		.4byte	.LLST5
 1210 0718 1C       		.uleb128 0x1c
 1211 0719 40000000 		.4byte	.LBB5
 1212 071d 46000000 		.4byte	.LBE5
 1213 0721 35070000 		.4byte	0x735
 1214 0725 1B       		.uleb128 0x1b
 1215 0726 746D7000 		.ascii	"tmp\000"
 1216 072a 01       		.byte	0x1
 1217 072b 96       		.byte	0x96
 1218 072c 7B000000 		.4byte	0x7b
 1219 0730 BC000000 		.4byte	.LLST6
 1220 0734 00       		.byte	0
 1221 0735 1A       		.uleb128 0x1a
 1222 0736 4A000000 		.4byte	.LBB6
 1223 073a 50000000 		.4byte	.LBE6
 1224 073e 1B       		.uleb128 0x1b
 1225 073f 746D7000 		.ascii	"tmp\000"
 1226 0743 01       		.byte	0x1
 1227 0744 96       		.byte	0x96
 1228 0745 7B000000 		.4byte	0x7b
 1229 0749 CF000000 		.4byte	.LLST7
 1230 074d 00       		.byte	0
 1231 074e 00       		.byte	0
 1232 074f 00       		.byte	0
 1233 0750 00       		.byte	0
 1234 0751 1D       		.uleb128 0x1d
 1235 0752 2B000000 		.4byte	.LASF98
 1236 0756 07       		.byte	0x7
 1237 0757 F5       		.byte	0xf5
 1238 0758 1D040000 		.4byte	0x41d
 1239 075c 01       		.byte	0x1
 1240 075d 01       		.byte	0x1
ARM GAS  /tmp/cckTlYO2.s 			page 23


 1241 075e 1D       		.uleb128 0x1d
 1242 075f F2030000 		.4byte	.LASF99
 1243 0763 08       		.byte	0x8
 1244 0764 6F       		.byte	0x6f
 1245 0765 85040000 		.4byte	0x485
 1246 0769 01       		.byte	0x1
 1247 076a 01       		.byte	0x1
 1248 076b 1D       		.uleb128 0x1d
 1249 076c B4010000 		.4byte	.LASF100
 1250 0770 0A       		.byte	0xa
 1251 0771 7E       		.byte	0x7e
 1252 0772 78070000 		.4byte	0x778
 1253 0776 01       		.byte	0x1
 1254 0777 01       		.byte	0x1
 1255 0778 12       		.uleb128 0x12
 1256 0779 5B060000 		.4byte	0x65b
 1257 077d 14       		.uleb128 0x14
 1258 077e 9A020000 		.4byte	0x29a
 1259 0782 8D070000 		.4byte	0x78d
 1260 0786 15       		.uleb128 0x15
 1261 0787 30000000 		.4byte	0x30
 1262 078b 17       		.byte	0x17
 1263 078c 00       		.byte	0
 1264 078d 1E       		.uleb128 0x1e
 1265 078e 37010000 		.4byte	.LASF101
 1266 0792 01       		.byte	0x1
 1267 0793 31       		.byte	0x31
 1268 0794 7D070000 		.4byte	0x77d
 1269 0798 01       		.byte	0x1
 1270 0799 05       		.byte	0x5
 1271 079a 03       		.byte	0x3
 1272 079b 00000000 		.4byte	_idle_thread_wa
 1273 079f 00       		.byte	0
 1274              		.section	.debug_abbrev,"",%progbits
 1275              	.Ldebug_abbrev0:
 1276 0000 01       		.uleb128 0x1
 1277 0001 11       		.uleb128 0x11
 1278 0002 01       		.byte	0x1
 1279 0003 25       		.uleb128 0x25
 1280 0004 0E       		.uleb128 0xe
 1281 0005 13       		.uleb128 0x13
 1282 0006 0B       		.uleb128 0xb
 1283 0007 03       		.uleb128 0x3
 1284 0008 0E       		.uleb128 0xe
 1285 0009 1B       		.uleb128 0x1b
 1286 000a 0E       		.uleb128 0xe
 1287 000b 11       		.uleb128 0x11
 1288 000c 01       		.uleb128 0x1
 1289 000d 52       		.uleb128 0x52
 1290 000e 01       		.uleb128 0x1
 1291 000f 55       		.uleb128 0x55
 1292 0010 06       		.uleb128 0x6
 1293 0011 10       		.uleb128 0x10
 1294 0012 06       		.uleb128 0x6
 1295 0013 00       		.byte	0
 1296 0014 00       		.byte	0
 1297 0015 02       		.uleb128 0x2
ARM GAS  /tmp/cckTlYO2.s 			page 24


 1298 0016 24       		.uleb128 0x24
 1299 0017 00       		.byte	0
 1300 0018 0B       		.uleb128 0xb
 1301 0019 0B       		.uleb128 0xb
 1302 001a 3E       		.uleb128 0x3e
 1303 001b 0B       		.uleb128 0xb
 1304 001c 03       		.uleb128 0x3
 1305 001d 08       		.uleb128 0x8
 1306 001e 00       		.byte	0
 1307 001f 00       		.byte	0
 1308 0020 03       		.uleb128 0x3
 1309 0021 24       		.uleb128 0x24
 1310 0022 00       		.byte	0
 1311 0023 0B       		.uleb128 0xb
 1312 0024 0B       		.uleb128 0xb
 1313 0025 3E       		.uleb128 0x3e
 1314 0026 0B       		.uleb128 0xb
 1315 0027 03       		.uleb128 0x3
 1316 0028 0E       		.uleb128 0xe
 1317 0029 00       		.byte	0
 1318 002a 00       		.byte	0
 1319 002b 04       		.uleb128 0x4
 1320 002c 16       		.uleb128 0x16
 1321 002d 00       		.byte	0
 1322 002e 03       		.uleb128 0x3
 1323 002f 0E       		.uleb128 0xe
 1324 0030 3A       		.uleb128 0x3a
 1325 0031 0B       		.uleb128 0xb
 1326 0032 3B       		.uleb128 0x3b
 1327 0033 0B       		.uleb128 0xb
 1328 0034 49       		.uleb128 0x49
 1329 0035 13       		.uleb128 0x13
 1330 0036 00       		.byte	0
 1331 0037 00       		.byte	0
 1332 0038 05       		.uleb128 0x5
 1333 0039 13       		.uleb128 0x13
 1334 003a 01       		.byte	0x1
 1335 003b 03       		.uleb128 0x3
 1336 003c 0E       		.uleb128 0xe
 1337 003d 0B       		.uleb128 0xb
 1338 003e 0B       		.uleb128 0xb
 1339 003f 3A       		.uleb128 0x3a
 1340 0040 0B       		.uleb128 0xb
 1341 0041 3B       		.uleb128 0x3b
 1342 0042 0B       		.uleb128 0xb
 1343 0043 01       		.uleb128 0x1
 1344 0044 13       		.uleb128 0x13
 1345 0045 00       		.byte	0
 1346 0046 00       		.byte	0
 1347 0047 06       		.uleb128 0x6
 1348 0048 0D       		.uleb128 0xd
 1349 0049 00       		.byte	0
 1350 004a 03       		.uleb128 0x3
 1351 004b 0E       		.uleb128 0xe
 1352 004c 3A       		.uleb128 0x3a
 1353 004d 0B       		.uleb128 0xb
 1354 004e 3B       		.uleb128 0x3b
ARM GAS  /tmp/cckTlYO2.s 			page 25


 1355 004f 0B       		.uleb128 0xb
 1356 0050 49       		.uleb128 0x49
 1357 0051 13       		.uleb128 0x13
 1358 0052 38       		.uleb128 0x38
 1359 0053 0A       		.uleb128 0xa
 1360 0054 00       		.byte	0
 1361 0055 00       		.byte	0
 1362 0056 07       		.uleb128 0x7
 1363 0057 0D       		.uleb128 0xd
 1364 0058 00       		.byte	0
 1365 0059 03       		.uleb128 0x3
 1366 005a 08       		.uleb128 0x8
 1367 005b 3A       		.uleb128 0x3a
 1368 005c 0B       		.uleb128 0xb
 1369 005d 3B       		.uleb128 0x3b
 1370 005e 0B       		.uleb128 0xb
 1371 005f 49       		.uleb128 0x49
 1372 0060 13       		.uleb128 0x13
 1373 0061 38       		.uleb128 0x38
 1374 0062 0A       		.uleb128 0xa
 1375 0063 00       		.byte	0
 1376 0064 00       		.byte	0
 1377 0065 08       		.uleb128 0x8
 1378 0066 13       		.uleb128 0x13
 1379 0067 01       		.byte	0x1
 1380 0068 0B       		.uleb128 0xb
 1381 0069 0B       		.uleb128 0xb
 1382 006a 3A       		.uleb128 0x3a
 1383 006b 0B       		.uleb128 0xb
 1384 006c 3B       		.uleb128 0x3b
 1385 006d 0B       		.uleb128 0xb
 1386 006e 01       		.uleb128 0x1
 1387 006f 13       		.uleb128 0x13
 1388 0070 00       		.byte	0
 1389 0071 00       		.byte	0
 1390 0072 09       		.uleb128 0x9
 1391 0073 0F       		.uleb128 0xf
 1392 0074 00       		.byte	0
 1393 0075 0B       		.uleb128 0xb
 1394 0076 0B       		.uleb128 0xb
 1395 0077 49       		.uleb128 0x49
 1396 0078 13       		.uleb128 0x13
 1397 0079 00       		.byte	0
 1398 007a 00       		.byte	0
 1399 007b 0A       		.uleb128 0xa
 1400 007c 0F       		.uleb128 0xf
 1401 007d 00       		.byte	0
 1402 007e 0B       		.uleb128 0xb
 1403 007f 0B       		.uleb128 0xb
 1404 0080 00       		.byte	0
 1405 0081 00       		.byte	0
 1406 0082 0B       		.uleb128 0xb
 1407 0083 13       		.uleb128 0x13
 1408 0084 01       		.byte	0x1
 1409 0085 03       		.uleb128 0x3
 1410 0086 0E       		.uleb128 0xe
 1411 0087 0B       		.uleb128 0xb
ARM GAS  /tmp/cckTlYO2.s 			page 26


 1412 0088 0B       		.uleb128 0xb
 1413 0089 3A       		.uleb128 0x3a
 1414 008a 0B       		.uleb128 0xb
 1415 008b 3B       		.uleb128 0x3b
 1416 008c 05       		.uleb128 0x5
 1417 008d 01       		.uleb128 0x1
 1418 008e 13       		.uleb128 0x13
 1419 008f 00       		.byte	0
 1420 0090 00       		.byte	0
 1421 0091 0C       		.uleb128 0xc
 1422 0092 0D       		.uleb128 0xd
 1423 0093 00       		.byte	0
 1424 0094 03       		.uleb128 0x3
 1425 0095 08       		.uleb128 0x8
 1426 0096 3A       		.uleb128 0x3a
 1427 0097 0B       		.uleb128 0xb
 1428 0098 3B       		.uleb128 0x3b
 1429 0099 05       		.uleb128 0x5
 1430 009a 49       		.uleb128 0x49
 1431 009b 13       		.uleb128 0x13
 1432 009c 38       		.uleb128 0x38
 1433 009d 0A       		.uleb128 0xa
 1434 009e 00       		.byte	0
 1435 009f 00       		.byte	0
 1436 00a0 0D       		.uleb128 0xd
 1437 00a1 15       		.uleb128 0x15
 1438 00a2 01       		.byte	0x1
 1439 00a3 27       		.uleb128 0x27
 1440 00a4 0C       		.uleb128 0xc
 1441 00a5 01       		.uleb128 0x1
 1442 00a6 13       		.uleb128 0x13
 1443 00a7 00       		.byte	0
 1444 00a8 00       		.byte	0
 1445 00a9 0E       		.uleb128 0xe
 1446 00aa 05       		.uleb128 0x5
 1447 00ab 00       		.byte	0
 1448 00ac 49       		.uleb128 0x49
 1449 00ad 13       		.uleb128 0x13
 1450 00ae 00       		.byte	0
 1451 00af 00       		.byte	0
 1452 00b0 0F       		.uleb128 0xf
 1453 00b1 35       		.uleb128 0x35
 1454 00b2 00       		.byte	0
 1455 00b3 49       		.uleb128 0x49
 1456 00b4 13       		.uleb128 0x13
 1457 00b5 00       		.byte	0
 1458 00b6 00       		.byte	0
 1459 00b7 10       		.uleb128 0x10
 1460 00b8 17       		.uleb128 0x17
 1461 00b9 01       		.byte	0x1
 1462 00ba 0B       		.uleb128 0xb
 1463 00bb 0B       		.uleb128 0xb
 1464 00bc 3A       		.uleb128 0x3a
 1465 00bd 0B       		.uleb128 0xb
 1466 00be 3B       		.uleb128 0x3b
 1467 00bf 0B       		.uleb128 0xb
 1468 00c0 01       		.uleb128 0x1
ARM GAS  /tmp/cckTlYO2.s 			page 27


 1469 00c1 13       		.uleb128 0x13
 1470 00c2 00       		.byte	0
 1471 00c3 00       		.byte	0
 1472 00c4 11       		.uleb128 0x11
 1473 00c5 0D       		.uleb128 0xd
 1474 00c6 00       		.byte	0
 1475 00c7 03       		.uleb128 0x3
 1476 00c8 0E       		.uleb128 0xe
 1477 00c9 3A       		.uleb128 0x3a
 1478 00ca 0B       		.uleb128 0xb
 1479 00cb 3B       		.uleb128 0x3b
 1480 00cc 0B       		.uleb128 0xb
 1481 00cd 49       		.uleb128 0x49
 1482 00ce 13       		.uleb128 0x13
 1483 00cf 00       		.byte	0
 1484 00d0 00       		.byte	0
 1485 00d1 12       		.uleb128 0x12
 1486 00d2 26       		.uleb128 0x26
 1487 00d3 00       		.byte	0
 1488 00d4 49       		.uleb128 0x49
 1489 00d5 13       		.uleb128 0x13
 1490 00d6 00       		.byte	0
 1491 00d7 00       		.byte	0
 1492 00d8 13       		.uleb128 0x13
 1493 00d9 15       		.uleb128 0x15
 1494 00da 01       		.byte	0x1
 1495 00db 27       		.uleb128 0x27
 1496 00dc 0C       		.uleb128 0xc
 1497 00dd 49       		.uleb128 0x49
 1498 00de 13       		.uleb128 0x13
 1499 00df 01       		.uleb128 0x1
 1500 00e0 13       		.uleb128 0x13
 1501 00e1 00       		.byte	0
 1502 00e2 00       		.byte	0
 1503 00e3 14       		.uleb128 0x14
 1504 00e4 01       		.uleb128 0x1
 1505 00e5 01       		.byte	0x1
 1506 00e6 49       		.uleb128 0x49
 1507 00e7 13       		.uleb128 0x13
 1508 00e8 01       		.uleb128 0x1
 1509 00e9 13       		.uleb128 0x13
 1510 00ea 00       		.byte	0
 1511 00eb 00       		.byte	0
 1512 00ec 15       		.uleb128 0x15
 1513 00ed 21       		.uleb128 0x21
 1514 00ee 00       		.byte	0
 1515 00ef 49       		.uleb128 0x49
 1516 00f0 13       		.uleb128 0x13
 1517 00f1 2F       		.uleb128 0x2f
 1518 00f2 0B       		.uleb128 0xb
 1519 00f3 00       		.byte	0
 1520 00f4 00       		.byte	0
 1521 00f5 16       		.uleb128 0x16
 1522 00f6 2E       		.uleb128 0x2e
 1523 00f7 01       		.byte	0x1
 1524 00f8 3F       		.uleb128 0x3f
 1525 00f9 0C       		.uleb128 0xc
ARM GAS  /tmp/cckTlYO2.s 			page 28


 1526 00fa 03       		.uleb128 0x3
 1527 00fb 0E       		.uleb128 0xe
 1528 00fc 3A       		.uleb128 0x3a
 1529 00fd 0B       		.uleb128 0xb
 1530 00fe 3B       		.uleb128 0x3b
 1531 00ff 0B       		.uleb128 0xb
 1532 0100 27       		.uleb128 0x27
 1533 0101 0C       		.uleb128 0xc
 1534 0102 11       		.uleb128 0x11
 1535 0103 01       		.uleb128 0x1
 1536 0104 12       		.uleb128 0x12
 1537 0105 01       		.uleb128 0x1
 1538 0106 40       		.uleb128 0x40
 1539 0107 0A       		.uleb128 0xa
 1540 0108 01       		.uleb128 0x1
 1541 0109 13       		.uleb128 0x13
 1542 010a 00       		.byte	0
 1543 010b 00       		.byte	0
 1544 010c 17       		.uleb128 0x17
 1545 010d 05       		.uleb128 0x5
 1546 010e 00       		.byte	0
 1547 010f 03       		.uleb128 0x3
 1548 0110 08       		.uleb128 0x8
 1549 0111 3A       		.uleb128 0x3a
 1550 0112 0B       		.uleb128 0xb
 1551 0113 3B       		.uleb128 0x3b
 1552 0114 0B       		.uleb128 0xb
 1553 0115 49       		.uleb128 0x49
 1554 0116 13       		.uleb128 0x13
 1555 0117 02       		.uleb128 0x2
 1556 0118 06       		.uleb128 0x6
 1557 0119 00       		.byte	0
 1558 011a 00       		.byte	0
 1559 011b 18       		.uleb128 0x18
 1560 011c 2E       		.uleb128 0x2e
 1561 011d 01       		.byte	0x1
 1562 011e 3F       		.uleb128 0x3f
 1563 011f 0C       		.uleb128 0xc
 1564 0120 03       		.uleb128 0x3
 1565 0121 0E       		.uleb128 0xe
 1566 0122 3A       		.uleb128 0x3a
 1567 0123 0B       		.uleb128 0xb
 1568 0124 3B       		.uleb128 0x3b
 1569 0125 0B       		.uleb128 0xb
 1570 0126 27       		.uleb128 0x27
 1571 0127 0C       		.uleb128 0xc
 1572 0128 11       		.uleb128 0x11
 1573 0129 01       		.uleb128 0x1
 1574 012a 12       		.uleb128 0x12
 1575 012b 01       		.uleb128 0x1
 1576 012c 40       		.uleb128 0x40
 1577 012d 06       		.uleb128 0x6
 1578 012e 01       		.uleb128 0x1
 1579 012f 13       		.uleb128 0x13
 1580 0130 00       		.byte	0
 1581 0131 00       		.byte	0
 1582 0132 19       		.uleb128 0x19
ARM GAS  /tmp/cckTlYO2.s 			page 29


 1583 0133 34       		.uleb128 0x34
 1584 0134 00       		.byte	0
 1585 0135 03       		.uleb128 0x3
 1586 0136 0E       		.uleb128 0xe
 1587 0137 3A       		.uleb128 0x3a
 1588 0138 0B       		.uleb128 0xb
 1589 0139 3B       		.uleb128 0x3b
 1590 013a 0B       		.uleb128 0xb
 1591 013b 49       		.uleb128 0x49
 1592 013c 13       		.uleb128 0x13
 1593 013d 02       		.uleb128 0x2
 1594 013e 0A       		.uleb128 0xa
 1595 013f 00       		.byte	0
 1596 0140 00       		.byte	0
 1597 0141 1A       		.uleb128 0x1a
 1598 0142 0B       		.uleb128 0xb
 1599 0143 01       		.byte	0x1
 1600 0144 11       		.uleb128 0x11
 1601 0145 01       		.uleb128 0x1
 1602 0146 12       		.uleb128 0x12
 1603 0147 01       		.uleb128 0x1
 1604 0148 00       		.byte	0
 1605 0149 00       		.byte	0
 1606 014a 1B       		.uleb128 0x1b
 1607 014b 34       		.uleb128 0x34
 1608 014c 00       		.byte	0
 1609 014d 03       		.uleb128 0x3
 1610 014e 08       		.uleb128 0x8
 1611 014f 3A       		.uleb128 0x3a
 1612 0150 0B       		.uleb128 0xb
 1613 0151 3B       		.uleb128 0x3b
 1614 0152 0B       		.uleb128 0xb
 1615 0153 49       		.uleb128 0x49
 1616 0154 13       		.uleb128 0x13
 1617 0155 02       		.uleb128 0x2
 1618 0156 06       		.uleb128 0x6
 1619 0157 00       		.byte	0
 1620 0158 00       		.byte	0
 1621 0159 1C       		.uleb128 0x1c
 1622 015a 0B       		.uleb128 0xb
 1623 015b 01       		.byte	0x1
 1624 015c 11       		.uleb128 0x11
 1625 015d 01       		.uleb128 0x1
 1626 015e 12       		.uleb128 0x12
 1627 015f 01       		.uleb128 0x1
 1628 0160 01       		.uleb128 0x1
 1629 0161 13       		.uleb128 0x13
 1630 0162 00       		.byte	0
 1631 0163 00       		.byte	0
 1632 0164 1D       		.uleb128 0x1d
 1633 0165 34       		.uleb128 0x34
 1634 0166 00       		.byte	0
 1635 0167 03       		.uleb128 0x3
 1636 0168 0E       		.uleb128 0xe
 1637 0169 3A       		.uleb128 0x3a
 1638 016a 0B       		.uleb128 0xb
 1639 016b 3B       		.uleb128 0x3b
ARM GAS  /tmp/cckTlYO2.s 			page 30


 1640 016c 0B       		.uleb128 0xb
 1641 016d 49       		.uleb128 0x49
 1642 016e 13       		.uleb128 0x13
 1643 016f 3F       		.uleb128 0x3f
 1644 0170 0C       		.uleb128 0xc
 1645 0171 3C       		.uleb128 0x3c
 1646 0172 0C       		.uleb128 0xc
 1647 0173 00       		.byte	0
 1648 0174 00       		.byte	0
 1649 0175 1E       		.uleb128 0x1e
 1650 0176 34       		.uleb128 0x34
 1651 0177 00       		.byte	0
 1652 0178 03       		.uleb128 0x3
 1653 0179 0E       		.uleb128 0xe
 1654 017a 3A       		.uleb128 0x3a
 1655 017b 0B       		.uleb128 0xb
 1656 017c 3B       		.uleb128 0x3b
 1657 017d 0B       		.uleb128 0xb
 1658 017e 49       		.uleb128 0x49
 1659 017f 13       		.uleb128 0x13
 1660 0180 3F       		.uleb128 0x3f
 1661 0181 0C       		.uleb128 0xc
 1662 0182 02       		.uleb128 0x2
 1663 0183 0A       		.uleb128 0xa
 1664 0184 00       		.byte	0
 1665 0185 00       		.byte	0
 1666 0186 00       		.byte	0
 1667              		.section	.debug_loc,"",%progbits
 1668              	.Ldebug_loc0:
 1669              	.LLST0:
 1670 0000 00000000 		.4byte	.LVL0
 1671 0004 04000000 		.4byte	.LVL1
 1672 0008 0100     		.2byte	0x1
 1673 000a 50       		.byte	0x50
 1674 000b 00000000 		.4byte	0
 1675 000f 00000000 		.4byte	0
 1676              	.LLST1:
 1677 0013 00000000 		.4byte	.LFB8
 1678 0017 02000000 		.4byte	.LCFI0
 1679 001b 0200     		.2byte	0x2
 1680 001d 7D       		.byte	0x7d
 1681 001e 00       		.sleb128 0
 1682 001f 02000000 		.4byte	.LCFI0
 1683 0023 04000000 		.4byte	.LCFI1
 1684 0027 0200     		.2byte	0x2
 1685 0029 7D       		.byte	0x7d
 1686 002a 0C       		.sleb128 12
 1687 002b 04000000 		.4byte	.LCFI1
 1688 002f 66000000 		.4byte	.LFE8
 1689 0033 0200     		.2byte	0x2
 1690 0035 7D       		.byte	0x7d
 1691 0036 18       		.sleb128 24
 1692 0037 00000000 		.4byte	0
 1693 003b 00000000 		.4byte	0
 1694              	.LLST2:
 1695 003f 3C000000 		.4byte	.LVL3
 1696 0043 50000000 		.4byte	.LVL4
ARM GAS  /tmp/cckTlYO2.s 			page 31


 1697 0047 0100     		.2byte	0x1
 1698 0049 53       		.byte	0x53
 1699 004a 5E000000 		.4byte	.LVL5
 1700 004e 66000000 		.4byte	.LFE8
 1701 0052 0100     		.2byte	0x1
 1702 0054 54       		.byte	0x54
 1703 0055 00000000 		.4byte	0
 1704 0059 00000000 		.4byte	0
 1705              	.LLST3:
 1706 005d 00000000 		.4byte	.LFB9
 1707 0061 02000000 		.4byte	.LCFI2
 1708 0065 0200     		.2byte	0x2
 1709 0067 7D       		.byte	0x7d
 1710 0068 00       		.sleb128 0
 1711 0069 02000000 		.4byte	.LCFI2
 1712 006d 5A000000 		.4byte	.LFE9
 1713 0071 0200     		.2byte	0x2
 1714 0073 7D       		.byte	0x7d
 1715 0074 10       		.sleb128 16
 1716 0075 00000000 		.4byte	0
 1717 0079 00000000 		.4byte	0
 1718              	.LLST4:
 1719 007d 34000000 		.4byte	.LVL6
 1720 0081 36000000 		.4byte	.LVL7
 1721 0085 0200     		.2byte	0x2
 1722 0087 74       		.byte	0x74
 1723 0088 00       		.sleb128 0
 1724 0089 36000000 		.4byte	.LVL7
 1725 008d 49000000 		.4byte	.LVL12-1
 1726 0091 0100     		.2byte	0x1
 1727 0093 51       		.byte	0x51
 1728 0094 52000000 		.4byte	.LVL14
 1729 0098 58000000 		.4byte	.LVL15
 1730 009c 0200     		.2byte	0x2
 1731 009e 74       		.byte	0x74
 1732 009f 00       		.sleb128 0
 1733 00a0 00000000 		.4byte	0
 1734 00a4 00000000 		.4byte	0
 1735              	.LLST5:
 1736 00a8 3A000000 		.4byte	.LVL9
 1737 00ac 49000000 		.4byte	.LVL12-1
 1738 00b0 0200     		.2byte	0x2
 1739 00b2 71       		.byte	0x71
 1740 00b3 0C       		.sleb128 12
 1741 00b4 00000000 		.4byte	0
 1742 00b8 00000000 		.4byte	0
 1743              	.LLST6:
 1744 00bc 46000000 		.4byte	.LVL11
 1745 00c0 49000000 		.4byte	.LVL12-1
 1746 00c4 0100     		.2byte	0x1
 1747 00c6 53       		.byte	0x53
 1748 00c7 00000000 		.4byte	0
 1749 00cb 00000000 		.4byte	0
 1750              	.LLST7:
 1751 00cf 36000000 		.4byte	.LVL7
 1752 00d3 38000000 		.4byte	.LVL8
 1753 00d7 0100     		.2byte	0x1
ARM GAS  /tmp/cckTlYO2.s 			page 32


 1754 00d9 53       		.byte	0x53
 1755 00da 50000000 		.4byte	.LVL13
 1756 00de 5A000000 		.4byte	.LFE9
 1757 00e2 0100     		.2byte	0x1
 1758 00e4 53       		.byte	0x53
 1759 00e5 00000000 		.4byte	0
 1760 00e9 00000000 		.4byte	0
 1761              		.section	.debug_aranges,"",%progbits
 1762 0000 2C000000 		.4byte	0x2c
 1763 0004 0200     		.2byte	0x2
 1764 0006 00000000 		.4byte	.Ldebug_info0
 1765 000a 04       		.byte	0x4
 1766 000b 00       		.byte	0
 1767 000c 0000     		.2byte	0
 1768 000e 0000     		.2byte	0
 1769 0010 00000000 		.4byte	.LFB7
 1770 0014 16000000 		.4byte	.LFE7-.LFB7
 1771 0018 00000000 		.4byte	.LFB8
 1772 001c 66000000 		.4byte	.LFE8-.LFB8
 1773 0020 00000000 		.4byte	.LFB9
 1774 0024 5A000000 		.4byte	.LFE9-.LFB9
 1775 0028 00000000 		.4byte	0
 1776 002c 00000000 		.4byte	0
 1777              		.section	.debug_ranges,"",%progbits
 1778              	.Ldebug_ranges0:
 1779 0000 00000000 		.4byte	.LFB7
 1780 0004 16000000 		.4byte	.LFE7
 1781 0008 00000000 		.4byte	.LFB8
 1782 000c 66000000 		.4byte	.LFE8
 1783 0010 00000000 		.4byte	.LFB9
 1784 0014 5A000000 		.4byte	.LFE9
 1785 0018 00000000 		.4byte	0
 1786 001c 00000000 		.4byte	0
 1787              		.section	.debug_line,"",%progbits
 1788              	.Ldebug_line0:
 1789 0000 AC010000 		.section	.debug_str,"MS",%progbits,1
 1789      02005401 
 1789      00000201 
 1789      FB0E0D00 
 1789      01010101 
 1790              	.LASF74:
 1791 0000 7466756E 		.ascii	"tfunc_t\000"
 1791      635F7400 
 1792              	.LASF85:
 1793 0008 63665F6F 		.ascii	"cf_off_older\000"
 1793      66665F6F 
 1793      6C646572 
 1793      00
 1794              	.LASF38:
 1795 0015 705F6D73 		.ascii	"p_msg\000"
 1795      6700
 1796              	.LASF69:
 1797 001b 7264796D 		.ascii	"rdymsg\000"
 1797      736700
 1798              	.LASF12:
 1799 0022 75696E74 		.ascii	"uint64_t\000"
 1799      36345F74 
ARM GAS  /tmp/cckTlYO2.s 			page 33


 1799      00
 1800              	.LASF98:
 1801 002b 76746C69 		.ascii	"vtlist\000"
 1801      737400
 1802              	.LASF97:
 1803 0032 63685379 		.ascii	"chSysTimerHandlerI\000"
 1803      7354696D 
 1803      65724861 
 1803      6E646C65 
 1803      724900
 1804              	.LASF13:
 1805 0045 6C6F6E67 		.ascii	"long long unsigned int\000"
 1805      206C6F6E 
 1805      6720756E 
 1805      7369676E 
 1805      65642069 
 1806              	.LASF81:
 1807 005c 63685F74 		.ascii	"ch_threadsize\000"
 1807      68726561 
 1807      6473697A 
 1807      6500
 1808              	.LASF70:
 1809 006a 65786974 		.ascii	"exitcode\000"
 1809      636F6465 
 1809      00
 1810              	.LASF96:
 1811 0073 6D61696E 		.ascii	"mainthread\000"
 1811      74687265 
 1811      616400
 1812              	.LASF26:
 1813 007e 705F7072 		.ascii	"p_prio\000"
 1813      696F00
 1814              	.LASF88:
 1815 0085 63665F6F 		.ascii	"cf_off_state\000"
 1815      66665F73 
 1815      74617465 
 1815      00
 1816              	.LASF11:
 1817 0092 6C6F6E67 		.ascii	"long long int\000"
 1817      206C6F6E 
 1817      6720696E 
 1817      7400
 1818              	.LASF1:
 1819 00a0 7369676E 		.ascii	"signed char\000"
 1819      65642063 
 1819      68617200 
 1820              	.LASF87:
 1821 00ac 63665F6F 		.ascii	"cf_off_stklimit\000"
 1821      66665F73 
 1821      746B6C69 
 1821      6D697400 
 1822              	.LASF89:
 1823 00bc 63665F6F 		.ascii	"cf_off_flags\000"
 1823      66665F66 
 1823      6C616773 
 1823      00
 1824              	.LASF42:
ARM GAS  /tmp/cckTlYO2.s 			page 34


 1825 00c9 705F6D70 		.ascii	"p_mpool\000"
 1825      6F6F6C00 
 1826              	.LASF66:
 1827 00d1 6D5F7175 		.ascii	"m_queue\000"
 1827      65756500 
 1828              	.LASF18:
 1829 00d9 74736C69 		.ascii	"tslices_t\000"
 1829      6365735F 
 1829      7400
 1830              	.LASF8:
 1831 00e3 6C6F6E67 		.ascii	"long int\000"
 1831      20696E74 
 1831      00
 1832              	.LASF103:
 1833 00ec 2E2E2F43 		.ascii	"../ChibiOS_2.6.2/os/kernel/src/chsys.c\000"
 1833      68696269 
 1833      4F535F32 
 1833      2E362E32 
 1833      2F6F732F 
 1834              	.LASF5:
 1835 0113 75696E74 		.ascii	"uint16_t\000"
 1835      31365F74 
 1835      00
 1836              	.LASF93:
 1837 011c 63686465 		.ascii	"chdebug_t\000"
 1837      6275675F 
 1837      7400
 1838              	.LASF16:
 1839 0126 74737461 		.ascii	"tstate_t\000"
 1839      74655F74 
 1839      00
 1840              	.LASF28:
 1841 012f 705F6E65 		.ascii	"p_newer\000"
 1841      77657200 
 1842              	.LASF101:
 1843 0137 5F69646C 		.ascii	"_idle_thread_wa\000"
 1843      655F7468 
 1843      72656164 
 1843      5F776100 
 1844              	.LASF61:
 1845 0147 725F6E65 		.ascii	"r_newer\000"
 1845      77657200 
 1846              	.LASF45:
 1847 014f 72656761 		.ascii	"regarm_t\000"
 1847      726D5F74 
 1847      00
 1848              	.LASF52:
 1849 0158 76745F70 		.ascii	"vt_prev\000"
 1849      72657600 
 1850              	.LASF95:
 1851 0160 63685379 		.ascii	"chSysInit\000"
 1851      73496E69 
 1851      7400
 1852              	.LASF0:
 1853 016a 756E7369 		.ascii	"unsigned int\000"
 1853      676E6564 
 1853      20696E74 
ARM GAS  /tmp/cckTlYO2.s 			page 35


 1853      00
 1854              	.LASF51:
 1855 0177 76745F6E 		.ascii	"vt_next\000"
 1855      65787400 
 1856              	.LASF104:
 1857 017f 2F686F6D 		.ascii	"/home/aolsen/vrc-9999/TossUp-Joker\000"
 1857      652F616F 
 1857      6C73656E 
 1857      2F767263 
 1857      2D393939 
 1858              	.LASF10:
 1859 01a2 6C6F6E67 		.ascii	"long unsigned int\000"
 1859      20756E73 
 1859      69676E65 
 1859      6420696E 
 1859      7400
 1860              	.LASF100:
 1861 01b4 63685F64 		.ascii	"ch_debug\000"
 1861      65627567 
 1861      00
 1862              	.LASF75:
 1863 01bd 63685F69 		.ascii	"ch_identifier\000"
 1863      64656E74 
 1863      69666965 
 1863      7200
 1864              	.LASF48:
 1865 01cb 636F6E74 		.ascii	"context\000"
 1865      65787400 
 1866              	.LASF6:
 1867 01d3 73686F72 		.ascii	"short unsigned int\000"
 1867      7420756E 
 1867      7369676E 
 1867      65642069 
 1867      6E7400
 1868              	.LASF20:
 1869 01e6 6D73675F 		.ascii	"msg_t\000"
 1869      7400
 1870              	.LASF15:
 1871 01ec 746D6F64 		.ascii	"tmode_t\000"
 1871      655F7400 
 1872              	.LASF44:
 1873 01f4 54687265 		.ascii	"ThreadsList\000"
 1873      6164734C 
 1873      69737400 
 1874              	.LASF21:
 1875 0200 6576656E 		.ascii	"eventmask_t\000"
 1875      746D6173 
 1875      6B5F7400 
 1876              	.LASF65:
 1877 020c 4D757465 		.ascii	"Mutex\000"
 1877      7800
 1878              	.LASF46:
 1879 0212 73746B61 		.ascii	"stkalign_t\000"
 1879      6C69676E 
 1879      5F7400
 1880              	.LASF76:
 1881 021d 63685F7A 		.ascii	"ch_zero\000"
ARM GAS  /tmp/cckTlYO2.s 			page 36


 1881      65726F00 
 1882              	.LASF90:
 1883 0225 63665F6F 		.ascii	"cf_off_refs\000"
 1883      66665F72 
 1883      65667300 
 1884              	.LASF53:
 1885 0231 76745F74 		.ascii	"vt_time\000"
 1885      696D6500 
 1886              	.LASF54:
 1887 0239 76745F66 		.ascii	"vt_func\000"
 1887      756E6300 
 1888              	.LASF80:
 1889 0241 63685F74 		.ascii	"ch_timesize\000"
 1889      696D6573 
 1889      697A6500 
 1890              	.LASF86:
 1891 024d 63665F6F 		.ascii	"cf_off_name\000"
 1891      66665F6E 
 1891      616D6500 
 1892              	.LASF29:
 1893 0259 705F6F6C 		.ascii	"p_older\000"
 1893      64657200 
 1894              	.LASF60:
 1895 0261 725F6374 		.ascii	"r_ctx\000"
 1895      7800
 1896              	.LASF43:
 1897 0267 54687265 		.ascii	"ThreadsQueue\000"
 1897      61647351 
 1897      75657565 
 1897      00
 1898              	.LASF77:
 1899 0274 63685F73 		.ascii	"ch_size\000"
 1899      697A6500 
 1900              	.LASF63:
 1901 027c 725F6375 		.ascii	"r_current\000"
 1901      7272656E 
 1901      7400
 1902              	.LASF62:
 1903 0286 725F6F6C 		.ascii	"r_older\000"
 1903      64657200 
 1904              	.LASF94:
 1905 028e 5F69646C 		.ascii	"_idle_thread\000"
 1905      655F7468 
 1905      72656164 
 1905      00
 1906              	.LASF17:
 1907 029b 74726566 		.ascii	"trefs_t\000"
 1907      735F7400 
 1908              	.LASF79:
 1909 02a3 63685F70 		.ascii	"ch_ptrsize\000"
 1909      74727369 
 1909      7A6500
 1910              	.LASF25:
 1911 02ae 705F7072 		.ascii	"p_prev\000"
 1911      657600
 1912              	.LASF19:
 1913 02b5 74707269 		.ascii	"tprio_t\000"
ARM GAS  /tmp/cckTlYO2.s 			page 37


 1913      6F5F7400 
 1914              	.LASF14:
 1915 02bd 5F426F6F 		.ascii	"_Bool\000"
 1915      6C00
 1916              	.LASF7:
 1917 02c3 696E7433 		.ascii	"int32_t\000"
 1917      325F7400 
 1918              	.LASF2:
 1919 02cb 756E7369 		.ascii	"unsigned char\000"
 1919      676E6564 
 1919      20636861 
 1919      7200
 1920              	.LASF40:
 1921 02d9 705F6D74 		.ascii	"p_mtxlist\000"
 1921      786C6973 
 1921      7400
 1922              	.LASF3:
 1923 02e3 73686F72 		.ascii	"short int\000"
 1923      7420696E 
 1923      7400
 1924              	.LASF31:
 1925 02ed 705F7374 		.ascii	"p_state\000"
 1925      61746500 
 1926              	.LASF34:
 1927 02f5 705F7072 		.ascii	"p_preempt\000"
 1927      65656D70 
 1927      7400
 1928              	.LASF92:
 1929 02ff 63665F6F 		.ascii	"cf_off_time\000"
 1929      66665F74 
 1929      696D6500 
 1930              	.LASF59:
 1931 030b 725F7072 		.ascii	"r_prio\000"
 1931      696F00
 1932              	.LASF72:
 1933 0312 65776D61 		.ascii	"ewmask\000"
 1933      736B00
 1934              	.LASF24:
 1935 0319 705F6E65 		.ascii	"p_next\000"
 1935      787400
 1936              	.LASF91:
 1937 0320 63665F6F 		.ascii	"cf_off_preempt\000"
 1937      66665F70 
 1937      7265656D 
 1937      707400
 1938              	.LASF32:
 1939 032f 705F666C 		.ascii	"p_flags\000"
 1939      61677300 
 1940              	.LASF23:
 1941 0337 54687265 		.ascii	"Thread\000"
 1941      616400
 1942              	.LASF84:
 1943 033e 63665F6F 		.ascii	"cf_off_newer\000"
 1943      66665F6E 
 1943      65776572 
 1943      00
 1944              	.LASF39:
ARM GAS  /tmp/cckTlYO2.s 			page 38


 1945 034b 705F6570 		.ascii	"p_epending\000"
 1945      656E6469 
 1945      6E6700
 1946              	.LASF9:
 1947 0356 75696E74 		.ascii	"uint32_t\000"
 1947      33325F74 
 1947      00
 1948              	.LASF82:
 1949 035f 63665F6F 		.ascii	"cf_off_prio\000"
 1949      66665F70 
 1949      72696F00 
 1950              	.LASF58:
 1951 036b 725F7175 		.ascii	"r_queue\000"
 1951      65756500 
 1952              	.LASF50:
 1953 0373 56697274 		.ascii	"VirtualTimer\000"
 1953      75616C54 
 1953      696D6572 
 1953      00
 1954              	.LASF102:
 1955 0380 474E5520 		.ascii	"GNU C 4.6.3\000"
 1955      4320342E 
 1955      362E3300 
 1956              	.LASF73:
 1957 038c 63686172 		.ascii	"char\000"
 1957      00
 1958              	.LASF68:
 1959 0391 6D5F6E65 		.ascii	"m_next\000"
 1959      787400
 1960              	.LASF22:
 1961 0398 73797374 		.ascii	"systime_t\000"
 1961      696D655F 
 1961      7400
 1962              	.LASF41:
 1963 03a2 705F7265 		.ascii	"p_realprio\000"
 1963      616C7072 
 1963      696F00
 1964              	.LASF49:
 1965 03ad 76746675 		.ascii	"vtfunc_t\000"
 1965      6E635F74 
 1965      00
 1966              	.LASF35:
 1967 03b6 705F7469 		.ascii	"p_time\000"
 1967      6D6500
 1968              	.LASF47:
 1969 03bd 696E7463 		.ascii	"intctx\000"
 1969      747800
 1970              	.LASF37:
 1971 03c4 705F6D73 		.ascii	"p_msgqueue\000"
 1971      67717565 
 1971      756500
 1972              	.LASF55:
 1973 03cf 76745F70 		.ascii	"vt_par\000"
 1973      617200
 1974              	.LASF83:
 1975 03d6 63665F6F 		.ascii	"cf_off_ctx\000"
 1975      66665F63 
ARM GAS  /tmp/cckTlYO2.s 			page 39


 1975      747800
 1976              	.LASF33:
 1977 03e1 705F7265 		.ascii	"p_refs\000"
 1977      667300
 1978              	.LASF64:
 1979 03e8 52656164 		.ascii	"ReadyList\000"
 1979      794C6973 
 1979      7400
 1980              	.LASF99:
 1981 03f2 726C6973 		.ascii	"rlist\000"
 1981      7400
 1982              	.LASF4:
 1983 03f8 75696E74 		.ascii	"uint8_t\000"
 1983      385F7400 
 1984              	.LASF71:
 1985 0400 77746F62 		.ascii	"wtobjp\000"
 1985      6A7000
 1986              	.LASF30:
 1987 0407 705F6E61 		.ascii	"p_name\000"
 1987      6D6500
 1988              	.LASF56:
 1989 040e 76745F73 		.ascii	"vt_systime\000"
 1989      79737469 
 1989      6D6500
 1990              	.LASF78:
 1991 0419 63685F76 		.ascii	"ch_version\000"
 1991      65727369 
 1991      6F6E00
 1992              	.LASF57:
 1993 0424 56544C69 		.ascii	"VTList\000"
 1993      737400
 1994              	.LASF67:
 1995 042b 6D5F6F77 		.ascii	"m_owner\000"
 1995      6E657200 
 1996              	.LASF27:
 1997 0433 705F6374 		.ascii	"p_ctx\000"
 1997      7800
 1998              	.LASF36:
 1999 0439 705F7761 		.ascii	"p_waiting\000"
 1999      6974696E 
 1999      6700
 2000              		.ident	"GCC: (Sourcery CodeBench Lite 2012.03-56) 4.6.3"
ARM GAS  /tmp/cckTlYO2.s 			page 40


DEFINED SYMBOLS
                            *ABS*:00000000 chsys.c
     /tmp/cckTlYO2.s:19     .text._idle_thread:00000000 $t
     /tmp/cckTlYO2.s:25     .text._idle_thread:00000000 _idle_thread
     /tmp/cckTlYO2.s:233    .rodata.str1.4:00000000 .LC0
     /tmp/cckTlYO2.s:48     .text.chSysInit:00000000 $t
     /tmp/cckTlYO2.s:54     .text.chSysInit:00000000 chSysInit
     /tmp/cckTlYO2.s:226    .bss.mainthread.4647:00000000 .LANCHOR0
     /tmp/cckTlYO2.s:237    .bss._idle_thread_wa:00000000 .LANCHOR1
     /tmp/cckTlYO2.s:126    .text.chSysTimerHandlerI:00000000 $t
     /tmp/cckTlYO2.s:132    .text.chSysTimerHandlerI:00000000 chSysTimerHandlerI
     /tmp/cckTlYO2.s:240    .bss._idle_thread_wa:00000000 _idle_thread_wa
     /tmp/cckTlYO2.s:225    .bss.mainthread.4647:00000000 $d
     /tmp/cckTlYO2.s:229    .bss.mainthread.4647:00000000 mainthread.4647
     /tmp/cckTlYO2.s:232    .rodata.str1.4:00000000 $d
     /tmp/cckTlYO2.s:236    .bss._idle_thread_wa:00000000 $d
                     .debug_frame:00000010 $d

UNDEFINED SYMBOLS
rlist
_port_init
_scheduler_init
_vt_init
_core_init
_heap_init
_thread_init
ch_debug
chThdCreateStatic
vtlist
