ARM GAS  /tmp/ccEGqD2f.s 			page 1


   1              		.syntax unified
   2              		.cpu cortex-m3
   3              		.fpu softvfp
   4              		.eabi_attribute 20, 1
   5              		.eabi_attribute 21, 1
   6              		.eabi_attribute 23, 3
   7              		.eabi_attribute 24, 1
   8              		.eabi_attribute 25, 1
   9              		.eabi_attribute 26, 1
  10              		.eabi_attribute 30, 2
  11              		.eabi_attribute 34, 1
  12              		.eabi_attribute 18, 4
  13              		.thumb
  14              		.file	"chvt.c"
  15              		.text
  16              	.Ltext0:
  17              		.cfi_sections	.debug_frame
  18              		.section	.text._vt_init,"ax",%progbits
  19              		.align	2
  20              		.p2align 4,,15
  21              		.global	_vt_init
  22              		.thumb
  23              		.thumb_func
  24              		.type	_vt_init, %function
  25              	_vt_init:
  26              	.LFB7:
  27              		.file 1 "../ChibiOS_2.6.2/os/kernel/src/chvt.c"
  28              		.loc 1 50 0
  29              		.cfi_startproc
  30              		@ args = 0, pretend = 0, frame = 0
  31              		@ frame_needed = 0, uses_anonymous_args = 0
  32              		@ link register save eliminated.
  33              		.loc 1 52 0
  34 0000 40F20003 		movw	r3, #:lower16:.LANCHOR0
  35 0004 C0F20003 		movt	r3, #:upper16:.LANCHOR0
  36              		.loc 1 53 0
  37 0008 4FF0FF30 		mov	r0, #-1
  38              		.loc 1 54 0
  39 000c 0022     		movs	r2, #0
  40              		.loc 1 52 0
  41 000e 5B60     		str	r3, [r3, #4]
  42 0010 1B60     		str	r3, [r3, #0]
  43              		.loc 1 53 0
  44 0012 9860     		str	r0, [r3, #8]
  45              		.loc 1 54 0
  46 0014 DA60     		str	r2, [r3, #12]
  47              		.loc 1 55 0
  48 0016 7047     		bx	lr
  49              		.cfi_endproc
  50              	.LFE7:
  51              		.size	_vt_init, .-_vt_init
  52 0018 AFF30080 		.section	.text.chVTSetI,"ax",%progbits
  52      AFF30080 
  53              		.align	2
  54              		.p2align 4,,15
  55              		.global	chVTSetI
  56              		.thumb
ARM GAS  /tmp/ccEGqD2f.s 			page 2


  57              		.thumb_func
  58              		.type	chVTSetI, %function
  59              	chVTSetI:
  60              	.LFB8:
  61              		.loc 1 76 0
  62              		.cfi_startproc
  63              		@ args = 0, pretend = 0, frame = 0
  64              		@ frame_needed = 0, uses_anonymous_args = 0
  65              		@ link register save eliminated.
  66              	.LVL0:
  67 0000 70B4     		push	{r4, r5, r6}
  68              	.LCFI0:
  69              		.cfi_def_cfa_offset 12
  70              		.cfi_offset 6, -4
  71              		.cfi_offset 5, -8
  72              		.cfi_offset 4, -12
  73              		.loc 1 85 0
  74 0002 40F20005 		movw	r5, #:lower16:.LANCHOR0
  75 0006 C0F20005 		movt	r5, #:upper16:.LANCHOR0
  76 000a 2C68     		ldr	r4, [r5, #0]
  77              	.LVL1:
  78              		.loc 1 83 0
  79 000c 0361     		str	r3, [r0, #16]
  80              		.loc 1 86 0
  81 000e A668     		ldr	r6, [r4, #8]
  82              		.loc 1 84 0
  83 0010 C260     		str	r2, [r0, #12]
  84              		.loc 1 86 0
  85 0012 B142     		cmp	r1, r6
  86 0014 04D9     		bls	.L3
  87              	.LVL2:
  88              	.L6:
  89              		.loc 1 88 0
  90 0016 2468     		ldr	r4, [r4, #0]
  91              	.LVL3:
  92              		.loc 1 87 0
  93 0018 891B     		subs	r1, r1, r6
  94              	.LVL4:
  95              		.loc 1 86 0
  96 001a A668     		ldr	r6, [r4, #8]
  97 001c 8E42     		cmp	r6, r1
  98 001e FAD3     		bcc	.L6
  99              	.L3:
 100              		.loc 1 91 0
 101 0020 6368     		ldr	r3, [r4, #4]
 102              	.LVL5:
 103              		.loc 1 93 0
 104 0022 8160     		str	r1, [r0, #8]
 105              		.loc 1 94 0
 106 0024 AC42     		cmp	r4, r5
 107              		.loc 1 91 0
 108 0026 4360     		str	r3, [r0, #4]
 109 0028 0460     		str	r4, [r0, #0]
 110              		.loc 1 92 0
 111 002a 1860     		str	r0, [r3, #0]
 112              		.loc 1 95 0
 113 002c 18BF     		it	ne
ARM GAS  /tmp/ccEGqD2f.s 			page 3


 114 002e A368     		ldrne	r3, [r4, #8]
 115              		.loc 1 92 0
 116 0030 6060     		str	r0, [r4, #4]
 117              		.loc 1 95 0
 118 0032 1CBF     		itt	ne
 119 0034 C1EB0301 		rsbne	r1, r1, r3
 120              	.LVL6:
 121 0038 A160     		strne	r1, [r4, #8]
 122              		.loc 1 96 0
 123 003a 70BC     		pop	{r4, r5, r6}
 124 003c 7047     		bx	lr
 125              		.cfi_endproc
 126              	.LFE8:
 127              		.size	chVTSetI, .-chVTSetI
 128 003e 00BF     		.section	.text.chVTResetI,"ax",%progbits
 129              		.align	2
 130              		.p2align 4,,15
 131              		.global	chVTResetI
 132              		.thumb
 133              		.thumb_func
 134              		.type	chVTResetI, %function
 135              	chVTResetI:
 136              	.LFB9:
 137              		.loc 1 106 0
 138              		.cfi_startproc
 139              		@ args = 0, pretend = 0, frame = 0
 140              		@ frame_needed = 0, uses_anonymous_args = 0
 141              		@ link register save eliminated.
 142              	.LVL7:
 143              		.loc 1 114 0
 144 0000 0368     		ldr	r3, [r0, #0]
 145 0002 40F20002 		movw	r2, #:lower16:.LANCHOR0
 146 0006 C0F20002 		movt	r2, #:upper16:.LANCHOR0
 147 000a 9342     		cmp	r3, r2
 148              		.loc 1 115 0
 149 000c 1FBF     		itttt	ne
 150 000e 9968     		ldrne	r1, [r3, #8]
 151 0010 8268     		ldrne	r2, [r0, #8]
 152 0012 8A18     		addne	r2, r1, r2
 153 0014 9A60     		strne	r2, [r3, #8]
 154              		.loc 1 116 0
 155 0016 4268     		ldr	r2, [r0, #4]
 156              		.loc 1 118 0
 157 0018 0021     		movs	r1, #0
 158              		.loc 1 116 0
 159 001a 1360     		str	r3, [r2, #0]
 160              		.loc 1 117 0
 161 001c 0368     		ldr	r3, [r0, #0]
 162              		.loc 1 118 0
 163 001e C160     		str	r1, [r0, #12]
 164              		.loc 1 117 0
 165 0020 5A60     		str	r2, [r3, #4]
 166              		.loc 1 119 0
 167 0022 7047     		bx	lr
 168              		.cfi_endproc
 169              	.LFE9:
 170              		.size	chVTResetI, .-chVTResetI
ARM GAS  /tmp/ccEGqD2f.s 			page 4


 171              		.global	vtlist
 172 0024 AFF30080 		.section	.bss.vtlist,"aw",%nobits
 172      AFF30080 
 172      AFF30080 
 173              		.align	2
 174              		.set	.LANCHOR0,. + 0
 175              		.type	vtlist, %object
 176              		.size	vtlist, 16
 177              	vtlist:
 178 0000 00000000 		.space	16
 178      00000000 
 178      00000000 
 178      00000000 
 179              		.text
 180              	.Letext0:
 181              		.file 2 "/opt/pros/toolchain/bin/../lib/gcc/arm-none-eabi/4.6.3/../../../../arm-none-eabi/include/
 182              		.file 3 "../ChibiOS_2.6.2/os/ports/GCC/ARMCMx/chtypes.h"
 183              		.file 4 "../ChibiOS_2.6.2/os/kernel/include/chvt.h"
 184              		.section	.debug_info,"",%progbits
 185              	.Ldebug_info0:
 186 0000 0F020000 		.4byte	0x20f
 187 0004 0200     		.2byte	0x2
 188 0006 00000000 		.4byte	.Ldebug_abbrev0
 189 000a 04       		.byte	0x4
 190 000b 01       		.uleb128 0x1
 191 000c 4E000000 		.4byte	.LASF26
 192 0010 01       		.byte	0x1
 193 0011 8D000000 		.4byte	.LASF27
 194 0015 71000000 		.4byte	.LASF28
 195 0019 00000000 		.4byte	0
 196 001d 00000000 		.4byte	0
 197 0021 00000000 		.4byte	.Ldebug_ranges0+0
 198 0025 00000000 		.4byte	.Ldebug_line0
 199 0029 02       		.uleb128 0x2
 200 002a 04       		.byte	0x4
 201 002b 05       		.byte	0x5
 202 002c 696E7400 		.ascii	"int\000"
 203 0030 03       		.uleb128 0x3
 204 0031 04       		.byte	0x4
 205 0032 07       		.byte	0x7
 206 0033 B3000000 		.4byte	.LASF0
 207 0037 03       		.uleb128 0x3
 208 0038 01       		.byte	0x1
 209 0039 06       		.byte	0x6
 210 003a 43010000 		.4byte	.LASF1
 211 003e 03       		.uleb128 0x3
 212 003f 01       		.byte	0x1
 213 0040 08       		.byte	0x8
 214 0041 5A000000 		.4byte	.LASF2
 215 0045 03       		.uleb128 0x3
 216 0046 02       		.byte	0x2
 217 0047 05       		.byte	0x5
 218 0048 1F010000 		.4byte	.LASF3
 219 004c 03       		.uleb128 0x3
 220 004d 02       		.byte	0x2
 221 004e 07       		.byte	0x7
 222 004f 2E000000 		.4byte	.LASF4
ARM GAS  /tmp/ccEGqD2f.s 			page 5


 223 0053 03       		.uleb128 0x3
 224 0054 04       		.byte	0x4
 225 0055 05       		.byte	0x5
 226 0056 3A010000 		.4byte	.LASF5
 227 005a 04       		.uleb128 0x4
 228 005b 31010000 		.4byte	.LASF10
 229 005f 02       		.byte	0x2
 230 0060 50       		.byte	0x50
 231 0061 65000000 		.4byte	0x65
 232 0065 03       		.uleb128 0x3
 233 0066 04       		.byte	0x4
 234 0067 07       		.byte	0x7
 235 0068 1C000000 		.4byte	.LASF6
 236 006c 03       		.uleb128 0x3
 237 006d 08       		.byte	0x8
 238 006e 05       		.byte	0x5
 239 006f F6000000 		.4byte	.LASF7
 240 0073 03       		.uleb128 0x3
 241 0074 08       		.byte	0x8
 242 0075 07       		.byte	0x7
 243 0076 C0000000 		.4byte	.LASF8
 244 007a 03       		.uleb128 0x3
 245 007b 01       		.byte	0x1
 246 007c 02       		.byte	0x2
 247 007d 69010000 		.4byte	.LASF9
 248 0081 04       		.uleb128 0x4
 249 0082 09000000 		.4byte	.LASF11
 250 0086 03       		.byte	0x3
 251 0087 35       		.byte	0x35
 252 0088 5A000000 		.4byte	0x5a
 253 008c 05       		.uleb128 0x5
 254 008d 04       		.byte	0x4
 255 008e 04       		.uleb128 0x4
 256 008f 13000000 		.4byte	.LASF12
 257 0093 04       		.byte	0x4
 258 0094 58       		.byte	0x58
 259 0095 99000000 		.4byte	0x99
 260 0099 06       		.uleb128 0x6
 261 009a 04       		.byte	0x4
 262 009b 9F000000 		.4byte	0x9f
 263 009f 07       		.uleb128 0x7
 264 00a0 01       		.byte	0x1
 265 00a1 AB000000 		.4byte	0xab
 266 00a5 08       		.uleb128 0x8
 267 00a6 8C000000 		.4byte	0x8c
 268 00aa 00       		.byte	0
 269 00ab 04       		.uleb128 0x4
 270 00ac 41000000 		.4byte	.LASF13
 271 00b0 04       		.byte	0x4
 272 00b1 5D       		.byte	0x5d
 273 00b2 B6000000 		.4byte	0xb6
 274 00b6 09       		.uleb128 0x9
 275 00b7 41000000 		.4byte	.LASF13
 276 00bb 14       		.byte	0x14
 277 00bc 04       		.byte	0x4
 278 00bd 64       		.byte	0x64
 279 00be 09010000 		.4byte	0x109
ARM GAS  /tmp/ccEGqD2f.s 			page 6


 280 00c2 0A       		.uleb128 0xa
 281 00c3 56010000 		.4byte	.LASF14
 282 00c7 04       		.byte	0x4
 283 00c8 65       		.byte	0x65
 284 00c9 09010000 		.4byte	0x109
 285 00cd 02       		.byte	0x2
 286 00ce 23       		.byte	0x23
 287 00cf 00       		.uleb128 0
 288 00d0 0A       		.uleb128 0xa
 289 00d1 29010000 		.4byte	.LASF15
 290 00d5 04       		.byte	0x4
 291 00d6 67       		.byte	0x67
 292 00d7 09010000 		.4byte	0x109
 293 00db 02       		.byte	0x2
 294 00dc 23       		.byte	0x23
 295 00dd 04       		.uleb128 0x4
 296 00de 0A       		.uleb128 0xa
 297 00df E3000000 		.4byte	.LASF16
 298 00e3 04       		.byte	0x4
 299 00e4 69       		.byte	0x69
 300 00e5 81000000 		.4byte	0x81
 301 00e9 02       		.byte	0x2
 302 00ea 23       		.byte	0x23
 303 00eb 08       		.uleb128 0x8
 304 00ec 0A       		.uleb128 0xa
 305 00ed 04010000 		.4byte	.LASF17
 306 00f1 04       		.byte	0x4
 307 00f2 6A       		.byte	0x6a
 308 00f3 8E000000 		.4byte	0x8e
 309 00f7 02       		.byte	0x2
 310 00f8 23       		.byte	0x23
 311 00f9 0C       		.uleb128 0xc
 312 00fa 0A       		.uleb128 0xa
 313 00fb 18010000 		.4byte	.LASF18
 314 00ff 04       		.byte	0x4
 315 0100 6C       		.byte	0x6c
 316 0101 8C000000 		.4byte	0x8c
 317 0105 02       		.byte	0x2
 318 0106 23       		.byte	0x23
 319 0107 10       		.uleb128 0x10
 320 0108 00       		.byte	0
 321 0109 06       		.uleb128 0x6
 322 010a 04       		.byte	0x4
 323 010b AB000000 		.4byte	0xab
 324 010f 0B       		.uleb128 0xb
 325 0110 10       		.byte	0x10
 326 0111 04       		.byte	0x4
 327 0112 76       		.byte	0x76
 328 0113 50010000 		.4byte	0x150
 329 0117 0A       		.uleb128 0xa
 330 0118 56010000 		.4byte	.LASF14
 331 011c 04       		.byte	0x4
 332 011d 77       		.byte	0x77
 333 011e 09010000 		.4byte	0x109
 334 0122 02       		.byte	0x2
 335 0123 23       		.byte	0x23
 336 0124 00       		.uleb128 0
ARM GAS  /tmp/ccEGqD2f.s 			page 7


 337 0125 0A       		.uleb128 0xa
 338 0126 29010000 		.4byte	.LASF15
 339 012a 04       		.byte	0x4
 340 012b 79       		.byte	0x79
 341 012c 09010000 		.4byte	0x109
 342 0130 02       		.byte	0x2
 343 0131 23       		.byte	0x23
 344 0132 04       		.uleb128 0x4
 345 0133 0A       		.uleb128 0xa
 346 0134 E3000000 		.4byte	.LASF16
 347 0138 04       		.byte	0x4
 348 0139 7B       		.byte	0x7b
 349 013a 81000000 		.4byte	0x81
 350 013e 02       		.byte	0x2
 351 013f 23       		.byte	0x23
 352 0140 08       		.uleb128 0x8
 353 0141 0A       		.uleb128 0xa
 354 0142 EB000000 		.4byte	.LASF19
 355 0146 04       		.byte	0x4
 356 0147 7C       		.byte	0x7c
 357 0148 50010000 		.4byte	0x150
 358 014c 02       		.byte	0x2
 359 014d 23       		.byte	0x23
 360 014e 0C       		.uleb128 0xc
 361 014f 00       		.byte	0
 362 0150 0C       		.uleb128 0xc
 363 0151 81000000 		.4byte	0x81
 364 0155 04       		.uleb128 0x4
 365 0156 4F010000 		.4byte	.LASF20
 366 015a 04       		.byte	0x4
 367 015b 7D       		.byte	0x7d
 368 015c 0F010000 		.4byte	0x10f
 369 0160 03       		.uleb128 0x3
 370 0161 01       		.byte	0x1
 371 0162 08       		.byte	0x8
 372 0163 13010000 		.4byte	.LASF21
 373 0167 0D       		.uleb128 0xd
 374 0168 01       		.byte	0x1
 375 0169 68000000 		.4byte	.LASF29
 376 016d 01       		.byte	0x1
 377 016e 32       		.byte	0x32
 378 016f 01       		.byte	0x1
 379 0170 00000000 		.4byte	.LFB7
 380 0174 18000000 		.4byte	.LFE7
 381 0178 02       		.byte	0x2
 382 0179 7D       		.byte	0x7d
 383 017a 00       		.sleb128 0
 384 017b 0E       		.uleb128 0xe
 385 017c 01       		.byte	0x1
 386 017d 00000000 		.4byte	.LASF24
 387 0181 01       		.byte	0x1
 388 0182 4C       		.byte	0x4c
 389 0183 01       		.byte	0x1
 390 0184 00000000 		.4byte	.LFB8
 391 0188 3E000000 		.4byte	.LFE8
 392 018c 00000000 		.4byte	.LLST0
 393 0190 DA010000 		.4byte	0x1da
ARM GAS  /tmp/ccEGqD2f.s 			page 8


 394 0194 0F       		.uleb128 0xf
 395 0195 76747000 		.ascii	"vtp\000"
 396 0199 01       		.byte	0x1
 397 019a 4C       		.byte	0x4c
 398 019b 09010000 		.4byte	0x109
 399 019f 01       		.byte	0x1
 400 01a0 50       		.byte	0x50
 401 01a1 10       		.uleb128 0x10
 402 01a2 DE000000 		.4byte	.LASF22
 403 01a6 01       		.byte	0x1
 404 01a7 4C       		.byte	0x4c
 405 01a8 81000000 		.4byte	0x81
 406 01ac 20000000 		.4byte	.LLST1
 407 01b0 11       		.uleb128 0x11
 408 01b1 0C010000 		.4byte	.LASF23
 409 01b5 01       		.byte	0x1
 410 01b6 4C       		.byte	0x4c
 411 01b7 8E000000 		.4byte	0x8e
 412 01bb 01       		.byte	0x1
 413 01bc 52       		.byte	0x52
 414 01bd 12       		.uleb128 0x12
 415 01be 70617200 		.ascii	"par\000"
 416 01c2 01       		.byte	0x1
 417 01c3 4C       		.byte	0x4c
 418 01c4 8C000000 		.4byte	0x8c
 419 01c8 3F000000 		.4byte	.LLST2
 420 01cc 13       		.uleb128 0x13
 421 01cd 7000     		.ascii	"p\000"
 422 01cf 01       		.byte	0x1
 423 01d0 4D       		.byte	0x4d
 424 01d1 09010000 		.4byte	0x109
 425 01d5 5E000000 		.4byte	.LLST3
 426 01d9 00       		.byte	0
 427 01da 14       		.uleb128 0x14
 428 01db 01       		.byte	0x1
 429 01dc 5E010000 		.4byte	.LASF25
 430 01e0 01       		.byte	0x1
 431 01e1 6A       		.byte	0x6a
 432 01e2 01       		.byte	0x1
 433 01e3 00000000 		.4byte	.LFB9
 434 01e7 24000000 		.4byte	.LFE9
 435 01eb 02       		.byte	0x2
 436 01ec 7D       		.byte	0x7d
 437 01ed 00       		.sleb128 0
 438 01ee 00020000 		.4byte	0x200
 439 01f2 0F       		.uleb128 0xf
 440 01f3 76747000 		.ascii	"vtp\000"
 441 01f7 01       		.byte	0x1
 442 01f8 6A       		.byte	0x6a
 443 01f9 09010000 		.4byte	0x109
 444 01fd 01       		.byte	0x1
 445 01fe 50       		.byte	0x50
 446 01ff 00       		.byte	0
 447 0200 15       		.uleb128 0x15
 448 0201 D7000000 		.4byte	.LASF30
 449 0205 01       		.byte	0x1
 450 0206 2A       		.byte	0x2a
ARM GAS  /tmp/ccEGqD2f.s 			page 9


 451 0207 55010000 		.4byte	0x155
 452 020b 01       		.byte	0x1
 453 020c 05       		.byte	0x5
 454 020d 03       		.byte	0x3
 455 020e 00000000 		.4byte	vtlist
 456 0212 00       		.byte	0
 457              		.section	.debug_abbrev,"",%progbits
 458              	.Ldebug_abbrev0:
 459 0000 01       		.uleb128 0x1
 460 0001 11       		.uleb128 0x11
 461 0002 01       		.byte	0x1
 462 0003 25       		.uleb128 0x25
 463 0004 0E       		.uleb128 0xe
 464 0005 13       		.uleb128 0x13
 465 0006 0B       		.uleb128 0xb
 466 0007 03       		.uleb128 0x3
 467 0008 0E       		.uleb128 0xe
 468 0009 1B       		.uleb128 0x1b
 469 000a 0E       		.uleb128 0xe
 470 000b 11       		.uleb128 0x11
 471 000c 01       		.uleb128 0x1
 472 000d 52       		.uleb128 0x52
 473 000e 01       		.uleb128 0x1
 474 000f 55       		.uleb128 0x55
 475 0010 06       		.uleb128 0x6
 476 0011 10       		.uleb128 0x10
 477 0012 06       		.uleb128 0x6
 478 0013 00       		.byte	0
 479 0014 00       		.byte	0
 480 0015 02       		.uleb128 0x2
 481 0016 24       		.uleb128 0x24
 482 0017 00       		.byte	0
 483 0018 0B       		.uleb128 0xb
 484 0019 0B       		.uleb128 0xb
 485 001a 3E       		.uleb128 0x3e
 486 001b 0B       		.uleb128 0xb
 487 001c 03       		.uleb128 0x3
 488 001d 08       		.uleb128 0x8
 489 001e 00       		.byte	0
 490 001f 00       		.byte	0
 491 0020 03       		.uleb128 0x3
 492 0021 24       		.uleb128 0x24
 493 0022 00       		.byte	0
 494 0023 0B       		.uleb128 0xb
 495 0024 0B       		.uleb128 0xb
 496 0025 3E       		.uleb128 0x3e
 497 0026 0B       		.uleb128 0xb
 498 0027 03       		.uleb128 0x3
 499 0028 0E       		.uleb128 0xe
 500 0029 00       		.byte	0
 501 002a 00       		.byte	0
 502 002b 04       		.uleb128 0x4
 503 002c 16       		.uleb128 0x16
 504 002d 00       		.byte	0
 505 002e 03       		.uleb128 0x3
 506 002f 0E       		.uleb128 0xe
 507 0030 3A       		.uleb128 0x3a
ARM GAS  /tmp/ccEGqD2f.s 			page 10


 508 0031 0B       		.uleb128 0xb
 509 0032 3B       		.uleb128 0x3b
 510 0033 0B       		.uleb128 0xb
 511 0034 49       		.uleb128 0x49
 512 0035 13       		.uleb128 0x13
 513 0036 00       		.byte	0
 514 0037 00       		.byte	0
 515 0038 05       		.uleb128 0x5
 516 0039 0F       		.uleb128 0xf
 517 003a 00       		.byte	0
 518 003b 0B       		.uleb128 0xb
 519 003c 0B       		.uleb128 0xb
 520 003d 00       		.byte	0
 521 003e 00       		.byte	0
 522 003f 06       		.uleb128 0x6
 523 0040 0F       		.uleb128 0xf
 524 0041 00       		.byte	0
 525 0042 0B       		.uleb128 0xb
 526 0043 0B       		.uleb128 0xb
 527 0044 49       		.uleb128 0x49
 528 0045 13       		.uleb128 0x13
 529 0046 00       		.byte	0
 530 0047 00       		.byte	0
 531 0048 07       		.uleb128 0x7
 532 0049 15       		.uleb128 0x15
 533 004a 01       		.byte	0x1
 534 004b 27       		.uleb128 0x27
 535 004c 0C       		.uleb128 0xc
 536 004d 01       		.uleb128 0x1
 537 004e 13       		.uleb128 0x13
 538 004f 00       		.byte	0
 539 0050 00       		.byte	0
 540 0051 08       		.uleb128 0x8
 541 0052 05       		.uleb128 0x5
 542 0053 00       		.byte	0
 543 0054 49       		.uleb128 0x49
 544 0055 13       		.uleb128 0x13
 545 0056 00       		.byte	0
 546 0057 00       		.byte	0
 547 0058 09       		.uleb128 0x9
 548 0059 13       		.uleb128 0x13
 549 005a 01       		.byte	0x1
 550 005b 03       		.uleb128 0x3
 551 005c 0E       		.uleb128 0xe
 552 005d 0B       		.uleb128 0xb
 553 005e 0B       		.uleb128 0xb
 554 005f 3A       		.uleb128 0x3a
 555 0060 0B       		.uleb128 0xb
 556 0061 3B       		.uleb128 0x3b
 557 0062 0B       		.uleb128 0xb
 558 0063 01       		.uleb128 0x1
 559 0064 13       		.uleb128 0x13
 560 0065 00       		.byte	0
 561 0066 00       		.byte	0
 562 0067 0A       		.uleb128 0xa
 563 0068 0D       		.uleb128 0xd
 564 0069 00       		.byte	0
ARM GAS  /tmp/ccEGqD2f.s 			page 11


 565 006a 03       		.uleb128 0x3
 566 006b 0E       		.uleb128 0xe
 567 006c 3A       		.uleb128 0x3a
 568 006d 0B       		.uleb128 0xb
 569 006e 3B       		.uleb128 0x3b
 570 006f 0B       		.uleb128 0xb
 571 0070 49       		.uleb128 0x49
 572 0071 13       		.uleb128 0x13
 573 0072 38       		.uleb128 0x38
 574 0073 0A       		.uleb128 0xa
 575 0074 00       		.byte	0
 576 0075 00       		.byte	0
 577 0076 0B       		.uleb128 0xb
 578 0077 13       		.uleb128 0x13
 579 0078 01       		.byte	0x1
 580 0079 0B       		.uleb128 0xb
 581 007a 0B       		.uleb128 0xb
 582 007b 3A       		.uleb128 0x3a
 583 007c 0B       		.uleb128 0xb
 584 007d 3B       		.uleb128 0x3b
 585 007e 0B       		.uleb128 0xb
 586 007f 01       		.uleb128 0x1
 587 0080 13       		.uleb128 0x13
 588 0081 00       		.byte	0
 589 0082 00       		.byte	0
 590 0083 0C       		.uleb128 0xc
 591 0084 35       		.uleb128 0x35
 592 0085 00       		.byte	0
 593 0086 49       		.uleb128 0x49
 594 0087 13       		.uleb128 0x13
 595 0088 00       		.byte	0
 596 0089 00       		.byte	0
 597 008a 0D       		.uleb128 0xd
 598 008b 2E       		.uleb128 0x2e
 599 008c 00       		.byte	0
 600 008d 3F       		.uleb128 0x3f
 601 008e 0C       		.uleb128 0xc
 602 008f 03       		.uleb128 0x3
 603 0090 0E       		.uleb128 0xe
 604 0091 3A       		.uleb128 0x3a
 605 0092 0B       		.uleb128 0xb
 606 0093 3B       		.uleb128 0x3b
 607 0094 0B       		.uleb128 0xb
 608 0095 27       		.uleb128 0x27
 609 0096 0C       		.uleb128 0xc
 610 0097 11       		.uleb128 0x11
 611 0098 01       		.uleb128 0x1
 612 0099 12       		.uleb128 0x12
 613 009a 01       		.uleb128 0x1
 614 009b 40       		.uleb128 0x40
 615 009c 0A       		.uleb128 0xa
 616 009d 00       		.byte	0
 617 009e 00       		.byte	0
 618 009f 0E       		.uleb128 0xe
 619 00a0 2E       		.uleb128 0x2e
 620 00a1 01       		.byte	0x1
 621 00a2 3F       		.uleb128 0x3f
ARM GAS  /tmp/ccEGqD2f.s 			page 12


 622 00a3 0C       		.uleb128 0xc
 623 00a4 03       		.uleb128 0x3
 624 00a5 0E       		.uleb128 0xe
 625 00a6 3A       		.uleb128 0x3a
 626 00a7 0B       		.uleb128 0xb
 627 00a8 3B       		.uleb128 0x3b
 628 00a9 0B       		.uleb128 0xb
 629 00aa 27       		.uleb128 0x27
 630 00ab 0C       		.uleb128 0xc
 631 00ac 11       		.uleb128 0x11
 632 00ad 01       		.uleb128 0x1
 633 00ae 12       		.uleb128 0x12
 634 00af 01       		.uleb128 0x1
 635 00b0 40       		.uleb128 0x40
 636 00b1 06       		.uleb128 0x6
 637 00b2 01       		.uleb128 0x1
 638 00b3 13       		.uleb128 0x13
 639 00b4 00       		.byte	0
 640 00b5 00       		.byte	0
 641 00b6 0F       		.uleb128 0xf
 642 00b7 05       		.uleb128 0x5
 643 00b8 00       		.byte	0
 644 00b9 03       		.uleb128 0x3
 645 00ba 08       		.uleb128 0x8
 646 00bb 3A       		.uleb128 0x3a
 647 00bc 0B       		.uleb128 0xb
 648 00bd 3B       		.uleb128 0x3b
 649 00be 0B       		.uleb128 0xb
 650 00bf 49       		.uleb128 0x49
 651 00c0 13       		.uleb128 0x13
 652 00c1 02       		.uleb128 0x2
 653 00c2 0A       		.uleb128 0xa
 654 00c3 00       		.byte	0
 655 00c4 00       		.byte	0
 656 00c5 10       		.uleb128 0x10
 657 00c6 05       		.uleb128 0x5
 658 00c7 00       		.byte	0
 659 00c8 03       		.uleb128 0x3
 660 00c9 0E       		.uleb128 0xe
 661 00ca 3A       		.uleb128 0x3a
 662 00cb 0B       		.uleb128 0xb
 663 00cc 3B       		.uleb128 0x3b
 664 00cd 0B       		.uleb128 0xb
 665 00ce 49       		.uleb128 0x49
 666 00cf 13       		.uleb128 0x13
 667 00d0 02       		.uleb128 0x2
 668 00d1 06       		.uleb128 0x6
 669 00d2 00       		.byte	0
 670 00d3 00       		.byte	0
 671 00d4 11       		.uleb128 0x11
 672 00d5 05       		.uleb128 0x5
 673 00d6 00       		.byte	0
 674 00d7 03       		.uleb128 0x3
 675 00d8 0E       		.uleb128 0xe
 676 00d9 3A       		.uleb128 0x3a
 677 00da 0B       		.uleb128 0xb
 678 00db 3B       		.uleb128 0x3b
ARM GAS  /tmp/ccEGqD2f.s 			page 13


 679 00dc 0B       		.uleb128 0xb
 680 00dd 49       		.uleb128 0x49
 681 00de 13       		.uleb128 0x13
 682 00df 02       		.uleb128 0x2
 683 00e0 0A       		.uleb128 0xa
 684 00e1 00       		.byte	0
 685 00e2 00       		.byte	0
 686 00e3 12       		.uleb128 0x12
 687 00e4 05       		.uleb128 0x5
 688 00e5 00       		.byte	0
 689 00e6 03       		.uleb128 0x3
 690 00e7 08       		.uleb128 0x8
 691 00e8 3A       		.uleb128 0x3a
 692 00e9 0B       		.uleb128 0xb
 693 00ea 3B       		.uleb128 0x3b
 694 00eb 0B       		.uleb128 0xb
 695 00ec 49       		.uleb128 0x49
 696 00ed 13       		.uleb128 0x13
 697 00ee 02       		.uleb128 0x2
 698 00ef 06       		.uleb128 0x6
 699 00f0 00       		.byte	0
 700 00f1 00       		.byte	0
 701 00f2 13       		.uleb128 0x13
 702 00f3 34       		.uleb128 0x34
 703 00f4 00       		.byte	0
 704 00f5 03       		.uleb128 0x3
 705 00f6 08       		.uleb128 0x8
 706 00f7 3A       		.uleb128 0x3a
 707 00f8 0B       		.uleb128 0xb
 708 00f9 3B       		.uleb128 0x3b
 709 00fa 0B       		.uleb128 0xb
 710 00fb 49       		.uleb128 0x49
 711 00fc 13       		.uleb128 0x13
 712 00fd 02       		.uleb128 0x2
 713 00fe 06       		.uleb128 0x6
 714 00ff 00       		.byte	0
 715 0100 00       		.byte	0
 716 0101 14       		.uleb128 0x14
 717 0102 2E       		.uleb128 0x2e
 718 0103 01       		.byte	0x1
 719 0104 3F       		.uleb128 0x3f
 720 0105 0C       		.uleb128 0xc
 721 0106 03       		.uleb128 0x3
 722 0107 0E       		.uleb128 0xe
 723 0108 3A       		.uleb128 0x3a
 724 0109 0B       		.uleb128 0xb
 725 010a 3B       		.uleb128 0x3b
 726 010b 0B       		.uleb128 0xb
 727 010c 27       		.uleb128 0x27
 728 010d 0C       		.uleb128 0xc
 729 010e 11       		.uleb128 0x11
 730 010f 01       		.uleb128 0x1
 731 0110 12       		.uleb128 0x12
 732 0111 01       		.uleb128 0x1
 733 0112 40       		.uleb128 0x40
 734 0113 0A       		.uleb128 0xa
 735 0114 01       		.uleb128 0x1
ARM GAS  /tmp/ccEGqD2f.s 			page 14


 736 0115 13       		.uleb128 0x13
 737 0116 00       		.byte	0
 738 0117 00       		.byte	0
 739 0118 15       		.uleb128 0x15
 740 0119 34       		.uleb128 0x34
 741 011a 00       		.byte	0
 742 011b 03       		.uleb128 0x3
 743 011c 0E       		.uleb128 0xe
 744 011d 3A       		.uleb128 0x3a
 745 011e 0B       		.uleb128 0xb
 746 011f 3B       		.uleb128 0x3b
 747 0120 0B       		.uleb128 0xb
 748 0121 49       		.uleb128 0x49
 749 0122 13       		.uleb128 0x13
 750 0123 3F       		.uleb128 0x3f
 751 0124 0C       		.uleb128 0xc
 752 0125 02       		.uleb128 0x2
 753 0126 0A       		.uleb128 0xa
 754 0127 00       		.byte	0
 755 0128 00       		.byte	0
 756 0129 00       		.byte	0
 757              		.section	.debug_loc,"",%progbits
 758              	.Ldebug_loc0:
 759              	.LLST0:
 760 0000 00000000 		.4byte	.LFB8
 761 0004 02000000 		.4byte	.LCFI0
 762 0008 0200     		.2byte	0x2
 763 000a 7D       		.byte	0x7d
 764 000b 00       		.sleb128 0
 765 000c 02000000 		.4byte	.LCFI0
 766 0010 3E000000 		.4byte	.LFE8
 767 0014 0200     		.2byte	0x2
 768 0016 7D       		.byte	0x7d
 769 0017 0C       		.sleb128 12
 770 0018 00000000 		.4byte	0
 771 001c 00000000 		.4byte	0
 772              	.LLST1:
 773 0020 00000000 		.4byte	.LVL0
 774 0024 38000000 		.4byte	.LVL6
 775 0028 0100     		.2byte	0x1
 776 002a 51       		.byte	0x51
 777 002b 38000000 		.4byte	.LVL6
 778 002f 3E000000 		.4byte	.LFE8
 779 0033 0200     		.2byte	0x2
 780 0035 70       		.byte	0x70
 781 0036 08       		.sleb128 8
 782 0037 00000000 		.4byte	0
 783 003b 00000000 		.4byte	0
 784              	.LLST2:
 785 003f 00000000 		.4byte	.LVL0
 786 0043 22000000 		.4byte	.LVL5
 787 0047 0100     		.2byte	0x1
 788 0049 53       		.byte	0x53
 789 004a 22000000 		.4byte	.LVL5
 790 004e 3E000000 		.4byte	.LFE8
 791 0052 0200     		.2byte	0x2
 792 0054 70       		.byte	0x70
ARM GAS  /tmp/ccEGqD2f.s 			page 15


 793 0055 10       		.sleb128 16
 794 0056 00000000 		.4byte	0
 795 005a 00000000 		.4byte	0
 796              	.LLST3:
 797 005e 0C000000 		.4byte	.LVL1
 798 0062 16000000 		.4byte	.LVL2
 799 0066 0500     		.2byte	0x5
 800 0068 03       		.byte	0x3
 801 0069 00000000 		.4byte	vtlist
 802 006d 16000000 		.4byte	.LVL2
 803 0071 18000000 		.4byte	.LVL3
 804 0075 0100     		.2byte	0x1
 805 0077 54       		.byte	0x54
 806 0078 1A000000 		.4byte	.LVL4
 807 007c 3E000000 		.4byte	.LFE8
 808 0080 0100     		.2byte	0x1
 809 0082 54       		.byte	0x54
 810 0083 00000000 		.4byte	0
 811 0087 00000000 		.4byte	0
 812              		.section	.debug_aranges,"",%progbits
 813 0000 2C000000 		.4byte	0x2c
 814 0004 0200     		.2byte	0x2
 815 0006 00000000 		.4byte	.Ldebug_info0
 816 000a 04       		.byte	0x4
 817 000b 00       		.byte	0
 818 000c 0000     		.2byte	0
 819 000e 0000     		.2byte	0
 820 0010 00000000 		.4byte	.LFB7
 821 0014 18000000 		.4byte	.LFE7-.LFB7
 822 0018 00000000 		.4byte	.LFB8
 823 001c 3E000000 		.4byte	.LFE8-.LFB8
 824 0020 00000000 		.4byte	.LFB9
 825 0024 24000000 		.4byte	.LFE9-.LFB9
 826 0028 00000000 		.4byte	0
 827 002c 00000000 		.4byte	0
 828              		.section	.debug_ranges,"",%progbits
 829              	.Ldebug_ranges0:
 830 0000 00000000 		.4byte	.LFB7
 831 0004 18000000 		.4byte	.LFE7
 832 0008 00000000 		.4byte	.LFB8
 833 000c 3E000000 		.4byte	.LFE8
 834 0010 00000000 		.4byte	.LFB9
 835 0014 24000000 		.4byte	.LFE9
 836 0018 00000000 		.4byte	0
 837 001c 00000000 		.4byte	0
 838              		.section	.debug_line,"",%progbits
 839              	.Ldebug_line0:
 840 0000 58010000 		.section	.debug_str,"MS",%progbits,1
 840      02000001 
 840      00000201 
 840      FB0E0D00 
 840      01010101 
 841              	.LASF24:
 842 0000 63685654 		.ascii	"chVTSetI\000"
 842      53657449 
 842      00
 843              	.LASF11:
ARM GAS  /tmp/ccEGqD2f.s 			page 16


 844 0009 73797374 		.ascii	"systime_t\000"
 844      696D655F 
 844      7400
 845              	.LASF12:
 846 0013 76746675 		.ascii	"vtfunc_t\000"
 846      6E635F74 
 846      00
 847              	.LASF6:
 848 001c 6C6F6E67 		.ascii	"long unsigned int\000"
 848      20756E73 
 848      69676E65 
 848      6420696E 
 848      7400
 849              	.LASF4:
 850 002e 73686F72 		.ascii	"short unsigned int\000"
 850      7420756E 
 850      7369676E 
 850      65642069 
 850      6E7400
 851              	.LASF13:
 852 0041 56697274 		.ascii	"VirtualTimer\000"
 852      75616C54 
 852      696D6572 
 852      00
 853              	.LASF26:
 854 004e 474E5520 		.ascii	"GNU C 4.6.3\000"
 854      4320342E 
 854      362E3300 
 855              	.LASF2:
 856 005a 756E7369 		.ascii	"unsigned char\000"
 856      676E6564 
 856      20636861 
 856      7200
 857              	.LASF29:
 858 0068 5F76745F 		.ascii	"_vt_init\000"
 858      696E6974 
 858      00
 859              	.LASF28:
 860 0071 2F686F6D 		.ascii	"/home/aolsen/pros/9999-0.13\000"
 860      652F616F 
 860      6C73656E 
 860      2F70726F 
 860      732F3939 
 861              	.LASF27:
 862 008d 2E2E2F43 		.ascii	"../ChibiOS_2.6.2/os/kernel/src/chvt.c\000"
 862      68696269 
 862      4F535F32 
 862      2E362E32 
 862      2F6F732F 
 863              	.LASF0:
 864 00b3 756E7369 		.ascii	"unsigned int\000"
 864      676E6564 
 864      20696E74 
 864      00
 865              	.LASF8:
 866 00c0 6C6F6E67 		.ascii	"long long unsigned int\000"
 866      206C6F6E 
ARM GAS  /tmp/ccEGqD2f.s 			page 17


 866      6720756E 
 866      7369676E 
 866      65642069 
 867              	.LASF30:
 868 00d7 76746C69 		.ascii	"vtlist\000"
 868      737400
 869              	.LASF22:
 870 00de 74696D65 		.ascii	"time\000"
 870      00
 871              	.LASF16:
 872 00e3 76745F74 		.ascii	"vt_time\000"
 872      696D6500 
 873              	.LASF19:
 874 00eb 76745F73 		.ascii	"vt_systime\000"
 874      79737469 
 874      6D6500
 875              	.LASF7:
 876 00f6 6C6F6E67 		.ascii	"long long int\000"
 876      206C6F6E 
 876      6720696E 
 876      7400
 877              	.LASF17:
 878 0104 76745F66 		.ascii	"vt_func\000"
 878      756E6300 
 879              	.LASF23:
 880 010c 76746675 		.ascii	"vtfunc\000"
 880      6E6300
 881              	.LASF21:
 882 0113 63686172 		.ascii	"char\000"
 882      00
 883              	.LASF18:
 884 0118 76745F70 		.ascii	"vt_par\000"
 884      617200
 885              	.LASF3:
 886 011f 73686F72 		.ascii	"short int\000"
 886      7420696E 
 886      7400
 887              	.LASF15:
 888 0129 76745F70 		.ascii	"vt_prev\000"
 888      72657600 
 889              	.LASF10:
 890 0131 75696E74 		.ascii	"uint32_t\000"
 890      33325F74 
 890      00
 891              	.LASF5:
 892 013a 6C6F6E67 		.ascii	"long int\000"
 892      20696E74 
 892      00
 893              	.LASF1:
 894 0143 7369676E 		.ascii	"signed char\000"
 894      65642063 
 894      68617200 
 895              	.LASF20:
 896 014f 56544C69 		.ascii	"VTList\000"
 896      737400
 897              	.LASF14:
 898 0156 76745F6E 		.ascii	"vt_next\000"
ARM GAS  /tmp/ccEGqD2f.s 			page 18


 898      65787400 
 899              	.LASF25:
 900 015e 63685654 		.ascii	"chVTResetI\000"
 900      52657365 
 900      744900
 901              	.LASF9:
 902 0169 5F426F6F 		.ascii	"_Bool\000"
 902      6C00
 903              		.ident	"GCC: (Sourcery CodeBench Lite 2012.03-56) 4.6.3"
ARM GAS  /tmp/ccEGqD2f.s 			page 19


DEFINED SYMBOLS
                            *ABS*:00000000 chvt.c
     /tmp/ccEGqD2f.s:19     .text._vt_init:00000000 $t
     /tmp/ccEGqD2f.s:25     .text._vt_init:00000000 _vt_init
     /tmp/ccEGqD2f.s:174    .bss.vtlist:00000000 .LANCHOR0
     /tmp/ccEGqD2f.s:53     .text.chVTSetI:00000000 $t
     /tmp/ccEGqD2f.s:59     .text.chVTSetI:00000000 chVTSetI
     /tmp/ccEGqD2f.s:129    .text.chVTResetI:00000000 $t
     /tmp/ccEGqD2f.s:135    .text.chVTResetI:00000000 chVTResetI
     /tmp/ccEGqD2f.s:177    .bss.vtlist:00000000 vtlist
     /tmp/ccEGqD2f.s:173    .bss.vtlist:00000000 $d
                     .debug_frame:00000010 $d

NO UNDEFINED SYMBOLS
