ARM GAS  /tmp/ccGnQQE2.s 			page 1


   1              		.syntax unified
   2              		.cpu cortex-m3
   3              		.fpu softvfp
   4              		.eabi_attribute 20, 1
   5              		.eabi_attribute 21, 1
   6              		.eabi_attribute 23, 3
   7              		.eabi_attribute 24, 1
   8              		.eabi_attribute 25, 1
   9              		.eabi_attribute 26, 1
  10              		.eabi_attribute 30, 2
  11              		.eabi_attribute 34, 1
  12              		.eabi_attribute 18, 4
  13              		.thumb
  14              		.file	"evtimer.c"
  15              		.text
  16              	.Ltext0:
  17              		.cfi_sections	.debug_frame
  18              		.section	.text.tmrcb,"ax",%progbits
  19              		.align	2
  20              		.p2align 4,,15
  21              		.thumb
  22              		.thumb_func
  23              		.type	tmrcb, %function
  24              	tmrcb:
  25              	.LFB7:
  26              		.file 1 "../ChibiOS_2.6.2/os/various/evtimer.c"
  27              		.loc 1 28 0
  28              		.cfi_startproc
  29              		@ args = 0, pretend = 0, frame = 0
  30              		@ frame_needed = 0, uses_anonymous_args = 0
  31              	.LVL0:
  32 0000 10B5     		push	{r4, lr}
  33              	.LCFI0:
  34              		.cfi_def_cfa_offset 8
  35              		.cfi_offset 14, -4
  36              		.cfi_offset 4, -8
  37              	.LBB2:
  38              		.loc 1 31 0
  39 0002 2023     		movs	r3, #32
  40              	.LVL1:
  41              	.LBE2:
  42              		.loc 1 28 0
  43 0004 0446     		mov	r4, r0
  44              	.LVL2:
  45              	.LBB3:
  46              		.loc 1 31 0
  47              	@ 31 "../ChibiOS_2.6.2/os/various/evtimer.c" 1
  48 0006 83F31188 		msr     BASEPRI, r3
  49              	@ 0 "" 2
  50              	.LVL3:
  51              		.thumb
  52              	.LBE3:
  53              		.loc 1 32 0
  54 000a 0021     		movs	r1, #0
  55 000c 1430     		adds	r0, r0, #20
  56              	.LVL4:
  57 000e FFF7FEFF 		bl	chEvtBroadcastFlagsI
ARM GAS  /tmp/ccGnQQE2.s 			page 2


  58              	.LVL5:
  59              		.loc 1 33 0
  60 0012 40F20002 		movw	r2, #:lower16:tmrcb
  61 0016 2346     		mov	r3, r4
  62 0018 2046     		mov	r0, r4
  63 001a A169     		ldr	r1, [r4, #24]
  64 001c C0F20002 		movt	r2, #:upper16:tmrcb
  65 0020 FFF7FEFF 		bl	chVTSetI
  66              	.LBB4:
  67              		.loc 1 34 0
  68 0024 0023     		movs	r3, #0
  69              	.LVL6:
  70              	@ 34 "../ChibiOS_2.6.2/os/various/evtimer.c" 1
  71 0026 83F31188 		msr     BASEPRI, r3
  72              	@ 0 "" 2
  73              	.LVL7:
  74              		.thumb
  75              	.LBE4:
  76              		.loc 1 35 0
  77 002a 10BD     		pop	{r4, pc}
  78              		.cfi_endproc
  79              	.LFE7:
  80              		.size	tmrcb, .-tmrcb
  81 002c AFF30080 		.section	.text.evtStart,"ax",%progbits
  82              		.align	2
  83              		.p2align 4,,15
  84              		.global	evtStart
  85              		.thumb
  86              		.thumb_func
  87              		.type	evtStart, %function
  88              	evtStart:
  89              	.LFB8:
  90              		.loc 1 43 0
  91              		.cfi_startproc
  92              		@ args = 0, pretend = 0, frame = 0
  93              		@ frame_needed = 0, uses_anonymous_args = 0
  94              	.LVL8:
  95 0000 10B5     		push	{r4, lr}
  96              	.LCFI1:
  97              		.cfi_def_cfa_offset 8
  98              		.cfi_offset 14, -4
  99              		.cfi_offset 4, -8
 100              	.LBB5:
 101              		.loc 1 45 0
 102 0002 2023     		movs	r3, #32
 103              	.LVL9:
 104              	@ 45 "../ChibiOS_2.6.2/os/various/evtimer.c" 1
 105 0004 83F31188 		msr     BASEPRI, r3
 106              	@ 0 "" 2
 107              	.LVL10:
 108              		.thumb
 109              	.LBE5:
 110              		.loc 1 47 0
 111 0008 C368     		ldr	r3, [r0, #12]
 112              	.LVL11:
 113 000a 1BB1     		cbz	r3, .L5
 114              	.LBB6:
ARM GAS  /tmp/ccGnQQE2.s 			page 3


 115              		.loc 1 50 0
 116 000c 0023     		movs	r3, #0
 117              	.LVL12:
 118              	@ 50 "../ChibiOS_2.6.2/os/various/evtimer.c" 1
 119 000e 83F31188 		msr     BASEPRI, r3
 120              	@ 0 "" 2
 121              	.LVL13:
 122              		.thumb
 123              	.LBE6:
 124              		.loc 1 51 0
 125 0012 10BD     		pop	{r4, pc}
 126              	.LVL14:
 127              	.L5:
 128              		.loc 1 48 0
 129 0014 40F20002 		movw	r2, #:lower16:tmrcb
 130 0018 0346     		mov	r3, r0
 131 001a 8169     		ldr	r1, [r0, #24]
 132 001c C0F20002 		movt	r2, #:upper16:tmrcb
 133 0020 FFF7FEFF 		bl	chVTSetI
 134              	.LVL15:
 135              	.LBB7:
 136              		.loc 1 50 0
 137 0024 0023     		movs	r3, #0
 138              	@ 50 "../ChibiOS_2.6.2/os/various/evtimer.c" 1
 139 0026 83F31188 		msr     BASEPRI, r3
 140              	@ 0 "" 2
 141              	.LVL16:
 142              		.thumb
 143              	.LBE7:
 144              		.loc 1 51 0
 145 002a 10BD     		pop	{r4, pc}
 146              		.cfi_endproc
 147              	.LFE8:
 148              		.size	evtStart, .-evtStart
 149 002c AFF30080 		.section	.text.evtStop,"ax",%progbits
 150              		.align	2
 151              		.p2align 4,,15
 152              		.global	evtStop
 153              		.thumb
 154              		.thumb_func
 155              		.type	evtStop, %function
 156              	evtStop:
 157              	.LFB9:
 158              		.loc 1 59 0
 159              		.cfi_startproc
 160              		@ args = 0, pretend = 0, frame = 0
 161              		@ frame_needed = 0, uses_anonymous_args = 0
 162              	.LVL17:
 163 0000 08B5     		push	{r3, lr}
 164              	.LCFI2:
 165              		.cfi_def_cfa_offset 8
 166              		.cfi_offset 14, -4
 167              		.cfi_offset 3, -8
 168              	.LBB8:
 169              		.loc 1 61 0
 170 0002 2023     		movs	r3, #32
 171              	.LVL18:
ARM GAS  /tmp/ccGnQQE2.s 			page 4


 172              	@ 61 "../ChibiOS_2.6.2/os/various/evtimer.c" 1
 173 0004 83F31188 		msr     BASEPRI, r3
 174              	@ 0 "" 2
 175              	.LVL19:
 176              		.thumb
 177              	.LBE8:
 178 0008 C368     		ldr	r3, [r0, #12]
 179              	.LVL20:
 180 000a 0BB1     		cbz	r3, .L7
 181              		.loc 1 61 0 is_stmt 0 discriminator 1
 182 000c FFF7FEFF 		bl	chVTResetI
 183              	.LVL21:
 184              	.L7:
 185              	.LBB9:
 186              		.loc 1 61 0 discriminator 2
 187 0010 0023     		movs	r3, #0
 188              	.LVL22:
 189              	@ 61 "../ChibiOS_2.6.2/os/various/evtimer.c" 1
 190 0012 83F31188 		msr     BASEPRI, r3
 191              	@ 0 "" 2
 192              	.LVL23:
 193              		.thumb
 194              	.LBE9:
 195              		.loc 1 62 0 is_stmt 1 discriminator 2
 196 0016 08BD     		pop	{r3, pc}
 197              		.cfi_endproc
 198              	.LFE9:
 199              		.size	evtStop, .-evtStop
 200 0018 AFF30080 		.text
 200      AFF30080 
 201              	.Letext0:
 202              		.file 2 "/opt/pros/toolchain/bin/../lib/gcc/arm-none-eabi/4.6.3/../../../../arm-none-eabi/include/
 203              		.file 3 "../ChibiOS_2.6.2/os/ports/GCC/ARMCMx/chtypes.h"
 204              		.file 4 "../ChibiOS_2.6.2/os/kernel/include/chlists.h"
 205              		.file 5 "../ChibiOS_2.6.2/os/kernel/include/chthreads.h"
 206              		.file 6 "../ChibiOS_2.6.2/os/ports/GCC/ARMCMx/chcore_v7m.h"
 207              		.file 7 "../ChibiOS_2.6.2/os/kernel/include/chvt.h"
 208              		.file 8 "../ChibiOS_2.6.2/os/kernel/include/chmtx.h"
 209              		.file 9 "../ChibiOS_2.6.2/os/kernel/include/chevents.h"
 210              		.file 10 "../ChibiOS_2.6.2/os/various/evtimer.h"
 211              		.section	.debug_info,"",%progbits
 212              	.Ldebug_info0:
 213 0000 35060000 		.4byte	0x635
 214 0004 0200     		.2byte	0x2
 215 0006 00000000 		.4byte	.Ldebug_abbrev0
 216 000a 04       		.byte	0x4
 217 000b 01       		.uleb128 0x1
 218 000c 34020000 		.4byte	.LASF74
 219 0010 01       		.byte	0x1
 220 0011 4B020000 		.4byte	.LASF75
 221 0015 D1000000 		.4byte	.LASF76
 222 0019 00000000 		.4byte	0
 223 001d 00000000 		.4byte	0
 224 0021 30000000 		.4byte	.Ldebug_ranges0+0x30
 225 0025 00000000 		.4byte	.Ldebug_line0
 226 0029 02       		.uleb128 0x2
 227 002a 04       		.byte	0x4
ARM GAS  /tmp/ccGnQQE2.s 			page 5


 228 002b 05       		.byte	0x5
 229 002c 696E7400 		.ascii	"int\000"
 230 0030 03       		.uleb128 0x3
 231 0031 04       		.byte	0x4
 232 0032 07       		.byte	0x7
 233 0033 BC000000 		.4byte	.LASF0
 234 0037 03       		.uleb128 0x3
 235 0038 01       		.byte	0x1
 236 0039 06       		.byte	0x6
 237 003a 57000000 		.4byte	.LASF1
 238 003e 04       		.uleb128 0x4
 239 003f D1020000 		.4byte	.LASF5
 240 0043 02       		.byte	0x2
 241 0044 2A       		.byte	0x2a
 242 0045 49000000 		.4byte	0x49
 243 0049 03       		.uleb128 0x3
 244 004a 01       		.byte	0x1
 245 004b 08       		.byte	0x8
 246 004c AD010000 		.4byte	.LASF2
 247 0050 03       		.uleb128 0x3
 248 0051 02       		.byte	0x2
 249 0052 05       		.byte	0x5
 250 0053 DA010000 		.4byte	.LASF3
 251 0057 03       		.uleb128 0x3
 252 0058 02       		.byte	0x2
 253 0059 07       		.byte	0x7
 254 005a 0E010000 		.4byte	.LASF4
 255 005e 04       		.uleb128 0x4
 256 005f A5010000 		.4byte	.LASF6
 257 0063 02       		.byte	0x2
 258 0064 4F       		.byte	0x4f
 259 0065 69000000 		.4byte	0x69
 260 0069 03       		.uleb128 0x3
 261 006a 04       		.byte	0x4
 262 006b 05       		.byte	0x5
 263 006c 85000000 		.4byte	.LASF7
 264 0070 04       		.uleb128 0x4
 265 0071 1E020000 		.4byte	.LASF8
 266 0075 02       		.byte	0x2
 267 0076 50       		.byte	0x50
 268 0077 7B000000 		.4byte	0x7b
 269 007b 03       		.uleb128 0x3
 270 007c 04       		.byte	0x4
 271 007d 07       		.byte	0x7
 272 007e F4000000 		.4byte	.LASF9
 273 0082 03       		.uleb128 0x3
 274 0083 08       		.byte	0x8
 275 0084 05       		.byte	0x5
 276 0085 49000000 		.4byte	.LASF10
 277 0089 03       		.uleb128 0x3
 278 008a 08       		.byte	0x8
 279 008b 07       		.byte	0x7
 280 008c 19000000 		.4byte	.LASF11
 281 0090 03       		.uleb128 0x3
 282 0091 01       		.byte	0x1
 283 0092 02       		.byte	0x2
 284 0093 9F010000 		.4byte	.LASF12
ARM GAS  /tmp/ccGnQQE2.s 			page 6


 285 0097 04       		.uleb128 0x4
 286 0098 2F010000 		.4byte	.LASF13
 287 009c 03       		.byte	0x3
 288 009d 2C       		.byte	0x2c
 289 009e 3E000000 		.4byte	0x3e
 290 00a2 04       		.uleb128 0x4
 291 00a3 8E000000 		.4byte	.LASF14
 292 00a7 03       		.byte	0x3
 293 00a8 2D       		.byte	0x2d
 294 00a9 3E000000 		.4byte	0x3e
 295 00ad 04       		.uleb128 0x4
 296 00ae 88010000 		.4byte	.LASF15
 297 00b2 03       		.byte	0x3
 298 00b3 2E       		.byte	0x2e
 299 00b4 3E000000 		.4byte	0x3e
 300 00b8 04       		.uleb128 0x4
 301 00b9 7B000000 		.4byte	.LASF16
 302 00bd 03       		.byte	0x3
 303 00be 2F       		.byte	0x2f
 304 00bf 3E000000 		.4byte	0x3e
 305 00c3 04       		.uleb128 0x4
 306 00c4 97010000 		.4byte	.LASF17
 307 00c8 03       		.byte	0x3
 308 00c9 30       		.byte	0x30
 309 00ca 70000000 		.4byte	0x70
 310 00ce 04       		.uleb128 0x4
 311 00cf 21010000 		.4byte	.LASF18
 312 00d3 03       		.byte	0x3
 313 00d4 31       		.byte	0x31
 314 00d5 5E000000 		.4byte	0x5e
 315 00d9 04       		.uleb128 0x4
 316 00da 43010000 		.4byte	.LASF19
 317 00de 03       		.byte	0x3
 318 00df 33       		.byte	0x33
 319 00e0 70000000 		.4byte	0x70
 320 00e4 04       		.uleb128 0x4
 321 00e5 BE020000 		.4byte	.LASF20
 322 00e9 03       		.byte	0x3
 323 00ea 34       		.byte	0x34
 324 00eb 70000000 		.4byte	0x70
 325 00ef 04       		.uleb128 0x4
 326 00f0 78020000 		.4byte	.LASF21
 327 00f4 03       		.byte	0x3
 328 00f5 35       		.byte	0x35
 329 00f6 70000000 		.4byte	0x70
 330 00fa 04       		.uleb128 0x4
 331 00fb 0C020000 		.4byte	.LASF22
 332 00ff 04       		.byte	0x4
 333 0100 2A       		.byte	0x2a
 334 0101 05010000 		.4byte	0x105
 335 0105 05       		.uleb128 0x5
 336 0106 0C020000 		.4byte	.LASF22
 337 010a 48       		.byte	0x48
 338 010b 05       		.byte	0x5
 339 010c 5E       		.byte	0x5e
 340 010d 2A020000 		.4byte	0x22a
 341 0111 06       		.uleb128 0x6
ARM GAS  /tmp/ccGnQQE2.s 			page 7


 342 0112 FD010000 		.4byte	.LASF23
 343 0116 05       		.byte	0x5
 344 0117 5F       		.byte	0x5f
 345 0118 4F020000 		.4byte	0x24f
 346 011c 02       		.byte	0x2
 347 011d 23       		.byte	0x23
 348 011e 00       		.uleb128 0
 349 011f 06       		.uleb128 0x6
 350 0120 90010000 		.4byte	.LASF24
 351 0124 05       		.byte	0x5
 352 0125 61       		.byte	0x61
 353 0126 4F020000 		.4byte	0x24f
 354 012a 02       		.byte	0x2
 355 012b 23       		.byte	0x23
 356 012c 04       		.uleb128 0x4
 357 012d 06       		.uleb128 0x6
 358 012e 42000000 		.4byte	.LASF25
 359 0132 05       		.byte	0x5
 360 0133 63       		.byte	0x63
 361 0134 C3000000 		.4byte	0xc3
 362 0138 02       		.byte	0x2
 363 0139 23       		.byte	0x23
 364 013a 08       		.uleb128 0x8
 365 013b 06       		.uleb128 0x6
 366 013c 0B030000 		.4byte	.LASF26
 367 0140 05       		.byte	0x5
 368 0141 64       		.byte	0x64
 369 0142 1D030000 		.4byte	0x31d
 370 0146 02       		.byte	0x2
 371 0147 23       		.byte	0x23
 372 0148 0C       		.uleb128 0xc
 373 0149 06       		.uleb128 0x6
 374 014a 97000000 		.4byte	.LASF27
 375 014e 05       		.byte	0x5
 376 014f 66       		.byte	0x66
 377 0150 4F020000 		.4byte	0x24f
 378 0154 02       		.byte	0x2
 379 0155 23       		.byte	0x23
 380 0156 10       		.uleb128 0x10
 381 0157 06       		.uleb128 0x6
 382 0158 6B010000 		.4byte	.LASF28
 383 015c 05       		.byte	0x5
 384 015d 67       		.byte	0x67
 385 015e 4F020000 		.4byte	0x24f
 386 0162 02       		.byte	0x2
 387 0163 23       		.byte	0x23
 388 0164 14       		.uleb128 0x14
 389 0165 06       		.uleb128 0x6
 390 0166 EE020000 		.4byte	.LASF29
 391 016a 05       		.byte	0x5
 392 016b 6E       		.byte	0x6e
 393 016c BF040000 		.4byte	0x4bf
 394 0170 02       		.byte	0x2
 395 0171 23       		.byte	0x23
 396 0172 18       		.uleb128 0x18
 397 0173 06       		.uleb128 0x6
 398 0174 E4010000 		.4byte	.LASF30
ARM GAS  /tmp/ccGnQQE2.s 			page 8


 399 0178 05       		.byte	0x5
 400 0179 79       		.byte	0x79
 401 017a A2000000 		.4byte	0xa2
 402 017e 02       		.byte	0x2
 403 017f 23       		.byte	0x23
 404 0180 1C       		.uleb128 0x1c
 405 0181 06       		.uleb128 0x6
 406 0182 04020000 		.4byte	.LASF31
 407 0186 05       		.byte	0x5
 408 0187 7D       		.byte	0x7d
 409 0188 97000000 		.4byte	0x97
 410 018c 02       		.byte	0x2
 411 018d 23       		.byte	0x23
 412 018e 1D       		.uleb128 0x1d
 413 018f 06       		.uleb128 0x6
 414 0190 CA020000 		.4byte	.LASF32
 415 0194 05       		.byte	0x5
 416 0195 82       		.byte	0x82
 417 0196 AD000000 		.4byte	0xad
 418 019a 02       		.byte	0x2
 419 019b 23       		.byte	0x23
 420 019c 1E       		.uleb128 0x1e
 421 019d 06       		.uleb128 0x6
 422 019e EC010000 		.4byte	.LASF33
 423 01a2 05       		.byte	0x5
 424 01a3 88       		.byte	0x88
 425 01a4 B8000000 		.4byte	0xb8
 426 01a8 02       		.byte	0x2
 427 01a9 23       		.byte	0x23
 428 01aa 1F       		.uleb128 0x1f
 429 01ab 06       		.uleb128 0x6
 430 01ac 9E020000 		.4byte	.LASF34
 431 01b0 05       		.byte	0x5
 432 01b1 8F       		.byte	0x8f
 433 01b2 C1030000 		.4byte	0x3c1
 434 01b6 02       		.byte	0x2
 435 01b7 23       		.byte	0x23
 436 01b8 20       		.uleb128 0x20
 437 01b9 07       		.uleb128 0x7
 438 01ba 705F7500 		.ascii	"p_u\000"
 439 01be 05       		.byte	0x5
 440 01bf B4       		.byte	0xb4
 441 01c0 8A040000 		.4byte	0x48a
 442 01c4 02       		.byte	0x2
 443 01c5 23       		.byte	0x23
 444 01c6 24       		.uleb128 0x24
 445 01c7 06       		.uleb128 0x6
 446 01c8 11030000 		.4byte	.LASF35
 447 01cc 05       		.byte	0x5
 448 01cd B9       		.byte	0xb9
 449 01ce 77020000 		.4byte	0x277
 450 01d2 02       		.byte	0x2
 451 01d3 23       		.byte	0x23
 452 01d4 28       		.uleb128 0x28
 453 01d5 06       		.uleb128 0x6
 454 01d6 AC020000 		.4byte	.LASF36
 455 01da 05       		.byte	0x5
ARM GAS  /tmp/ccGnQQE2.s 			page 9


 456 01db BF       		.byte	0xbf
 457 01dc 55020000 		.4byte	0x255
 458 01e0 02       		.byte	0x2
 459 01e1 23       		.byte	0x23
 460 01e2 2C       		.uleb128 0x2c
 461 01e3 06       		.uleb128 0x6
 462 01e4 0C000000 		.4byte	.LASF37
 463 01e8 05       		.byte	0x5
 464 01e9 C3       		.byte	0xc3
 465 01ea CE000000 		.4byte	0xce
 466 01ee 02       		.byte	0x2
 467 01ef 23       		.byte	0x23
 468 01f0 34       		.uleb128 0x34
 469 01f1 06       		.uleb128 0x6
 470 01f2 13020000 		.4byte	.LASF38
 471 01f6 05       		.byte	0x5
 472 01f7 C9       		.byte	0xc9
 473 01f8 D9000000 		.4byte	0xd9
 474 01fc 02       		.byte	0x2
 475 01fd 23       		.byte	0x23
 476 01fe 38       		.uleb128 0x38
 477 01ff 06       		.uleb128 0x6
 478 0200 D0010000 		.4byte	.LASF39
 479 0204 05       		.byte	0x5
 480 0205 D0       		.byte	0xd0
 481 0206 D1040000 		.4byte	0x4d1
 482 020a 02       		.byte	0x2
 483 020b 23       		.byte	0x23
 484 020c 3C       		.uleb128 0x3c
 485 020d 06       		.uleb128 0x6
 486 020e 82020000 		.4byte	.LASF40
 487 0212 05       		.byte	0x5
 488 0213 D4       		.byte	0xd4
 489 0214 C3000000 		.4byte	0xc3
 490 0218 02       		.byte	0x2
 491 0219 23       		.byte	0x23
 492 021a 40       		.uleb128 0x40
 493 021b 06       		.uleb128 0x6
 494 021c 6B000000 		.4byte	.LASF41
 495 0220 05       		.byte	0x5
 496 0221 DA       		.byte	0xda
 497 0222 8D020000 		.4byte	0x28d
 498 0226 02       		.byte	0x2
 499 0227 23       		.byte	0x23
 500 0228 44       		.uleb128 0x44
 501 0229 00       		.byte	0
 502 022a 08       		.uleb128 0x8
 503 022b 08       		.byte	0x8
 504 022c 04       		.byte	0x4
 505 022d 61       		.byte	0x61
 506 022e 4F020000 		.4byte	0x24f
 507 0232 06       		.uleb128 0x6
 508 0233 FD010000 		.4byte	.LASF23
 509 0237 04       		.byte	0x4
 510 0238 62       		.byte	0x62
 511 0239 4F020000 		.4byte	0x24f
 512 023d 02       		.byte	0x2
ARM GAS  /tmp/ccGnQQE2.s 			page 10


 513 023e 23       		.byte	0x23
 514 023f 00       		.uleb128 0
 515 0240 06       		.uleb128 0x6
 516 0241 90010000 		.4byte	.LASF24
 517 0245 04       		.byte	0x4
 518 0246 64       		.byte	0x64
 519 0247 4F020000 		.4byte	0x24f
 520 024b 02       		.byte	0x2
 521 024c 23       		.byte	0x23
 522 024d 04       		.uleb128 0x4
 523 024e 00       		.byte	0
 524 024f 09       		.uleb128 0x9
 525 0250 04       		.byte	0x4
 526 0251 FA000000 		.4byte	0xfa
 527 0255 04       		.uleb128 0x4
 528 0256 73010000 		.4byte	.LASF42
 529 025a 04       		.byte	0x4
 530 025b 66       		.byte	0x66
 531 025c 2A020000 		.4byte	0x22a
 532 0260 08       		.uleb128 0x8
 533 0261 04       		.byte	0x4
 534 0262 04       		.byte	0x4
 535 0263 6B       		.byte	0x6b
 536 0264 77020000 		.4byte	0x277
 537 0268 06       		.uleb128 0x6
 538 0269 FD010000 		.4byte	.LASF23
 539 026d 04       		.byte	0x4
 540 026e 6D       		.byte	0x6d
 541 026f 4F020000 		.4byte	0x24f
 542 0273 02       		.byte	0x2
 543 0274 23       		.byte	0x23
 544 0275 00       		.uleb128 0
 545 0276 00       		.byte	0
 546 0277 04       		.uleb128 0x4
 547 0278 37010000 		.4byte	.LASF43
 548 027c 04       		.byte	0x4
 549 027d 70       		.byte	0x70
 550 027e 60020000 		.4byte	0x260
 551 0282 04       		.uleb128 0x4
 552 0283 9F000000 		.4byte	.LASF44
 553 0287 06       		.byte	0x6
 554 0288 E5       		.byte	0xe5
 555 0289 8D020000 		.4byte	0x28d
 556 028d 0A       		.uleb128 0xa
 557 028e 04       		.byte	0x4
 558 028f 0B       		.uleb128 0xb
 559 0290 A5020000 		.4byte	.LASF45
 560 0294 24       		.byte	0x24
 561 0295 06       		.byte	0x6
 562 0296 0C01     		.2byte	0x10c
 563 0298 1D030000 		.4byte	0x31d
 564 029c 0C       		.uleb128 0xc
 565 029d 723400   		.ascii	"r4\000"
 566 02a0 06       		.byte	0x6
 567 02a1 1F01     		.2byte	0x11f
 568 02a3 82020000 		.4byte	0x282
 569 02a7 02       		.byte	0x2
ARM GAS  /tmp/ccGnQQE2.s 			page 11


 570 02a8 23       		.byte	0x23
 571 02a9 00       		.uleb128 0
 572 02aa 0C       		.uleb128 0xc
 573 02ab 723500   		.ascii	"r5\000"
 574 02ae 06       		.byte	0x6
 575 02af 2001     		.2byte	0x120
 576 02b1 82020000 		.4byte	0x282
 577 02b5 02       		.byte	0x2
 578 02b6 23       		.byte	0x23
 579 02b7 04       		.uleb128 0x4
 580 02b8 0C       		.uleb128 0xc
 581 02b9 723600   		.ascii	"r6\000"
 582 02bc 06       		.byte	0x6
 583 02bd 2101     		.2byte	0x121
 584 02bf 82020000 		.4byte	0x282
 585 02c3 02       		.byte	0x2
 586 02c4 23       		.byte	0x23
 587 02c5 08       		.uleb128 0x8
 588 02c6 0C       		.uleb128 0xc
 589 02c7 723700   		.ascii	"r7\000"
 590 02ca 06       		.byte	0x6
 591 02cb 2201     		.2byte	0x122
 592 02cd 82020000 		.4byte	0x282
 593 02d1 02       		.byte	0x2
 594 02d2 23       		.byte	0x23
 595 02d3 0C       		.uleb128 0xc
 596 02d4 0C       		.uleb128 0xc
 597 02d5 723800   		.ascii	"r8\000"
 598 02d8 06       		.byte	0x6
 599 02d9 2301     		.2byte	0x123
 600 02db 82020000 		.4byte	0x282
 601 02df 02       		.byte	0x2
 602 02e0 23       		.byte	0x23
 603 02e1 10       		.uleb128 0x10
 604 02e2 0C       		.uleb128 0xc
 605 02e3 723900   		.ascii	"r9\000"
 606 02e6 06       		.byte	0x6
 607 02e7 2401     		.2byte	0x124
 608 02e9 82020000 		.4byte	0x282
 609 02ed 02       		.byte	0x2
 610 02ee 23       		.byte	0x23
 611 02ef 14       		.uleb128 0x14
 612 02f0 0C       		.uleb128 0xc
 613 02f1 72313000 		.ascii	"r10\000"
 614 02f5 06       		.byte	0x6
 615 02f6 2501     		.2byte	0x125
 616 02f8 82020000 		.4byte	0x282
 617 02fc 02       		.byte	0x2
 618 02fd 23       		.byte	0x23
 619 02fe 18       		.uleb128 0x18
 620 02ff 0C       		.uleb128 0xc
 621 0300 72313100 		.ascii	"r11\000"
 622 0304 06       		.byte	0x6
 623 0305 2601     		.2byte	0x126
 624 0307 82020000 		.4byte	0x282
 625 030b 02       		.byte	0x2
 626 030c 23       		.byte	0x23
ARM GAS  /tmp/ccGnQQE2.s 			page 12


 627 030d 1C       		.uleb128 0x1c
 628 030e 0C       		.uleb128 0xc
 629 030f 6C7200   		.ascii	"lr\000"
 630 0312 06       		.byte	0x6
 631 0313 2701     		.2byte	0x127
 632 0315 82020000 		.4byte	0x282
 633 0319 02       		.byte	0x2
 634 031a 23       		.byte	0x23
 635 031b 20       		.uleb128 0x20
 636 031c 00       		.byte	0
 637 031d 0B       		.uleb128 0xb
 638 031e 06010000 		.4byte	.LASF46
 639 0322 04       		.byte	0x4
 640 0323 06       		.byte	0x6
 641 0324 3101     		.2byte	0x131
 642 0326 3A030000 		.4byte	0x33a
 643 032a 0C       		.uleb128 0xc
 644 032b 72313300 		.ascii	"r13\000"
 645 032f 06       		.byte	0x6
 646 0330 3201     		.2byte	0x132
 647 0332 3A030000 		.4byte	0x33a
 648 0336 02       		.byte	0x2
 649 0337 23       		.byte	0x23
 650 0338 00       		.uleb128 0
 651 0339 00       		.byte	0
 652 033a 09       		.uleb128 0x9
 653 033b 04       		.byte	0x4
 654 033c 8F020000 		.4byte	0x28f
 655 0340 04       		.uleb128 0x4
 656 0341 8D020000 		.4byte	.LASF47
 657 0345 07       		.byte	0x7
 658 0346 58       		.byte	0x58
 659 0347 4B030000 		.4byte	0x34b
 660 034b 09       		.uleb128 0x9
 661 034c 04       		.byte	0x4
 662 034d 51030000 		.4byte	0x351
 663 0351 0D       		.uleb128 0xd
 664 0352 01       		.byte	0x1
 665 0353 5D030000 		.4byte	0x35d
 666 0357 0E       		.uleb128 0xe
 667 0358 8D020000 		.4byte	0x28d
 668 035c 00       		.byte	0
 669 035d 04       		.uleb128 0x4
 670 035e 27020000 		.4byte	.LASF48
 671 0362 07       		.byte	0x7
 672 0363 5D       		.byte	0x5d
 673 0364 68030000 		.4byte	0x368
 674 0368 05       		.uleb128 0x5
 675 0369 27020000 		.4byte	.LASF48
 676 036d 14       		.byte	0x14
 677 036e 07       		.byte	0x7
 678 036f 64       		.byte	0x64
 679 0370 BB030000 		.4byte	0x3bb
 680 0374 06       		.uleb128 0x6
 681 0375 C9000000 		.4byte	.LASF49
 682 0379 07       		.byte	0x7
 683 037a 65       		.byte	0x65
ARM GAS  /tmp/ccGnQQE2.s 			page 13


 684 037b BB030000 		.4byte	0x3bb
 685 037f 02       		.byte	0x2
 686 0380 23       		.byte	0x23
 687 0381 00       		.uleb128 0
 688 0382 06       		.uleb128 0x6
 689 0383 A8000000 		.4byte	.LASF50
 690 0387 07       		.byte	0x7
 691 0388 67       		.byte	0x67
 692 0389 BB030000 		.4byte	0x3bb
 693 038d 02       		.byte	0x2
 694 038e 23       		.byte	0x23
 695 038f 04       		.uleb128 0x4
 696 0390 06       		.uleb128 0x6
 697 0391 55010000 		.4byte	.LASF51
 698 0395 07       		.byte	0x7
 699 0396 69       		.byte	0x69
 700 0397 EF000000 		.4byte	0xef
 701 039b 02       		.byte	0x2
 702 039c 23       		.byte	0x23
 703 039d 08       		.uleb128 0x8
 704 039e 06       		.uleb128 0x6
 705 039f 63010000 		.4byte	.LASF52
 706 03a3 07       		.byte	0x7
 707 03a4 6A       		.byte	0x6a
 708 03a5 40030000 		.4byte	0x340
 709 03a9 02       		.byte	0x2
 710 03aa 23       		.byte	0x23
 711 03ab 0C       		.uleb128 0xc
 712 03ac 06       		.uleb128 0x6
 713 03ad B7020000 		.4byte	.LASF53
 714 03b1 07       		.byte	0x7
 715 03b2 6C       		.byte	0x6c
 716 03b3 8D020000 		.4byte	0x28d
 717 03b7 02       		.byte	0x2
 718 03b8 23       		.byte	0x23
 719 03b9 10       		.uleb128 0x10
 720 03ba 00       		.byte	0
 721 03bb 09       		.uleb128 0x9
 722 03bc 04       		.byte	0x4
 723 03bd 5D030000 		.4byte	0x35d
 724 03c1 0F       		.uleb128 0xf
 725 03c2 EF000000 		.4byte	0xef
 726 03c6 05       		.uleb128 0x5
 727 03c7 4F010000 		.4byte	.LASF54
 728 03cb 10       		.byte	0x10
 729 03cc 08       		.byte	0x8
 730 03cd 2C       		.byte	0x2c
 731 03ce FD030000 		.4byte	0x3fd
 732 03d2 06       		.uleb128 0x6
 733 03d3 73000000 		.4byte	.LASF55
 734 03d7 08       		.byte	0x8
 735 03d8 2D       		.byte	0x2d
 736 03d9 55020000 		.4byte	0x255
 737 03dd 02       		.byte	0x2
 738 03de 23       		.byte	0x23
 739 03df 00       		.uleb128 0
 740 03e0 06       		.uleb128 0x6
ARM GAS  /tmp/ccGnQQE2.s 			page 14


 741 03e1 03030000 		.4byte	.LASF56
 742 03e5 08       		.byte	0x8
 743 03e6 2F       		.byte	0x2f
 744 03e7 4F020000 		.4byte	0x24f
 745 03eb 02       		.byte	0x2
 746 03ec 23       		.byte	0x23
 747 03ed 08       		.uleb128 0x8
 748 03ee 06       		.uleb128 0x6
 749 03ef 71020000 		.4byte	.LASF57
 750 03f3 08       		.byte	0x8
 751 03f4 31       		.byte	0x31
 752 03f5 FD030000 		.4byte	0x3fd
 753 03f9 02       		.byte	0x2
 754 03fa 23       		.byte	0x23
 755 03fb 0C       		.uleb128 0xc
 756 03fc 00       		.byte	0
 757 03fd 09       		.uleb128 0x9
 758 03fe 04       		.byte	0x4
 759 03ff C6030000 		.4byte	0x3c6
 760 0403 04       		.uleb128 0x4
 761 0404 4F010000 		.4byte	.LASF54
 762 0408 08       		.byte	0x8
 763 0409 33       		.byte	0x33
 764 040a C6030000 		.4byte	0x3c6
 765 040e 04       		.uleb128 0x4
 766 040f D9020000 		.4byte	.LASF58
 767 0413 09       		.byte	0x9
 768 0414 2C       		.byte	0x2c
 769 0415 19040000 		.4byte	0x419
 770 0419 05       		.uleb128 0x5
 771 041a D9020000 		.4byte	.LASF58
 772 041e 10       		.byte	0x10
 773 041f 09       		.byte	0x9
 774 0420 31       		.byte	0x31
 775 0421 5E040000 		.4byte	0x45e
 776 0425 06       		.uleb128 0x6
 777 0426 27010000 		.4byte	.LASF59
 778 042a 09       		.byte	0x9
 779 042b 32       		.byte	0x32
 780 042c 5E040000 		.4byte	0x45e
 781 0430 02       		.byte	0x2
 782 0431 23       		.byte	0x23
 783 0432 00       		.uleb128 0
 784 0433 06       		.uleb128 0x6
 785 0434 BB010000 		.4byte	.LASF60
 786 0438 09       		.byte	0x9
 787 0439 35       		.byte	0x35
 788 043a 4F020000 		.4byte	0x24f
 789 043e 02       		.byte	0x2
 790 043f 23       		.byte	0x23
 791 0440 04       		.uleb128 0x4
 792 0441 06       		.uleb128 0x6
 793 0442 80010000 		.4byte	.LASF61
 794 0446 09       		.byte	0x9
 795 0447 37       		.byte	0x37
 796 0448 D9000000 		.4byte	0xd9
 797 044c 02       		.byte	0x2
ARM GAS  /tmp/ccGnQQE2.s 			page 15


 798 044d 23       		.byte	0x23
 799 044e 08       		.uleb128 0x8
 800 044f 06       		.uleb128 0x6
 801 0450 C7010000 		.4byte	.LASF62
 802 0454 09       		.byte	0x9
 803 0455 3A       		.byte	0x3a
 804 0456 E4000000 		.4byte	0xe4
 805 045a 02       		.byte	0x2
 806 045b 23       		.byte	0x23
 807 045c 0C       		.uleb128 0xc
 808 045d 00       		.byte	0
 809 045e 09       		.uleb128 0x9
 810 045f 04       		.byte	0x4
 811 0460 0E040000 		.4byte	0x40e
 812 0464 05       		.uleb128 0x5
 813 0465 B0000000 		.4byte	.LASF63
 814 0469 04       		.byte	0x4
 815 046a 09       		.byte	0x9
 816 046b 41       		.byte	0x41
 817 046c 7F040000 		.4byte	0x47f
 818 0470 06       		.uleb128 0x6
 819 0471 F5020000 		.4byte	.LASF64
 820 0475 09       		.byte	0x9
 821 0476 42       		.byte	0x42
 822 0477 5E040000 		.4byte	0x45e
 823 047b 02       		.byte	0x2
 824 047c 23       		.byte	0x23
 825 047d 00       		.uleb128 0
 826 047e 00       		.byte	0
 827 047f 04       		.uleb128 0x4
 828 0480 B0000000 		.4byte	.LASF63
 829 0484 09       		.byte	0x9
 830 0485 45       		.byte	0x45
 831 0486 64040000 		.4byte	0x464
 832 048a 10       		.uleb128 0x10
 833 048b 04       		.byte	0x4
 834 048c 05       		.byte	0x5
 835 048d 96       		.byte	0x96
 836 048e BF040000 		.4byte	0x4bf
 837 0492 11       		.uleb128 0x11
 838 0493 12000000 		.4byte	.LASF65
 839 0497 05       		.byte	0x5
 840 0498 9D       		.byte	0x9d
 841 0499 CE000000 		.4byte	0xce
 842 049d 11       		.uleb128 0x11
 843 049e 30000000 		.4byte	.LASF66
 844 04a2 05       		.byte	0x5
 845 04a3 A4       		.byte	0xa4
 846 04a4 CE000000 		.4byte	0xce
 847 04a8 11       		.uleb128 0x11
 848 04a9 E7020000 		.4byte	.LASF67
 849 04ad 05       		.byte	0x5
 850 04ae AB       		.byte	0xab
 851 04af 8D020000 		.4byte	0x28d
 852 04b3 11       		.uleb128 0x11
 853 04b4 F6010000 		.4byte	.LASF68
 854 04b8 05       		.byte	0x5
ARM GAS  /tmp/ccGnQQE2.s 			page 16


 855 04b9 B2       		.byte	0xb2
 856 04ba D9000000 		.4byte	0xd9
 857 04be 00       		.byte	0
 858 04bf 09       		.uleb128 0x9
 859 04c0 04       		.byte	0x4
 860 04c1 C5040000 		.4byte	0x4c5
 861 04c5 12       		.uleb128 0x12
 862 04c6 CA040000 		.4byte	0x4ca
 863 04ca 03       		.uleb128 0x3
 864 04cb 01       		.byte	0x1
 865 04cc 08       		.byte	0x8
 866 04cd 40020000 		.4byte	.LASF69
 867 04d1 09       		.uleb128 0x9
 868 04d2 04       		.byte	0x4
 869 04d3 03040000 		.4byte	0x403
 870 04d7 08       		.uleb128 0x8
 871 04d8 1C       		.byte	0x1c
 872 04d9 0A       		.byte	0xa
 873 04da 27       		.byte	0x27
 874 04db 0A050000 		.4byte	0x50a
 875 04df 06       		.uleb128 0x6
 876 04e0 FD020000 		.4byte	.LASF70
 877 04e4 0A       		.byte	0xa
 878 04e5 28       		.byte	0x28
 879 04e6 5D030000 		.4byte	0x35d
 880 04ea 02       		.byte	0x2
 881 04eb 23       		.byte	0x23
 882 04ec 00       		.uleb128 0
 883 04ed 06       		.uleb128 0x6
 884 04ee 5D010000 		.4byte	.LASF71
 885 04f2 0A       		.byte	0xa
 886 04f3 29       		.byte	0x29
 887 04f4 7F040000 		.4byte	0x47f
 888 04f8 02       		.byte	0x2
 889 04f9 23       		.byte	0x23
 890 04fa 14       		.uleb128 0x14
 891 04fb 06       		.uleb128 0x6
 892 04fc 00000000 		.4byte	.LASF72
 893 0500 0A       		.byte	0xa
 894 0501 2A       		.byte	0x2a
 895 0502 EF000000 		.4byte	0xef
 896 0506 02       		.byte	0x2
 897 0507 23       		.byte	0x23
 898 0508 18       		.uleb128 0x18
 899 0509 00       		.byte	0
 900 050a 04       		.uleb128 0x4
 901 050b 63000000 		.4byte	.LASF73
 902 050f 0A       		.byte	0xa
 903 0510 2B       		.byte	0x2b
 904 0511 D7040000 		.4byte	0x4d7
 905 0515 13       		.uleb128 0x13
 906 0516 45020000 		.4byte	.LASF77
 907 051a 01       		.byte	0x1
 908 051b 1C       		.byte	0x1c
 909 051c 01       		.byte	0x1
 910 051d 00000000 		.4byte	.LFB7
 911 0521 2C000000 		.4byte	.LFE7
ARM GAS  /tmp/ccGnQQE2.s 			page 17


 912 0525 00000000 		.4byte	.LLST0
 913 0529 7C050000 		.4byte	0x57c
 914 052d 14       		.uleb128 0x14
 915 052e 7000     		.ascii	"p\000"
 916 0530 01       		.byte	0x1
 917 0531 1C       		.byte	0x1c
 918 0532 8D020000 		.4byte	0x28d
 919 0536 20000000 		.4byte	.LLST1
 920 053a 15       		.uleb128 0x15
 921 053b 65747000 		.ascii	"etp\000"
 922 053f 01       		.byte	0x1
 923 0540 1D       		.byte	0x1d
 924 0541 7C050000 		.4byte	0x57c
 925 0545 3E000000 		.4byte	.LLST2
 926 0549 16       		.uleb128 0x16
 927 054a 00000000 		.4byte	.Ldebug_ranges0+0
 928 054e 62050000 		.4byte	0x562
 929 0552 15       		.uleb128 0x15
 930 0553 746D7000 		.ascii	"tmp\000"
 931 0557 01       		.byte	0x1
 932 0558 1F       		.byte	0x1f
 933 0559 70000000 		.4byte	0x70
 934 055d 5C000000 		.4byte	.LLST3
 935 0561 00       		.byte	0
 936 0562 17       		.uleb128 0x17
 937 0563 24000000 		.4byte	.LBB4
 938 0567 2A000000 		.4byte	.LBE4
 939 056b 15       		.uleb128 0x15
 940 056c 746D7000 		.ascii	"tmp\000"
 941 0570 01       		.byte	0x1
 942 0571 22       		.byte	0x22
 943 0572 70000000 		.4byte	0x70
 944 0576 6F000000 		.4byte	.LLST4
 945 057a 00       		.byte	0
 946 057b 00       		.byte	0
 947 057c 09       		.uleb128 0x9
 948 057d 04       		.byte	0x4
 949 057e 0A050000 		.4byte	0x50a
 950 0582 18       		.uleb128 0x18
 951 0583 01       		.byte	0x1
 952 0584 39000000 		.4byte	.LASF78
 953 0588 01       		.byte	0x1
 954 0589 2B       		.byte	0x2b
 955 058a 01       		.byte	0x1
 956 058b 00000000 		.4byte	.LFB8
 957 058f 2C000000 		.4byte	.LFE8
 958 0593 82000000 		.4byte	.LLST5
 959 0597 DD050000 		.4byte	0x5dd
 960 059b 14       		.uleb128 0x14
 961 059c 65747000 		.ascii	"etp\000"
 962 05a0 01       		.byte	0x1
 963 05a1 2B       		.byte	0x2b
 964 05a2 7C050000 		.4byte	0x57c
 965 05a6 A2000000 		.4byte	.LLST6
 966 05aa 19       		.uleb128 0x19
 967 05ab 02000000 		.4byte	.LBB5
 968 05af 08000000 		.4byte	.LBE5
ARM GAS  /tmp/ccGnQQE2.s 			page 18


 969 05b3 C7050000 		.4byte	0x5c7
 970 05b7 15       		.uleb128 0x15
 971 05b8 746D7000 		.ascii	"tmp\000"
 972 05bc 01       		.byte	0x1
 973 05bd 2D       		.byte	0x2d
 974 05be 70000000 		.4byte	0x70
 975 05c2 B5000000 		.4byte	.LLST7
 976 05c6 00       		.byte	0
 977 05c7 1A       		.uleb128 0x1a
 978 05c8 18000000 		.4byte	.Ldebug_ranges0+0x18
 979 05cc 15       		.uleb128 0x15
 980 05cd 746D7000 		.ascii	"tmp\000"
 981 05d1 01       		.byte	0x1
 982 05d2 32       		.byte	0x32
 983 05d3 70000000 		.4byte	0x70
 984 05d7 C8000000 		.4byte	.LLST8
 985 05db 00       		.byte	0
 986 05dc 00       		.byte	0
 987 05dd 1B       		.uleb128 0x1b
 988 05de 01       		.byte	0x1
 989 05df 96020000 		.4byte	.LASF79
 990 05e3 01       		.byte	0x1
 991 05e4 3B       		.byte	0x3b
 992 05e5 01       		.byte	0x1
 993 05e6 00000000 		.4byte	.LFB9
 994 05ea 18000000 		.4byte	.LFE9
 995 05ee E6000000 		.4byte	.LLST9
 996 05f2 14       		.uleb128 0x14
 997 05f3 65747000 		.ascii	"etp\000"
 998 05f7 01       		.byte	0x1
 999 05f8 3B       		.byte	0x3b
 1000 05f9 7C050000 		.4byte	0x57c
 1001 05fd 06010000 		.4byte	.LLST10
 1002 0601 19       		.uleb128 0x19
 1003 0602 02000000 		.4byte	.LBB8
 1004 0606 08000000 		.4byte	.LBE8
 1005 060a 1E060000 		.4byte	0x61e
 1006 060e 15       		.uleb128 0x15
 1007 060f 746D7000 		.ascii	"tmp\000"
 1008 0613 01       		.byte	0x1
 1009 0614 3D       		.byte	0x3d
 1010 0615 70000000 		.4byte	0x70
 1011 0619 19010000 		.4byte	.LLST11
 1012 061d 00       		.byte	0
 1013 061e 17       		.uleb128 0x17
 1014 061f 10000000 		.4byte	.LBB9
 1015 0623 16000000 		.4byte	.LBE9
 1016 0627 15       		.uleb128 0x15
 1017 0628 746D7000 		.ascii	"tmp\000"
 1018 062c 01       		.byte	0x1
 1019 062d 3D       		.byte	0x3d
 1020 062e 70000000 		.4byte	0x70
 1021 0632 2C010000 		.4byte	.LLST12
 1022 0636 00       		.byte	0
 1023 0637 00       		.byte	0
 1024 0638 00       		.byte	0
 1025              		.section	.debug_abbrev,"",%progbits
ARM GAS  /tmp/ccGnQQE2.s 			page 19


 1026              	.Ldebug_abbrev0:
 1027 0000 01       		.uleb128 0x1
 1028 0001 11       		.uleb128 0x11
 1029 0002 01       		.byte	0x1
 1030 0003 25       		.uleb128 0x25
 1031 0004 0E       		.uleb128 0xe
 1032 0005 13       		.uleb128 0x13
 1033 0006 0B       		.uleb128 0xb
 1034 0007 03       		.uleb128 0x3
 1035 0008 0E       		.uleb128 0xe
 1036 0009 1B       		.uleb128 0x1b
 1037 000a 0E       		.uleb128 0xe
 1038 000b 11       		.uleb128 0x11
 1039 000c 01       		.uleb128 0x1
 1040 000d 52       		.uleb128 0x52
 1041 000e 01       		.uleb128 0x1
 1042 000f 55       		.uleb128 0x55
 1043 0010 06       		.uleb128 0x6
 1044 0011 10       		.uleb128 0x10
 1045 0012 06       		.uleb128 0x6
 1046 0013 00       		.byte	0
 1047 0014 00       		.byte	0
 1048 0015 02       		.uleb128 0x2
 1049 0016 24       		.uleb128 0x24
 1050 0017 00       		.byte	0
 1051 0018 0B       		.uleb128 0xb
 1052 0019 0B       		.uleb128 0xb
 1053 001a 3E       		.uleb128 0x3e
 1054 001b 0B       		.uleb128 0xb
 1055 001c 03       		.uleb128 0x3
 1056 001d 08       		.uleb128 0x8
 1057 001e 00       		.byte	0
 1058 001f 00       		.byte	0
 1059 0020 03       		.uleb128 0x3
 1060 0021 24       		.uleb128 0x24
 1061 0022 00       		.byte	0
 1062 0023 0B       		.uleb128 0xb
 1063 0024 0B       		.uleb128 0xb
 1064 0025 3E       		.uleb128 0x3e
 1065 0026 0B       		.uleb128 0xb
 1066 0027 03       		.uleb128 0x3
 1067 0028 0E       		.uleb128 0xe
 1068 0029 00       		.byte	0
 1069 002a 00       		.byte	0
 1070 002b 04       		.uleb128 0x4
 1071 002c 16       		.uleb128 0x16
 1072 002d 00       		.byte	0
 1073 002e 03       		.uleb128 0x3
 1074 002f 0E       		.uleb128 0xe
 1075 0030 3A       		.uleb128 0x3a
 1076 0031 0B       		.uleb128 0xb
 1077 0032 3B       		.uleb128 0x3b
 1078 0033 0B       		.uleb128 0xb
 1079 0034 49       		.uleb128 0x49
 1080 0035 13       		.uleb128 0x13
 1081 0036 00       		.byte	0
 1082 0037 00       		.byte	0
ARM GAS  /tmp/ccGnQQE2.s 			page 20


 1083 0038 05       		.uleb128 0x5
 1084 0039 13       		.uleb128 0x13
 1085 003a 01       		.byte	0x1
 1086 003b 03       		.uleb128 0x3
 1087 003c 0E       		.uleb128 0xe
 1088 003d 0B       		.uleb128 0xb
 1089 003e 0B       		.uleb128 0xb
 1090 003f 3A       		.uleb128 0x3a
 1091 0040 0B       		.uleb128 0xb
 1092 0041 3B       		.uleb128 0x3b
 1093 0042 0B       		.uleb128 0xb
 1094 0043 01       		.uleb128 0x1
 1095 0044 13       		.uleb128 0x13
 1096 0045 00       		.byte	0
 1097 0046 00       		.byte	0
 1098 0047 06       		.uleb128 0x6
 1099 0048 0D       		.uleb128 0xd
 1100 0049 00       		.byte	0
 1101 004a 03       		.uleb128 0x3
 1102 004b 0E       		.uleb128 0xe
 1103 004c 3A       		.uleb128 0x3a
 1104 004d 0B       		.uleb128 0xb
 1105 004e 3B       		.uleb128 0x3b
 1106 004f 0B       		.uleb128 0xb
 1107 0050 49       		.uleb128 0x49
 1108 0051 13       		.uleb128 0x13
 1109 0052 38       		.uleb128 0x38
 1110 0053 0A       		.uleb128 0xa
 1111 0054 00       		.byte	0
 1112 0055 00       		.byte	0
 1113 0056 07       		.uleb128 0x7
 1114 0057 0D       		.uleb128 0xd
 1115 0058 00       		.byte	0
 1116 0059 03       		.uleb128 0x3
 1117 005a 08       		.uleb128 0x8
 1118 005b 3A       		.uleb128 0x3a
 1119 005c 0B       		.uleb128 0xb
 1120 005d 3B       		.uleb128 0x3b
 1121 005e 0B       		.uleb128 0xb
 1122 005f 49       		.uleb128 0x49
 1123 0060 13       		.uleb128 0x13
 1124 0061 38       		.uleb128 0x38
 1125 0062 0A       		.uleb128 0xa
 1126 0063 00       		.byte	0
 1127 0064 00       		.byte	0
 1128 0065 08       		.uleb128 0x8
 1129 0066 13       		.uleb128 0x13
 1130 0067 01       		.byte	0x1
 1131 0068 0B       		.uleb128 0xb
 1132 0069 0B       		.uleb128 0xb
 1133 006a 3A       		.uleb128 0x3a
 1134 006b 0B       		.uleb128 0xb
 1135 006c 3B       		.uleb128 0x3b
 1136 006d 0B       		.uleb128 0xb
 1137 006e 01       		.uleb128 0x1
 1138 006f 13       		.uleb128 0x13
 1139 0070 00       		.byte	0
ARM GAS  /tmp/ccGnQQE2.s 			page 21


 1140 0071 00       		.byte	0
 1141 0072 09       		.uleb128 0x9
 1142 0073 0F       		.uleb128 0xf
 1143 0074 00       		.byte	0
 1144 0075 0B       		.uleb128 0xb
 1145 0076 0B       		.uleb128 0xb
 1146 0077 49       		.uleb128 0x49
 1147 0078 13       		.uleb128 0x13
 1148 0079 00       		.byte	0
 1149 007a 00       		.byte	0
 1150 007b 0A       		.uleb128 0xa
 1151 007c 0F       		.uleb128 0xf
 1152 007d 00       		.byte	0
 1153 007e 0B       		.uleb128 0xb
 1154 007f 0B       		.uleb128 0xb
 1155 0080 00       		.byte	0
 1156 0081 00       		.byte	0
 1157 0082 0B       		.uleb128 0xb
 1158 0083 13       		.uleb128 0x13
 1159 0084 01       		.byte	0x1
 1160 0085 03       		.uleb128 0x3
 1161 0086 0E       		.uleb128 0xe
 1162 0087 0B       		.uleb128 0xb
 1163 0088 0B       		.uleb128 0xb
 1164 0089 3A       		.uleb128 0x3a
 1165 008a 0B       		.uleb128 0xb
 1166 008b 3B       		.uleb128 0x3b
 1167 008c 05       		.uleb128 0x5
 1168 008d 01       		.uleb128 0x1
 1169 008e 13       		.uleb128 0x13
 1170 008f 00       		.byte	0
 1171 0090 00       		.byte	0
 1172 0091 0C       		.uleb128 0xc
 1173 0092 0D       		.uleb128 0xd
 1174 0093 00       		.byte	0
 1175 0094 03       		.uleb128 0x3
 1176 0095 08       		.uleb128 0x8
 1177 0096 3A       		.uleb128 0x3a
 1178 0097 0B       		.uleb128 0xb
 1179 0098 3B       		.uleb128 0x3b
 1180 0099 05       		.uleb128 0x5
 1181 009a 49       		.uleb128 0x49
 1182 009b 13       		.uleb128 0x13
 1183 009c 38       		.uleb128 0x38
 1184 009d 0A       		.uleb128 0xa
 1185 009e 00       		.byte	0
 1186 009f 00       		.byte	0
 1187 00a0 0D       		.uleb128 0xd
 1188 00a1 15       		.uleb128 0x15
 1189 00a2 01       		.byte	0x1
 1190 00a3 27       		.uleb128 0x27
 1191 00a4 0C       		.uleb128 0xc
 1192 00a5 01       		.uleb128 0x1
 1193 00a6 13       		.uleb128 0x13
 1194 00a7 00       		.byte	0
 1195 00a8 00       		.byte	0
 1196 00a9 0E       		.uleb128 0xe
ARM GAS  /tmp/ccGnQQE2.s 			page 22


 1197 00aa 05       		.uleb128 0x5
 1198 00ab 00       		.byte	0
 1199 00ac 49       		.uleb128 0x49
 1200 00ad 13       		.uleb128 0x13
 1201 00ae 00       		.byte	0
 1202 00af 00       		.byte	0
 1203 00b0 0F       		.uleb128 0xf
 1204 00b1 35       		.uleb128 0x35
 1205 00b2 00       		.byte	0
 1206 00b3 49       		.uleb128 0x49
 1207 00b4 13       		.uleb128 0x13
 1208 00b5 00       		.byte	0
 1209 00b6 00       		.byte	0
 1210 00b7 10       		.uleb128 0x10
 1211 00b8 17       		.uleb128 0x17
 1212 00b9 01       		.byte	0x1
 1213 00ba 0B       		.uleb128 0xb
 1214 00bb 0B       		.uleb128 0xb
 1215 00bc 3A       		.uleb128 0x3a
 1216 00bd 0B       		.uleb128 0xb
 1217 00be 3B       		.uleb128 0x3b
 1218 00bf 0B       		.uleb128 0xb
 1219 00c0 01       		.uleb128 0x1
 1220 00c1 13       		.uleb128 0x13
 1221 00c2 00       		.byte	0
 1222 00c3 00       		.byte	0
 1223 00c4 11       		.uleb128 0x11
 1224 00c5 0D       		.uleb128 0xd
 1225 00c6 00       		.byte	0
 1226 00c7 03       		.uleb128 0x3
 1227 00c8 0E       		.uleb128 0xe
 1228 00c9 3A       		.uleb128 0x3a
 1229 00ca 0B       		.uleb128 0xb
 1230 00cb 3B       		.uleb128 0x3b
 1231 00cc 0B       		.uleb128 0xb
 1232 00cd 49       		.uleb128 0x49
 1233 00ce 13       		.uleb128 0x13
 1234 00cf 00       		.byte	0
 1235 00d0 00       		.byte	0
 1236 00d1 12       		.uleb128 0x12
 1237 00d2 26       		.uleb128 0x26
 1238 00d3 00       		.byte	0
 1239 00d4 49       		.uleb128 0x49
 1240 00d5 13       		.uleb128 0x13
 1241 00d6 00       		.byte	0
 1242 00d7 00       		.byte	0
 1243 00d8 13       		.uleb128 0x13
 1244 00d9 2E       		.uleb128 0x2e
 1245 00da 01       		.byte	0x1
 1246 00db 03       		.uleb128 0x3
 1247 00dc 0E       		.uleb128 0xe
 1248 00dd 3A       		.uleb128 0x3a
 1249 00de 0B       		.uleb128 0xb
 1250 00df 3B       		.uleb128 0x3b
 1251 00e0 0B       		.uleb128 0xb
 1252 00e1 27       		.uleb128 0x27
 1253 00e2 0C       		.uleb128 0xc
ARM GAS  /tmp/ccGnQQE2.s 			page 23


 1254 00e3 11       		.uleb128 0x11
 1255 00e4 01       		.uleb128 0x1
 1256 00e5 12       		.uleb128 0x12
 1257 00e6 01       		.uleb128 0x1
 1258 00e7 40       		.uleb128 0x40
 1259 00e8 06       		.uleb128 0x6
 1260 00e9 01       		.uleb128 0x1
 1261 00ea 13       		.uleb128 0x13
 1262 00eb 00       		.byte	0
 1263 00ec 00       		.byte	0
 1264 00ed 14       		.uleb128 0x14
 1265 00ee 05       		.uleb128 0x5
 1266 00ef 00       		.byte	0
 1267 00f0 03       		.uleb128 0x3
 1268 00f1 08       		.uleb128 0x8
 1269 00f2 3A       		.uleb128 0x3a
 1270 00f3 0B       		.uleb128 0xb
 1271 00f4 3B       		.uleb128 0x3b
 1272 00f5 0B       		.uleb128 0xb
 1273 00f6 49       		.uleb128 0x49
 1274 00f7 13       		.uleb128 0x13
 1275 00f8 02       		.uleb128 0x2
 1276 00f9 06       		.uleb128 0x6
 1277 00fa 00       		.byte	0
 1278 00fb 00       		.byte	0
 1279 00fc 15       		.uleb128 0x15
 1280 00fd 34       		.uleb128 0x34
 1281 00fe 00       		.byte	0
 1282 00ff 03       		.uleb128 0x3
 1283 0100 08       		.uleb128 0x8
 1284 0101 3A       		.uleb128 0x3a
 1285 0102 0B       		.uleb128 0xb
 1286 0103 3B       		.uleb128 0x3b
 1287 0104 0B       		.uleb128 0xb
 1288 0105 49       		.uleb128 0x49
 1289 0106 13       		.uleb128 0x13
 1290 0107 02       		.uleb128 0x2
 1291 0108 06       		.uleb128 0x6
 1292 0109 00       		.byte	0
 1293 010a 00       		.byte	0
 1294 010b 16       		.uleb128 0x16
 1295 010c 0B       		.uleb128 0xb
 1296 010d 01       		.byte	0x1
 1297 010e 55       		.uleb128 0x55
 1298 010f 06       		.uleb128 0x6
 1299 0110 01       		.uleb128 0x1
 1300 0111 13       		.uleb128 0x13
 1301 0112 00       		.byte	0
 1302 0113 00       		.byte	0
 1303 0114 17       		.uleb128 0x17
 1304 0115 0B       		.uleb128 0xb
 1305 0116 01       		.byte	0x1
 1306 0117 11       		.uleb128 0x11
 1307 0118 01       		.uleb128 0x1
 1308 0119 12       		.uleb128 0x12
 1309 011a 01       		.uleb128 0x1
 1310 011b 00       		.byte	0
ARM GAS  /tmp/ccGnQQE2.s 			page 24


 1311 011c 00       		.byte	0
 1312 011d 18       		.uleb128 0x18
 1313 011e 2E       		.uleb128 0x2e
 1314 011f 01       		.byte	0x1
 1315 0120 3F       		.uleb128 0x3f
 1316 0121 0C       		.uleb128 0xc
 1317 0122 03       		.uleb128 0x3
 1318 0123 0E       		.uleb128 0xe
 1319 0124 3A       		.uleb128 0x3a
 1320 0125 0B       		.uleb128 0xb
 1321 0126 3B       		.uleb128 0x3b
 1322 0127 0B       		.uleb128 0xb
 1323 0128 27       		.uleb128 0x27
 1324 0129 0C       		.uleb128 0xc
 1325 012a 11       		.uleb128 0x11
 1326 012b 01       		.uleb128 0x1
 1327 012c 12       		.uleb128 0x12
 1328 012d 01       		.uleb128 0x1
 1329 012e 40       		.uleb128 0x40
 1330 012f 06       		.uleb128 0x6
 1331 0130 01       		.uleb128 0x1
 1332 0131 13       		.uleb128 0x13
 1333 0132 00       		.byte	0
 1334 0133 00       		.byte	0
 1335 0134 19       		.uleb128 0x19
 1336 0135 0B       		.uleb128 0xb
 1337 0136 01       		.byte	0x1
 1338 0137 11       		.uleb128 0x11
 1339 0138 01       		.uleb128 0x1
 1340 0139 12       		.uleb128 0x12
 1341 013a 01       		.uleb128 0x1
 1342 013b 01       		.uleb128 0x1
 1343 013c 13       		.uleb128 0x13
 1344 013d 00       		.byte	0
 1345 013e 00       		.byte	0
 1346 013f 1A       		.uleb128 0x1a
 1347 0140 0B       		.uleb128 0xb
 1348 0141 01       		.byte	0x1
 1349 0142 55       		.uleb128 0x55
 1350 0143 06       		.uleb128 0x6
 1351 0144 00       		.byte	0
 1352 0145 00       		.byte	0
 1353 0146 1B       		.uleb128 0x1b
 1354 0147 2E       		.uleb128 0x2e
 1355 0148 01       		.byte	0x1
 1356 0149 3F       		.uleb128 0x3f
 1357 014a 0C       		.uleb128 0xc
 1358 014b 03       		.uleb128 0x3
 1359 014c 0E       		.uleb128 0xe
 1360 014d 3A       		.uleb128 0x3a
 1361 014e 0B       		.uleb128 0xb
 1362 014f 3B       		.uleb128 0x3b
 1363 0150 0B       		.uleb128 0xb
 1364 0151 27       		.uleb128 0x27
 1365 0152 0C       		.uleb128 0xc
 1366 0153 11       		.uleb128 0x11
 1367 0154 01       		.uleb128 0x1
ARM GAS  /tmp/ccGnQQE2.s 			page 25


 1368 0155 12       		.uleb128 0x12
 1369 0156 01       		.uleb128 0x1
 1370 0157 40       		.uleb128 0x40
 1371 0158 06       		.uleb128 0x6
 1372 0159 00       		.byte	0
 1373 015a 00       		.byte	0
 1374 015b 00       		.byte	0
 1375              		.section	.debug_loc,"",%progbits
 1376              	.Ldebug_loc0:
 1377              	.LLST0:
 1378 0000 00000000 		.4byte	.LFB7
 1379 0004 02000000 		.4byte	.LCFI0
 1380 0008 0200     		.2byte	0x2
 1381 000a 7D       		.byte	0x7d
 1382 000b 00       		.sleb128 0
 1383 000c 02000000 		.4byte	.LCFI0
 1384 0010 2C000000 		.4byte	.LFE7
 1385 0014 0200     		.2byte	0x2
 1386 0016 7D       		.byte	0x7d
 1387 0017 08       		.sleb128 8
 1388 0018 00000000 		.4byte	0
 1389 001c 00000000 		.4byte	0
 1390              	.LLST1:
 1391 0020 00000000 		.4byte	.LVL0
 1392 0024 0E000000 		.4byte	.LVL4
 1393 0028 0100     		.2byte	0x1
 1394 002a 50       		.byte	0x50
 1395 002b 11000000 		.4byte	.LVL5-1
 1396 002f 2C000000 		.4byte	.LFE7
 1397 0033 0100     		.2byte	0x1
 1398 0035 54       		.byte	0x54
 1399 0036 00000000 		.4byte	0
 1400 003a 00000000 		.4byte	0
 1401              	.LLST2:
 1402 003e 06000000 		.4byte	.LVL2
 1403 0042 0E000000 		.4byte	.LVL4
 1404 0046 0100     		.2byte	0x1
 1405 0048 50       		.byte	0x50
 1406 0049 0E000000 		.4byte	.LVL4
 1407 004d 2C000000 		.4byte	.LFE7
 1408 0051 0100     		.2byte	0x1
 1409 0053 54       		.byte	0x54
 1410 0054 00000000 		.4byte	0
 1411 0058 00000000 		.4byte	0
 1412              	.LLST3:
 1413 005c 0A000000 		.4byte	.LVL3
 1414 0060 11000000 		.4byte	.LVL5-1
 1415 0064 0100     		.2byte	0x1
 1416 0066 53       		.byte	0x53
 1417 0067 00000000 		.4byte	0
 1418 006b 00000000 		.4byte	0
 1419              	.LLST4:
 1420 006f 2A000000 		.4byte	.LVL7
 1421 0073 2C000000 		.4byte	.LFE7
 1422 0077 0100     		.2byte	0x1
 1423 0079 53       		.byte	0x53
 1424 007a 00000000 		.4byte	0
ARM GAS  /tmp/ccGnQQE2.s 			page 26


 1425 007e 00000000 		.4byte	0
 1426              	.LLST5:
 1427 0082 00000000 		.4byte	.LFB8
 1428 0086 02000000 		.4byte	.LCFI1
 1429 008a 0200     		.2byte	0x2
 1430 008c 7D       		.byte	0x7d
 1431 008d 00       		.sleb128 0
 1432 008e 02000000 		.4byte	.LCFI1
 1433 0092 2C000000 		.4byte	.LFE8
 1434 0096 0200     		.2byte	0x2
 1435 0098 7D       		.byte	0x7d
 1436 0099 08       		.sleb128 8
 1437 009a 00000000 		.4byte	0
 1438 009e 00000000 		.4byte	0
 1439              	.LLST6:
 1440 00a2 00000000 		.4byte	.LVL8
 1441 00a6 23000000 		.4byte	.LVL15-1
 1442 00aa 0100     		.2byte	0x1
 1443 00ac 50       		.byte	0x50
 1444 00ad 00000000 		.4byte	0
 1445 00b1 00000000 		.4byte	0
 1446              	.LLST7:
 1447 00b5 08000000 		.4byte	.LVL10
 1448 00b9 0A000000 		.4byte	.LVL11
 1449 00bd 0100     		.2byte	0x1
 1450 00bf 53       		.byte	0x53
 1451 00c0 00000000 		.4byte	0
 1452 00c4 00000000 		.4byte	0
 1453              	.LLST8:
 1454 00c8 12000000 		.4byte	.LVL13
 1455 00cc 14000000 		.4byte	.LVL14
 1456 00d0 0100     		.2byte	0x1
 1457 00d2 53       		.byte	0x53
 1458 00d3 2A000000 		.4byte	.LVL16
 1459 00d7 2C000000 		.4byte	.LFE8
 1460 00db 0100     		.2byte	0x1
 1461 00dd 53       		.byte	0x53
 1462 00de 00000000 		.4byte	0
 1463 00e2 00000000 		.4byte	0
 1464              	.LLST9:
 1465 00e6 00000000 		.4byte	.LFB9
 1466 00ea 02000000 		.4byte	.LCFI2
 1467 00ee 0200     		.2byte	0x2
 1468 00f0 7D       		.byte	0x7d
 1469 00f1 00       		.sleb128 0
 1470 00f2 02000000 		.4byte	.LCFI2
 1471 00f6 18000000 		.4byte	.LFE9
 1472 00fa 0200     		.2byte	0x2
 1473 00fc 7D       		.byte	0x7d
 1474 00fd 08       		.sleb128 8
 1475 00fe 00000000 		.4byte	0
 1476 0102 00000000 		.4byte	0
 1477              	.LLST10:
 1478 0106 00000000 		.4byte	.LVL17
 1479 010a 0F000000 		.4byte	.LVL21-1
 1480 010e 0100     		.2byte	0x1
 1481 0110 50       		.byte	0x50
ARM GAS  /tmp/ccGnQQE2.s 			page 27


 1482 0111 00000000 		.4byte	0
 1483 0115 00000000 		.4byte	0
 1484              	.LLST11:
 1485 0119 08000000 		.4byte	.LVL19
 1486 011d 0A000000 		.4byte	.LVL20
 1487 0121 0100     		.2byte	0x1
 1488 0123 53       		.byte	0x53
 1489 0124 00000000 		.4byte	0
 1490 0128 00000000 		.4byte	0
 1491              	.LLST12:
 1492 012c 16000000 		.4byte	.LVL23
 1493 0130 18000000 		.4byte	.LFE9
 1494 0134 0100     		.2byte	0x1
 1495 0136 53       		.byte	0x53
 1496 0137 00000000 		.4byte	0
 1497 013b 00000000 		.4byte	0
 1498              		.section	.debug_aranges,"",%progbits
 1499 0000 2C000000 		.4byte	0x2c
 1500 0004 0200     		.2byte	0x2
 1501 0006 00000000 		.4byte	.Ldebug_info0
 1502 000a 04       		.byte	0x4
 1503 000b 00       		.byte	0
 1504 000c 0000     		.2byte	0
 1505 000e 0000     		.2byte	0
 1506 0010 00000000 		.4byte	.LFB7
 1507 0014 2C000000 		.4byte	.LFE7-.LFB7
 1508 0018 00000000 		.4byte	.LFB8
 1509 001c 2C000000 		.4byte	.LFE8-.LFB8
 1510 0020 00000000 		.4byte	.LFB9
 1511 0024 18000000 		.4byte	.LFE9-.LFB9
 1512 0028 00000000 		.4byte	0
 1513 002c 00000000 		.4byte	0
 1514              		.section	.debug_ranges,"",%progbits
 1515              	.Ldebug_ranges0:
 1516 0000 02000000 		.4byte	.LBB2
 1517 0004 04000000 		.4byte	.LBE2
 1518 0008 06000000 		.4byte	.LBB3
 1519 000c 0A000000 		.4byte	.LBE3
 1520 0010 00000000 		.4byte	0
 1521 0014 00000000 		.4byte	0
 1522 0018 0C000000 		.4byte	.LBB6
 1523 001c 12000000 		.4byte	.LBE6
 1524 0020 24000000 		.4byte	.LBB7
 1525 0024 2A000000 		.4byte	.LBE7
 1526 0028 00000000 		.4byte	0
 1527 002c 00000000 		.4byte	0
 1528 0030 00000000 		.4byte	.LFB7
 1529 0034 2C000000 		.4byte	.LFE7
 1530 0038 00000000 		.4byte	.LFB8
 1531 003c 2C000000 		.4byte	.LFE8
 1532 0040 00000000 		.4byte	.LFB9
 1533 0044 18000000 		.4byte	.LFE9
 1534 0048 00000000 		.4byte	0
 1535 004c 00000000 		.4byte	0
 1536              		.section	.debug_line,"",%progbits
 1537              	.Ldebug_line0:
 1538 0000 A5010000 		.section	.debug_str,"MS",%progbits,1
ARM GAS  /tmp/ccGnQQE2.s 			page 28


 1538      02005201 
 1538      00000201 
 1538      FB0E0D00 
 1538      01010101 
 1539              	.LASF72:
 1540 0000 65745F69 		.ascii	"et_interval\000"
 1540      6E746572 
 1540      76616C00 
 1541              	.LASF37:
 1542 000c 705F6D73 		.ascii	"p_msg\000"
 1542      6700
 1543              	.LASF65:
 1544 0012 7264796D 		.ascii	"rdymsg\000"
 1544      736700
 1545              	.LASF11:
 1546 0019 6C6F6E67 		.ascii	"long long unsigned int\000"
 1546      206C6F6E 
 1546      6720756E 
 1546      7369676E 
 1546      65642069 
 1547              	.LASF66:
 1548 0030 65786974 		.ascii	"exitcode\000"
 1548      636F6465 
 1548      00
 1549              	.LASF78:
 1550 0039 65767453 		.ascii	"evtStart\000"
 1550      74617274 
 1550      00
 1551              	.LASF25:
 1552 0042 705F7072 		.ascii	"p_prio\000"
 1552      696F00
 1553              	.LASF10:
 1554 0049 6C6F6E67 		.ascii	"long long int\000"
 1554      206C6F6E 
 1554      6720696E 
 1554      7400
 1555              	.LASF1:
 1556 0057 7369676E 		.ascii	"signed char\000"
 1556      65642063 
 1556      68617200 
 1557              	.LASF73:
 1558 0063 45765469 		.ascii	"EvTimer\000"
 1558      6D657200 
 1559              	.LASF41:
 1560 006b 705F6D70 		.ascii	"p_mpool\000"
 1560      6F6F6C00 
 1561              	.LASF55:
 1562 0073 6D5F7175 		.ascii	"m_queue\000"
 1562      65756500 
 1563              	.LASF16:
 1564 007b 74736C69 		.ascii	"tslices_t\000"
 1564      6365735F 
 1564      7400
 1565              	.LASF7:
 1566 0085 6C6F6E67 		.ascii	"long int\000"
 1566      20696E74 
 1566      00
ARM GAS  /tmp/ccGnQQE2.s 			page 29


 1567              	.LASF14:
 1568 008e 74737461 		.ascii	"tstate_t\000"
 1568      74655F74 
 1568      00
 1569              	.LASF27:
 1570 0097 705F6E65 		.ascii	"p_newer\000"
 1570      77657200 
 1571              	.LASF44:
 1572 009f 72656761 		.ascii	"regarm_t\000"
 1572      726D5F74 
 1572      00
 1573              	.LASF50:
 1574 00a8 76745F70 		.ascii	"vt_prev\000"
 1574      72657600 
 1575              	.LASF63:
 1576 00b0 4576656E 		.ascii	"EventSource\000"
 1576      74536F75 
 1576      72636500 
 1577              	.LASF0:
 1578 00bc 756E7369 		.ascii	"unsigned int\000"
 1578      676E6564 
 1578      20696E74 
 1578      00
 1579              	.LASF49:
 1580 00c9 76745F6E 		.ascii	"vt_next\000"
 1580      65787400 
 1581              	.LASF76:
 1582 00d1 2F686F6D 		.ascii	"/home/aolsen/vrc-9999/TossUp-Joker\000"
 1582      652F616F 
 1582      6C73656E 
 1582      2F767263 
 1582      2D393939 
 1583              	.LASF9:
 1584 00f4 6C6F6E67 		.ascii	"long unsigned int\000"
 1584      20756E73 
 1584      69676E65 
 1584      6420696E 
 1584      7400
 1585              	.LASF46:
 1586 0106 636F6E74 		.ascii	"context\000"
 1586      65787400 
 1587              	.LASF4:
 1588 010e 73686F72 		.ascii	"short unsigned int\000"
 1588      7420756E 
 1588      7369676E 
 1588      65642069 
 1588      6E7400
 1589              	.LASF18:
 1590 0121 6D73675F 		.ascii	"msg_t\000"
 1590      7400
 1591              	.LASF59:
 1592 0127 656C5F6E 		.ascii	"el_next\000"
 1592      65787400 
 1593              	.LASF13:
 1594 012f 746D6F64 		.ascii	"tmode_t\000"
 1594      655F7400 
 1595              	.LASF43:
ARM GAS  /tmp/ccGnQQE2.s 			page 30


 1596 0137 54687265 		.ascii	"ThreadsList\000"
 1596      6164734C 
 1596      69737400 
 1597              	.LASF19:
 1598 0143 6576656E 		.ascii	"eventmask_t\000"
 1598      746D6173 
 1598      6B5F7400 
 1599              	.LASF54:
 1600 014f 4D757465 		.ascii	"Mutex\000"
 1600      7800
 1601              	.LASF51:
 1602 0155 76745F74 		.ascii	"vt_time\000"
 1602      696D6500 
 1603              	.LASF71:
 1604 015d 65745F65 		.ascii	"et_es\000"
 1604      7300
 1605              	.LASF52:
 1606 0163 76745F66 		.ascii	"vt_func\000"
 1606      756E6300 
 1607              	.LASF28:
 1608 016b 705F6F6C 		.ascii	"p_older\000"
 1608      64657200 
 1609              	.LASF42:
 1610 0173 54687265 		.ascii	"ThreadsQueue\000"
 1610      61647351 
 1610      75657565 
 1610      00
 1611              	.LASF61:
 1612 0180 656C5F6D 		.ascii	"el_mask\000"
 1612      61736B00 
 1613              	.LASF15:
 1614 0188 74726566 		.ascii	"trefs_t\000"
 1614      735F7400 
 1615              	.LASF24:
 1616 0190 705F7072 		.ascii	"p_prev\000"
 1616      657600
 1617              	.LASF17:
 1618 0197 74707269 		.ascii	"tprio_t\000"
 1618      6F5F7400 
 1619              	.LASF12:
 1620 019f 5F426F6F 		.ascii	"_Bool\000"
 1620      6C00
 1621              	.LASF6:
 1622 01a5 696E7433 		.ascii	"int32_t\000"
 1622      325F7400 
 1623              	.LASF2:
 1624 01ad 756E7369 		.ascii	"unsigned char\000"
 1624      676E6564 
 1624      20636861 
 1624      7200
 1625              	.LASF60:
 1626 01bb 656C5F6C 		.ascii	"el_listener\000"
 1626      69737465 
 1626      6E657200 
 1627              	.LASF62:
 1628 01c7 656C5F66 		.ascii	"el_flags\000"
 1628      6C616773 
ARM GAS  /tmp/ccGnQQE2.s 			page 31


 1628      00
 1629              	.LASF39:
 1630 01d0 705F6D74 		.ascii	"p_mtxlist\000"
 1630      786C6973 
 1630      7400
 1631              	.LASF3:
 1632 01da 73686F72 		.ascii	"short int\000"
 1632      7420696E 
 1632      7400
 1633              	.LASF30:
 1634 01e4 705F7374 		.ascii	"p_state\000"
 1634      61746500 
 1635              	.LASF33:
 1636 01ec 705F7072 		.ascii	"p_preempt\000"
 1636      65656D70 
 1636      7400
 1637              	.LASF68:
 1638 01f6 65776D61 		.ascii	"ewmask\000"
 1638      736B00
 1639              	.LASF23:
 1640 01fd 705F6E65 		.ascii	"p_next\000"
 1640      787400
 1641              	.LASF31:
 1642 0204 705F666C 		.ascii	"p_flags\000"
 1642      61677300 
 1643              	.LASF22:
 1644 020c 54687265 		.ascii	"Thread\000"
 1644      616400
 1645              	.LASF38:
 1646 0213 705F6570 		.ascii	"p_epending\000"
 1646      656E6469 
 1646      6E6700
 1647              	.LASF8:
 1648 021e 75696E74 		.ascii	"uint32_t\000"
 1648      33325F74 
 1648      00
 1649              	.LASF48:
 1650 0227 56697274 		.ascii	"VirtualTimer\000"
 1650      75616C54 
 1650      696D6572 
 1650      00
 1651              	.LASF74:
 1652 0234 474E5520 		.ascii	"GNU C 4.6.3\000"
 1652      4320342E 
 1652      362E3300 
 1653              	.LASF69:
 1654 0240 63686172 		.ascii	"char\000"
 1654      00
 1655              	.LASF77:
 1656 0245 746D7263 		.ascii	"tmrcb\000"
 1656      6200
 1657              	.LASF75:
 1658 024b 2E2E2F43 		.ascii	"../ChibiOS_2.6.2/os/various/evtimer.c\000"
 1658      68696269 
 1658      4F535F32 
 1658      2E362E32 
 1658      2F6F732F 
ARM GAS  /tmp/ccGnQQE2.s 			page 32


 1659              	.LASF57:
 1660 0271 6D5F6E65 		.ascii	"m_next\000"
 1660      787400
 1661              	.LASF21:
 1662 0278 73797374 		.ascii	"systime_t\000"
 1662      696D655F 
 1662      7400
 1663              	.LASF40:
 1664 0282 705F7265 		.ascii	"p_realprio\000"
 1664      616C7072 
 1664      696F00
 1665              	.LASF47:
 1666 028d 76746675 		.ascii	"vtfunc_t\000"
 1666      6E635F74 
 1666      00
 1667              	.LASF79:
 1668 0296 65767453 		.ascii	"evtStop\000"
 1668      746F7000 
 1669              	.LASF34:
 1670 029e 705F7469 		.ascii	"p_time\000"
 1670      6D6500
 1671              	.LASF45:
 1672 02a5 696E7463 		.ascii	"intctx\000"
 1672      747800
 1673              	.LASF36:
 1674 02ac 705F6D73 		.ascii	"p_msgqueue\000"
 1674      67717565 
 1674      756500
 1675              	.LASF53:
 1676 02b7 76745F70 		.ascii	"vt_par\000"
 1676      617200
 1677              	.LASF20:
 1678 02be 666C6167 		.ascii	"flagsmask_t\000"
 1678      736D6173 
 1678      6B5F7400 
 1679              	.LASF32:
 1680 02ca 705F7265 		.ascii	"p_refs\000"
 1680      667300
 1681              	.LASF5:
 1682 02d1 75696E74 		.ascii	"uint8_t\000"
 1682      385F7400 
 1683              	.LASF58:
 1684 02d9 4576656E 		.ascii	"EventListener\000"
 1684      744C6973 
 1684      74656E65 
 1684      7200
 1685              	.LASF67:
 1686 02e7 77746F62 		.ascii	"wtobjp\000"
 1686      6A7000
 1687              	.LASF29:
 1688 02ee 705F6E61 		.ascii	"p_name\000"
 1688      6D6500
 1689              	.LASF64:
 1690 02f5 65735F6E 		.ascii	"es_next\000"
 1690      65787400 
 1691              	.LASF70:
 1692 02fd 65745F76 		.ascii	"et_vt\000"
ARM GAS  /tmp/ccGnQQE2.s 			page 33


 1692      7400
 1693              	.LASF56:
 1694 0303 6D5F6F77 		.ascii	"m_owner\000"
 1694      6E657200 
 1695              	.LASF26:
 1696 030b 705F6374 		.ascii	"p_ctx\000"
 1696      7800
 1697              	.LASF35:
 1698 0311 705F7761 		.ascii	"p_waiting\000"
 1698      6974696E 
 1698      6700
 1699              		.ident	"GCC: (Sourcery CodeBench Lite 2012.03-56) 4.6.3"
ARM GAS  /tmp/ccGnQQE2.s 			page 34


DEFINED SYMBOLS
                            *ABS*:00000000 evtimer.c
     /tmp/ccGnQQE2.s:19     .text.tmrcb:00000000 $t
     /tmp/ccGnQQE2.s:24     .text.tmrcb:00000000 tmrcb
     /tmp/ccGnQQE2.s:82     .text.evtStart:00000000 $t
     /tmp/ccGnQQE2.s:88     .text.evtStart:00000000 evtStart
     /tmp/ccGnQQE2.s:150    .text.evtStop:00000000 $t
     /tmp/ccGnQQE2.s:156    .text.evtStop:00000000 evtStop
                     .debug_frame:00000010 $d

UNDEFINED SYMBOLS
chEvtBroadcastFlagsI
chVTSetI
chVTResetI
