ARM GAS  /tmp/cc65fjIe.s 			page 1


   1              		.syntax unified
   2              		.cpu cortex-m3
   3              		.fpu softvfp
   4              		.eabi_attribute 20, 1
   5              		.eabi_attribute 21, 1
   6              		.eabi_attribute 23, 3
   7              		.eabi_attribute 24, 1
   8              		.eabi_attribute 25, 1
   9              		.eabi_attribute 26, 1
  10              		.eabi_attribute 30, 2
  11              		.eabi_attribute 34, 1
  12              		.eabi_attribute 18, 4
  13              		.thumb
  14              		.file	"stm32_flash.c"
  15              		.text
  16              	.Ltext0:
  17              		.cfi_sections	.debug_frame
  18              		.section	.text.FLASH_GetBank1Status,"ax",%progbits
  19              		.align	2
  20              		.p2align 4,,15
  21              		.global	FLASH_GetBank1Status
  22              		.thumb
  23              		.thumb_func
  24              		.type	FLASH_GetBank1Status, %function
  25              	FLASH_GetBank1Status:
  26              	.LFB56:
  27              		.file 1 "../convex/cortex/opt/stm32_flash.c"
  28              		.loc 1 110 0
  29              		.cfi_startproc
  30              		@ args = 0, pretend = 0, frame = 0
  31              		@ frame_needed = 0, uses_anonymous_args = 0
  32              		@ link register save eliminated.
  33              	.LVL0:
  34              		.loc 1 113 0
  35 0000 4FF40053 		mov	r3, #8192
  36 0004 C4F20203 		movt	r3, 16386
  37 0008 DA68     		ldr	r2, [r3, #12]
  38 000a D107     		lsls	r1, r2, #31
  39 000c 0BD4     		bmi	.L4
  40              		.loc 1 119 0
  41 000e D868     		ldr	r0, [r3, #12]
  42 0010 4207     		lsls	r2, r0, #29
  43 0012 01D5     		bpl	.L8
  44              		.loc 1 121 0
  45 0014 0220     		movs	r0, #2
  46              	.LVL1:
  47              		.loc 1 137 0
  48 0016 7047     		bx	lr
  49              	.LVL2:
  50              	.L8:
  51              	.LBB4:
  52              	.LBB5:
  53              		.loc 1 125 0
  54 0018 DB68     		ldr	r3, [r3, #12]
  55 001a 13F0100F 		tst	r3, #16
  56              		.loc 1 127 0
  57 001e 0CBF     		ite	eq
ARM GAS  /tmp/cc65fjIe.s 			page 2


  58 0020 0420     		moveq	r0, #4
  59 0022 0320     		movne	r0, #3
  60 0024 7047     		bx	lr
  61              	.L4:
  62              	.LBE5:
  63              	.LBE4:
  64              		.loc 1 115 0
  65 0026 0120     		movs	r0, #1
  66 0028 7047     		bx	lr
  67              		.cfi_endproc
  68              	.LFE56:
  69              		.size	FLASH_GetBank1Status, .-FLASH_GetBank1Status
  70 002a 00BFAFF3 		.section	.text.FLASH_WaitForLastOperation,"ax",%progbits
  70      0080
  71              		.align	2
  72              		.p2align 4,,15
  73              		.global	FLASH_WaitForLastOperation
  74              		.thumb
  75              		.thumb_func
  76              		.type	FLASH_WaitForLastOperation, %function
  77              	FLASH_WaitForLastOperation:
  78              	.LFB57:
  79              		.loc 1 151 0
  80              		.cfi_startproc
  81              		@ args = 0, pretend = 0, frame = 0
  82              		@ frame_needed = 0, uses_anonymous_args = 0
  83              	.LVL3:
  84 0000 10B5     		push	{r4, lr}
  85              	.LCFI0:
  86              		.cfi_def_cfa_offset 8
  87              		.cfi_offset 14, -4
  88              		.cfi_offset 4, -8
  89              		.loc 1 151 0
  90 0002 0446     		mov	r4, r0
  91              		.loc 1 155 0
  92 0004 FFF7FEFF 		bl	FLASH_GetBank1Status
  93              	.LVL4:
  94              		.loc 1 157 0
  95 0008 231C     		adds	r3, r4, #0
  96 000a 18BF     		it	ne
  97 000c 0123     		movne	r3, #1
  98 000e 0128     		cmp	r0, #1
  99 0010 14BF     		ite	ne
 100 0012 0023     		movne	r3, #0
 101 0014 03F00103 		andeq	r3, r3, #1
 102 0018 63B1     		cbz	r3, .L10
 103              	.LVL5:
 104              	.L14:
 105              		.loc 1 159 0
 106 001a FFF7FEFF 		bl	FLASH_GetBank1Status
 107              	.LVL6:
 108              		.loc 1 157 0
 109 001e 013C     		subs	r4, r4, #1
 110              	.LVL7:
 111 0020 0CBF     		ite	eq
 112 0022 0021     		moveq	r1, #0
 113 0024 0121     		movne	r1, #1
ARM GAS  /tmp/cc65fjIe.s 			page 3


 114 0026 0128     		cmp	r0, #1
 115 0028 14BF     		ite	ne
 116 002a 0021     		movne	r1, #0
 117 002c 01F00101 		andeq	r1, r1, #1
 118 0030 0029     		cmp	r1, #0
 119 0032 F2D1     		bne	.L14
 120              	.LVL8:
 121              	.L10:
 122              		.loc 1 168 0
 123 0034 002C     		cmp	r4, #0
 124 0036 08BF     		it	eq
 125 0038 0520     		moveq	r0, #5
 126              	.LVL9:
 127 003a 10BD     		pop	{r4, pc}
 128              		.cfi_endproc
 129              	.LFE57:
 130              		.size	FLASH_WaitForLastOperation, .-FLASH_WaitForLastOperation
 131 003c AFF30080 		.section	.text.FLASH_ErasePage,"ax",%progbits
 132              		.align	2
 133              		.p2align 4,,15
 134              		.global	FLASH_ErasePage
 135              		.thumb
 136              		.thumb_func
 137              		.type	FLASH_ErasePage, %function
 138              	FLASH_ErasePage:
 139              	.LFB58:
 140              		.loc 1 177 0
 141              		.cfi_startproc
 142              		@ args = 0, pretend = 0, frame = 0
 143              		@ frame_needed = 0, uses_anonymous_args = 0
 144              	.LVL10:
 145 0000 38B5     		push	{r3, r4, r5, lr}
 146              	.LCFI1:
 147              		.cfi_def_cfa_offset 16
 148              		.cfi_offset 14, -4
 149              		.cfi_offset 5, -8
 150              		.cfi_offset 4, -12
 151              		.cfi_offset 3, -16
 152              		.loc 1 177 0
 153 0002 0546     		mov	r5, r0
 154              		.loc 1 183 0
 155 0004 4FF43020 		mov	r0, #720896
 156              	.LVL11:
 157 0008 FFF7FEFF 		bl	FLASH_WaitForLastOperation
 158              	.LVL12:
 159              		.loc 1 185 0
 160 000c 0428     		cmp	r0, #4
 161 000e 00D0     		beq	.L18
 162              		.loc 1 201 0
 163 0010 38BD     		pop	{r3, r4, r5, pc}
 164              	.L18:
 165              		.loc 1 188 0
 166 0012 4FF40054 		mov	r4, #8192
 167 0016 C4F20204 		movt	r4, 16386
 168 001a 2369     		ldr	r3, [r4, #16]
 169              		.loc 1 193 0
 170 001c 4FF43020 		mov	r0, #720896
ARM GAS  /tmp/cc65fjIe.s 			page 4


 171              	.LVL13:
 172              		.loc 1 188 0
 173 0020 43F00202 		orr	r2, r3, #2
 174 0024 2261     		str	r2, [r4, #16]
 175              		.loc 1 189 0
 176 0026 6561     		str	r5, [r4, #20]
 177              		.loc 1 190 0
 178 0028 2169     		ldr	r1, [r4, #16]
 179 002a 41F04003 		orr	r3, r1, #64
 180 002e 2361     		str	r3, [r4, #16]
 181              		.loc 1 193 0
 182 0030 FFF7FEFF 		bl	FLASH_WaitForLastOperation
 183              	.LVL14:
 184              		.loc 1 196 0
 185 0034 2269     		ldr	r2, [r4, #16]
 186 0036 41F6FD71 		movw	r1, #8189
 187 003a 02EA0103 		and	r3, r2, r1
 188 003e 2361     		str	r3, [r4, #16]
 189              		.loc 1 201 0
 190 0040 38BD     		pop	{r3, r4, r5, pc}
 191              		.cfi_endproc
 192              	.LFE58:
 193              		.size	FLASH_ErasePage, .-FLASH_ErasePage
 194 0042 00BFAFF3 		.section	.text.FLASH_ClearFlag,"ax",%progbits
 194      0080AFF3 
 194      0080AFF3 
 194      0080
 195              		.align	2
 196              		.p2align 4,,15
 197              		.global	FLASH_ClearFlag
 198              		.thumb
 199              		.thumb_func
 200              		.type	FLASH_ClearFlag, %function
 201              	FLASH_ClearFlag:
 202              	.LFB59:
 203              		.loc 1 216 0
 204              		.cfi_startproc
 205              		@ args = 0, pretend = 0, frame = 0
 206              		@ frame_needed = 0, uses_anonymous_args = 0
 207              		@ link register save eliminated.
 208              	.LVL15:
 209              		.loc 1 221 0
 210 0000 4FF40053 		mov	r3, #8192
 211 0004 C4F20203 		movt	r3, 16386
 212 0008 D860     		str	r0, [r3, #12]
 213              		.loc 1 222 0
 214 000a 7047     		bx	lr
 215              		.cfi_endproc
 216              	.LFE59:
 217              		.size	FLASH_ClearFlag, .-FLASH_ClearFlag
 218 000c AFF30080 		.section	.text.FLASH_ProgramWord,"ax",%progbits
 219              		.align	2
 220              		.p2align 4,,15
 221              		.global	FLASH_ProgramWord
 222              		.thumb
 223              		.thumb_func
 224              		.type	FLASH_ProgramWord, %function
ARM GAS  /tmp/cc65fjIe.s 			page 5


 225              	FLASH_ProgramWord:
 226              	.LFB60:
 227              		.loc 1 235 0
 228              		.cfi_startproc
 229              		@ args = 0, pretend = 0, frame = 8
 230              		@ frame_needed = 0, uses_anonymous_args = 0
 231              	.LVL16:
 232 0000 70B5     		push	{r4, r5, r6, lr}
 233              	.LCFI2:
 234              		.cfi_def_cfa_offset 16
 235              		.cfi_offset 14, -4
 236              		.cfi_offset 6, -8
 237              		.cfi_offset 5, -12
 238              		.cfi_offset 4, -16
 239              		.loc 1 237 0
 240 0002 0023     		movs	r3, #0
 241              		.loc 1 235 0
 242 0004 82B0     		sub	sp, sp, #8
 243              	.LCFI3:
 244              		.cfi_def_cfa_offset 24
 245              		.loc 1 235 0
 246 0006 0446     		mov	r4, r0
 247              		.loc 1 243 0
 248 0008 4FF40050 		mov	r0, #8192
 249              	.LVL17:
 250              		.loc 1 235 0
 251 000c 0D46     		mov	r5, r1
 252              		.loc 1 237 0
 253 000e 0193     		str	r3, [sp, #4]
 254              	.LVL18:
 255              		.loc 1 243 0
 256 0010 FFF7FEFF 		bl	FLASH_WaitForLastOperation
 257              	.LVL19:
 258              		.loc 1 245 0
 259 0014 0428     		cmp	r0, #4
 260 0016 01D0     		beq	.L23
 261              	.LVL20:
 262              	.L21:
 263              		.loc 1 278 0
 264 0018 02B0     		add	sp, sp, #8
 265 001a 70BD     		pop	{r4, r5, r6, pc}
 266              	.LVL21:
 267              	.L23:
 268              		.loc 1 249 0
 269 001c 4FF40056 		mov	r6, #8192
 270 0020 C4F20206 		movt	r6, 16386
 271 0024 3069     		ldr	r0, [r6, #16]
 272              	.LVL22:
 273 0026 40F00102 		orr	r2, r0, #1
 274 002a 3261     		str	r2, [r6, #16]
 275              		.loc 1 253 0
 276 002c 4FF40050 		mov	r0, #8192
 277              		.loc 1 251 0
 278 0030 2580     		strh	r5, [r4, #0]	@ movhi
 279              		.loc 1 253 0
 280 0032 FFF7FEFF 		bl	FLASH_WaitForLastOperation
 281              	.LVL23:
ARM GAS  /tmp/cc65fjIe.s 			page 6


 282              		.loc 1 255 0
 283 0036 0428     		cmp	r0, #4
 284 0038 06D0     		beq	.L24
 285              		.loc 1 272 0
 286 003a 3369     		ldr	r3, [r6, #16]
 287 003c 41F6FE7E 		movw	lr, #8190
 288 0040 03EA0E01 		and	r1, r3, lr
 289 0044 3161     		str	r1, [r6, #16]
 290 0046 E7E7     		b	.L21
 291              	.L24:
 292              		.loc 1 259 0
 293 0048 0234     		adds	r4, r4, #2
 294              	.LVL24:
 295 004a 0194     		str	r4, [sp, #4]
 296              	.LVL25:
 297              		.loc 1 261 0
 298 004c 019A     		ldr	r2, [sp, #4]
 299 004e 2D0C     		lsrs	r5, r5, #16
 300              	.LVL26:
 301 0050 1580     		strh	r5, [r2, #0]	@ movhi
 302              		.loc 1 264 0
 303 0052 4FF40050 		mov	r0, #8192
 304              	.LVL27:
 305 0056 FFF7FEFF 		bl	FLASH_WaitForLastOperation
 306              	.LVL28:
 307              		.loc 1 267 0
 308 005a 3369     		ldr	r3, [r6, #16]
 309 005c 41F6FE7C 		movw	ip, #8190
 310 0060 03EA0C01 		and	r1, r3, ip
 311 0064 3161     		str	r1, [r6, #16]
 312 0066 D7E7     		b	.L21
 313              		.cfi_endproc
 314              	.LFE60:
 315              		.size	FLASH_ProgramWord, .-FLASH_ProgramWord
 316 0068 AFF30080 		.section	.text.FLASH_ProgramHalfWord,"ax",%progbits
 316      AFF30080 
 317              		.align	2
 318              		.p2align 4,,15
 319              		.global	FLASH_ProgramHalfWord
 320              		.thumb
 321              		.thumb_func
 322              		.type	FLASH_ProgramHalfWord, %function
 323              	FLASH_ProgramHalfWord:
 324              	.LFB61:
 325              		.loc 1 289 0
 326              		.cfi_startproc
 327              		@ args = 0, pretend = 0, frame = 0
 328              		@ frame_needed = 0, uses_anonymous_args = 0
 329              	.LVL29:
 330 0000 70B5     		push	{r4, r5, r6, lr}
 331              	.LCFI4:
 332              		.cfi_def_cfa_offset 16
 333              		.cfi_offset 14, -4
 334              		.cfi_offset 6, -8
 335              		.cfi_offset 5, -12
 336              		.cfi_offset 4, -16
 337              		.loc 1 289 0
ARM GAS  /tmp/cc65fjIe.s 			page 7


 338 0002 0446     		mov	r4, r0
 339              		.loc 1 295 0
 340 0004 4FF40050 		mov	r0, #8192
 341              	.LVL30:
 342              		.loc 1 289 0
 343 0008 0D46     		mov	r5, r1
 344              		.loc 1 295 0
 345 000a FFF7FEFF 		bl	FLASH_WaitForLastOperation
 346              	.LVL31:
 347              		.loc 1 297 0
 348 000e 0428     		cmp	r0, #4
 349 0010 00D0     		beq	.L27
 350              		.loc 1 312 0
 351 0012 70BD     		pop	{r4, r5, r6, pc}
 352              	.L27:
 353              		.loc 1 300 0
 354 0014 4FF40056 		mov	r6, #8192
 355 0018 C4F20206 		movt	r6, 16386
 356 001c 3169     		ldr	r1, [r6, #16]
 357              		.loc 1 304 0
 358 001e 4FF40050 		mov	r0, #8192
 359              	.LVL32:
 360              		.loc 1 300 0
 361 0022 41F00103 		orr	r3, r1, #1
 362 0026 3361     		str	r3, [r6, #16]
 363              		.loc 1 302 0
 364 0028 2580     		strh	r5, [r4, #0]	@ movhi
 365              		.loc 1 304 0
 366 002a FFF7FEFF 		bl	FLASH_WaitForLastOperation
 367              	.LVL33:
 368              		.loc 1 307 0
 369 002e 3269     		ldr	r2, [r6, #16]
 370 0030 41F6FE71 		movw	r1, #8190
 371 0034 02EA0103 		and	r3, r2, r1
 372 0038 3361     		str	r3, [r6, #16]
 373              		.loc 1 312 0
 374 003a 70BD     		pop	{r4, r5, r6, pc}
 375              		.cfi_endproc
 376              	.LFE61:
 377              		.size	FLASH_ProgramHalfWord, .-FLASH_ProgramHalfWord
 378 003c AFF30080 		.section	.text.FLASH_UnlockBank1,"ax",%progbits
 379              		.align	2
 380              		.p2align 4,,15
 381              		.global	FLASH_UnlockBank1
 382              		.thumb
 383              		.thumb_func
 384              		.type	FLASH_UnlockBank1, %function
 385              	FLASH_UnlockBank1:
 386              	.LFB62:
 387              		.loc 1 323 0
 388              		.cfi_startproc
 389              		@ args = 0, pretend = 0, frame = 0
 390              		@ frame_needed = 0, uses_anonymous_args = 0
 391              		@ link register save eliminated.
 392              		.loc 1 325 0
 393 0000 4FF40053 		mov	r3, #8192
 394 0004 40F22311 		movw	r1, #291
ARM GAS  /tmp/cc65fjIe.s 			page 8


 395              		.loc 1 326 0
 396 0008 48F6AB12 		movw	r2, #35243
 397              		.loc 1 325 0
 398 000c C4F20203 		movt	r3, 16386
 399 0010 C4F26751 		movt	r1, 17767
 400              		.loc 1 326 0
 401 0014 CCF6EF52 		movt	r2, 52719
 402              		.loc 1 325 0
 403 0018 5960     		str	r1, [r3, #4]
 404              		.loc 1 326 0
 405 001a 5A60     		str	r2, [r3, #4]
 406              		.loc 1 327 0
 407 001c 7047     		bx	lr
 408              		.cfi_endproc
 409              	.LFE62:
 410              		.size	FLASH_UnlockBank1, .-FLASH_UnlockBank1
 411 001e 00BF     		.text
 412              	.Letext0:
 413              		.file 2 "/opt/pros/toolchain/bin/../lib/gcc/arm-none-eabi/4.6.3/../../../../arm-none-eabi/include/
 414              		.file 3 "../ChibiOS_2.6.2/os/hal/platforms/STM32F1xx/stm32f10x.h"
 415              		.file 4 "../convex/cortex/opt/stm32f10x_flash.h"
 416              		.file 5 "../ChibiOS_2.6.2/os/ports/common/ARMCMx/CMSIS/include/core_cm3.h"
 417              		.section	.debug_info,"",%progbits
 418              	.Ldebug_info0:
 419 0000 28030000 		.4byte	0x328
 420 0004 0200     		.2byte	0x2
 421 0006 00000000 		.4byte	.Ldebug_abbrev0
 422 000a 04       		.byte	0x4
 423 000b 01       		.uleb128 0x1
 424 000c CE010000 		.4byte	.LASF33
 425 0010 01       		.byte	0x1
 426 0011 16000000 		.4byte	.LASF34
 427 0015 3E000000 		.4byte	.LASF35
 428 0019 00000000 		.4byte	0
 429 001d 00000000 		.4byte	0
 430 0021 00000000 		.4byte	.Ldebug_ranges0+0
 431 0025 00000000 		.4byte	.Ldebug_line0
 432 0029 02       		.uleb128 0x2
 433 002a 01       		.byte	0x1
 434 002b 06       		.byte	0x6
 435 002c CF000000 		.4byte	.LASF0
 436 0030 02       		.uleb128 0x2
 437 0031 01       		.byte	0x1
 438 0032 08       		.byte	0x8
 439 0033 3A010000 		.4byte	.LASF1
 440 0037 02       		.uleb128 0x2
 441 0038 02       		.byte	0x2
 442 0039 05       		.byte	0x5
 443 003a DA010000 		.4byte	.LASF2
 444 003e 03       		.uleb128 0x3
 445 003f EC010000 		.4byte	.LASF4
 446 0043 02       		.byte	0x2
 447 0044 36       		.byte	0x36
 448 0045 49000000 		.4byte	0x49
 449 0049 02       		.uleb128 0x2
 450 004a 02       		.byte	0x2
 451 004b 07       		.byte	0x7
ARM GAS  /tmp/cc65fjIe.s 			page 9


 452 004c ED000000 		.4byte	.LASF3
 453 0050 03       		.uleb128 0x3
 454 0051 AB010000 		.4byte	.LASF5
 455 0055 02       		.byte	0x2
 456 0056 4F       		.byte	0x4f
 457 0057 5B000000 		.4byte	0x5b
 458 005b 02       		.uleb128 0x2
 459 005c 04       		.byte	0x4
 460 005d 05       		.byte	0x5
 461 005e 77000000 		.4byte	.LASF6
 462 0062 03       		.uleb128 0x3
 463 0063 02020000 		.4byte	.LASF7
 464 0067 02       		.byte	0x2
 465 0068 50       		.byte	0x50
 466 0069 6D000000 		.4byte	0x6d
 467 006d 02       		.uleb128 0x2
 468 006e 04       		.byte	0x4
 469 006f 07       		.byte	0x7
 470 0070 DB000000 		.4byte	.LASF8
 471 0074 02       		.uleb128 0x2
 472 0075 08       		.byte	0x8
 473 0076 05       		.byte	0x5
 474 0077 B3010000 		.4byte	.LASF9
 475 007b 02       		.uleb128 0x2
 476 007c 08       		.byte	0x8
 477 007d 07       		.byte	0x7
 478 007e 7F010000 		.4byte	.LASF10
 479 0082 04       		.uleb128 0x4
 480 0083 04       		.byte	0x4
 481 0084 05       		.byte	0x5
 482 0085 696E7400 		.ascii	"int\000"
 483 0089 02       		.uleb128 0x2
 484 008a 04       		.byte	0x4
 485 008b 07       		.byte	0x7
 486 008c 60010000 		.4byte	.LASF11
 487 0090 05       		.uleb128 0x5
 488 0091 62000000 		.4byte	0x62
 489 0095 05       		.uleb128 0x5
 490 0096 50000000 		.4byte	0x50
 491 009a 06       		.uleb128 0x6
 492 009b 24       		.byte	0x24
 493 009c 03       		.byte	0x3
 494 009d 9403     		.2byte	0x394
 495 009f 28010000 		.4byte	0x128
 496 00a3 07       		.uleb128 0x7
 497 00a4 41435200 		.ascii	"ACR\000"
 498 00a8 03       		.byte	0x3
 499 00a9 9603     		.2byte	0x396
 500 00ab 90000000 		.4byte	0x90
 501 00af 02       		.byte	0x2
 502 00b0 23       		.byte	0x23
 503 00b1 00       		.uleb128 0
 504 00b2 08       		.uleb128 0x8
 505 00b3 19020000 		.4byte	.LASF12
 506 00b7 03       		.byte	0x3
 507 00b8 9703     		.2byte	0x397
 508 00ba 90000000 		.4byte	0x90
ARM GAS  /tmp/cc65fjIe.s 			page 10


 509 00be 02       		.byte	0x2
 510 00bf 23       		.byte	0x23
 511 00c0 04       		.uleb128 0x4
 512 00c1 08       		.uleb128 0x8
 513 00c2 32010000 		.4byte	.LASF13
 514 00c6 03       		.byte	0x3
 515 00c7 9803     		.2byte	0x398
 516 00c9 90000000 		.4byte	0x90
 517 00cd 02       		.byte	0x2
 518 00ce 23       		.byte	0x23
 519 00cf 08       		.uleb128 0x8
 520 00d0 07       		.uleb128 0x7
 521 00d1 535200   		.ascii	"SR\000"
 522 00d4 03       		.byte	0x3
 523 00d5 9903     		.2byte	0x399
 524 00d7 90000000 		.4byte	0x90
 525 00db 02       		.byte	0x2
 526 00dc 23       		.byte	0x23
 527 00dd 0C       		.uleb128 0xc
 528 00de 07       		.uleb128 0x7
 529 00df 435200   		.ascii	"CR\000"
 530 00e2 03       		.byte	0x3
 531 00e3 9A03     		.2byte	0x39a
 532 00e5 90000000 		.4byte	0x90
 533 00e9 02       		.byte	0x2
 534 00ea 23       		.byte	0x23
 535 00eb 10       		.uleb128 0x10
 536 00ec 07       		.uleb128 0x7
 537 00ed 415200   		.ascii	"AR\000"
 538 00f0 03       		.byte	0x3
 539 00f1 9B03     		.2byte	0x39b
 540 00f3 90000000 		.4byte	0x90
 541 00f7 02       		.byte	0x2
 542 00f8 23       		.byte	0x23
 543 00f9 14       		.uleb128 0x14
 544 00fa 08       		.uleb128 0x8
 545 00fb 48010000 		.4byte	.LASF14
 546 00ff 03       		.byte	0x3
 547 0100 9C03     		.2byte	0x39c
 548 0102 90000000 		.4byte	0x90
 549 0106 02       		.byte	0x2
 550 0107 23       		.byte	0x23
 551 0108 18       		.uleb128 0x18
 552 0109 07       		.uleb128 0x7
 553 010a 4F425200 		.ascii	"OBR\000"
 554 010e 03       		.byte	0x3
 555 010f 9D03     		.2byte	0x39d
 556 0111 90000000 		.4byte	0x90
 557 0115 02       		.byte	0x2
 558 0116 23       		.byte	0x23
 559 0117 1C       		.uleb128 0x1c
 560 0118 08       		.uleb128 0x8
 561 0119 A6010000 		.4byte	.LASF15
 562 011d 03       		.byte	0x3
 563 011e 9E03     		.2byte	0x39e
 564 0120 90000000 		.4byte	0x90
 565 0124 02       		.byte	0x2
ARM GAS  /tmp/cc65fjIe.s 			page 11


 566 0125 23       		.byte	0x23
 567 0126 20       		.uleb128 0x20
 568 0127 00       		.byte	0
 569 0128 09       		.uleb128 0x9
 570 0129 69000000 		.4byte	.LASF16
 571 012d 03       		.byte	0x3
 572 012e A703     		.2byte	0x3a7
 573 0130 9A000000 		.4byte	0x9a
 574 0134 0A       		.uleb128 0xa
 575 0135 01       		.byte	0x1
 576 0136 04       		.byte	0x4
 577 0137 33       		.byte	0x33
 578 0138 5B010000 		.4byte	0x15b
 579 013c 0B       		.uleb128 0xb
 580 013d 2A020000 		.4byte	.LASF17
 581 0141 01       		.sleb128 1
 582 0142 0B       		.uleb128 0xb
 583 0143 51010000 		.4byte	.LASF18
 584 0147 02       		.sleb128 2
 585 0148 0B       		.uleb128 0xb
 586 0149 96010000 		.4byte	.LASF19
 587 014d 03       		.sleb128 3
 588 014e 0B       		.uleb128 0xb
 589 014f 5A000000 		.4byte	.LASF20
 590 0153 04       		.sleb128 4
 591 0154 0B       		.uleb128 0xb
 592 0155 0B020000 		.4byte	.LASF21
 593 0159 05       		.sleb128 5
 594 015a 00       		.byte	0
 595 015b 03       		.uleb128 0x3
 596 015c C1010000 		.4byte	.LASF22
 597 0160 04       		.byte	0x4
 598 0161 39       		.byte	0x39
 599 0162 34010000 		.4byte	0x134
 600 0166 0C       		.uleb128 0xc
 601 0167 01       		.byte	0x1
 602 0168 00010000 		.4byte	.LASF36
 603 016c 01       		.byte	0x1
 604 016d 6D       		.byte	0x6d
 605 016e 01       		.byte	0x1
 606 016f 5B010000 		.4byte	0x15b
 607 0173 01       		.byte	0x1
 608 0174 84010000 		.4byte	0x184
 609 0178 0D       		.uleb128 0xd
 610 0179 1E020000 		.4byte	.LASF37
 611 017d 01       		.byte	0x1
 612 017e 6F       		.byte	0x6f
 613 017f 5B010000 		.4byte	0x15b
 614 0183 00       		.byte	0
 615 0184 0E       		.uleb128 0xe
 616 0185 66010000 		.4byte	0x166
 617 0189 00000000 		.4byte	.LFB56
 618 018d 2A000000 		.4byte	.LFE56
 619 0191 02       		.byte	0x2
 620 0192 7D       		.byte	0x7d
 621 0193 00       		.sleb128 0
 622 0194 C1010000 		.4byte	0x1c1
ARM GAS  /tmp/cc65fjIe.s 			page 12


 623 0198 0F       		.uleb128 0xf
 624 0199 78010000 		.4byte	0x178
 625 019d 00000000 		.4byte	.LLST0
 626 01a1 10       		.uleb128 0x10
 627 01a2 66010000 		.4byte	0x166
 628 01a6 18000000 		.4byte	.LBB4
 629 01aa 26000000 		.4byte	.LBE4
 630 01ae 01       		.byte	0x1
 631 01af 6D       		.byte	0x6d
 632 01b0 11       		.uleb128 0x11
 633 01b1 18000000 		.4byte	.LBB5
 634 01b5 26000000 		.4byte	.LBE5
 635 01b9 12       		.uleb128 0x12
 636 01ba 78010000 		.4byte	0x178
 637 01be 00       		.byte	0
 638 01bf 00       		.byte	0
 639 01c0 00       		.byte	0
 640 01c1 13       		.uleb128 0x13
 641 01c2 01       		.byte	0x1
 642 01c3 A9000000 		.4byte	.LASF23
 643 01c7 01       		.byte	0x1
 644 01c8 96       		.byte	0x96
 645 01c9 01       		.byte	0x1
 646 01ca 5B010000 		.4byte	0x15b
 647 01ce 00000000 		.4byte	.LFB57
 648 01d2 3C000000 		.4byte	.LFE57
 649 01d6 2B000000 		.4byte	.LLST1
 650 01da FD010000 		.4byte	0x1fd
 651 01de 14       		.uleb128 0x14
 652 01df 35020000 		.4byte	.LASF25
 653 01e3 01       		.byte	0x1
 654 01e4 96       		.byte	0x96
 655 01e5 62000000 		.4byte	0x62
 656 01e9 4B000000 		.4byte	.LLST2
 657 01ed 15       		.uleb128 0x15
 658 01ee A2000000 		.4byte	.LASF27
 659 01f2 01       		.byte	0x1
 660 01f3 98       		.byte	0x98
 661 01f4 5B010000 		.4byte	0x15b
 662 01f8 81000000 		.4byte	.LLST3
 663 01fc 00       		.byte	0
 664 01fd 13       		.uleb128 0x13
 665 01fe 01       		.byte	0x1
 666 01ff 22010000 		.4byte	.LASF24
 667 0203 01       		.byte	0x1
 668 0204 B0       		.byte	0xb0
 669 0205 01       		.byte	0x1
 670 0206 5B010000 		.4byte	0x15b
 671 020a 00000000 		.4byte	.LFB58
 672 020e 42000000 		.4byte	.LFE58
 673 0212 AB000000 		.4byte	.LLST4
 674 0216 39020000 		.4byte	0x239
 675 021a 14       		.uleb128 0x14
 676 021b F5010000 		.4byte	.LASF26
 677 021f 01       		.byte	0x1
 678 0220 B0       		.byte	0xb0
 679 0221 62000000 		.4byte	0x62
ARM GAS  /tmp/cc65fjIe.s 			page 13


 680 0225 CB000000 		.4byte	.LLST5
 681 0229 15       		.uleb128 0x15
 682 022a A2000000 		.4byte	.LASF27
 683 022e 01       		.byte	0x1
 684 022f B2       		.byte	0xb2
 685 0230 5B010000 		.4byte	0x15b
 686 0234 E9000000 		.4byte	.LLST6
 687 0238 00       		.byte	0
 688 0239 16       		.uleb128 0x16
 689 023a 01       		.byte	0x1
 690 023b 80000000 		.4byte	.LASF38
 691 023f 01       		.byte	0x1
 692 0240 D7       		.byte	0xd7
 693 0241 01       		.byte	0x1
 694 0242 00000000 		.4byte	.LFB59
 695 0246 0C000000 		.4byte	.LFE59
 696 024a 02       		.byte	0x2
 697 024b 7D       		.byte	0x7d
 698 024c 00       		.sleb128 0
 699 024d 5F020000 		.4byte	0x25f
 700 0251 17       		.uleb128 0x17
 701 0252 C4000000 		.4byte	.LASF28
 702 0256 01       		.byte	0x1
 703 0257 D7       		.byte	0xd7
 704 0258 62000000 		.4byte	0x62
 705 025c 01       		.byte	0x1
 706 025d 50       		.byte	0x50
 707 025e 00       		.byte	0
 708 025f 13       		.uleb128 0x13
 709 0260 01       		.byte	0x1
 710 0261 90000000 		.4byte	.LASF29
 711 0265 01       		.byte	0x1
 712 0266 EA       		.byte	0xea
 713 0267 01       		.byte	0x1
 714 0268 5B010000 		.4byte	0x15b
 715 026c 00000000 		.4byte	.LFB60
 716 0270 68000000 		.4byte	.LFE60
 717 0274 13010000 		.4byte	.LLST7
 718 0278 B9020000 		.4byte	0x2b9
 719 027c 14       		.uleb128 0x14
 720 027d E4010000 		.4byte	.LASF30
 721 0281 01       		.byte	0x1
 722 0282 EA       		.byte	0xea
 723 0283 62000000 		.4byte	0x62
 724 0287 3F010000 		.4byte	.LLST8
 725 028b 14       		.uleb128 0x14
 726 028c 39000000 		.4byte	.LASF31
 727 0290 01       		.byte	0x1
 728 0291 EA       		.byte	0xea
 729 0292 62000000 		.4byte	0x62
 730 0296 75010000 		.4byte	.LLST9
 731 029a 15       		.uleb128 0x15
 732 029b A2000000 		.4byte	.LASF27
 733 029f 01       		.byte	0x1
 734 02a0 EC       		.byte	0xec
 735 02a1 5B010000 		.4byte	0x15b
 736 02a5 9E010000 		.4byte	.LLST10
ARM GAS  /tmp/cc65fjIe.s 			page 14


 737 02a9 18       		.uleb128 0x18
 738 02aa 746D7000 		.ascii	"tmp\000"
 739 02ae 01       		.byte	0x1
 740 02af ED       		.byte	0xed
 741 02b0 90000000 		.4byte	0x90
 742 02b4 D3010000 		.4byte	.LLST11
 743 02b8 00       		.byte	0
 744 02b9 19       		.uleb128 0x19
 745 02ba 01       		.byte	0x1
 746 02bb 00000000 		.4byte	.LASF32
 747 02bf 01       		.byte	0x1
 748 02c0 2001     		.2byte	0x120
 749 02c2 01       		.byte	0x1
 750 02c3 5B010000 		.4byte	0x15b
 751 02c7 00000000 		.4byte	.LFB61
 752 02cb 3C000000 		.4byte	.LFE61
 753 02cf F2010000 		.4byte	.LLST12
 754 02d3 08030000 		.4byte	0x308
 755 02d7 1A       		.uleb128 0x1a
 756 02d8 E4010000 		.4byte	.LASF30
 757 02dc 01       		.byte	0x1
 758 02dd 2001     		.2byte	0x120
 759 02df 62000000 		.4byte	0x62
 760 02e3 12020000 		.4byte	.LLST13
 761 02e7 1A       		.uleb128 0x1a
 762 02e8 39000000 		.4byte	.LASF31
 763 02ec 01       		.byte	0x1
 764 02ed 2001     		.2byte	0x120
 765 02ef 3E000000 		.4byte	0x3e
 766 02f3 30020000 		.4byte	.LLST14
 767 02f7 1B       		.uleb128 0x1b
 768 02f8 A2000000 		.4byte	.LASF27
 769 02fc 01       		.byte	0x1
 770 02fd 2201     		.2byte	0x122
 771 02ff 5B010000 		.4byte	0x15b
 772 0303 43020000 		.4byte	.LLST15
 773 0307 00       		.byte	0
 774 0308 1C       		.uleb128 0x1c
 775 0309 01       		.byte	0x1
 776 030a 6D010000 		.4byte	.LASF39
 777 030e 01       		.byte	0x1
 778 030f 4201     		.2byte	0x142
 779 0311 01       		.byte	0x1
 780 0312 00000000 		.4byte	.LFB62
 781 0316 1E000000 		.4byte	.LFE62
 782 031a 02       		.byte	0x2
 783 031b 7D       		.byte	0x7d
 784 031c 00       		.sleb128 0
 785 031d 1D       		.uleb128 0x1d
 786 031e 15010000 		.4byte	.LASF40
 787 0322 05       		.byte	0x5
 788 0323 0706     		.2byte	0x607
 789 0325 95000000 		.4byte	0x95
 790 0329 01       		.byte	0x1
 791 032a 01       		.byte	0x1
 792 032b 00       		.byte	0
 793              		.section	.debug_abbrev,"",%progbits
ARM GAS  /tmp/cc65fjIe.s 			page 15


 794              	.Ldebug_abbrev0:
 795 0000 01       		.uleb128 0x1
 796 0001 11       		.uleb128 0x11
 797 0002 01       		.byte	0x1
 798 0003 25       		.uleb128 0x25
 799 0004 0E       		.uleb128 0xe
 800 0005 13       		.uleb128 0x13
 801 0006 0B       		.uleb128 0xb
 802 0007 03       		.uleb128 0x3
 803 0008 0E       		.uleb128 0xe
 804 0009 1B       		.uleb128 0x1b
 805 000a 0E       		.uleb128 0xe
 806 000b 11       		.uleb128 0x11
 807 000c 01       		.uleb128 0x1
 808 000d 52       		.uleb128 0x52
 809 000e 01       		.uleb128 0x1
 810 000f 55       		.uleb128 0x55
 811 0010 06       		.uleb128 0x6
 812 0011 10       		.uleb128 0x10
 813 0012 06       		.uleb128 0x6
 814 0013 00       		.byte	0
 815 0014 00       		.byte	0
 816 0015 02       		.uleb128 0x2
 817 0016 24       		.uleb128 0x24
 818 0017 00       		.byte	0
 819 0018 0B       		.uleb128 0xb
 820 0019 0B       		.uleb128 0xb
 821 001a 3E       		.uleb128 0x3e
 822 001b 0B       		.uleb128 0xb
 823 001c 03       		.uleb128 0x3
 824 001d 0E       		.uleb128 0xe
 825 001e 00       		.byte	0
 826 001f 00       		.byte	0
 827 0020 03       		.uleb128 0x3
 828 0021 16       		.uleb128 0x16
 829 0022 00       		.byte	0
 830 0023 03       		.uleb128 0x3
 831 0024 0E       		.uleb128 0xe
 832 0025 3A       		.uleb128 0x3a
 833 0026 0B       		.uleb128 0xb
 834 0027 3B       		.uleb128 0x3b
 835 0028 0B       		.uleb128 0xb
 836 0029 49       		.uleb128 0x49
 837 002a 13       		.uleb128 0x13
 838 002b 00       		.byte	0
 839 002c 00       		.byte	0
 840 002d 04       		.uleb128 0x4
 841 002e 24       		.uleb128 0x24
 842 002f 00       		.byte	0
 843 0030 0B       		.uleb128 0xb
 844 0031 0B       		.uleb128 0xb
 845 0032 3E       		.uleb128 0x3e
 846 0033 0B       		.uleb128 0xb
 847 0034 03       		.uleb128 0x3
 848 0035 08       		.uleb128 0x8
 849 0036 00       		.byte	0
 850 0037 00       		.byte	0
ARM GAS  /tmp/cc65fjIe.s 			page 16


 851 0038 05       		.uleb128 0x5
 852 0039 35       		.uleb128 0x35
 853 003a 00       		.byte	0
 854 003b 49       		.uleb128 0x49
 855 003c 13       		.uleb128 0x13
 856 003d 00       		.byte	0
 857 003e 00       		.byte	0
 858 003f 06       		.uleb128 0x6
 859 0040 13       		.uleb128 0x13
 860 0041 01       		.byte	0x1
 861 0042 0B       		.uleb128 0xb
 862 0043 0B       		.uleb128 0xb
 863 0044 3A       		.uleb128 0x3a
 864 0045 0B       		.uleb128 0xb
 865 0046 3B       		.uleb128 0x3b
 866 0047 05       		.uleb128 0x5
 867 0048 01       		.uleb128 0x1
 868 0049 13       		.uleb128 0x13
 869 004a 00       		.byte	0
 870 004b 00       		.byte	0
 871 004c 07       		.uleb128 0x7
 872 004d 0D       		.uleb128 0xd
 873 004e 00       		.byte	0
 874 004f 03       		.uleb128 0x3
 875 0050 08       		.uleb128 0x8
 876 0051 3A       		.uleb128 0x3a
 877 0052 0B       		.uleb128 0xb
 878 0053 3B       		.uleb128 0x3b
 879 0054 05       		.uleb128 0x5
 880 0055 49       		.uleb128 0x49
 881 0056 13       		.uleb128 0x13
 882 0057 38       		.uleb128 0x38
 883 0058 0A       		.uleb128 0xa
 884 0059 00       		.byte	0
 885 005a 00       		.byte	0
 886 005b 08       		.uleb128 0x8
 887 005c 0D       		.uleb128 0xd
 888 005d 00       		.byte	0
 889 005e 03       		.uleb128 0x3
 890 005f 0E       		.uleb128 0xe
 891 0060 3A       		.uleb128 0x3a
 892 0061 0B       		.uleb128 0xb
 893 0062 3B       		.uleb128 0x3b
 894 0063 05       		.uleb128 0x5
 895 0064 49       		.uleb128 0x49
 896 0065 13       		.uleb128 0x13
 897 0066 38       		.uleb128 0x38
 898 0067 0A       		.uleb128 0xa
 899 0068 00       		.byte	0
 900 0069 00       		.byte	0
 901 006a 09       		.uleb128 0x9
 902 006b 16       		.uleb128 0x16
 903 006c 00       		.byte	0
 904 006d 03       		.uleb128 0x3
 905 006e 0E       		.uleb128 0xe
 906 006f 3A       		.uleb128 0x3a
 907 0070 0B       		.uleb128 0xb
ARM GAS  /tmp/cc65fjIe.s 			page 17


 908 0071 3B       		.uleb128 0x3b
 909 0072 05       		.uleb128 0x5
 910 0073 49       		.uleb128 0x49
 911 0074 13       		.uleb128 0x13
 912 0075 00       		.byte	0
 913 0076 00       		.byte	0
 914 0077 0A       		.uleb128 0xa
 915 0078 04       		.uleb128 0x4
 916 0079 01       		.byte	0x1
 917 007a 0B       		.uleb128 0xb
 918 007b 0B       		.uleb128 0xb
 919 007c 3A       		.uleb128 0x3a
 920 007d 0B       		.uleb128 0xb
 921 007e 3B       		.uleb128 0x3b
 922 007f 0B       		.uleb128 0xb
 923 0080 01       		.uleb128 0x1
 924 0081 13       		.uleb128 0x13
 925 0082 00       		.byte	0
 926 0083 00       		.byte	0
 927 0084 0B       		.uleb128 0xb
 928 0085 28       		.uleb128 0x28
 929 0086 00       		.byte	0
 930 0087 03       		.uleb128 0x3
 931 0088 0E       		.uleb128 0xe
 932 0089 1C       		.uleb128 0x1c
 933 008a 0D       		.uleb128 0xd
 934 008b 00       		.byte	0
 935 008c 00       		.byte	0
 936 008d 0C       		.uleb128 0xc
 937 008e 2E       		.uleb128 0x2e
 938 008f 01       		.byte	0x1
 939 0090 3F       		.uleb128 0x3f
 940 0091 0C       		.uleb128 0xc
 941 0092 03       		.uleb128 0x3
 942 0093 0E       		.uleb128 0xe
 943 0094 3A       		.uleb128 0x3a
 944 0095 0B       		.uleb128 0xb
 945 0096 3B       		.uleb128 0x3b
 946 0097 0B       		.uleb128 0xb
 947 0098 27       		.uleb128 0x27
 948 0099 0C       		.uleb128 0xc
 949 009a 49       		.uleb128 0x49
 950 009b 13       		.uleb128 0x13
 951 009c 20       		.uleb128 0x20
 952 009d 0B       		.uleb128 0xb
 953 009e 01       		.uleb128 0x1
 954 009f 13       		.uleb128 0x13
 955 00a0 00       		.byte	0
 956 00a1 00       		.byte	0
 957 00a2 0D       		.uleb128 0xd
 958 00a3 34       		.uleb128 0x34
 959 00a4 00       		.byte	0
 960 00a5 03       		.uleb128 0x3
 961 00a6 0E       		.uleb128 0xe
 962 00a7 3A       		.uleb128 0x3a
 963 00a8 0B       		.uleb128 0xb
 964 00a9 3B       		.uleb128 0x3b
ARM GAS  /tmp/cc65fjIe.s 			page 18


 965 00aa 0B       		.uleb128 0xb
 966 00ab 49       		.uleb128 0x49
 967 00ac 13       		.uleb128 0x13
 968 00ad 00       		.byte	0
 969 00ae 00       		.byte	0
 970 00af 0E       		.uleb128 0xe
 971 00b0 2E       		.uleb128 0x2e
 972 00b1 01       		.byte	0x1
 973 00b2 31       		.uleb128 0x31
 974 00b3 13       		.uleb128 0x13
 975 00b4 11       		.uleb128 0x11
 976 00b5 01       		.uleb128 0x1
 977 00b6 12       		.uleb128 0x12
 978 00b7 01       		.uleb128 0x1
 979 00b8 40       		.uleb128 0x40
 980 00b9 0A       		.uleb128 0xa
 981 00ba 01       		.uleb128 0x1
 982 00bb 13       		.uleb128 0x13
 983 00bc 00       		.byte	0
 984 00bd 00       		.byte	0
 985 00be 0F       		.uleb128 0xf
 986 00bf 34       		.uleb128 0x34
 987 00c0 00       		.byte	0
 988 00c1 31       		.uleb128 0x31
 989 00c2 13       		.uleb128 0x13
 990 00c3 02       		.uleb128 0x2
 991 00c4 06       		.uleb128 0x6
 992 00c5 00       		.byte	0
 993 00c6 00       		.byte	0
 994 00c7 10       		.uleb128 0x10
 995 00c8 1D       		.uleb128 0x1d
 996 00c9 01       		.byte	0x1
 997 00ca 31       		.uleb128 0x31
 998 00cb 13       		.uleb128 0x13
 999 00cc 11       		.uleb128 0x11
 1000 00cd 01       		.uleb128 0x1
 1001 00ce 12       		.uleb128 0x12
 1002 00cf 01       		.uleb128 0x1
 1003 00d0 58       		.uleb128 0x58
 1004 00d1 0B       		.uleb128 0xb
 1005 00d2 59       		.uleb128 0x59
 1006 00d3 0B       		.uleb128 0xb
 1007 00d4 00       		.byte	0
 1008 00d5 00       		.byte	0
 1009 00d6 11       		.uleb128 0x11
 1010 00d7 0B       		.uleb128 0xb
 1011 00d8 01       		.byte	0x1
 1012 00d9 11       		.uleb128 0x11
 1013 00da 01       		.uleb128 0x1
 1014 00db 12       		.uleb128 0x12
 1015 00dc 01       		.uleb128 0x1
 1016 00dd 00       		.byte	0
 1017 00de 00       		.byte	0
 1018 00df 12       		.uleb128 0x12
 1019 00e0 34       		.uleb128 0x34
 1020 00e1 00       		.byte	0
 1021 00e2 31       		.uleb128 0x31
ARM GAS  /tmp/cc65fjIe.s 			page 19


 1022 00e3 13       		.uleb128 0x13
 1023 00e4 00       		.byte	0
 1024 00e5 00       		.byte	0
 1025 00e6 13       		.uleb128 0x13
 1026 00e7 2E       		.uleb128 0x2e
 1027 00e8 01       		.byte	0x1
 1028 00e9 3F       		.uleb128 0x3f
 1029 00ea 0C       		.uleb128 0xc
 1030 00eb 03       		.uleb128 0x3
 1031 00ec 0E       		.uleb128 0xe
 1032 00ed 3A       		.uleb128 0x3a
 1033 00ee 0B       		.uleb128 0xb
 1034 00ef 3B       		.uleb128 0x3b
 1035 00f0 0B       		.uleb128 0xb
 1036 00f1 27       		.uleb128 0x27
 1037 00f2 0C       		.uleb128 0xc
 1038 00f3 49       		.uleb128 0x49
 1039 00f4 13       		.uleb128 0x13
 1040 00f5 11       		.uleb128 0x11
 1041 00f6 01       		.uleb128 0x1
 1042 00f7 12       		.uleb128 0x12
 1043 00f8 01       		.uleb128 0x1
 1044 00f9 40       		.uleb128 0x40
 1045 00fa 06       		.uleb128 0x6
 1046 00fb 01       		.uleb128 0x1
 1047 00fc 13       		.uleb128 0x13
 1048 00fd 00       		.byte	0
 1049 00fe 00       		.byte	0
 1050 00ff 14       		.uleb128 0x14
 1051 0100 05       		.uleb128 0x5
 1052 0101 00       		.byte	0
 1053 0102 03       		.uleb128 0x3
 1054 0103 0E       		.uleb128 0xe
 1055 0104 3A       		.uleb128 0x3a
 1056 0105 0B       		.uleb128 0xb
 1057 0106 3B       		.uleb128 0x3b
 1058 0107 0B       		.uleb128 0xb
 1059 0108 49       		.uleb128 0x49
 1060 0109 13       		.uleb128 0x13
 1061 010a 02       		.uleb128 0x2
 1062 010b 06       		.uleb128 0x6
 1063 010c 00       		.byte	0
 1064 010d 00       		.byte	0
 1065 010e 15       		.uleb128 0x15
 1066 010f 34       		.uleb128 0x34
 1067 0110 00       		.byte	0
 1068 0111 03       		.uleb128 0x3
 1069 0112 0E       		.uleb128 0xe
 1070 0113 3A       		.uleb128 0x3a
 1071 0114 0B       		.uleb128 0xb
 1072 0115 3B       		.uleb128 0x3b
 1073 0116 0B       		.uleb128 0xb
 1074 0117 49       		.uleb128 0x49
 1075 0118 13       		.uleb128 0x13
 1076 0119 02       		.uleb128 0x2
 1077 011a 06       		.uleb128 0x6
 1078 011b 00       		.byte	0
ARM GAS  /tmp/cc65fjIe.s 			page 20


 1079 011c 00       		.byte	0
 1080 011d 16       		.uleb128 0x16
 1081 011e 2E       		.uleb128 0x2e
 1082 011f 01       		.byte	0x1
 1083 0120 3F       		.uleb128 0x3f
 1084 0121 0C       		.uleb128 0xc
 1085 0122 03       		.uleb128 0x3
 1086 0123 0E       		.uleb128 0xe
 1087 0124 3A       		.uleb128 0x3a
 1088 0125 0B       		.uleb128 0xb
 1089 0126 3B       		.uleb128 0x3b
 1090 0127 0B       		.uleb128 0xb
 1091 0128 27       		.uleb128 0x27
 1092 0129 0C       		.uleb128 0xc
 1093 012a 11       		.uleb128 0x11
 1094 012b 01       		.uleb128 0x1
 1095 012c 12       		.uleb128 0x12
 1096 012d 01       		.uleb128 0x1
 1097 012e 40       		.uleb128 0x40
 1098 012f 0A       		.uleb128 0xa
 1099 0130 01       		.uleb128 0x1
 1100 0131 13       		.uleb128 0x13
 1101 0132 00       		.byte	0
 1102 0133 00       		.byte	0
 1103 0134 17       		.uleb128 0x17
 1104 0135 05       		.uleb128 0x5
 1105 0136 00       		.byte	0
 1106 0137 03       		.uleb128 0x3
 1107 0138 0E       		.uleb128 0xe
 1108 0139 3A       		.uleb128 0x3a
 1109 013a 0B       		.uleb128 0xb
 1110 013b 3B       		.uleb128 0x3b
 1111 013c 0B       		.uleb128 0xb
 1112 013d 49       		.uleb128 0x49
 1113 013e 13       		.uleb128 0x13
 1114 013f 02       		.uleb128 0x2
 1115 0140 0A       		.uleb128 0xa
 1116 0141 00       		.byte	0
 1117 0142 00       		.byte	0
 1118 0143 18       		.uleb128 0x18
 1119 0144 34       		.uleb128 0x34
 1120 0145 00       		.byte	0
 1121 0146 03       		.uleb128 0x3
 1122 0147 08       		.uleb128 0x8
 1123 0148 3A       		.uleb128 0x3a
 1124 0149 0B       		.uleb128 0xb
 1125 014a 3B       		.uleb128 0x3b
 1126 014b 0B       		.uleb128 0xb
 1127 014c 49       		.uleb128 0x49
 1128 014d 13       		.uleb128 0x13
 1129 014e 02       		.uleb128 0x2
 1130 014f 06       		.uleb128 0x6
 1131 0150 00       		.byte	0
 1132 0151 00       		.byte	0
 1133 0152 19       		.uleb128 0x19
 1134 0153 2E       		.uleb128 0x2e
 1135 0154 01       		.byte	0x1
ARM GAS  /tmp/cc65fjIe.s 			page 21


 1136 0155 3F       		.uleb128 0x3f
 1137 0156 0C       		.uleb128 0xc
 1138 0157 03       		.uleb128 0x3
 1139 0158 0E       		.uleb128 0xe
 1140 0159 3A       		.uleb128 0x3a
 1141 015a 0B       		.uleb128 0xb
 1142 015b 3B       		.uleb128 0x3b
 1143 015c 05       		.uleb128 0x5
 1144 015d 27       		.uleb128 0x27
 1145 015e 0C       		.uleb128 0xc
 1146 015f 49       		.uleb128 0x49
 1147 0160 13       		.uleb128 0x13
 1148 0161 11       		.uleb128 0x11
 1149 0162 01       		.uleb128 0x1
 1150 0163 12       		.uleb128 0x12
 1151 0164 01       		.uleb128 0x1
 1152 0165 40       		.uleb128 0x40
 1153 0166 06       		.uleb128 0x6
 1154 0167 01       		.uleb128 0x1
 1155 0168 13       		.uleb128 0x13
 1156 0169 00       		.byte	0
 1157 016a 00       		.byte	0
 1158 016b 1A       		.uleb128 0x1a
 1159 016c 05       		.uleb128 0x5
 1160 016d 00       		.byte	0
 1161 016e 03       		.uleb128 0x3
 1162 016f 0E       		.uleb128 0xe
 1163 0170 3A       		.uleb128 0x3a
 1164 0171 0B       		.uleb128 0xb
 1165 0172 3B       		.uleb128 0x3b
 1166 0173 05       		.uleb128 0x5
 1167 0174 49       		.uleb128 0x49
 1168 0175 13       		.uleb128 0x13
 1169 0176 02       		.uleb128 0x2
 1170 0177 06       		.uleb128 0x6
 1171 0178 00       		.byte	0
 1172 0179 00       		.byte	0
 1173 017a 1B       		.uleb128 0x1b
 1174 017b 34       		.uleb128 0x34
 1175 017c 00       		.byte	0
 1176 017d 03       		.uleb128 0x3
 1177 017e 0E       		.uleb128 0xe
 1178 017f 3A       		.uleb128 0x3a
 1179 0180 0B       		.uleb128 0xb
 1180 0181 3B       		.uleb128 0x3b
 1181 0182 05       		.uleb128 0x5
 1182 0183 49       		.uleb128 0x49
 1183 0184 13       		.uleb128 0x13
 1184 0185 02       		.uleb128 0x2
 1185 0186 06       		.uleb128 0x6
 1186 0187 00       		.byte	0
 1187 0188 00       		.byte	0
 1188 0189 1C       		.uleb128 0x1c
 1189 018a 2E       		.uleb128 0x2e
 1190 018b 00       		.byte	0
 1191 018c 3F       		.uleb128 0x3f
 1192 018d 0C       		.uleb128 0xc
ARM GAS  /tmp/cc65fjIe.s 			page 22


 1193 018e 03       		.uleb128 0x3
 1194 018f 0E       		.uleb128 0xe
 1195 0190 3A       		.uleb128 0x3a
 1196 0191 0B       		.uleb128 0xb
 1197 0192 3B       		.uleb128 0x3b
 1198 0193 05       		.uleb128 0x5
 1199 0194 27       		.uleb128 0x27
 1200 0195 0C       		.uleb128 0xc
 1201 0196 11       		.uleb128 0x11
 1202 0197 01       		.uleb128 0x1
 1203 0198 12       		.uleb128 0x12
 1204 0199 01       		.uleb128 0x1
 1205 019a 40       		.uleb128 0x40
 1206 019b 0A       		.uleb128 0xa
 1207 019c 00       		.byte	0
 1208 019d 00       		.byte	0
 1209 019e 1D       		.uleb128 0x1d
 1210 019f 34       		.uleb128 0x34
 1211 01a0 00       		.byte	0
 1212 01a1 03       		.uleb128 0x3
 1213 01a2 0E       		.uleb128 0xe
 1214 01a3 3A       		.uleb128 0x3a
 1215 01a4 0B       		.uleb128 0xb
 1216 01a5 3B       		.uleb128 0x3b
 1217 01a6 05       		.uleb128 0x5
 1218 01a7 49       		.uleb128 0x49
 1219 01a8 13       		.uleb128 0x13
 1220 01a9 3F       		.uleb128 0x3f
 1221 01aa 0C       		.uleb128 0xc
 1222 01ab 3C       		.uleb128 0x3c
 1223 01ac 0C       		.uleb128 0xc
 1224 01ad 00       		.byte	0
 1225 01ae 00       		.byte	0
 1226 01af 00       		.byte	0
 1227              		.section	.debug_loc,"",%progbits
 1228              	.Ldebug_loc0:
 1229              	.LLST0:
 1230 0000 00000000 		.4byte	.LVL0
 1231 0004 16000000 		.4byte	.LVL1
 1232 0008 0200     		.2byte	0x2
 1233 000a 34       		.byte	0x34
 1234 000b 9F       		.byte	0x9f
 1235 000c 16000000 		.4byte	.LVL1
 1236 0010 18000000 		.4byte	.LVL2
 1237 0014 0100     		.2byte	0x1
 1238 0016 50       		.byte	0x50
 1239 0017 18000000 		.4byte	.LVL2
 1240 001b 2A000000 		.4byte	.LFE56
 1241 001f 0200     		.2byte	0x2
 1242 0021 34       		.byte	0x34
 1243 0022 9F       		.byte	0x9f
 1244 0023 00000000 		.4byte	0
 1245 0027 00000000 		.4byte	0
 1246              	.LLST1:
 1247 002b 00000000 		.4byte	.LFB57
 1248 002f 02000000 		.4byte	.LCFI0
 1249 0033 0200     		.2byte	0x2
ARM GAS  /tmp/cc65fjIe.s 			page 23


 1250 0035 7D       		.byte	0x7d
 1251 0036 00       		.sleb128 0
 1252 0037 02000000 		.4byte	.LCFI0
 1253 003b 3C000000 		.4byte	.LFE57
 1254 003f 0200     		.2byte	0x2
 1255 0041 7D       		.byte	0x7d
 1256 0042 08       		.sleb128 8
 1257 0043 00000000 		.4byte	0
 1258 0047 00000000 		.4byte	0
 1259              	.LLST2:
 1260 004b 00000000 		.4byte	.LVL3
 1261 004f 07000000 		.4byte	.LVL4-1
 1262 0053 0100     		.2byte	0x1
 1263 0055 50       		.byte	0x50
 1264 0056 07000000 		.4byte	.LVL4-1
 1265 005a 1E000000 		.4byte	.LVL6
 1266 005e 0100     		.2byte	0x1
 1267 0060 54       		.byte	0x54
 1268 0061 1E000000 		.4byte	.LVL6
 1269 0065 20000000 		.4byte	.LVL7
 1270 0069 0300     		.2byte	0x3
 1271 006b 74       		.byte	0x74
 1272 006c 7F       		.sleb128 -1
 1273 006d 9F       		.byte	0x9f
 1274 006e 20000000 		.4byte	.LVL7
 1275 0072 3C000000 		.4byte	.LFE57
 1276 0076 0100     		.2byte	0x1
 1277 0078 54       		.byte	0x54
 1278 0079 00000000 		.4byte	0
 1279 007d 00000000 		.4byte	0
 1280              	.LLST3:
 1281 0081 00000000 		.4byte	.LVL3
 1282 0085 08000000 		.4byte	.LVL4
 1283 0089 0200     		.2byte	0x2
 1284 008b 34       		.byte	0x34
 1285 008c 9F       		.byte	0x9f
 1286 008d 08000000 		.4byte	.LVL4
 1287 0091 1A000000 		.4byte	.LVL5
 1288 0095 0100     		.2byte	0x1
 1289 0097 50       		.byte	0x50
 1290 0098 1E000000 		.4byte	.LVL6
 1291 009c 3A000000 		.4byte	.LVL9
 1292 00a0 0100     		.2byte	0x1
 1293 00a2 50       		.byte	0x50
 1294 00a3 00000000 		.4byte	0
 1295 00a7 00000000 		.4byte	0
 1296              	.LLST4:
 1297 00ab 00000000 		.4byte	.LFB58
 1298 00af 02000000 		.4byte	.LCFI1
 1299 00b3 0200     		.2byte	0x2
 1300 00b5 7D       		.byte	0x7d
 1301 00b6 00       		.sleb128 0
 1302 00b7 02000000 		.4byte	.LCFI1
 1303 00bb 42000000 		.4byte	.LFE58
 1304 00bf 0200     		.2byte	0x2
 1305 00c1 7D       		.byte	0x7d
 1306 00c2 10       		.sleb128 16
ARM GAS  /tmp/cc65fjIe.s 			page 24


 1307 00c3 00000000 		.4byte	0
 1308 00c7 00000000 		.4byte	0
 1309              	.LLST5:
 1310 00cb 00000000 		.4byte	.LVL10
 1311 00cf 08000000 		.4byte	.LVL11
 1312 00d3 0100     		.2byte	0x1
 1313 00d5 50       		.byte	0x50
 1314 00d6 08000000 		.4byte	.LVL11
 1315 00da 42000000 		.4byte	.LFE58
 1316 00de 0100     		.2byte	0x1
 1317 00e0 55       		.byte	0x55
 1318 00e1 00000000 		.4byte	0
 1319 00e5 00000000 		.4byte	0
 1320              	.LLST6:
 1321 00e9 00000000 		.4byte	.LVL10
 1322 00ed 0C000000 		.4byte	.LVL12
 1323 00f1 0200     		.2byte	0x2
 1324 00f3 34       		.byte	0x34
 1325 00f4 9F       		.byte	0x9f
 1326 00f5 0C000000 		.4byte	.LVL12
 1327 00f9 20000000 		.4byte	.LVL13
 1328 00fd 0100     		.2byte	0x1
 1329 00ff 50       		.byte	0x50
 1330 0100 34000000 		.4byte	.LVL14
 1331 0104 42000000 		.4byte	.LFE58
 1332 0108 0100     		.2byte	0x1
 1333 010a 50       		.byte	0x50
 1334 010b 00000000 		.4byte	0
 1335 010f 00000000 		.4byte	0
 1336              	.LLST7:
 1337 0113 00000000 		.4byte	.LFB60
 1338 0117 02000000 		.4byte	.LCFI2
 1339 011b 0200     		.2byte	0x2
 1340 011d 7D       		.byte	0x7d
 1341 011e 00       		.sleb128 0
 1342 011f 02000000 		.4byte	.LCFI2
 1343 0123 06000000 		.4byte	.LCFI3
 1344 0127 0200     		.2byte	0x2
 1345 0129 7D       		.byte	0x7d
 1346 012a 10       		.sleb128 16
 1347 012b 06000000 		.4byte	.LCFI3
 1348 012f 68000000 		.4byte	.LFE60
 1349 0133 0200     		.2byte	0x2
 1350 0135 7D       		.byte	0x7d
 1351 0136 18       		.sleb128 24
 1352 0137 00000000 		.4byte	0
 1353 013b 00000000 		.4byte	0
 1354              	.LLST8:
 1355 013f 00000000 		.4byte	.LVL16
 1356 0143 0C000000 		.4byte	.LVL17
 1357 0147 0100     		.2byte	0x1
 1358 0149 50       		.byte	0x50
 1359 014a 0C000000 		.4byte	.LVL17
 1360 014e 18000000 		.4byte	.LVL20
 1361 0152 0100     		.2byte	0x1
 1362 0154 54       		.byte	0x54
 1363 0155 1C000000 		.4byte	.LVL21
ARM GAS  /tmp/cc65fjIe.s 			page 25


 1364 0159 4A000000 		.4byte	.LVL24
 1365 015d 0100     		.2byte	0x1
 1366 015f 54       		.byte	0x54
 1367 0160 4A000000 		.4byte	.LVL24
 1368 0164 68000000 		.4byte	.LFE60
 1369 0168 0300     		.2byte	0x3
 1370 016a 74       		.byte	0x74
 1371 016b 7E       		.sleb128 -2
 1372 016c 9F       		.byte	0x9f
 1373 016d 00000000 		.4byte	0
 1374 0171 00000000 		.4byte	0
 1375              	.LLST9:
 1376 0175 00000000 		.4byte	.LVL16
 1377 0179 13000000 		.4byte	.LVL19-1
 1378 017d 0100     		.2byte	0x1
 1379 017f 51       		.byte	0x51
 1380 0180 13000000 		.4byte	.LVL19-1
 1381 0184 18000000 		.4byte	.LVL20
 1382 0188 0100     		.2byte	0x1
 1383 018a 55       		.byte	0x55
 1384 018b 1C000000 		.4byte	.LVL21
 1385 018f 50000000 		.4byte	.LVL26
 1386 0193 0100     		.2byte	0x1
 1387 0195 55       		.byte	0x55
 1388 0196 00000000 		.4byte	0
 1389 019a 00000000 		.4byte	0
 1390              	.LLST10:
 1391 019e 00000000 		.4byte	.LVL16
 1392 01a2 14000000 		.4byte	.LVL19
 1393 01a6 0200     		.2byte	0x2
 1394 01a8 34       		.byte	0x34
 1395 01a9 9F       		.byte	0x9f
 1396 01aa 14000000 		.4byte	.LVL19
 1397 01ae 26000000 		.4byte	.LVL22
 1398 01b2 0100     		.2byte	0x1
 1399 01b4 50       		.byte	0x50
 1400 01b5 36000000 		.4byte	.LVL23
 1401 01b9 56000000 		.4byte	.LVL27
 1402 01bd 0100     		.2byte	0x1
 1403 01bf 50       		.byte	0x50
 1404 01c0 5A000000 		.4byte	.LVL28
 1405 01c4 68000000 		.4byte	.LFE60
 1406 01c8 0100     		.2byte	0x1
 1407 01ca 50       		.byte	0x50
 1408 01cb 00000000 		.4byte	0
 1409 01cf 00000000 		.4byte	0
 1410              	.LLST11:
 1411 01d3 10000000 		.4byte	.LVL18
 1412 01d7 4A000000 		.4byte	.LVL24
 1413 01db 0200     		.2byte	0x2
 1414 01dd 91       		.byte	0x91
 1415 01de 6C       		.sleb128 -20
 1416 01df 4C000000 		.4byte	.LVL25
 1417 01e3 68000000 		.4byte	.LFE60
 1418 01e7 0100     		.2byte	0x1
 1419 01e9 54       		.byte	0x54
 1420 01ea 00000000 		.4byte	0
ARM GAS  /tmp/cc65fjIe.s 			page 26


 1421 01ee 00000000 		.4byte	0
 1422              	.LLST12:
 1423 01f2 00000000 		.4byte	.LFB61
 1424 01f6 02000000 		.4byte	.LCFI4
 1425 01fa 0200     		.2byte	0x2
 1426 01fc 7D       		.byte	0x7d
 1427 01fd 00       		.sleb128 0
 1428 01fe 02000000 		.4byte	.LCFI4
 1429 0202 3C000000 		.4byte	.LFE61
 1430 0206 0200     		.2byte	0x2
 1431 0208 7D       		.byte	0x7d
 1432 0209 10       		.sleb128 16
 1433 020a 00000000 		.4byte	0
 1434 020e 00000000 		.4byte	0
 1435              	.LLST13:
 1436 0212 00000000 		.4byte	.LVL29
 1437 0216 08000000 		.4byte	.LVL30
 1438 021a 0100     		.2byte	0x1
 1439 021c 50       		.byte	0x50
 1440 021d 08000000 		.4byte	.LVL30
 1441 0221 3C000000 		.4byte	.LFE61
 1442 0225 0100     		.2byte	0x1
 1443 0227 54       		.byte	0x54
 1444 0228 00000000 		.4byte	0
 1445 022c 00000000 		.4byte	0
 1446              	.LLST14:
 1447 0230 00000000 		.4byte	.LVL29
 1448 0234 0D000000 		.4byte	.LVL31-1
 1449 0238 0100     		.2byte	0x1
 1450 023a 51       		.byte	0x51
 1451 023b 00000000 		.4byte	0
 1452 023f 00000000 		.4byte	0
 1453              	.LLST15:
 1454 0243 00000000 		.4byte	.LVL29
 1455 0247 0E000000 		.4byte	.LVL31
 1456 024b 0200     		.2byte	0x2
 1457 024d 34       		.byte	0x34
 1458 024e 9F       		.byte	0x9f
 1459 024f 0E000000 		.4byte	.LVL31
 1460 0253 22000000 		.4byte	.LVL32
 1461 0257 0100     		.2byte	0x1
 1462 0259 50       		.byte	0x50
 1463 025a 2E000000 		.4byte	.LVL33
 1464 025e 3C000000 		.4byte	.LFE61
 1465 0262 0100     		.2byte	0x1
 1466 0264 50       		.byte	0x50
 1467 0265 00000000 		.4byte	0
 1468 0269 00000000 		.4byte	0
 1469              		.section	.debug_aranges,"",%progbits
 1470 0000 4C000000 		.4byte	0x4c
 1471 0004 0200     		.2byte	0x2
 1472 0006 00000000 		.4byte	.Ldebug_info0
 1473 000a 04       		.byte	0x4
 1474 000b 00       		.byte	0
 1475 000c 0000     		.2byte	0
 1476 000e 0000     		.2byte	0
 1477 0010 00000000 		.4byte	.LFB56
ARM GAS  /tmp/cc65fjIe.s 			page 27


 1478 0014 2A000000 		.4byte	.LFE56-.LFB56
 1479 0018 00000000 		.4byte	.LFB57
 1480 001c 3C000000 		.4byte	.LFE57-.LFB57
 1481 0020 00000000 		.4byte	.LFB58
 1482 0024 42000000 		.4byte	.LFE58-.LFB58
 1483 0028 00000000 		.4byte	.LFB59
 1484 002c 0C000000 		.4byte	.LFE59-.LFB59
 1485 0030 00000000 		.4byte	.LFB60
 1486 0034 68000000 		.4byte	.LFE60-.LFB60
 1487 0038 00000000 		.4byte	.LFB61
 1488 003c 3C000000 		.4byte	.LFE61-.LFB61
 1489 0040 00000000 		.4byte	.LFB62
 1490 0044 1E000000 		.4byte	.LFE62-.LFB62
 1491 0048 00000000 		.4byte	0
 1492 004c 00000000 		.4byte	0
 1493              		.section	.debug_ranges,"",%progbits
 1494              	.Ldebug_ranges0:
 1495 0000 00000000 		.4byte	.LFB56
 1496 0004 2A000000 		.4byte	.LFE56
 1497 0008 00000000 		.4byte	.LFB57
 1498 000c 3C000000 		.4byte	.LFE57
 1499 0010 00000000 		.4byte	.LFB58
 1500 0014 42000000 		.4byte	.LFE58
 1501 0018 00000000 		.4byte	.LFB59
 1502 001c 0C000000 		.4byte	.LFE59
 1503 0020 00000000 		.4byte	.LFB60
 1504 0024 68000000 		.4byte	.LFE60
 1505 0028 00000000 		.4byte	.LFB61
 1506 002c 3C000000 		.4byte	.LFE61
 1507 0030 00000000 		.4byte	.LFB62
 1508 0034 1E000000 		.4byte	.LFE62
 1509 0038 00000000 		.4byte	0
 1510 003c 00000000 		.4byte	0
 1511              		.section	.debug_line,"",%progbits
 1512              	.Ldebug_line0:
 1513 0000 06020000 		.section	.debug_str,"MS",%progbits,1
 1513      02003201 
 1513      00000201 
 1513      FB0E0D00 
 1513      01010101 
 1514              	.LASF32:
 1515 0000 464C4153 		.ascii	"FLASH_ProgramHalfWord\000"
 1515      485F5072 
 1515      6F677261 
 1515      6D48616C 
 1515      66576F72 
 1516              	.LASF34:
 1517 0016 2E2E2F63 		.ascii	"../convex/cortex/opt/stm32_flash.c\000"
 1517      6F6E7665 
 1517      782F636F 
 1517      72746578 
 1517      2F6F7074 
 1518              	.LASF31:
 1519 0039 44617461 		.ascii	"Data\000"
 1519      00
 1520              	.LASF35:
 1521 003e 2F686F6D 		.ascii	"/home/aolsen/pros/9999-0.13\000"
ARM GAS  /tmp/cc65fjIe.s 			page 28


 1521      652F616F 
 1521      6C73656E 
 1521      2F70726F 
 1521      732F3939 
 1522              	.LASF20:
 1523 005a 464C4153 		.ascii	"FLASH_COMPLETE\000"
 1523      485F434F 
 1523      4D504C45 
 1523      544500
 1524              	.LASF16:
 1525 0069 464C4153 		.ascii	"FLASH_TypeDef\000"
 1525      485F5479 
 1525      70654465 
 1525      6600
 1526              	.LASF6:
 1527 0077 6C6F6E67 		.ascii	"long int\000"
 1527      20696E74 
 1527      00
 1528              	.LASF38:
 1529 0080 464C4153 		.ascii	"FLASH_ClearFlag\000"
 1529      485F436C 
 1529      65617246 
 1529      6C616700 
 1530              	.LASF29:
 1531 0090 464C4153 		.ascii	"FLASH_ProgramWord\000"
 1531      485F5072 
 1531      6F677261 
 1531      6D576F72 
 1531      6400
 1532              	.LASF27:
 1533 00a2 73746174 		.ascii	"status\000"
 1533      757300
 1534              	.LASF23:
 1535 00a9 464C4153 		.ascii	"FLASH_WaitForLastOperation\000"
 1535      485F5761 
 1535      6974466F 
 1535      724C6173 
 1535      744F7065 
 1536              	.LASF28:
 1537 00c4 464C4153 		.ascii	"FLASH_FLAG\000"
 1537      485F464C 
 1537      414700
 1538              	.LASF0:
 1539 00cf 7369676E 		.ascii	"signed char\000"
 1539      65642063 
 1539      68617200 
 1540              	.LASF8:
 1541 00db 6C6F6E67 		.ascii	"long unsigned int\000"
 1541      20756E73 
 1541      69676E65 
 1541      6420696E 
 1541      7400
 1542              	.LASF3:
 1543 00ed 73686F72 		.ascii	"short unsigned int\000"
 1543      7420756E 
 1543      7369676E 
 1543      65642069 
ARM GAS  /tmp/cc65fjIe.s 			page 29


 1543      6E7400
 1544              	.LASF36:
 1545 0100 464C4153 		.ascii	"FLASH_GetBank1Status\000"
 1545      485F4765 
 1545      7442616E 
 1545      6B315374 
 1545      61747573 
 1546              	.LASF40:
 1547 0115 49544D5F 		.ascii	"ITM_RxBuffer\000"
 1547      52784275 
 1547      66666572 
 1547      00
 1548              	.LASF24:
 1549 0122 464C4153 		.ascii	"FLASH_ErasePage\000"
 1549      485F4572 
 1549      61736550 
 1549      61676500 
 1550              	.LASF13:
 1551 0132 4F50544B 		.ascii	"OPTKEYR\000"
 1551      45595200 
 1552              	.LASF1:
 1553 013a 756E7369 		.ascii	"unsigned char\000"
 1553      676E6564 
 1553      20636861 
 1553      7200
 1554              	.LASF14:
 1555 0148 52455345 		.ascii	"RESERVED\000"
 1555      52564544 
 1555      00
 1556              	.LASF18:
 1557 0151 464C4153 		.ascii	"FLASH_ERROR_PG\000"
 1557      485F4552 
 1557      524F525F 
 1557      504700
 1558              	.LASF11:
 1559 0160 756E7369 		.ascii	"unsigned int\000"
 1559      676E6564 
 1559      20696E74 
 1559      00
 1560              	.LASF39:
 1561 016d 464C4153 		.ascii	"FLASH_UnlockBank1\000"
 1561      485F556E 
 1561      6C6F636B 
 1561      42616E6B 
 1561      3100
 1562              	.LASF10:
 1563 017f 6C6F6E67 		.ascii	"long long unsigned int\000"
 1563      206C6F6E 
 1563      6720756E 
 1563      7369676E 
 1563      65642069 
 1564              	.LASF19:
 1565 0196 464C4153 		.ascii	"FLASH_ERROR_WRP\000"
 1565      485F4552 
 1565      524F525F 
 1565      57525000 
 1566              	.LASF15:
ARM GAS  /tmp/cc65fjIe.s 			page 30


 1567 01a6 57525052 		.ascii	"WRPR\000"
 1567      00
 1568              	.LASF5:
 1569 01ab 696E7433 		.ascii	"int32_t\000"
 1569      325F7400 
 1570              	.LASF9:
 1571 01b3 6C6F6E67 		.ascii	"long long int\000"
 1571      206C6F6E 
 1571      6720696E 
 1571      7400
 1572              	.LASF22:
 1573 01c1 464C4153 		.ascii	"FLASH_Status\000"
 1573      485F5374 
 1573      61747573 
 1573      00
 1574              	.LASF33:
 1575 01ce 474E5520 		.ascii	"GNU C 4.6.3\000"
 1575      4320342E 
 1575      362E3300 
 1576              	.LASF2:
 1577 01da 73686F72 		.ascii	"short int\000"
 1577      7420696E 
 1577      7400
 1578              	.LASF30:
 1579 01e4 41646472 		.ascii	"Address\000"
 1579      65737300 
 1580              	.LASF4:
 1581 01ec 75696E74 		.ascii	"uint16_t\000"
 1581      31365F74 
 1581      00
 1582              	.LASF26:
 1583 01f5 50616765 		.ascii	"Page_Address\000"
 1583      5F416464 
 1583      72657373 
 1583      00
 1584              	.LASF7:
 1585 0202 75696E74 		.ascii	"uint32_t\000"
 1585      33325F74 
 1585      00
 1586              	.LASF21:
 1587 020b 464C4153 		.ascii	"FLASH_TIMEOUT\000"
 1587      485F5449 
 1587      4D454F55 
 1587      5400
 1588              	.LASF12:
 1589 0219 4B455952 		.ascii	"KEYR\000"
 1589      00
 1590              	.LASF37:
 1591 021e 666C6173 		.ascii	"flashstatus\000"
 1591      68737461 
 1591      74757300 
 1592              	.LASF17:
 1593 022a 464C4153 		.ascii	"FLASH_BUSY\000"
 1593      485F4255 
 1593      535900
 1594              	.LASF25:
 1595 0235 54696D65 		.ascii	"Timeout\000"
ARM GAS  /tmp/cc65fjIe.s 			page 31


 1595      6F757400 
 1596              		.ident	"GCC: (Sourcery CodeBench Lite 2012.03-56) 4.6.3"
ARM GAS  /tmp/cc65fjIe.s 			page 32


DEFINED SYMBOLS
                            *ABS*:00000000 stm32_flash.c
     /tmp/cc65fjIe.s:19     .text.FLASH_GetBank1Status:00000000 $t
     /tmp/cc65fjIe.s:25     .text.FLASH_GetBank1Status:00000000 FLASH_GetBank1Status
     /tmp/cc65fjIe.s:71     .text.FLASH_WaitForLastOperation:00000000 $t
     /tmp/cc65fjIe.s:77     .text.FLASH_WaitForLastOperation:00000000 FLASH_WaitForLastOperation
     /tmp/cc65fjIe.s:132    .text.FLASH_ErasePage:00000000 $t
     /tmp/cc65fjIe.s:138    .text.FLASH_ErasePage:00000000 FLASH_ErasePage
     /tmp/cc65fjIe.s:195    .text.FLASH_ClearFlag:00000000 $t
     /tmp/cc65fjIe.s:201    .text.FLASH_ClearFlag:00000000 FLASH_ClearFlag
     /tmp/cc65fjIe.s:219    .text.FLASH_ProgramWord:00000000 $t
     /tmp/cc65fjIe.s:225    .text.FLASH_ProgramWord:00000000 FLASH_ProgramWord
     /tmp/cc65fjIe.s:317    .text.FLASH_ProgramHalfWord:00000000 $t
     /tmp/cc65fjIe.s:323    .text.FLASH_ProgramHalfWord:00000000 FLASH_ProgramHalfWord
     /tmp/cc65fjIe.s:379    .text.FLASH_UnlockBank1:00000000 $t
     /tmp/cc65fjIe.s:385    .text.FLASH_UnlockBank1:00000000 FLASH_UnlockBank1
                     .debug_frame:00000010 $d

NO UNDEFINED SYMBOLS
