ARM GAS  /tmp/cciJnsgF.s 			page 1


   1              		.syntax unified
   2              		.cpu cortex-m3
   3              		.fpu softvfp
   4              		.eabi_attribute 20, 1
   5              		.eabi_attribute 21, 1
   6              		.eabi_attribute 23, 3
   7              		.eabi_attribute 24, 1
   8              		.eabi_attribute 25, 1
   9              		.eabi_attribute 26, 1
  10              		.eabi_attribute 30, 2
  11              		.eabi_attribute 34, 1
  12              		.eabi_attribute 18, 4
  13              		.thumb
  14              		.file	"usb_lld.c"
  15              		.text
  16              	.Ltext0:
  17              		.cfi_sections	.debug_frame
  18              	.Letext0:
  19              		.file 1 "/opt/pros/toolchain/bin/../lib/gcc/arm-none-eabi/4.6.3/../../../../arm-none-eabi/include/
  20              		.file 2 "../ChibiOS_2.6.2/os/ports/common/ARMCMx/CMSIS/include/core_cm3.h"
  21              		.section	.debug_info,"",%progbits
  22              	.Ldebug_info0:
  23 0000 94000000 		.4byte	0x94
  24 0004 0200     		.2byte	0x2
  25 0006 00000000 		.4byte	.Ldebug_abbrev0
  26 000a 04       		.byte	0x4
  27 000b 01       		.uleb128 0x1
  28 000c D4000000 		.4byte	.LASF11
  29 0010 01       		.byte	0x1
  30 0011 2E000000 		.4byte	.LASF12
  31 0015 AB000000 		.4byte	.LASF13
  32 0019 00000000 		.4byte	.Ltext0
  33 001d 00000000 		.4byte	.Letext0
  34 0021 00000000 		.4byte	.Ldebug_line0
  35 0025 02       		.uleb128 0x2
  36 0026 01       		.byte	0x1
  37 0027 06       		.byte	0x6
  38 0028 ED000000 		.4byte	.LASF0
  39 002c 02       		.uleb128 0x2
  40 002d 01       		.byte	0x1
  41 002e 08       		.byte	0x8
  42 002f 8F000000 		.4byte	.LASF1
  43 0033 02       		.uleb128 0x2
  44 0034 02       		.byte	0x2
  45 0035 05       		.byte	0x5
  46 0036 F9000000 		.4byte	.LASF2
  47 003a 02       		.uleb128 0x2
  48 003b 02       		.byte	0x2
  49 003c 07       		.byte	0x7
  50 003d 0E000000 		.4byte	.LASF3
  51 0041 03       		.uleb128 0x3
  52 0042 04       		.byte	0x4
  53 0043 05       		.byte	0x5
  54 0044 696E7400 		.ascii	"int\000"
  55 0048 02       		.uleb128 0x2
  56 0049 04       		.byte	0x4
  57 004a 07       		.byte	0x7
ARM GAS  /tmp/cciJnsgF.s 			page 2


  58 004b 21000000 		.4byte	.LASF4
  59 004f 02       		.uleb128 0x2
  60 0050 08       		.byte	0x8
  61 0051 05       		.byte	0x5
  62 0052 00000000 		.4byte	.LASF5
  63 0056 02       		.uleb128 0x2
  64 0057 08       		.byte	0x8
  65 0058 07       		.byte	0x7
  66 0059 78000000 		.4byte	.LASF6
  67 005d 02       		.uleb128 0x2
  68 005e 04       		.byte	0x4
  69 005f 05       		.byte	0x5
  70 0060 A2000000 		.4byte	.LASF7
  71 0064 02       		.uleb128 0x2
  72 0065 04       		.byte	0x4
  73 0066 07       		.byte	0x7
  74 0067 66000000 		.4byte	.LASF8
  75 006b 02       		.uleb128 0x2
  76 006c 01       		.byte	0x1
  77 006d 08       		.byte	0x8
  78 006e 9D000000 		.4byte	.LASF9
  79 0072 04       		.uleb128 0x4
  80 0073 03010000 		.4byte	.LASF14
  81 0077 01       		.byte	0x1
  82 0078 4F       		.byte	0x4f
  83 0079 5D000000 		.4byte	0x5d
  84 007d 02       		.uleb128 0x2
  85 007e 01       		.byte	0x1
  86 007f 02       		.byte	0x2
  87 0080 CE000000 		.4byte	.LASF10
  88 0084 05       		.uleb128 0x5
  89 0085 72000000 		.4byte	0x72
  90 0089 06       		.uleb128 0x6
  91 008a E0000000 		.4byte	.LASF15
  92 008e 02       		.byte	0x2
  93 008f 0706     		.2byte	0x607
  94 0091 84000000 		.4byte	0x84
  95 0095 01       		.byte	0x1
  96 0096 01       		.byte	0x1
  97 0097 00       		.byte	0
  98              		.section	.debug_abbrev,"",%progbits
  99              	.Ldebug_abbrev0:
 100 0000 01       		.uleb128 0x1
 101 0001 11       		.uleb128 0x11
 102 0002 01       		.byte	0x1
 103 0003 25       		.uleb128 0x25
 104 0004 0E       		.uleb128 0xe
 105 0005 13       		.uleb128 0x13
 106 0006 0B       		.uleb128 0xb
 107 0007 03       		.uleb128 0x3
 108 0008 0E       		.uleb128 0xe
 109 0009 1B       		.uleb128 0x1b
 110 000a 0E       		.uleb128 0xe
 111 000b 11       		.uleb128 0x11
 112 000c 01       		.uleb128 0x1
 113 000d 12       		.uleb128 0x12
 114 000e 01       		.uleb128 0x1
ARM GAS  /tmp/cciJnsgF.s 			page 3


 115 000f 10       		.uleb128 0x10
 116 0010 06       		.uleb128 0x6
 117 0011 00       		.byte	0
 118 0012 00       		.byte	0
 119 0013 02       		.uleb128 0x2
 120 0014 24       		.uleb128 0x24
 121 0015 00       		.byte	0
 122 0016 0B       		.uleb128 0xb
 123 0017 0B       		.uleb128 0xb
 124 0018 3E       		.uleb128 0x3e
 125 0019 0B       		.uleb128 0xb
 126 001a 03       		.uleb128 0x3
 127 001b 0E       		.uleb128 0xe
 128 001c 00       		.byte	0
 129 001d 00       		.byte	0
 130 001e 03       		.uleb128 0x3
 131 001f 24       		.uleb128 0x24
 132 0020 00       		.byte	0
 133 0021 0B       		.uleb128 0xb
 134 0022 0B       		.uleb128 0xb
 135 0023 3E       		.uleb128 0x3e
 136 0024 0B       		.uleb128 0xb
 137 0025 03       		.uleb128 0x3
 138 0026 08       		.uleb128 0x8
 139 0027 00       		.byte	0
 140 0028 00       		.byte	0
 141 0029 04       		.uleb128 0x4
 142 002a 16       		.uleb128 0x16
 143 002b 00       		.byte	0
 144 002c 03       		.uleb128 0x3
 145 002d 0E       		.uleb128 0xe
 146 002e 3A       		.uleb128 0x3a
 147 002f 0B       		.uleb128 0xb
 148 0030 3B       		.uleb128 0x3b
 149 0031 0B       		.uleb128 0xb
 150 0032 49       		.uleb128 0x49
 151 0033 13       		.uleb128 0x13
 152 0034 00       		.byte	0
 153 0035 00       		.byte	0
 154 0036 05       		.uleb128 0x5
 155 0037 35       		.uleb128 0x35
 156 0038 00       		.byte	0
 157 0039 49       		.uleb128 0x49
 158 003a 13       		.uleb128 0x13
 159 003b 00       		.byte	0
 160 003c 00       		.byte	0
 161 003d 06       		.uleb128 0x6
 162 003e 34       		.uleb128 0x34
 163 003f 00       		.byte	0
 164 0040 03       		.uleb128 0x3
 165 0041 0E       		.uleb128 0xe
 166 0042 3A       		.uleb128 0x3a
 167 0043 0B       		.uleb128 0xb
 168 0044 3B       		.uleb128 0x3b
 169 0045 05       		.uleb128 0x5
 170 0046 49       		.uleb128 0x49
 171 0047 13       		.uleb128 0x13
ARM GAS  /tmp/cciJnsgF.s 			page 4


 172 0048 3F       		.uleb128 0x3f
 173 0049 0C       		.uleb128 0xc
 174 004a 3C       		.uleb128 0x3c
 175 004b 0C       		.uleb128 0xc
 176 004c 00       		.byte	0
 177 004d 00       		.byte	0
 178 004e 00       		.byte	0
 179              		.section	.debug_line,"",%progbits
 180              	.Ldebug_line0:
 181 0000 C2000000 		.section	.debug_str,"MS",%progbits,1
 181      0200BC00 
 181      00000201 
 181      FB0E0D00 
 181      01010101 
 182              	.LASF5:
 183 0000 6C6F6E67 		.ascii	"long long int\000"
 183      206C6F6E 
 183      6720696E 
 183      7400
 184              	.LASF3:
 185 000e 73686F72 		.ascii	"short unsigned int\000"
 185      7420756E 
 185      7369676E 
 185      65642069 
 185      6E7400
 186              	.LASF4:
 187 0021 756E7369 		.ascii	"unsigned int\000"
 187      676E6564 
 187      20696E74 
 187      00
 188              	.LASF12:
 189 002e 2E2E2F43 		.ascii	"../ChibiOS_2.6.2/os/hal/platforms/STM32/USBv1/usb_l"
 189      68696269 
 189      4F535F32 
 189      2E362E32 
 189      2F6F732F 
 190 0061 6C642E63 		.ascii	"ld.c\000"
 190      00
 191              	.LASF8:
 192 0066 6C6F6E67 		.ascii	"long unsigned int\000"
 192      20756E73 
 192      69676E65 
 192      6420696E 
 192      7400
 193              	.LASF6:
 194 0078 6C6F6E67 		.ascii	"long long unsigned int\000"
 194      206C6F6E 
 194      6720756E 
 194      7369676E 
 194      65642069 
 195              	.LASF1:
 196 008f 756E7369 		.ascii	"unsigned char\000"
 196      676E6564 
 196      20636861 
 196      7200
 197              	.LASF9:
 198 009d 63686172 		.ascii	"char\000"
ARM GAS  /tmp/cciJnsgF.s 			page 5


 198      00
 199              	.LASF7:
 200 00a2 6C6F6E67 		.ascii	"long int\000"
 200      20696E74 
 200      00
 201              	.LASF13:
 202 00ab 2F686F6D 		.ascii	"/home/aolsen/vrc-9999/TossUp-Joker\000"
 202      652F616F 
 202      6C73656E 
 202      2F767263 
 202      2D393939 
 203              	.LASF10:
 204 00ce 5F426F6F 		.ascii	"_Bool\000"
 204      6C00
 205              	.LASF11:
 206 00d4 474E5520 		.ascii	"GNU C 4.6.3\000"
 206      4320342E 
 206      362E3300 
 207              	.LASF15:
 208 00e0 49544D5F 		.ascii	"ITM_RxBuffer\000"
 208      52784275 
 208      66666572 
 208      00
 209              	.LASF0:
 210 00ed 7369676E 		.ascii	"signed char\000"
 210      65642063 
 210      68617200 
 211              	.LASF2:
 212 00f9 73686F72 		.ascii	"short int\000"
 212      7420696E 
 212      7400
 213              	.LASF14:
 214 0103 696E7433 		.ascii	"int32_t\000"
 214      325F7400 
 215              		.ident	"GCC: (Sourcery CodeBench Lite 2012.03-56) 4.6.3"
ARM GAS  /tmp/cciJnsgF.s 			page 6


DEFINED SYMBOLS
                            *ABS*:00000000 usb_lld.c

NO UNDEFINED SYMBOLS
