ARM GAS  /tmp/ccL5uxF9.s 			page 1


   1              		.syntax unified
   2              		.cpu cortex-m3
   3              		.fpu softvfp
   4              		.eabi_attribute 20, 1
   5              		.eabi_attribute 21, 1
   6              		.eabi_attribute 23, 3
   7              		.eabi_attribute 24, 1
   8              		.eabi_attribute 25, 1
   9              		.eabi_attribute 26, 1
  10              		.eabi_attribute 30, 2
  11              		.eabi_attribute 34, 1
  12              		.eabi_attribute 18, 4
  13              		.thumb
  14              		.file	"vectors.c"
  15              		.text
  16              	.Ltext0:
  17              		.cfi_sections	.debug_frame
  18              		.section	.text._unhandled_exception,"ax",%progbits
  19              		.align	2
  20              		.p2align 4,,15
  21              		.global	_unhandled_exception
  22              		.thumb
  23              		.thumb_func
  24              		.type	_unhandled_exception, %function
  25              	_unhandled_exception:
  26              	.LFB7:
  27              		.file 1 "../ChibiOS_2.6.2/os/ports/GCC/ARMCMx/STM32F1xx/vectors.c"
  28              		.loc 1 241 0
  29              		.cfi_startproc
  30              		@ Naked Function: prologue and epilogue provided by programmer.
  31              		@ args = 0, pretend = 0, frame = 0
  32              		@ frame_needed = 0, uses_anonymous_args = 0
  33              	.L2:
  34 0000 FEE7     		b	.L2
  35              		.cfi_endproc
  36              	.LFE7:
  37              		.size	_unhandled_exception, .-_unhandled_exception
  38              		.global	_vectors
  39              		.weak	NMIVector
  40              		.thumb_set NMIVector,_unhandled_exception
  41              		.weak	HardFaultVector
  42              		.thumb_set HardFaultVector,_unhandled_exception
  43              		.weak	MemManageVector
  44              		.thumb_set MemManageVector,_unhandled_exception
  45              		.weak	BusFaultVector
  46              		.thumb_set BusFaultVector,_unhandled_exception
  47              		.weak	UsageFaultVector
  48              		.thumb_set UsageFaultVector,_unhandled_exception
  49              		.weak	Vector1C
  50              		.thumb_set Vector1C,_unhandled_exception
  51              		.weak	Vector20
  52              		.thumb_set Vector20,_unhandled_exception
  53              		.weak	Vector24
  54              		.thumb_set Vector24,_unhandled_exception
  55              		.weak	Vector28
  56              		.thumb_set Vector28,_unhandled_exception
  57              		.weak	SVCallVector
ARM GAS  /tmp/ccL5uxF9.s 			page 2


  58              		.thumb_set SVCallVector,_unhandled_exception
  59              		.weak	DebugMonitorVector
  60              		.thumb_set DebugMonitorVector,_unhandled_exception
  61              		.weak	Vector34
  62              		.thumb_set Vector34,_unhandled_exception
  63              		.weak	PendSVVector
  64              		.thumb_set PendSVVector,_unhandled_exception
  65              		.weak	SysTickVector
  66              		.thumb_set SysTickVector,_unhandled_exception
  67              		.weak	Vector40
  68              		.thumb_set Vector40,_unhandled_exception
  69              		.weak	Vector44
  70              		.thumb_set Vector44,_unhandled_exception
  71              		.weak	Vector48
  72              		.thumb_set Vector48,_unhandled_exception
  73              		.weak	Vector4C
  74              		.thumb_set Vector4C,_unhandled_exception
  75              		.weak	Vector50
  76              		.thumb_set Vector50,_unhandled_exception
  77              		.weak	Vector54
  78              		.thumb_set Vector54,_unhandled_exception
  79              		.weak	Vector58
  80              		.thumb_set Vector58,_unhandled_exception
  81              		.weak	Vector5C
  82              		.thumb_set Vector5C,_unhandled_exception
  83              		.weak	Vector60
  84              		.thumb_set Vector60,_unhandled_exception
  85              		.weak	Vector64
  86              		.thumb_set Vector64,_unhandled_exception
  87              		.weak	Vector68
  88              		.thumb_set Vector68,_unhandled_exception
  89              		.weak	Vector6C
  90              		.thumb_set Vector6C,_unhandled_exception
  91              		.weak	Vector70
  92              		.thumb_set Vector70,_unhandled_exception
  93              		.weak	Vector74
  94              		.thumb_set Vector74,_unhandled_exception
  95              		.weak	Vector78
  96              		.thumb_set Vector78,_unhandled_exception
  97              		.weak	Vector7C
  98              		.thumb_set Vector7C,_unhandled_exception
  99              		.weak	Vector80
 100              		.thumb_set Vector80,_unhandled_exception
 101              		.weak	Vector84
 102              		.thumb_set Vector84,_unhandled_exception
 103              		.weak	Vector88
 104              		.thumb_set Vector88,_unhandled_exception
 105              		.weak	Vector8C
 106              		.thumb_set Vector8C,_unhandled_exception
 107              		.weak	Vector90
 108              		.thumb_set Vector90,_unhandled_exception
 109              		.weak	Vector94
 110              		.thumb_set Vector94,_unhandled_exception
 111              		.weak	Vector98
 112              		.thumb_set Vector98,_unhandled_exception
 113              		.weak	Vector9C
 114              		.thumb_set Vector9C,_unhandled_exception
ARM GAS  /tmp/ccL5uxF9.s 			page 3


 115              		.weak	VectorA0
 116              		.thumb_set VectorA0,_unhandled_exception
 117              		.weak	VectorA4
 118              		.thumb_set VectorA4,_unhandled_exception
 119              		.weak	VectorA8
 120              		.thumb_set VectorA8,_unhandled_exception
 121              		.weak	VectorAC
 122              		.thumb_set VectorAC,_unhandled_exception
 123              		.weak	VectorB0
 124              		.thumb_set VectorB0,_unhandled_exception
 125              		.weak	VectorB4
 126              		.thumb_set VectorB4,_unhandled_exception
 127              		.weak	VectorB8
 128              		.thumb_set VectorB8,_unhandled_exception
 129              		.weak	VectorBC
 130              		.thumb_set VectorBC,_unhandled_exception
 131              		.weak	VectorC0
 132              		.thumb_set VectorC0,_unhandled_exception
 133              		.weak	VectorC4
 134              		.thumb_set VectorC4,_unhandled_exception
 135              		.weak	VectorC8
 136              		.thumb_set VectorC8,_unhandled_exception
 137              		.weak	VectorCC
 138              		.thumb_set VectorCC,_unhandled_exception
 139              		.weak	VectorD0
 140              		.thumb_set VectorD0,_unhandled_exception
 141              		.weak	VectorD4
 142              		.thumb_set VectorD4,_unhandled_exception
 143              		.weak	VectorD8
 144              		.thumb_set VectorD8,_unhandled_exception
 145              		.weak	VectorDC
 146              		.thumb_set VectorDC,_unhandled_exception
 147              		.weak	VectorE0
 148              		.thumb_set VectorE0,_unhandled_exception
 149              		.weak	VectorE4
 150              		.thumb_set VectorE4,_unhandled_exception
 151              		.weak	VectorE8
 152              		.thumb_set VectorE8,_unhandled_exception
 153              		.weak	VectorEC
 154              		.thumb_set VectorEC,_unhandled_exception
 155              		.weak	VectorF0
 156              		.thumb_set VectorF0,_unhandled_exception
 157              		.weak	VectorF4
 158              		.thumb_set VectorF4,_unhandled_exception
 159              		.weak	VectorF8
 160              		.thumb_set VectorF8,_unhandled_exception
 161              		.weak	VectorFC
 162              		.thumb_set VectorFC,_unhandled_exception
 163              		.weak	Vector100
 164              		.thumb_set Vector100,_unhandled_exception
 165              		.weak	Vector104
 166              		.thumb_set Vector104,_unhandled_exception
 167              		.weak	Vector108
 168              		.thumb_set Vector108,_unhandled_exception
 169              		.weak	Vector10C
 170              		.thumb_set Vector10C,_unhandled_exception
 171              		.weak	Vector110
ARM GAS  /tmp/ccL5uxF9.s 			page 4


 172              		.thumb_set Vector110,_unhandled_exception
 173              		.weak	Vector114
 174              		.thumb_set Vector114,_unhandled_exception
 175              		.weak	Vector118
 176              		.thumb_set Vector118,_unhandled_exception
 177              		.weak	Vector11C
 178              		.thumb_set Vector11C,_unhandled_exception
 179              		.weak	Vector120
 180              		.thumb_set Vector120,_unhandled_exception
 181              		.weak	Vector124
 182              		.thumb_set Vector124,_unhandled_exception
 183              		.weak	Vector128
 184              		.thumb_set Vector128,_unhandled_exception
 185              		.weak	Vector12C
 186              		.thumb_set Vector12C,_unhandled_exception
 187 0002 00BFAFF3 		.section	vectors,"aw",%progbits
 187      0080AFF3 
 187      0080AFF3 
 187      0080
 188              		.align	2
 189              		.type	_vectors, %object
 190              		.size	_vectors, 304
 191              	_vectors:
 192 0000 00000000 		.word	__main_stack_end__
 193 0004 00000000 		.word	ResetHandler
 194 0008 00000000 		.word	NMIVector
 195 000c 00000000 		.word	HardFaultVector
 196 0010 00000000 		.word	MemManageVector
 197 0014 00000000 		.word	BusFaultVector
 198 0018 00000000 		.word	UsageFaultVector
 199 001c 00000000 		.word	Vector1C
 200 0020 00000000 		.word	Vector20
 201 0024 00000000 		.word	Vector24
 202 0028 00000000 		.word	Vector28
 203 002c 00000000 		.word	SVCallVector
 204 0030 00000000 		.word	DebugMonitorVector
 205 0034 00000000 		.word	Vector34
 206 0038 00000000 		.word	PendSVVector
 207 003c 00000000 		.word	SysTickVector
 208 0040 00000000 		.word	Vector40
 209 0044 00000000 		.word	Vector44
 210 0048 00000000 		.word	Vector48
 211 004c 00000000 		.word	Vector4C
 212 0050 00000000 		.word	Vector50
 213 0054 00000000 		.word	Vector54
 214 0058 00000000 		.word	Vector58
 215 005c 00000000 		.word	Vector5C
 216 0060 00000000 		.word	Vector60
 217 0064 00000000 		.word	Vector64
 218 0068 00000000 		.word	Vector68
 219 006c 00000000 		.word	Vector6C
 220 0070 00000000 		.word	Vector70
 221 0074 00000000 		.word	Vector74
 222 0078 00000000 		.word	Vector78
 223 007c 00000000 		.word	Vector7C
 224 0080 00000000 		.word	Vector80
 225 0084 00000000 		.word	Vector84
ARM GAS  /tmp/ccL5uxF9.s 			page 5


 226 0088 00000000 		.word	Vector88
 227 008c 00000000 		.word	Vector8C
 228 0090 00000000 		.word	Vector90
 229 0094 00000000 		.word	Vector94
 230 0098 00000000 		.word	Vector98
 231 009c 00000000 		.word	Vector9C
 232 00a0 00000000 		.word	VectorA0
 233 00a4 00000000 		.word	VectorA4
 234 00a8 00000000 		.word	VectorA8
 235 00ac 00000000 		.word	VectorAC
 236 00b0 00000000 		.word	VectorB0
 237 00b4 00000000 		.word	VectorB4
 238 00b8 00000000 		.word	VectorB8
 239 00bc 00000000 		.word	VectorBC
 240 00c0 00000000 		.word	VectorC0
 241 00c4 00000000 		.word	VectorC4
 242 00c8 00000000 		.word	VectorC8
 243 00cc 00000000 		.word	VectorCC
 244 00d0 00000000 		.word	VectorD0
 245 00d4 00000000 		.word	VectorD4
 246 00d8 00000000 		.word	VectorD8
 247 00dc 00000000 		.word	VectorDC
 248 00e0 00000000 		.word	VectorE0
 249 00e4 00000000 		.word	VectorE4
 250 00e8 00000000 		.word	VectorE8
 251 00ec 00000000 		.word	VectorEC
 252 00f0 00000000 		.word	VectorF0
 253 00f4 00000000 		.word	VectorF4
 254 00f8 00000000 		.word	VectorF8
 255 00fc 00000000 		.word	VectorFC
 256 0100 00000000 		.word	Vector100
 257 0104 00000000 		.word	Vector104
 258 0108 00000000 		.word	Vector108
 259 010c 00000000 		.word	Vector10C
 260 0110 00000000 		.word	Vector110
 261 0114 00000000 		.word	Vector114
 262 0118 00000000 		.word	Vector118
 263 011c 00000000 		.word	Vector11C
 264 0120 00000000 		.word	Vector120
 265 0124 00000000 		.word	Vector124
 266 0128 00000000 		.word	Vector128
 267 012c 00000000 		.word	Vector12C
 268              		.text
 269              	.Letext0:
 270              		.file 2 "/opt/pros/toolchain/bin/../lib/gcc/arm-none-eabi/4.6.3/../../../../arm-none-eabi/include/
 271              		.section	.debug_info,"",%progbits
 272              	.Ldebug_info0:
 273 0000 E4010000 		.4byte	0x1e4
 274 0004 0200     		.2byte	0x2
 275 0006 00000000 		.4byte	.Ldebug_abbrev0
 276 000a 04       		.byte	0x4
 277 000b 01       		.uleb128 0x1
 278 000c 74000000 		.4byte	.LASF33
 279 0010 01       		.byte	0x1
 280 0011 B4000000 		.4byte	.LASF34
 281 0015 98000000 		.4byte	.LASF35
 282 0019 00000000 		.4byte	0
ARM GAS  /tmp/ccL5uxF9.s 			page 6


 283 001d 00000000 		.4byte	0
 284 0021 00000000 		.4byte	.Ldebug_ranges0+0
 285 0025 00000000 		.4byte	.Ldebug_line0
 286 0029 02       		.uleb128 0x2
 287 002a 04       		.byte	0x4
 288 002b 05       		.byte	0x5
 289 002c 696E7400 		.ascii	"int\000"
 290 0030 03       		.uleb128 0x3
 291 0031 04       		.byte	0x4
 292 0032 07       		.byte	0x7
 293 0033 ED000000 		.4byte	.LASF0
 294 0037 03       		.uleb128 0x3
 295 0038 01       		.byte	0x1
 296 0039 06       		.byte	0x6
 297 003a DA010000 		.4byte	.LASF1
 298 003e 03       		.uleb128 0x3
 299 003f 01       		.byte	0x1
 300 0040 08       		.byte	0x8
 301 0041 41000000 		.4byte	.LASF2
 302 0045 03       		.uleb128 0x3
 303 0046 02       		.byte	0x2
 304 0047 05       		.byte	0x5
 305 0048 B1010000 		.4byte	.LASF3
 306 004c 03       		.uleb128 0x3
 307 004d 02       		.byte	0x2
 308 004e 07       		.byte	0x7
 309 004f 61000000 		.4byte	.LASF4
 310 0053 03       		.uleb128 0x3
 311 0054 04       		.byte	0x4
 312 0055 05       		.byte	0x5
 313 0056 D1010000 		.4byte	.LASF5
 314 005a 04       		.uleb128 0x4
 315 005b C8010000 		.4byte	.LASF11
 316 005f 02       		.byte	0x2
 317 0060 50       		.byte	0x50
 318 0061 65000000 		.4byte	0x65
 319 0065 03       		.uleb128 0x3
 320 0066 04       		.byte	0x4
 321 0067 07       		.byte	0x7
 322 0068 4F000000 		.4byte	.LASF6
 323 006c 03       		.uleb128 0x3
 324 006d 08       		.byte	0x8
 325 006e 05       		.byte	0x5
 326 006f 70010000 		.4byte	.LASF7
 327 0073 03       		.uleb128 0x3
 328 0074 08       		.byte	0x8
 329 0075 07       		.byte	0x7
 330 0076 05010000 		.4byte	.LASF8
 331 007a 03       		.uleb128 0x3
 332 007b 01       		.byte	0x1
 333 007c 02       		.byte	0x2
 334 007d 03020000 		.4byte	.LASF9
 335 0081 03       		.uleb128 0x3
 336 0082 01       		.byte	0x1
 337 0083 08       		.byte	0x8
 338 0084 7E010000 		.4byte	.LASF10
 339 0088 04       		.uleb128 0x4
ARM GAS  /tmp/ccL5uxF9.s 			page 7


 340 0089 09000000 		.4byte	.LASF12
 341 008d 01       		.byte	0x1
 342 008e 48       		.byte	0x48
 343 008f 93000000 		.4byte	0x93
 344 0093 05       		.uleb128 0x5
 345 0094 04       		.byte	0x4
 346 0095 99000000 		.4byte	0x99
 347 0099 06       		.uleb128 0x6
 348 009a 01       		.byte	0x1
 349 009b 07       		.uleb128 0x7
 350 009c 3001     		.2byte	0x130
 351 009e 01       		.byte	0x1
 352 009f 4D       		.byte	0x4d
 353 00a0 93010000 		.4byte	0x193
 354 00a4 08       		.uleb128 0x8
 355 00a5 28000000 		.4byte	.LASF13
 356 00a9 01       		.byte	0x1
 357 00aa 4E       		.byte	0x4e
 358 00ab 93010000 		.4byte	0x193
 359 00af 02       		.byte	0x2
 360 00b0 23       		.byte	0x23
 361 00b1 00       		.uleb128 0
 362 00b2 08       		.uleb128 0x8
 363 00b3 BB010000 		.4byte	.LASF14
 364 00b7 01       		.byte	0x1
 365 00b8 4F       		.byte	0x4f
 366 00b9 88000000 		.4byte	0x88
 367 00bd 02       		.byte	0x2
 368 00be 23       		.byte	0x23
 369 00bf 04       		.uleb128 0x4
 370 00c0 08       		.uleb128 0x8
 371 00c1 FA000000 		.4byte	.LASF15
 372 00c5 01       		.byte	0x1
 373 00c6 50       		.byte	0x50
 374 00c7 88000000 		.4byte	0x88
 375 00cb 02       		.byte	0x2
 376 00cc 23       		.byte	0x23
 377 00cd 08       		.uleb128 0x8
 378 00ce 08       		.uleb128 0x8
 379 00cf 5F010000 		.4byte	.LASF16
 380 00d3 01       		.byte	0x1
 381 00d4 51       		.byte	0x51
 382 00d5 88000000 		.4byte	0x88
 383 00d9 02       		.byte	0x2
 384 00da 23       		.byte	0x23
 385 00db 0C       		.uleb128 0xc
 386 00dc 08       		.uleb128 0x8
 387 00dd 83010000 		.4byte	.LASF17
 388 00e1 01       		.byte	0x1
 389 00e2 52       		.byte	0x52
 390 00e3 88000000 		.4byte	0x88
 391 00e7 02       		.byte	0x2
 392 00e8 23       		.byte	0x23
 393 00e9 10       		.uleb128 0x10
 394 00ea 08       		.uleb128 0x8
 395 00eb 1C010000 		.4byte	.LASF18
 396 00ef 01       		.byte	0x1
ARM GAS  /tmp/ccL5uxF9.s 			page 8


 397 00f0 53       		.byte	0x53
 398 00f1 88000000 		.4byte	0x88
 399 00f5 02       		.byte	0x2
 400 00f6 23       		.byte	0x23
 401 00f7 14       		.uleb128 0x14
 402 00f8 08       		.uleb128 0x8
 403 00f9 35010000 		.4byte	.LASF19
 404 00fd 01       		.byte	0x1
 405 00fe 54       		.byte	0x54
 406 00ff 88000000 		.4byte	0x88
 407 0103 02       		.byte	0x2
 408 0104 23       		.byte	0x23
 409 0105 18       		.uleb128 0x18
 410 0106 08       		.uleb128 0x8
 411 0107 80000000 		.4byte	.LASF20
 412 010b 01       		.byte	0x1
 413 010c 55       		.byte	0x55
 414 010d 88000000 		.4byte	0x88
 415 0111 02       		.byte	0x2
 416 0112 23       		.byte	0x23
 417 0113 1C       		.uleb128 0x1c
 418 0114 08       		.uleb128 0x8
 419 0115 FA010000 		.4byte	.LASF21
 420 0119 01       		.byte	0x1
 421 011a 56       		.byte	0x56
 422 011b 88000000 		.4byte	0x88
 423 011f 02       		.byte	0x2
 424 0120 23       		.byte	0x23
 425 0121 20       		.uleb128 0x20
 426 0122 08       		.uleb128 0x8
 427 0123 00000000 		.4byte	.LASF22
 428 0127 01       		.byte	0x1
 429 0128 57       		.byte	0x57
 430 0129 88000000 		.4byte	0x88
 431 012d 02       		.byte	0x2
 432 012e 23       		.byte	0x23
 433 012f 24       		.uleb128 0x24
 434 0130 08       		.uleb128 0x8
 435 0131 2C010000 		.4byte	.LASF23
 436 0135 01       		.byte	0x1
 437 0136 58       		.byte	0x58
 438 0137 88000000 		.4byte	0x88
 439 013b 02       		.byte	0x2
 440 013c 23       		.byte	0x23
 441 013d 28       		.uleb128 0x28
 442 013e 08       		.uleb128 0x8
 443 013f 33000000 		.4byte	.LASF24
 444 0143 01       		.byte	0x1
 445 0144 59       		.byte	0x59
 446 0145 88000000 		.4byte	0x88
 447 0149 02       		.byte	0x2
 448 014a 23       		.byte	0x23
 449 014b 2C       		.uleb128 0x2c
 450 014c 08       		.uleb128 0x8
 451 014d E6010000 		.4byte	.LASF25
 452 0151 01       		.byte	0x1
 453 0152 5A       		.byte	0x5a
ARM GAS  /tmp/ccL5uxF9.s 			page 9


 454 0153 88000000 		.4byte	0x88
 455 0157 02       		.byte	0x2
 456 0158 23       		.byte	0x23
 457 0159 30       		.uleb128 0x30
 458 015a 08       		.uleb128 0x8
 459 015b 16000000 		.4byte	.LASF26
 460 015f 01       		.byte	0x1
 461 0160 5B       		.byte	0x5b
 462 0161 88000000 		.4byte	0x88
 463 0165 02       		.byte	0x2
 464 0166 23       		.byte	0x23
 465 0167 34       		.uleb128 0x34
 466 0168 08       		.uleb128 0x8
 467 0169 51010000 		.4byte	.LASF27
 468 016d 01       		.byte	0x1
 469 016e 5C       		.byte	0x5c
 470 016f 88000000 		.4byte	0x88
 471 0173 02       		.byte	0x2
 472 0174 23       		.byte	0x23
 473 0175 38       		.uleb128 0x38
 474 0176 08       		.uleb128 0x8
 475 0177 89000000 		.4byte	.LASF28
 476 017b 01       		.byte	0x1
 477 017c 5D       		.byte	0x5d
 478 017d 88000000 		.4byte	0x88
 479 0181 02       		.byte	0x2
 480 0182 23       		.byte	0x23
 481 0183 3C       		.uleb128 0x3c
 482 0184 08       		.uleb128 0x8
 483 0185 A9010000 		.4byte	.LASF29
 484 0189 01       		.byte	0x1
 485 018a 5E       		.byte	0x5e
 486 018b 99010000 		.4byte	0x199
 487 018f 02       		.byte	0x2
 488 0190 23       		.byte	0x23
 489 0191 40       		.uleb128 0x40
 490 0192 00       		.byte	0
 491 0193 05       		.uleb128 0x5
 492 0194 04       		.byte	0x4
 493 0195 5A000000 		.4byte	0x5a
 494 0199 09       		.uleb128 0x9
 495 019a 88000000 		.4byte	0x88
 496 019e A9010000 		.4byte	0x1a9
 497 01a2 0A       		.uleb128 0xa
 498 01a3 30000000 		.4byte	0x30
 499 01a7 3B       		.byte	0x3b
 500 01a8 00       		.byte	0
 501 01a9 04       		.uleb128 0x4
 502 01aa 47010000 		.4byte	.LASF30
 503 01ae 01       		.byte	0x1
 504 01af 5F       		.byte	0x5f
 505 01b0 9B000000 		.4byte	0x9b
 506 01b4 0B       		.uleb128 0xb
 507 01b5 01       		.byte	0x1
 508 01b6 94010000 		.4byte	.LASF36
 509 01ba 01       		.byte	0x1
 510 01bb F1       		.byte	0xf1
ARM GAS  /tmp/ccL5uxF9.s 			page 10


 511 01bc 01       		.byte	0x1
 512 01bd 00000000 		.4byte	.LFB7
 513 01c1 02000000 		.4byte	.LFE7
 514 01c5 02       		.byte	0x2
 515 01c6 7D       		.byte	0x7d
 516 01c7 00       		.sleb128 0
 517 01c8 0C       		.uleb128 0xc
 518 01c9 09020000 		.4byte	.LASF31
 519 01cd 01       		.byte	0x1
 520 01ce 62       		.byte	0x62
 521 01cf 5A000000 		.4byte	0x5a
 522 01d3 01       		.byte	0x1
 523 01d4 01       		.byte	0x1
 524 01d5 0D       		.uleb128 0xd
 525 01d6 1F000000 		.4byte	.LASF32
 526 01da 01       		.byte	0x1
 527 01db C5       		.byte	0xc5
 528 01dc A9010000 		.4byte	0x1a9
 529 01e0 01       		.byte	0x1
 530 01e1 05       		.byte	0x5
 531 01e2 03       		.byte	0x3
 532 01e3 00000000 		.4byte	_vectors
 533 01e7 00       		.byte	0
 534              		.section	.debug_abbrev,"",%progbits
 535              	.Ldebug_abbrev0:
 536 0000 01       		.uleb128 0x1
 537 0001 11       		.uleb128 0x11
 538 0002 01       		.byte	0x1
 539 0003 25       		.uleb128 0x25
 540 0004 0E       		.uleb128 0xe
 541 0005 13       		.uleb128 0x13
 542 0006 0B       		.uleb128 0xb
 543 0007 03       		.uleb128 0x3
 544 0008 0E       		.uleb128 0xe
 545 0009 1B       		.uleb128 0x1b
 546 000a 0E       		.uleb128 0xe
 547 000b 11       		.uleb128 0x11
 548 000c 01       		.uleb128 0x1
 549 000d 52       		.uleb128 0x52
 550 000e 01       		.uleb128 0x1
 551 000f 55       		.uleb128 0x55
 552 0010 06       		.uleb128 0x6
 553 0011 10       		.uleb128 0x10
 554 0012 06       		.uleb128 0x6
 555 0013 00       		.byte	0
 556 0014 00       		.byte	0
 557 0015 02       		.uleb128 0x2
 558 0016 24       		.uleb128 0x24
 559 0017 00       		.byte	0
 560 0018 0B       		.uleb128 0xb
 561 0019 0B       		.uleb128 0xb
 562 001a 3E       		.uleb128 0x3e
 563 001b 0B       		.uleb128 0xb
 564 001c 03       		.uleb128 0x3
 565 001d 08       		.uleb128 0x8
 566 001e 00       		.byte	0
 567 001f 00       		.byte	0
ARM GAS  /tmp/ccL5uxF9.s 			page 11


 568 0020 03       		.uleb128 0x3
 569 0021 24       		.uleb128 0x24
 570 0022 00       		.byte	0
 571 0023 0B       		.uleb128 0xb
 572 0024 0B       		.uleb128 0xb
 573 0025 3E       		.uleb128 0x3e
 574 0026 0B       		.uleb128 0xb
 575 0027 03       		.uleb128 0x3
 576 0028 0E       		.uleb128 0xe
 577 0029 00       		.byte	0
 578 002a 00       		.byte	0
 579 002b 04       		.uleb128 0x4
 580 002c 16       		.uleb128 0x16
 581 002d 00       		.byte	0
 582 002e 03       		.uleb128 0x3
 583 002f 0E       		.uleb128 0xe
 584 0030 3A       		.uleb128 0x3a
 585 0031 0B       		.uleb128 0xb
 586 0032 3B       		.uleb128 0x3b
 587 0033 0B       		.uleb128 0xb
 588 0034 49       		.uleb128 0x49
 589 0035 13       		.uleb128 0x13
 590 0036 00       		.byte	0
 591 0037 00       		.byte	0
 592 0038 05       		.uleb128 0x5
 593 0039 0F       		.uleb128 0xf
 594 003a 00       		.byte	0
 595 003b 0B       		.uleb128 0xb
 596 003c 0B       		.uleb128 0xb
 597 003d 49       		.uleb128 0x49
 598 003e 13       		.uleb128 0x13
 599 003f 00       		.byte	0
 600 0040 00       		.byte	0
 601 0041 06       		.uleb128 0x6
 602 0042 15       		.uleb128 0x15
 603 0043 00       		.byte	0
 604 0044 27       		.uleb128 0x27
 605 0045 0C       		.uleb128 0xc
 606 0046 00       		.byte	0
 607 0047 00       		.byte	0
 608 0048 07       		.uleb128 0x7
 609 0049 13       		.uleb128 0x13
 610 004a 01       		.byte	0x1
 611 004b 0B       		.uleb128 0xb
 612 004c 05       		.uleb128 0x5
 613 004d 3A       		.uleb128 0x3a
 614 004e 0B       		.uleb128 0xb
 615 004f 3B       		.uleb128 0x3b
 616 0050 0B       		.uleb128 0xb
 617 0051 01       		.uleb128 0x1
 618 0052 13       		.uleb128 0x13
 619 0053 00       		.byte	0
 620 0054 00       		.byte	0
 621 0055 08       		.uleb128 0x8
 622 0056 0D       		.uleb128 0xd
 623 0057 00       		.byte	0
 624 0058 03       		.uleb128 0x3
ARM GAS  /tmp/ccL5uxF9.s 			page 12


 625 0059 0E       		.uleb128 0xe
 626 005a 3A       		.uleb128 0x3a
 627 005b 0B       		.uleb128 0xb
 628 005c 3B       		.uleb128 0x3b
 629 005d 0B       		.uleb128 0xb
 630 005e 49       		.uleb128 0x49
 631 005f 13       		.uleb128 0x13
 632 0060 38       		.uleb128 0x38
 633 0061 0A       		.uleb128 0xa
 634 0062 00       		.byte	0
 635 0063 00       		.byte	0
 636 0064 09       		.uleb128 0x9
 637 0065 01       		.uleb128 0x1
 638 0066 01       		.byte	0x1
 639 0067 49       		.uleb128 0x49
 640 0068 13       		.uleb128 0x13
 641 0069 01       		.uleb128 0x1
 642 006a 13       		.uleb128 0x13
 643 006b 00       		.byte	0
 644 006c 00       		.byte	0
 645 006d 0A       		.uleb128 0xa
 646 006e 21       		.uleb128 0x21
 647 006f 00       		.byte	0
 648 0070 49       		.uleb128 0x49
 649 0071 13       		.uleb128 0x13
 650 0072 2F       		.uleb128 0x2f
 651 0073 0B       		.uleb128 0xb
 652 0074 00       		.byte	0
 653 0075 00       		.byte	0
 654 0076 0B       		.uleb128 0xb
 655 0077 2E       		.uleb128 0x2e
 656 0078 00       		.byte	0
 657 0079 3F       		.uleb128 0x3f
 658 007a 0C       		.uleb128 0xc
 659 007b 03       		.uleb128 0x3
 660 007c 0E       		.uleb128 0xe
 661 007d 3A       		.uleb128 0x3a
 662 007e 0B       		.uleb128 0xb
 663 007f 3B       		.uleb128 0x3b
 664 0080 0B       		.uleb128 0xb
 665 0081 27       		.uleb128 0x27
 666 0082 0C       		.uleb128 0xc
 667 0083 11       		.uleb128 0x11
 668 0084 01       		.uleb128 0x1
 669 0085 12       		.uleb128 0x12
 670 0086 01       		.uleb128 0x1
 671 0087 40       		.uleb128 0x40
 672 0088 0A       		.uleb128 0xa
 673 0089 00       		.byte	0
 674 008a 00       		.byte	0
 675 008b 0C       		.uleb128 0xc
 676 008c 34       		.uleb128 0x34
 677 008d 00       		.byte	0
 678 008e 03       		.uleb128 0x3
 679 008f 0E       		.uleb128 0xe
 680 0090 3A       		.uleb128 0x3a
 681 0091 0B       		.uleb128 0xb
ARM GAS  /tmp/ccL5uxF9.s 			page 13


 682 0092 3B       		.uleb128 0x3b
 683 0093 0B       		.uleb128 0xb
 684 0094 49       		.uleb128 0x49
 685 0095 13       		.uleb128 0x13
 686 0096 3F       		.uleb128 0x3f
 687 0097 0C       		.uleb128 0xc
 688 0098 3C       		.uleb128 0x3c
 689 0099 0C       		.uleb128 0xc
 690 009a 00       		.byte	0
 691 009b 00       		.byte	0
 692 009c 0D       		.uleb128 0xd
 693 009d 34       		.uleb128 0x34
 694 009e 00       		.byte	0
 695 009f 03       		.uleb128 0x3
 696 00a0 0E       		.uleb128 0xe
 697 00a1 3A       		.uleb128 0x3a
 698 00a2 0B       		.uleb128 0xb
 699 00a3 3B       		.uleb128 0x3b
 700 00a4 0B       		.uleb128 0xb
 701 00a5 49       		.uleb128 0x49
 702 00a6 13       		.uleb128 0x13
 703 00a7 3F       		.uleb128 0x3f
 704 00a8 0C       		.uleb128 0xc
 705 00a9 02       		.uleb128 0x2
 706 00aa 0A       		.uleb128 0xa
 707 00ab 00       		.byte	0
 708 00ac 00       		.byte	0
 709 00ad 00       		.byte	0
 710              		.section	.debug_aranges,"",%progbits
 711 0000 1C000000 		.4byte	0x1c
 712 0004 0200     		.2byte	0x2
 713 0006 00000000 		.4byte	.Ldebug_info0
 714 000a 04       		.byte	0x4
 715 000b 00       		.byte	0
 716 000c 0000     		.2byte	0
 717 000e 0000     		.2byte	0
 718 0010 00000000 		.4byte	.LFB7
 719 0014 02000000 		.4byte	.LFE7-.LFB7
 720 0018 00000000 		.4byte	0
 721 001c 00000000 		.4byte	0
 722              		.section	.debug_ranges,"",%progbits
 723              	.Ldebug_ranges0:
 724 0000 00000000 		.4byte	.LFB7
 725 0004 02000000 		.4byte	.LFE7
 726 0008 00000000 		.4byte	0
 727 000c 00000000 		.4byte	0
 728              		.section	.debug_line,"",%progbits
 729              	.Ldebug_line0:
 730 0000 CA000000 		.section	.debug_str,"MS",%progbits,1
 730      0200B400 
 730      00000201 
 730      FB0E0D00 
 730      01010101 
 731              	.LASF22:
 732 0000 76656374 		.ascii	"vector24\000"
 732      6F723234 
 732      00
ARM GAS  /tmp/ccL5uxF9.s 			page 14


 733              	.LASF12:
 734 0009 6972715F 		.ascii	"irq_vector_t\000"
 734      76656374 
 734      6F725F74 
 734      00
 735              	.LASF26:
 736 0016 76656374 		.ascii	"vector34\000"
 736      6F723334 
 736      00
 737              	.LASF32:
 738 001f 5F766563 		.ascii	"_vectors\000"
 738      746F7273 
 738      00
 739              	.LASF13:
 740 0028 696E6974 		.ascii	"init_stack\000"
 740      5F737461 
 740      636B00
 741              	.LASF24:
 742 0033 73766361 		.ascii	"svcall_vector\000"
 742      6C6C5F76 
 742      6563746F 
 742      7200
 743              	.LASF2:
 744 0041 756E7369 		.ascii	"unsigned char\000"
 744      676E6564 
 744      20636861 
 744      7200
 745              	.LASF6:
 746 004f 6C6F6E67 		.ascii	"long unsigned int\000"
 746      20756E73 
 746      69676E65 
 746      6420696E 
 746      7400
 747              	.LASF4:
 748 0061 73686F72 		.ascii	"short unsigned int\000"
 748      7420756E 
 748      7369676E 
 748      65642069 
 748      6E7400
 749              	.LASF33:
 750 0074 474E5520 		.ascii	"GNU C 4.6.3\000"
 750      4320342E 
 750      362E3300 
 751              	.LASF20:
 752 0080 76656374 		.ascii	"vector1c\000"
 752      6F723163 
 752      00
 753              	.LASF28:
 754 0089 73797374 		.ascii	"systick_vector\000"
 754      69636B5F 
 754      76656374 
 754      6F7200
 755              	.LASF35:
 756 0098 2F686F6D 		.ascii	"/home/aolsen/pros/9999-0.13\000"
 756      652F616F 
 756      6C73656E 
 756      2F70726F 
ARM GAS  /tmp/ccL5uxF9.s 			page 15


 756      732F3939 
 757              	.LASF34:
 758 00b4 2E2E2F43 		.ascii	"../ChibiOS_2.6.2/os/ports/GCC/ARMCMx/STM32F1xx/vect"
 758      68696269 
 758      4F535F32 
 758      2E362E32 
 758      2F6F732F 
 759 00e7 6F72732E 		.ascii	"ors.c\000"
 759      6300
 760              	.LASF0:
 761 00ed 756E7369 		.ascii	"unsigned int\000"
 761      676E6564 
 761      20696E74 
 761      00
 762              	.LASF15:
 763 00fa 6E6D695F 		.ascii	"nmi_vector\000"
 763      76656374 
 763      6F7200
 764              	.LASF8:
 765 0105 6C6F6E67 		.ascii	"long long unsigned int\000"
 765      206C6F6E 
 765      6720756E 
 765      7369676E 
 765      65642069 
 766              	.LASF18:
 767 011c 62757366 		.ascii	"busfault_vector\000"
 767      61756C74 
 767      5F766563 
 767      746F7200 
 768              	.LASF23:
 769 012c 76656374 		.ascii	"vector28\000"
 769      6F723238 
 769      00
 770              	.LASF19:
 771 0135 75736167 		.ascii	"usagefault_vector\000"
 771      65666175 
 771      6C745F76 
 771      6563746F 
 771      7200
 772              	.LASF30:
 773 0147 76656374 		.ascii	"vectors_t\000"
 773      6F72735F 
 773      7400
 774              	.LASF27:
 775 0151 70656E64 		.ascii	"pendsv_vector\000"
 775      73765F76 
 775      6563746F 
 775      7200
 776              	.LASF16:
 777 015f 68617264 		.ascii	"hardfault_vector\000"
 777      6661756C 
 777      745F7665 
 777      63746F72 
 777      00
 778              	.LASF7:
 779 0170 6C6F6E67 		.ascii	"long long int\000"
 779      206C6F6E 
ARM GAS  /tmp/ccL5uxF9.s 			page 16


 779      6720696E 
 779      7400
 780              	.LASF10:
 781 017e 63686172 		.ascii	"char\000"
 781      00
 782              	.LASF17:
 783 0183 6D656D6D 		.ascii	"memmanage_vector\000"
 783      616E6167 
 783      655F7665 
 783      63746F72 
 783      00
 784              	.LASF36:
 785 0194 5F756E68 		.ascii	"_unhandled_exception\000"
 785      616E646C 
 785      65645F65 
 785      78636570 
 785      74696F6E 
 786              	.LASF29:
 787 01a9 76656374 		.ascii	"vectors\000"
 787      6F727300 
 788              	.LASF3:
 789 01b1 73686F72 		.ascii	"short int\000"
 789      7420696E 
 789      7400
 790              	.LASF14:
 791 01bb 72657365 		.ascii	"reset_vector\000"
 791      745F7665 
 791      63746F72 
 791      00
 792              	.LASF11:
 793 01c8 75696E74 		.ascii	"uint32_t\000"
 793      33325F74 
 793      00
 794              	.LASF5:
 795 01d1 6C6F6E67 		.ascii	"long int\000"
 795      20696E74 
 795      00
 796              	.LASF1:
 797 01da 7369676E 		.ascii	"signed char\000"
 797      65642063 
 797      68617200 
 798              	.LASF25:
 799 01e6 64656275 		.ascii	"debugmonitor_vector\000"
 799      676D6F6E 
 799      69746F72 
 799      5F766563 
 799      746F7200 
 800              	.LASF21:
 801 01fa 76656374 		.ascii	"vector20\000"
 801      6F723230 
 801      00
 802              	.LASF9:
 803 0203 5F426F6F 		.ascii	"_Bool\000"
 803      6C00
 804              	.LASF31:
 805 0209 5F5F6D61 		.ascii	"__main_stack_end__\000"
 805      696E5F73 
ARM GAS  /tmp/ccL5uxF9.s 			page 17


 805      7461636B 
 805      5F656E64 
 805      5F5F00
 806              		.ident	"GCC: (Sourcery CodeBench Lite 2012.03-56) 4.6.3"
ARM GAS  /tmp/ccL5uxF9.s 			page 18


DEFINED SYMBOLS
                            *ABS*:00000000 vectors.c
     /tmp/ccL5uxF9.s:19     .text._unhandled_exception:00000000 $t
     /tmp/ccL5uxF9.s:25     .text._unhandled_exception:00000000 _unhandled_exception
     /tmp/ccL5uxF9.s:191    vectors:00000000 _vectors
     /tmp/ccL5uxF9.s:25     .text._unhandled_exception:00000000 NMIVector
     /tmp/ccL5uxF9.s:25     .text._unhandled_exception:00000000 HardFaultVector
     /tmp/ccL5uxF9.s:25     .text._unhandled_exception:00000000 MemManageVector
     /tmp/ccL5uxF9.s:25     .text._unhandled_exception:00000000 BusFaultVector
     /tmp/ccL5uxF9.s:25     .text._unhandled_exception:00000000 UsageFaultVector
     /tmp/ccL5uxF9.s:25     .text._unhandled_exception:00000000 Vector1C
     /tmp/ccL5uxF9.s:25     .text._unhandled_exception:00000000 Vector20
     /tmp/ccL5uxF9.s:25     .text._unhandled_exception:00000000 Vector24
     /tmp/ccL5uxF9.s:25     .text._unhandled_exception:00000000 Vector28
     /tmp/ccL5uxF9.s:25     .text._unhandled_exception:00000000 SVCallVector
     /tmp/ccL5uxF9.s:25     .text._unhandled_exception:00000000 DebugMonitorVector
     /tmp/ccL5uxF9.s:25     .text._unhandled_exception:00000000 Vector34
     /tmp/ccL5uxF9.s:25     .text._unhandled_exception:00000000 PendSVVector
     /tmp/ccL5uxF9.s:25     .text._unhandled_exception:00000000 SysTickVector
     /tmp/ccL5uxF9.s:25     .text._unhandled_exception:00000000 Vector40
     /tmp/ccL5uxF9.s:25     .text._unhandled_exception:00000000 Vector44
     /tmp/ccL5uxF9.s:25     .text._unhandled_exception:00000000 Vector48
     /tmp/ccL5uxF9.s:25     .text._unhandled_exception:00000000 Vector4C
     /tmp/ccL5uxF9.s:25     .text._unhandled_exception:00000000 Vector50
     /tmp/ccL5uxF9.s:25     .text._unhandled_exception:00000000 Vector54
     /tmp/ccL5uxF9.s:25     .text._unhandled_exception:00000000 Vector58
     /tmp/ccL5uxF9.s:25     .text._unhandled_exception:00000000 Vector5C
     /tmp/ccL5uxF9.s:25     .text._unhandled_exception:00000000 Vector60
     /tmp/ccL5uxF9.s:25     .text._unhandled_exception:00000000 Vector64
     /tmp/ccL5uxF9.s:25     .text._unhandled_exception:00000000 Vector68
     /tmp/ccL5uxF9.s:25     .text._unhandled_exception:00000000 Vector6C
     /tmp/ccL5uxF9.s:25     .text._unhandled_exception:00000000 Vector70
     /tmp/ccL5uxF9.s:25     .text._unhandled_exception:00000000 Vector74
     /tmp/ccL5uxF9.s:25     .text._unhandled_exception:00000000 Vector78
     /tmp/ccL5uxF9.s:25     .text._unhandled_exception:00000000 Vector7C
     /tmp/ccL5uxF9.s:25     .text._unhandled_exception:00000000 Vector80
     /tmp/ccL5uxF9.s:25     .text._unhandled_exception:00000000 Vector84
     /tmp/ccL5uxF9.s:25     .text._unhandled_exception:00000000 Vector88
     /tmp/ccL5uxF9.s:25     .text._unhandled_exception:00000000 Vector8C
     /tmp/ccL5uxF9.s:25     .text._unhandled_exception:00000000 Vector90
     /tmp/ccL5uxF9.s:25     .text._unhandled_exception:00000000 Vector94
     /tmp/ccL5uxF9.s:25     .text._unhandled_exception:00000000 Vector98
     /tmp/ccL5uxF9.s:25     .text._unhandled_exception:00000000 Vector9C
     /tmp/ccL5uxF9.s:25     .text._unhandled_exception:00000000 VectorA0
     /tmp/ccL5uxF9.s:25     .text._unhandled_exception:00000000 VectorA4
     /tmp/ccL5uxF9.s:25     .text._unhandled_exception:00000000 VectorA8
     /tmp/ccL5uxF9.s:25     .text._unhandled_exception:00000000 VectorAC
     /tmp/ccL5uxF9.s:25     .text._unhandled_exception:00000000 VectorB0
     /tmp/ccL5uxF9.s:25     .text._unhandled_exception:00000000 VectorB4
     /tmp/ccL5uxF9.s:25     .text._unhandled_exception:00000000 VectorB8
     /tmp/ccL5uxF9.s:25     .text._unhandled_exception:00000000 VectorBC
     /tmp/ccL5uxF9.s:25     .text._unhandled_exception:00000000 VectorC0
     /tmp/ccL5uxF9.s:25     .text._unhandled_exception:00000000 VectorC4
     /tmp/ccL5uxF9.s:25     .text._unhandled_exception:00000000 VectorC8
     /tmp/ccL5uxF9.s:25     .text._unhandled_exception:00000000 VectorCC
     /tmp/ccL5uxF9.s:25     .text._unhandled_exception:00000000 VectorD0
     /tmp/ccL5uxF9.s:25     .text._unhandled_exception:00000000 VectorD4
ARM GAS  /tmp/ccL5uxF9.s 			page 19


     /tmp/ccL5uxF9.s:25     .text._unhandled_exception:00000000 VectorD8
     /tmp/ccL5uxF9.s:25     .text._unhandled_exception:00000000 VectorDC
     /tmp/ccL5uxF9.s:25     .text._unhandled_exception:00000000 VectorE0
     /tmp/ccL5uxF9.s:25     .text._unhandled_exception:00000000 VectorE4
     /tmp/ccL5uxF9.s:25     .text._unhandled_exception:00000000 VectorE8
     /tmp/ccL5uxF9.s:25     .text._unhandled_exception:00000000 VectorEC
     /tmp/ccL5uxF9.s:25     .text._unhandled_exception:00000000 VectorF0
     /tmp/ccL5uxF9.s:25     .text._unhandled_exception:00000000 VectorF4
     /tmp/ccL5uxF9.s:25     .text._unhandled_exception:00000000 VectorF8
     /tmp/ccL5uxF9.s:25     .text._unhandled_exception:00000000 VectorFC
     /tmp/ccL5uxF9.s:25     .text._unhandled_exception:00000000 Vector100
     /tmp/ccL5uxF9.s:25     .text._unhandled_exception:00000000 Vector104
     /tmp/ccL5uxF9.s:25     .text._unhandled_exception:00000000 Vector108
     /tmp/ccL5uxF9.s:25     .text._unhandled_exception:00000000 Vector10C
     /tmp/ccL5uxF9.s:25     .text._unhandled_exception:00000000 Vector110
     /tmp/ccL5uxF9.s:25     .text._unhandled_exception:00000000 Vector114
     /tmp/ccL5uxF9.s:25     .text._unhandled_exception:00000000 Vector118
     /tmp/ccL5uxF9.s:25     .text._unhandled_exception:00000000 Vector11C
     /tmp/ccL5uxF9.s:25     .text._unhandled_exception:00000000 Vector120
     /tmp/ccL5uxF9.s:25     .text._unhandled_exception:00000000 Vector124
     /tmp/ccL5uxF9.s:25     .text._unhandled_exception:00000000 Vector128
     /tmp/ccL5uxF9.s:25     .text._unhandled_exception:00000000 Vector12C
     /tmp/ccL5uxF9.s:188    vectors:00000000 $d
                     .debug_frame:00000010 $d

UNDEFINED SYMBOLS
__main_stack_end__
ResetHandler
