ARM GAS  /tmp/ccyL7nT3.s 			page 1


   1              		.syntax unified
   2              		.cpu cortex-m3
   3              		.fpu softvfp
   4              		.eabi_attribute 20, 1
   5              		.eabi_attribute 21, 1
   6              		.eabi_attribute 23, 3
   7              		.eabi_attribute 24, 1
   8              		.eabi_attribute 25, 1
   9              		.eabi_attribute 26, 1
  10              		.eabi_attribute 30, 2
  11              		.eabi_attribute 34, 1
  12              		.eabi_attribute 18, 4
  13              		.thumb
  14              		.file	"vexctl.c"
  15              		.text
  16              	.Ltext0:
  17              		.cfi_sections	.debug_frame
  18              		.section	.text.vexControllerCompetitionStateSet,"ax",%progbits
  19              		.align	2
  20              		.p2align 4,,15
  21              		.global	vexControllerCompetitionStateSet
  22              		.thumb
  23              		.thumb_func
  24              		.type	vexControllerCompetitionStateSet, %function
  25              	vexControllerCompetitionStateSet:
  26              	.LFB63:
  27              		.file 1 "../convex/cortex/fw/vexctl.c"
  28              		.loc 1 70 0
  29              		.cfi_startproc
  30              		@ args = 0, pretend = 0, frame = 0
  31              		@ frame_needed = 0, uses_anonymous_args = 0
  32              	.LVL0:
  33 0000 38B5     		push	{r3, r4, r5, lr}
  34              	.LCFI0:
  35              		.cfi_def_cfa_offset 16
  36              		.cfi_offset 14, -4
  37              		.cfi_offset 5, -8
  38              		.cfi_offset 4, -12
  39              		.cfi_offset 3, -16
  40              		.loc 1 70 0
  41 0002 0446     		mov	r4, r0
  42 0004 0D46     		mov	r5, r1
  43              		.loc 1 73 0
  44 0006 FFF7FEFF 		bl	vexSpiGetControl
  45              	.LVL1:
  46              		.loc 1 80 0
  47 000a 40F20003 		movw	r3, #:lower16:.LANCHOR0
  48              		.loc 1 73 0
  49 000e 0207     		lsls	r2, r0, #28
  50              		.loc 1 80 0
  51 0010 C0F20003 		movt	r3, #:upper16:.LANCHOR0
  52              		.loc 1 73 0
  53 0014 03D5     		bpl	.L5
  54              		.loc 1 84 0
  55 0016 0020     		movs	r0, #0
  56 0018 1880     		strh	r0, [r3, #0]	@ movhi
  57              		.loc 1 86 0
ARM GAS  /tmp/ccyL7nT3.s 			page 2


  58 001a 0020     		movs	r0, #0
  59              		.loc 1 87 0
  60 001c 38BD     		pop	{r3, r4, r5, pc}
  61              	.L5:
  62              		.loc 1 79 0
  63 001e 1A88     		ldrh	r2, [r3, #0]
  64              		.loc 1 80 0
  65 0020 2C40     		ands	r4, r4, r5
  66 0022 04F0C004 		and	r4, r4, #192
  67              		.loc 1 79 0
  68 0026 22EA0505 		bic	r5, r2, r5
  69              		.loc 1 80 0
  70 002a 2543     		orrs	r5, r5, r4
  71 002c 1D80     		strh	r5, [r3, #0]	@ movhi
  72              		.loc 1 81 0
  73 002e 0120     		movs	r0, #1
  74 0030 38BD     		pop	{r3, r4, r5, pc}
  75              		.cfi_endproc
  76              	.LFE63:
  77              		.size	vexControllerCompetitionStateSet, .-vexControllerCompetitionStateSet
  78 0032 00BFAFF3 		.section	.text.vexControllerCompetitonState,"ax",%progbits
  78      0080AFF3 
  78      0080AFF3 
  78      0080
  79              		.align	2
  80              		.p2align 4,,15
  81              		.global	vexControllerCompetitonState
  82              		.thumb
  83              		.thumb_func
  84              		.type	vexControllerCompetitonState, %function
  85              	vexControllerCompetitonState:
  86              	.LFB64:
  87              		.loc 1 96 0
  88              		.cfi_startproc
  89              		@ args = 0, pretend = 0, frame = 0
  90              		@ frame_needed = 0, uses_anonymous_args = 0
  91 0000 08B5     		push	{r3, lr}
  92              	.LCFI1:
  93              		.cfi_def_cfa_offset 8
  94              		.cfi_offset 14, -4
  95              		.cfi_offset 3, -8
  96              		.loc 1 97 0
  97 0002 FFF7FEFF 		bl	vexSpiGetControl
  98              	.LVL2:
  99              		.loc 1 108 0
 100 0006 40F20003 		movw	r3, #:lower16:.LANCHOR0
 101              		.loc 1 105 0
 102 000a 0107     		lsls	r1, r0, #28
 103              		.loc 1 108 0
 104 000c C0F20003 		movt	r3, #:upper16:.LANCHOR0
 105              		.loc 1 105 0
 106 0010 02D5     		bpl	.L9
 107              		.loc 1 112 0
 108 0012 0022     		movs	r2, #0
 109 0014 1A80     		strh	r2, [r3, #0]	@ movhi
 110              		.loc 1 115 0
 111 0016 08BD     		pop	{r3, pc}
ARM GAS  /tmp/ccyL7nT3.s 			page 3


 112              	.L9:
 113              		.loc 1 108 0
 114 0018 1B88     		ldrh	r3, [r3, #0]
 115 001a 1843     		orrs	r0, r0, r3
 116              	.LVL3:
 117 001c 80B2     		uxth	r0, r0
 118              	.LVL4:
 119 001e 08BD     		pop	{r3, pc}
 120              		.cfi_endproc
 121              	.LFE64:
 122              		.size	vexControllerCompetitonState, .-vexControllerCompetitonState
 123              		.section	.text.vexControllerGet,"ax",%progbits
 124              		.align	2
 125              		.p2align 4,,15
 126              		.global	vexControllerGet
 127              		.thumb
 128              		.thumb_func
 129              		.type	vexControllerGet, %function
 130              	vexControllerGet:
 131              	.LFB65:
 132              		.loc 1 125 0
 133              		.cfi_startproc
 134              		@ args = 0, pretend = 0, frame = 0
 135              		@ frame_needed = 0, uses_anonymous_args = 0
 136              	.LVL5:
 137 0000 10B5     		push	{r4, lr}
 138              	.LCFI2:
 139              		.cfi_def_cfa_offset 8
 140              		.cfi_offset 14, -4
 141              		.cfi_offset 4, -8
 142              		.loc 1 125 0
 143 0002 0446     		mov	r4, r0
 144              		.loc 1 130 0
 145 0004 0006     		lsls	r0, r0, #24
 146              	.LVL6:
 147 0006 15D4     		bmi	.L11
 148              		.loc 1 131 0
 149 0008 0120     		movs	r0, #1
 150 000a FFF7FEFF 		bl	vexSpiGetJoystickDataPtr
 151              	.LVL7:
 152              	.L12:
 153              		.loc 1 136 0
 154 000e 04F07F04 		and	r4, r4, #127
 155 0012 172C     		cmp	r4, #23
 156 0014 00F28580 		bhi	.L42
 157 0018 DFE804F0 		tbb	[pc, r4]
 158              	.L38:
 159 001c 7E       		.byte	(.L14-.L38)/2
 160 001d 85       		.byte	(.L15-.L38)/2
 161 001e 78       		.byte	(.L16-.L38)/2
 162 001f 73       		.byte	(.L17-.L38)/2
 163 0020 6F       		.byte	(.L18-.L38)/2
 164 0021 6B       		.byte	(.L19-.L38)/2
 165 0022 67       		.byte	(.L20-.L38)/2
 166 0023 63       		.byte	(.L21-.L38)/2
 167 0024 5E       		.byte	(.L22-.L38)/2
 168 0025 59       		.byte	(.L23-.L38)/2
ARM GAS  /tmp/ccyL7nT3.s 			page 4


 169 0026 55       		.byte	(.L24-.L38)/2
 170 0027 51       		.byte	(.L25-.L38)/2
 171 0028 4D       		.byte	(.L26-.L38)/2
 172 0029 49       		.byte	(.L27-.L38)/2
 173 002a 44       		.byte	(.L28-.L38)/2
 174 002b 2B       		.byte	(.L29-.L38)/2
 175 002c 27       		.byte	(.L30-.L38)/2
 176 002d 24       		.byte	(.L31-.L38)/2
 177 002e 21       		.byte	(.L32-.L38)/2
 178 002f 37       		.byte	(.L33-.L38)/2
 179 0030 30       		.byte	(.L34-.L38)/2
 180 0031 3D       		.byte	(.L35-.L38)/2
 181 0032 1B       		.byte	(.L36-.L38)/2
 182 0033 10       		.byte	(.L37-.L38)/2
 183              		.align	1
 184              	.LVL8:
 185              	.L11:
 186              		.loc 1 133 0
 187 0034 0220     		movs	r0, #2
 188 0036 FFF7FEFF 		bl	vexSpiGetJoystickDataPtr
 189              	.LVL9:
 190 003a E8E7     		b	.L12
 191              	.L37:
 192              		.loc 1 223 0
 193 003c C179     		ldrb	r1, [r0, #7]	@ zero_extendqisi2
 194 003e 0029     		cmp	r1, #0
 195 0040 77D1     		bne	.L47
 196              		.loc 1 223 0 is_stmt 0 discriminator 2
 197 0042 90F808C0 		ldrb	ip, [r0, #8]	@ zero_extendqisi2
 198 0046 1CF10000 		adds	r0, ip, #0
 199              	.LVL10:
 200 004a 18BF     		it	ne
 201 004c 0120     		movne	r0, #1
 202              	.L13:
 203              		.loc 1 229 0 is_stmt 1
 204 004e 00B2     		sxth	r0, r0
 205 0050 10BD     		pop	{r4, pc}
 206              	.LVL11:
 207              	.L36:
 208              		.loc 1 218 0
 209 0052 037A     		ldrb	r3, [r0, #8]	@ zero_extendqisi2
 210 0054 13F00F00 		ands	r0, r3, #15
 211              	.LVL12:
 212 0058 18BF     		it	ne
 213 005a 0120     		movne	r0, #1
 214 005c F7E7     		b	.L13
 215              	.LVL13:
 216              	.L32:
 217              		.loc 1 204 0
 218 005e 8079     		ldrb	r0, [r0, #6]	@ zero_extendqisi2
 219              	.LVL14:
 220 0060 7F38     		subs	r0, r0, #127
 221 0062 F4E7     		b	.L13
 222              	.LVL15:
 223              	.L31:
 224              		.loc 1 201 0
 225 0064 0079     		ldrb	r0, [r0, #4]	@ zero_extendqisi2
ARM GAS  /tmp/ccyL7nT3.s 			page 5


 226              	.LVL16:
 227 0066 7F38     		subs	r0, r0, #127
 228 0068 F1E7     		b	.L13
 229              	.LVL17:
 230              	.L30:
 231              		.loc 1 198 0
 232 006a 4079     		ldrb	r0, [r0, #5]	@ zero_extendqisi2
 233              	.LVL18:
 234              	.L50:
 235 006c 7F38     		subs	r0, r0, #127
 236              	.L51:
 237              		.loc 1 229 0
 238 006e 00B2     		sxth	r0, r0
 239 0070 10BD     		pop	{r4, pc}
 240              	.LVL19:
 241              	.L29:
 242              		.loc 1 193 0
 243 0072 90F807E0 		ldrb	lr, [r0, #7]	@ zero_extendqisi2
 244 0076 CEF3C000 		ubfx	r0, lr, #3, #1
 245              	.LVL20:
 246 007a E8E7     		b	.L13
 247              	.LVL21:
 248              	.L34:
 249              		.loc 1 212 0
 250 007c C179     		ldrb	r1, [r0, #7]	@ zero_extendqisi2
 251 007e 11F00C0F 		tst	r1, #12
 252 0082 0CBF     		ite	eq
 253 0084 0020     		moveq	r0, #0
 254 0086 0120     		movne	r0, #1
 255              	.LVL22:
 256 0088 E1E7     		b	.L13
 257              	.LVL23:
 258              	.L33:
 259              		.loc 1 209 0
 260 008a C079     		ldrb	r0, [r0, #7]	@ zero_extendqisi2
 261              	.LVL24:
 262 008c 10F00300 		ands	r0, r0, #3
 263 0090 18BF     		it	ne
 264 0092 0120     		movne	r0, #1
 265 0094 DBE7     		b	.L13
 266              	.LVL25:
 267              	.L35:
 268              		.loc 1 215 0
 269 0096 027A     		ldrb	r2, [r0, #8]	@ zero_extendqisi2
 270 0098 12F0F00F 		tst	r2, #240
 271 009c 0CBF     		ite	eq
 272 009e 0020     		moveq	r0, #0
 273 00a0 0120     		movne	r0, #1
 274              	.LVL26:
 275 00a2 D4E7     		b	.L13
 276              	.LVL27:
 277              	.L28:
 278              		.loc 1 190 0
 279 00a4 90F807C0 		ldrb	ip, [r0, #7]	@ zero_extendqisi2
 280 00a8 CCF38000 		ubfx	r0, ip, #2, #1
 281              	.LVL28:
 282 00ac CFE7     		b	.L13
ARM GAS  /tmp/ccyL7nT3.s 			page 6


 283              	.LVL29:
 284              	.L27:
 285              		.loc 1 186 0
 286 00ae C379     		ldrb	r3, [r0, #7]	@ zero_extendqisi2
 287 00b0 C3F34000 		ubfx	r0, r3, #1, #1
 288              	.LVL30:
 289 00b4 CBE7     		b	.L13
 290              	.LVL31:
 291              	.L26:
 292              		.loc 1 183 0
 293 00b6 C279     		ldrb	r2, [r0, #7]	@ zero_extendqisi2
 294 00b8 02F00100 		and	r0, r2, #1
 295              	.LVL32:
 296 00bc C7E7     		b	.L13
 297              	.LVL33:
 298              	.L25:
 299              		.loc 1 179 0
 300 00be 90F90810 		ldrsb	r1, [r0, #8]
 301 00c2 C80F     		lsrs	r0, r1, #31
 302              	.LVL34:
 303 00c4 C3E7     		b	.L13
 304              	.LVL35:
 305              	.L24:
 306              		.loc 1 176 0
 307 00c6 007A     		ldrb	r0, [r0, #8]	@ zero_extendqisi2
 308              	.LVL36:
 309 00c8 C0F38010 		ubfx	r0, r0, #6, #1
 310 00cc BFE7     		b	.L13
 311              	.LVL37:
 312              	.L23:
 313              		.loc 1 173 0
 314 00ce 90F808E0 		ldrb	lr, [r0, #8]	@ zero_extendqisi2
 315 00d2 CEF34010 		ubfx	r0, lr, #5, #1
 316              	.LVL38:
 317 00d6 BAE7     		b	.L13
 318              	.LVL39:
 319              	.L22:
 320              		.loc 1 170 0
 321 00d8 90F808C0 		ldrb	ip, [r0, #8]	@ zero_extendqisi2
 322 00dc CCF30010 		ubfx	r0, ip, #4, #1
 323              	.LVL40:
 324 00e0 B5E7     		b	.L13
 325              	.LVL41:
 326              	.L21:
 327              		.loc 1 166 0
 328 00e2 037A     		ldrb	r3, [r0, #8]	@ zero_extendqisi2
 329 00e4 C3F3C000 		ubfx	r0, r3, #3, #1
 330              	.LVL42:
 331 00e8 B1E7     		b	.L13
 332              	.LVL43:
 333              	.L20:
 334              		.loc 1 163 0
 335 00ea 027A     		ldrb	r2, [r0, #8]	@ zero_extendqisi2
 336 00ec C2F38000 		ubfx	r0, r2, #2, #1
 337              	.LVL44:
 338 00f0 ADE7     		b	.L13
 339              	.LVL45:
ARM GAS  /tmp/ccyL7nT3.s 			page 7


 340              	.L19:
 341              		.loc 1 160 0
 342 00f2 017A     		ldrb	r1, [r0, #8]	@ zero_extendqisi2
 343 00f4 C1F34000 		ubfx	r0, r1, #1, #1
 344              	.LVL46:
 345 00f8 A9E7     		b	.L13
 346              	.LVL47:
 347              	.L18:
 348              		.loc 1 157 0
 349 00fa 007A     		ldrb	r0, [r0, #8]	@ zero_extendqisi2
 350              	.LVL48:
 351 00fc 00F00100 		and	r0, r0, #1
 352 0100 A5E7     		b	.L13
 353              	.LVL49:
 354              	.L17:
 355              		.loc 1 152 0
 356 0102 C078     		ldrb	r0, [r0, #3]	@ zero_extendqisi2
 357              	.LVL50:
 358 0104 FF28     		cmp	r0, #255
 359 0106 B1D1     		bne	.L50
 360              	.L46:
 361 0108 7F20     		movs	r0, #127
 362 010a A0E7     		b	.L13
 363              	.LVL51:
 364              	.L16:
 365              		.loc 1 148 0
 366 010c 8078     		ldrb	r0, [r0, #2]	@ zero_extendqisi2
 367              	.LVL52:
 368 010e FF28     		cmp	r0, #255
 369 0110 0CD0     		beq	.L45
 370              	.L48:
 371              		.loc 1 148 0 is_stmt 0 discriminator 1
 372 0112 C0F17F00 		rsb	r0, r0, #127
 373 0116 9AE7     		b	.L13
 374              	.LVL53:
 375              	.L14:
 376              		.loc 1 140 0 is_stmt 1
 377 0118 0078     		ldrb	r0, [r0, #0]	@ zero_extendqisi2
 378              	.LVL54:
 379 011a FF28     		cmp	r0, #255
 380 011c F4D0     		beq	.L46
 381              		.loc 1 198 0
 382 011e 7F38     		subs	r0, r0, #127
 383 0120 A5E7     		b	.L51
 384              	.LVL55:
 385              	.L42:
 386              		.loc 1 227 0
 387 0122 0020     		movs	r0, #0
 388              	.LVL56:
 389 0124 93E7     		b	.L13
 390              	.LVL57:
 391              	.L15:
 392              		.loc 1 144 0
 393 0126 4078     		ldrb	r0, [r0, #1]	@ zero_extendqisi2
 394              	.LVL58:
 395 0128 FF28     		cmp	r0, #255
 396 012a F2D1     		bne	.L48
ARM GAS  /tmp/ccyL7nT3.s 			page 8


 397              	.L45:
 398              		.loc 1 148 0
 399 012c 4FF68170 		movw	r0, #65409
 400              		.loc 1 149 0
 401 0130 8DE7     		b	.L13
 402              	.LVL59:
 403              	.L47:
 404              		.loc 1 223 0
 405 0132 0120     		movs	r0, #1
 406              	.LVL60:
 407 0134 8BE7     		b	.L13
 408              		.cfi_endproc
 409              	.LFE65:
 410              		.size	vexControllerGet, .-vexControllerGet
 411 0136 00BFAFF3 		.section	.text.vexControllerReleaseWait,"ax",%progbits
 411      0080AFF3 
 411      0080
 412              		.align	2
 413              		.p2align 4,,15
 414              		.global	vexControllerReleaseWait
 415              		.thumb
 416              		.thumb_func
 417              		.type	vexControllerReleaseWait, %function
 418              	vexControllerReleaseWait:
 419              	.LFB66:
 420              		.loc 1 237 0
 421              		.cfi_startproc
 422              		@ args = 0, pretend = 0, frame = 0
 423              		@ frame_needed = 0, uses_anonymous_args = 0
 424              	.LVL61:
 425 0000 38B5     		push	{r3, r4, r5, lr}
 426              	.LCFI3:
 427              		.cfi_def_cfa_offset 16
 428              		.cfi_offset 14, -4
 429              		.cfi_offset 5, -8
 430              		.cfi_offset 4, -12
 431              		.cfi_offset 3, -16
 432              		.loc 1 242 0
 433 0002 00F07F03 		and	r3, r0, #127
 434 0006 032B     		cmp	r3, #3
 435              		.loc 1 237 0
 436 0008 0546     		mov	r5, r0
 437              		.loc 1 242 0
 438 000a 13DD     		ble	.L52
 439 000c C824     		movs	r4, #200
 440 000e 0BE0     		b	.L54
 441              	.LVL62:
 442              	.L59:
 443              		.loc 1 251 0
 444 0010 1920     		movs	r0, #25
 445 0012 FFF7FEFF 		bl	vexSleep
 446              		.loc 1 248 0
 447 0016 2846     		mov	r0, r5
 448 0018 FFF7FEFF 		bl	vexControllerGet
 449 001c 50B1     		cbz	r0, .L52
 450              		.loc 1 251 0
 451 001e 1920     		movs	r0, #25
ARM GAS  /tmp/ccyL7nT3.s 			page 9


 452 0020 FFF7FEFF 		bl	vexSleep
 453              	.LVL63:
 454              		.loc 1 246 0
 455 0024 013C     		subs	r4, r4, #1
 456 0026 06D0     		beq	.L58
 457              	.L54:
 458              		.loc 1 248 0
 459 0028 2846     		mov	r0, r5
 460 002a FFF7FEFF 		bl	vexControllerGet
 461              		.loc 1 251 0
 462 002e 013C     		subs	r4, r4, #1
 463              		.loc 1 248 0
 464 0030 0028     		cmp	r0, #0
 465 0032 EDD1     		bne	.L59
 466              	.L52:
 467 0034 38BD     		pop	{r3, r4, r5, pc}
 468              	.L58:
 469 0036 38BD     		pop	{r3, r4, r5, pc}
 470              		.cfi_endproc
 471              	.LFE66:
 472              		.size	vexControllerReleaseWait, .-vexControllerReleaseWait
 473 0038 AFF30080 		.section	.bss.vexLocalCompState,"aw",%nobits
 473      AFF30080 
 474              		.align	1
 475              		.set	.LANCHOR0,. + 0
 476              		.type	vexLocalCompState, %object
 477              		.size	vexLocalCompState, 2
 478              	vexLocalCompState:
 479 0000 0000     		.space	2
 480              		.text
 481              	.Letext0:
 482              		.file 2 "/opt/pros/toolchain/bin/../lib/gcc/arm-none-eabi/4.6.3/../../../../arm-none-eabi/include/
 483              		.file 3 "../convex/cortex/fw/vexdigital.h"
 484              		.file 4 "../convex/cortex/fw/vexime.h"
 485              		.file 5 "../convex/cortex/fw/vexspi.h"
 486              		.file 6 "../convex/cortex/fw/vexctl.h"
 487              		.file 7 "../ChibiOS_2.6.2/os/ports/common/ARMCMx/CMSIS/include/core_cm3.h"
 488              		.section	.debug_info,"",%progbits
 489              	.Ldebug_info0:
 490 0000 93040000 		.4byte	0x493
 491 0004 0200     		.2byte	0x2
 492 0006 00000000 		.4byte	.Ldebug_abbrev0
 493 000a 04       		.byte	0x4
 494 000b 01       		.uleb128 0x1
 495 000c C8000000 		.4byte	.LASF107
 496 0010 01       		.byte	0x1
 497 0011 34010000 		.4byte	.LASF108
 498 0015 9D000000 		.4byte	.LASF109
 499 0019 00000000 		.4byte	0
 500 001d 00000000 		.4byte	0
 501 0021 00000000 		.4byte	.Ldebug_ranges0+0
 502 0025 00000000 		.4byte	.Ldebug_line0
 503 0029 02       		.uleb128 0x2
 504 002a 04       		.byte	0x4
 505 002b 05       		.byte	0x5
 506 002c 696E7400 		.ascii	"int\000"
 507 0030 03       		.uleb128 0x3
ARM GAS  /tmp/ccyL7nT3.s 			page 10


 508 0031 04       		.byte	0x4
 509 0032 07       		.byte	0x7
 510 0033 BC010000 		.4byte	.LASF0
 511 0037 03       		.uleb128 0x3
 512 0038 01       		.byte	0x1
 513 0039 06       		.byte	0x6
 514 003a B9020000 		.4byte	.LASF1
 515 003e 03       		.uleb128 0x3
 516 003f 01       		.byte	0x1
 517 0040 08       		.byte	0x8
 518 0041 92020000 		.4byte	.LASF2
 519 0045 04       		.uleb128 0x4
 520 0046 BB040000 		.4byte	.LASF4
 521 004a 02       		.byte	0x2
 522 004b 35       		.byte	0x35
 523 004c 50000000 		.4byte	0x50
 524 0050 03       		.uleb128 0x3
 525 0051 02       		.byte	0x2
 526 0052 05       		.byte	0x5
 527 0053 12010000 		.4byte	.LASF3
 528 0057 04       		.uleb128 0x4
 529 0058 F0020000 		.4byte	.LASF5
 530 005c 02       		.byte	0x2
 531 005d 36       		.byte	0x36
 532 005e 62000000 		.4byte	0x62
 533 0062 03       		.uleb128 0x3
 534 0063 02       		.byte	0x2
 535 0064 07       		.byte	0x7
 536 0065 1D030000 		.4byte	.LASF6
 537 0069 04       		.uleb128 0x4
 538 006a 51030000 		.4byte	.LASF7
 539 006e 02       		.byte	0x2
 540 006f 4F       		.byte	0x4f
 541 0070 74000000 		.4byte	0x74
 542 0074 03       		.uleb128 0x3
 543 0075 04       		.byte	0x4
 544 0076 05       		.byte	0x5
 545 0077 F4010000 		.4byte	.LASF8
 546 007b 03       		.uleb128 0x3
 547 007c 04       		.byte	0x4
 548 007d 07       		.byte	0x7
 549 007e EB030000 		.4byte	.LASF9
 550 0082 03       		.uleb128 0x3
 551 0083 08       		.byte	0x8
 552 0084 05       		.byte	0x5
 553 0085 C9010000 		.4byte	.LASF10
 554 0089 03       		.uleb128 0x3
 555 008a 08       		.byte	0x8
 556 008b 07       		.byte	0x7
 557 008c C5020000 		.4byte	.LASF11
 558 0090 03       		.uleb128 0x3
 559 0091 01       		.byte	0x1
 560 0092 02       		.byte	0x2
 561 0093 AD030000 		.4byte	.LASF12
 562 0097 03       		.uleb128 0x3
 563 0098 01       		.byte	0x1
 564 0099 08       		.byte	0x8
ARM GAS  /tmp/ccyL7nT3.s 			page 11


 565 009a 30030000 		.4byte	.LASF13
 566 009e 05       		.uleb128 0x5
 567 009f 69000000 		.4byte	0x69
 568 00a3 06       		.uleb128 0x6
 569 00a4 01       		.byte	0x1
 570 00a5 03       		.byte	0x3
 571 00a6 8D       		.byte	0x8d
 572 00a7 00010000 		.4byte	0x100
 573 00ab 07       		.uleb128 0x7
 574 00ac 0C000000 		.4byte	.LASF14
 575 00b0 7F       		.sleb128 -1
 576 00b1 07       		.uleb128 0x7
 577 00b2 35030000 		.4byte	.LASF15
 578 00b6 00       		.sleb128 0
 579 00b7 07       		.uleb128 0x7
 580 00b8 43030000 		.4byte	.LASF16
 581 00bc 01       		.sleb128 1
 582 00bd 07       		.uleb128 0x7
 583 00be E2020000 		.4byte	.LASF17
 584 00c2 02       		.sleb128 2
 585 00c3 07       		.uleb128 0x7
 586 00c4 59030000 		.4byte	.LASF18
 587 00c8 03       		.sleb128 3
 588 00c9 07       		.uleb128 0x7
 589 00ca 67030000 		.4byte	.LASF19
 590 00ce 04       		.sleb128 4
 591 00cf 07       		.uleb128 0x7
 592 00d0 75030000 		.4byte	.LASF20
 593 00d4 05       		.sleb128 5
 594 00d5 07       		.uleb128 0x7
 595 00d6 83030000 		.4byte	.LASF21
 596 00da 06       		.sleb128 6
 597 00db 07       		.uleb128 0x7
 598 00dc 91030000 		.4byte	.LASF22
 599 00e0 07       		.sleb128 7
 600 00e1 07       		.uleb128 0x7
 601 00e2 9F030000 		.4byte	.LASF23
 602 00e6 08       		.sleb128 8
 603 00e7 07       		.uleb128 0x7
 604 00e8 79010000 		.4byte	.LASF24
 605 00ec 09       		.sleb128 9
 606 00ed 07       		.uleb128 0x7
 607 00ee 88010000 		.4byte	.LASF25
 608 00f2 0A       		.sleb128 10
 609 00f3 07       		.uleb128 0x7
 610 00f4 97010000 		.4byte	.LASF26
 611 00f8 0B       		.sleb128 11
 612 00f9 07       		.uleb128 0x7
 613 00fa 95040000 		.4byte	.LASF27
 614 00fe 0C       		.sleb128 12
 615 00ff 00       		.byte	0
 616 0100 06       		.uleb128 0x6
 617 0101 01       		.byte	0x1
 618 0102 03       		.byte	0x3
 619 0103 A2       		.byte	0xa2
 620 0104 15010000 		.4byte	0x115
 621 0108 07       		.uleb128 0x7
ARM GAS  /tmp/ccyL7nT3.s 			page 12


 622 0109 17020000 		.4byte	.LASF28
 623 010d 00       		.sleb128 0
 624 010e 07       		.uleb128 0x7
 625 010f 1C010000 		.4byte	.LASF29
 626 0113 01       		.sleb128 1
 627 0114 00       		.byte	0
 628 0115 06       		.uleb128 0x6
 629 0116 01       		.byte	0x1
 630 0117 04       		.byte	0x4
 631 0118 46       		.byte	0x46
 632 0119 5B010000 		.4byte	0x15b
 633 011d 07       		.uleb128 0x7
 634 011e 2D000000 		.4byte	.LASF30
 635 0122 00       		.sleb128 0
 636 0123 07       		.uleb128 0x7
 637 0124 3B000000 		.4byte	.LASF31
 638 0128 01       		.sleb128 1
 639 0129 07       		.uleb128 0x7
 640 012a 49000000 		.4byte	.LASF32
 641 012e 02       		.sleb128 2
 642 012f 07       		.uleb128 0x7
 643 0130 57000000 		.4byte	.LASF33
 644 0134 03       		.sleb128 3
 645 0135 07       		.uleb128 0x7
 646 0136 65000000 		.4byte	.LASF34
 647 013a 04       		.sleb128 4
 648 013b 07       		.uleb128 0x7
 649 013c 73000000 		.4byte	.LASF35
 650 0140 05       		.sleb128 5
 651 0141 07       		.uleb128 0x7
 652 0142 81000000 		.4byte	.LASF36
 653 0146 06       		.sleb128 6
 654 0147 07       		.uleb128 0x7
 655 0148 8F000000 		.4byte	.LASF37
 656 014c 07       		.sleb128 7
 657 014d 07       		.uleb128 0x7
 658 014e D4000000 		.4byte	.LASF38
 659 0152 08       		.sleb128 8
 660 0153 07       		.uleb128 0x7
 661 0154 1D000000 		.4byte	.LASF39
 662 0158 E300     		.sleb128 99
 663 015a 00       		.byte	0
 664 015b 08       		.uleb128 0x8
 665 015c B3030000 		.4byte	.LASF110
 666 0160 0B       		.byte	0xb
 667 0161 05       		.byte	0x5
 668 0162 57       		.byte	0x57
 669 0163 E6010000 		.4byte	0x1e6
 670 0167 09       		.uleb128 0x9
 671 0168 43683100 		.ascii	"Ch1\000"
 672 016c 05       		.byte	0x5
 673 016d 58       		.byte	0x58
 674 016e 97000000 		.4byte	0x97
 675 0172 02       		.byte	0x2
 676 0173 23       		.byte	0x23
 677 0174 00       		.uleb128 0
 678 0175 09       		.uleb128 0x9
ARM GAS  /tmp/ccyL7nT3.s 			page 13


 679 0176 43683200 		.ascii	"Ch2\000"
 680 017a 05       		.byte	0x5
 681 017b 59       		.byte	0x59
 682 017c 97000000 		.4byte	0x97
 683 0180 02       		.byte	0x2
 684 0181 23       		.byte	0x23
 685 0182 01       		.uleb128 0x1
 686 0183 09       		.uleb128 0x9
 687 0184 43683300 		.ascii	"Ch3\000"
 688 0188 05       		.byte	0x5
 689 0189 5A       		.byte	0x5a
 690 018a 97000000 		.4byte	0x97
 691 018e 02       		.byte	0x2
 692 018f 23       		.byte	0x23
 693 0190 02       		.uleb128 0x2
 694 0191 09       		.uleb128 0x9
 695 0192 43683400 		.ascii	"Ch4\000"
 696 0196 05       		.byte	0x5
 697 0197 5B       		.byte	0x5b
 698 0198 97000000 		.4byte	0x97
 699 019c 02       		.byte	0x2
 700 019d 23       		.byte	0x23
 701 019e 03       		.uleb128 0x3
 702 019f 0A       		.uleb128 0xa
 703 01a0 06000000 		.4byte	.LASF40
 704 01a4 05       		.byte	0x5
 705 01a5 5C       		.byte	0x5c
 706 01a6 97000000 		.4byte	0x97
 707 01aa 02       		.byte	0x2
 708 01ab 23       		.byte	0x23
 709 01ac 04       		.uleb128 0x4
 710 01ad 0A       		.uleb128 0xa
 711 01ae 00000000 		.4byte	.LASF41
 712 01b2 05       		.byte	0x5
 713 01b3 5D       		.byte	0x5d
 714 01b4 97000000 		.4byte	0x97
 715 01b8 02       		.byte	0x2
 716 01b9 23       		.byte	0x23
 717 01ba 05       		.uleb128 0x5
 718 01bb 0A       		.uleb128 0xa
 719 01bc C2000000 		.4byte	.LASF42
 720 01c0 05       		.byte	0x5
 721 01c1 5E       		.byte	0x5e
 722 01c2 97000000 		.4byte	0x97
 723 01c6 02       		.byte	0x2
 724 01c7 23       		.byte	0x23
 725 01c8 06       		.uleb128 0x6
 726 01c9 0A       		.uleb128 0xa
 727 01ca 87020000 		.4byte	.LASF43
 728 01ce 05       		.byte	0x5
 729 01cf 5F       		.byte	0x5f
 730 01d0 E6010000 		.4byte	0x1e6
 731 01d4 02       		.byte	0x2
 732 01d5 23       		.byte	0x23
 733 01d6 07       		.uleb128 0x7
 734 01d7 09       		.uleb128 0x9
 735 01d8 72657300 		.ascii	"res\000"
ARM GAS  /tmp/ccyL7nT3.s 			page 14


 736 01dc 05       		.byte	0x5
 737 01dd 60       		.byte	0x60
 738 01de E6010000 		.4byte	0x1e6
 739 01e2 02       		.byte	0x2
 740 01e3 23       		.byte	0x23
 741 01e4 09       		.uleb128 0x9
 742 01e5 00       		.byte	0
 743 01e6 0B       		.uleb128 0xb
 744 01e7 3E000000 		.4byte	0x3e
 745 01eb F6010000 		.4byte	0x1f6
 746 01ef 0C       		.uleb128 0xc
 747 01f0 30000000 		.4byte	0x30
 748 01f4 01       		.byte	0x1
 749 01f5 00       		.byte	0
 750 01f6 04       		.uleb128 0x4
 751 01f7 3C040000 		.4byte	.LASF44
 752 01fb 05       		.byte	0x5
 753 01fc 61       		.byte	0x61
 754 01fd 5B010000 		.4byte	0x15b
 755 0201 06       		.uleb128 0x6
 756 0202 01       		.byte	0x1
 757 0203 06       		.byte	0x6
 758 0204 3F       		.byte	0x3f
 759 0205 42030000 		.4byte	0x342
 760 0209 0D       		.uleb128 0xd
 761 020a 43683100 		.ascii	"Ch1\000"
 762 020e 00       		.sleb128 0
 763 020f 0D       		.uleb128 0xd
 764 0210 43683200 		.ascii	"Ch2\000"
 765 0214 01       		.sleb128 1
 766 0215 0D       		.uleb128 0xd
 767 0216 43683300 		.ascii	"Ch3\000"
 768 021a 02       		.sleb128 2
 769 021b 0D       		.uleb128 0xd
 770 021c 43683400 		.ascii	"Ch4\000"
 771 0220 03       		.sleb128 3
 772 0221 07       		.uleb128 0x7
 773 0222 CC030000 		.4byte	.LASF45
 774 0226 04       		.sleb128 4
 775 0227 07       		.uleb128 0x7
 776 0228 0E040000 		.4byte	.LASF46
 777 022c 05       		.sleb128 5
 778 022d 07       		.uleb128 0x7
 779 022e 65040000 		.4byte	.LASF47
 780 0232 06       		.sleb128 6
 781 0233 07       		.uleb128 0x7
 782 0234 43040000 		.4byte	.LASF48
 783 0238 07       		.sleb128 7
 784 0239 07       		.uleb128 0x7
 785 023a 8C020000 		.4byte	.LASF49
 786 023e 08       		.sleb128 8
 787 023f 07       		.uleb128 0x7
 788 0240 B3020000 		.4byte	.LASF50
 789 0244 09       		.sleb128 9
 790 0245 07       		.uleb128 0x7
 791 0246 DC020000 		.4byte	.LASF51
 792 024a 0A       		.sleb128 10
ARM GAS  /tmp/ccyL7nT3.s 			page 15


 793 024b 07       		.uleb128 0x7
 794 024c 08040000 		.4byte	.LASF52
 795 0250 0B       		.sleb128 11
 796 0251 07       		.uleb128 0x7
 797 0252 F9020000 		.4byte	.LASF53
 798 0256 0C       		.sleb128 12
 799 0257 07       		.uleb128 0x7
 800 0258 BB030000 		.4byte	.LASF54
 801 025c 0D       		.sleb128 13
 802 025d 07       		.uleb128 0x7
 803 025e 2E010000 		.4byte	.LASF55
 804 0262 0E       		.sleb128 14
 805 0263 07       		.uleb128 0x7
 806 0264 69010000 		.4byte	.LASF56
 807 0268 0F       		.sleb128 15
 808 0269 07       		.uleb128 0x7
 809 026a 51010000 		.4byte	.LASF57
 810 026e 10       		.sleb128 16
 811 026f 07       		.uleb128 0x7
 812 0270 57010000 		.4byte	.LASF58
 813 0274 11       		.sleb128 17
 814 0275 07       		.uleb128 0x7
 815 0276 5D010000 		.4byte	.LASF59
 816 027a 12       		.sleb128 18
 817 027b 07       		.uleb128 0x7
 818 027c F7040000 		.4byte	.LASF60
 819 0280 13       		.sleb128 19
 820 0281 07       		.uleb128 0x7
 821 0282 FC040000 		.4byte	.LASF61
 822 0286 14       		.sleb128 20
 823 0287 07       		.uleb128 0x7
 824 0288 01050000 		.4byte	.LASF62
 825 028c 15       		.sleb128 21
 826 028d 07       		.uleb128 0x7
 827 028e 06050000 		.4byte	.LASF63
 828 0292 16       		.sleb128 22
 829 0293 07       		.uleb128 0x7
 830 0294 FD010000 		.4byte	.LASF64
 831 0298 17       		.sleb128 23
 832 0299 07       		.uleb128 0x7
 833 029a AA020000 		.4byte	.LASF65
 834 029e 8001     		.sleb128 128
 835 02a0 07       		.uleb128 0x7
 836 02a1 B9000000 		.4byte	.LASF66
 837 02a5 8101     		.sleb128 129
 838 02a7 07       		.uleb128 0x7
 839 02a8 09030000 		.4byte	.LASF67
 840 02ac 8201     		.sleb128 130
 841 02ae 07       		.uleb128 0x7
 842 02af 04020000 		.4byte	.LASF68
 843 02b3 8301     		.sleb128 131
 844 02b5 07       		.uleb128 0x7
 845 02b6 68020000 		.4byte	.LASF69
 846 02ba 8401     		.sleb128 132
 847 02bc 07       		.uleb128 0x7
 848 02bd C3040000 		.4byte	.LASF70
 849 02c1 8501     		.sleb128 133
ARM GAS  /tmp/ccyL7nT3.s 			page 16


 850 02c3 07       		.uleb128 0x7
 851 02c4 6B040000 		.4byte	.LASF71
 852 02c8 8601     		.sleb128 134
 853 02ca 07       		.uleb128 0x7
 854 02cb 76040000 		.4byte	.LASF72
 855 02cf 8701     		.sleb128 135
 856 02d1 07       		.uleb128 0x7
 857 02d2 CE040000 		.4byte	.LASF73
 858 02d6 8801     		.sleb128 136
 859 02d8 07       		.uleb128 0x7
 860 02d9 E2010000 		.4byte	.LASF74
 861 02dd 8901     		.sleb128 137
 862 02df 07       		.uleb128 0x7
 863 02e0 A6010000 		.4byte	.LASF75
 864 02e4 8A01     		.sleb128 138
 865 02e6 07       		.uleb128 0x7
 866 02e7 B1010000 		.4byte	.LASF76
 867 02eb 8B01     		.sleb128 139
 868 02ed 07       		.uleb128 0x7
 869 02ee 5A040000 		.4byte	.LASF77
 870 02f2 8C01     		.sleb128 140
 871 02f4 07       		.uleb128 0x7
 872 02f5 12030000 		.4byte	.LASF78
 873 02f9 8D01     		.sleb128 141
 874 02fb 07       		.uleb128 0x7
 875 02fc D7010000 		.4byte	.LASF79
 876 0300 8E01     		.sleb128 142
 877 0302 07       		.uleb128 0x7
 878 0303 FD030000 		.4byte	.LASF80
 879 0307 8F01     		.sleb128 143
 880 0309 07       		.uleb128 0x7
 881 030a 14040000 		.4byte	.LASF81
 882 030e 9001     		.sleb128 144
 883 0310 07       		.uleb128 0x7
 884 0311 C1030000 		.4byte	.LASF82
 885 0315 9101     		.sleb128 145
 886 0317 07       		.uleb128 0x7
 887 0318 DE000000 		.4byte	.LASF83
 888 031c 9201     		.sleb128 146
 889 031e 07       		.uleb128 0x7
 890 031f A0020000 		.4byte	.LASF84
 891 0323 9301     		.sleb128 147
 892 0325 07       		.uleb128 0x7
 893 0326 2B050000 		.4byte	.LASF85
 894 032a 9401     		.sleb128 148
 895 032c 07       		.uleb128 0x7
 896 032d FF020000 		.4byte	.LASF86
 897 0331 9501     		.sleb128 149
 898 0333 07       		.uleb128 0x7
 899 0334 0D020000 		.4byte	.LASF87
 900 0338 9601     		.sleb128 150
 901 033a 07       		.uleb128 0x7
 902 033b 49040000 		.4byte	.LASF88
 903 033f 9701     		.sleb128 151
 904 0341 00       		.byte	0
 905 0342 04       		.uleb128 0x4
 906 0343 19050000 		.4byte	.LASF89
ARM GAS  /tmp/ccyL7nT3.s 			page 17


 907 0347 06       		.byte	0x6
 908 0348 51       		.byte	0x51
 909 0349 01020000 		.4byte	0x201
 910 034d 06       		.uleb128 0x6
 911 034e 01       		.byte	0x1
 912 034f 06       		.byte	0x6
 913 0350 56       		.byte	0x56
 914 0351 8E030000 		.4byte	0x38e
 915 0355 07       		.uleb128 0x7
 916 0356 59020000 		.4byte	.LASF90
 917 035a 00       		.sleb128 0
 918 035b 07       		.uleb128 0x7
 919 035c A5040000 		.4byte	.LASF91
 920 0360 01       		.sleb128 1
 921 0361 07       		.uleb128 0x7
 922 0362 B0040000 		.4byte	.LASF92
 923 0366 02       		.sleb128 2
 924 0367 07       		.uleb128 0x7
 925 0368 6F010000 		.4byte	.LASF93
 926 036c 04       		.sleb128 4
 927 036d 07       		.uleb128 0x7
 928 036e E9000000 		.4byte	.LASF94
 929 0372 08       		.sleb128 8
 930 0373 07       		.uleb128 0x7
 931 0374 28020000 		.4byte	.LASF95
 932 0378 10       		.sleb128 16
 933 0379 07       		.uleb128 0x7
 934 037a 81040000 		.4byte	.LASF96
 935 037e 20       		.sleb128 32
 936 037f 07       		.uleb128 0x7
 937 0380 73020000 		.4byte	.LASF97
 938 0384 C000     		.sleb128 64
 939 0386 07       		.uleb128 0x7
 940 0387 0B050000 		.4byte	.LASF98
 941 038b 8001     		.sleb128 128
 942 038d 00       		.byte	0
 943 038e 0E       		.uleb128 0xe
 944 038f 01       		.byte	0x1
 945 0390 38020000 		.4byte	.LASF100
 946 0394 01       		.byte	0x1
 947 0395 45       		.byte	0x45
 948 0396 01       		.byte	0x1
 949 0397 45000000 		.4byte	0x45
 950 039b 00000000 		.4byte	.LFB63
 951 039f 32000000 		.4byte	.LFE63
 952 03a3 00000000 		.4byte	.LLST0
 953 03a7 CA030000 		.4byte	0x3ca
 954 03ab 0F       		.uleb128 0xf
 955 03ac 63746C00 		.ascii	"ctl\000"
 956 03b0 01       		.byte	0x1
 957 03b1 45       		.byte	0x45
 958 03b2 57000000 		.4byte	0x57
 959 03b6 20000000 		.4byte	.LLST1
 960 03ba 10       		.uleb128 0x10
 961 03bb 55040000 		.4byte	.LASF99
 962 03bf 01       		.byte	0x1
 963 03c0 45       		.byte	0x45
ARM GAS  /tmp/ccyL7nT3.s 			page 18


 964 03c1 45000000 		.4byte	0x45
 965 03c5 33000000 		.4byte	.LLST2
 966 03c9 00       		.byte	0
 967 03ca 0E       		.uleb128 0xe
 968 03cb 01       		.byte	0x1
 969 03cc 1F040000 		.4byte	.LASF101
 970 03d0 01       		.byte	0x1
 971 03d1 5F       		.byte	0x5f
 972 03d2 01       		.byte	0x1
 973 03d3 57000000 		.4byte	0x57
 974 03d7 00000000 		.4byte	.LFB64
 975 03db 20000000 		.4byte	.LFE64
 976 03df 46000000 		.4byte	.LLST3
 977 03e3 F7030000 		.4byte	0x3f7
 978 03e7 11       		.uleb128 0x11
 979 03e8 63746C00 		.ascii	"ctl\000"
 980 03ec 01       		.byte	0x1
 981 03ed 61       		.byte	0x61
 982 03ee 57000000 		.4byte	0x57
 983 03f2 66000000 		.4byte	.LLST4
 984 03f6 00       		.byte	0
 985 03f7 0E       		.uleb128 0xe
 986 03f8 01       		.byte	0x1
 987 03f9 D9040000 		.4byte	.LASF102
 988 03fd 01       		.byte	0x1
 989 03fe 7C       		.byte	0x7c
 990 03ff 01       		.byte	0x1
 991 0400 45000000 		.4byte	0x45
 992 0404 00000000 		.4byte	.LFB65
 993 0408 36010000 		.4byte	.LFE65
 994 040c 84000000 		.4byte	.LLST5
 995 0410 3D040000 		.4byte	0x43d
 996 0414 10       		.uleb128 0x10
 997 0415 63010000 		.4byte	.LASF103
 998 0419 01       		.byte	0x1
 999 041a 7C       		.byte	0x7c
 1000 041b 42030000 		.4byte	0x342
 1001 041f A4000000 		.4byte	.LLST6
 1002 0423 11       		.uleb128 0x11
 1003 0424 6A7300   		.ascii	"js\000"
 1004 0427 01       		.byte	0x1
 1005 0428 7E       		.byte	0x7e
 1006 0429 3D040000 		.4byte	0x43d
 1007 042d B7000000 		.4byte	.LLST7
 1008 0431 12       		.uleb128 0x12
 1009 0432 ED010000 		.4byte	.LASF104
 1010 0436 01       		.byte	0x1
 1011 0437 7F       		.byte	0x7f
 1012 0438 45000000 		.4byte	0x45
 1013 043c 00       		.byte	0
 1014 043d 13       		.uleb128 0x13
 1015 043e 04       		.byte	0x4
 1016 043f F6010000 		.4byte	0x1f6
 1017 0443 14       		.uleb128 0x14
 1018 0444 01       		.byte	0x1
 1019 0445 D2030000 		.4byte	.LASF111
 1020 0449 01       		.byte	0x1
ARM GAS  /tmp/ccyL7nT3.s 			page 19


 1021 044a EC       		.byte	0xec
 1022 044b 01       		.byte	0x1
 1023 044c 00000000 		.4byte	.LFB66
 1024 0450 38000000 		.4byte	.LFE66
 1025 0454 E8010000 		.4byte	.LLST8
 1026 0458 77040000 		.4byte	0x477
 1027 045c 10       		.uleb128 0x10
 1028 045d 63010000 		.4byte	.LASF103
 1029 0461 01       		.byte	0x1
 1030 0462 EC       		.byte	0xec
 1031 0463 42030000 		.4byte	0x342
 1032 0467 08020000 		.4byte	.LLST9
 1033 046b 12       		.uleb128 0x12
 1034 046c 23050000 		.4byte	.LASF105
 1035 0470 01       		.byte	0x1
 1036 0471 EE       		.byte	0xee
 1037 0472 29000000 		.4byte	0x29
 1038 0476 00       		.byte	0
 1039 0477 15       		.uleb128 0x15
 1040 0478 00010000 		.4byte	.LASF106
 1041 047c 01       		.byte	0x1
 1042 047d 3B       		.byte	0x3b
 1043 047e 57000000 		.4byte	0x57
 1044 0482 05       		.byte	0x5
 1045 0483 03       		.byte	0x3
 1046 0484 00000000 		.4byte	vexLocalCompState
 1047 0488 16       		.uleb128 0x16
 1048 0489 EA040000 		.4byte	.LASF112
 1049 048d 07       		.byte	0x7
 1050 048e 0706     		.2byte	0x607
 1051 0490 9E000000 		.4byte	0x9e
 1052 0494 01       		.byte	0x1
 1053 0495 01       		.byte	0x1
 1054 0496 00       		.byte	0
 1055              		.section	.debug_abbrev,"",%progbits
 1056              	.Ldebug_abbrev0:
 1057 0000 01       		.uleb128 0x1
 1058 0001 11       		.uleb128 0x11
 1059 0002 01       		.byte	0x1
 1060 0003 25       		.uleb128 0x25
 1061 0004 0E       		.uleb128 0xe
 1062 0005 13       		.uleb128 0x13
 1063 0006 0B       		.uleb128 0xb
 1064 0007 03       		.uleb128 0x3
 1065 0008 0E       		.uleb128 0xe
 1066 0009 1B       		.uleb128 0x1b
 1067 000a 0E       		.uleb128 0xe
 1068 000b 11       		.uleb128 0x11
 1069 000c 01       		.uleb128 0x1
 1070 000d 52       		.uleb128 0x52
 1071 000e 01       		.uleb128 0x1
 1072 000f 55       		.uleb128 0x55
 1073 0010 06       		.uleb128 0x6
 1074 0011 10       		.uleb128 0x10
 1075 0012 06       		.uleb128 0x6
 1076 0013 00       		.byte	0
 1077 0014 00       		.byte	0
ARM GAS  /tmp/ccyL7nT3.s 			page 20


 1078 0015 02       		.uleb128 0x2
 1079 0016 24       		.uleb128 0x24
 1080 0017 00       		.byte	0
 1081 0018 0B       		.uleb128 0xb
 1082 0019 0B       		.uleb128 0xb
 1083 001a 3E       		.uleb128 0x3e
 1084 001b 0B       		.uleb128 0xb
 1085 001c 03       		.uleb128 0x3
 1086 001d 08       		.uleb128 0x8
 1087 001e 00       		.byte	0
 1088 001f 00       		.byte	0
 1089 0020 03       		.uleb128 0x3
 1090 0021 24       		.uleb128 0x24
 1091 0022 00       		.byte	0
 1092 0023 0B       		.uleb128 0xb
 1093 0024 0B       		.uleb128 0xb
 1094 0025 3E       		.uleb128 0x3e
 1095 0026 0B       		.uleb128 0xb
 1096 0027 03       		.uleb128 0x3
 1097 0028 0E       		.uleb128 0xe
 1098 0029 00       		.byte	0
 1099 002a 00       		.byte	0
 1100 002b 04       		.uleb128 0x4
 1101 002c 16       		.uleb128 0x16
 1102 002d 00       		.byte	0
 1103 002e 03       		.uleb128 0x3
 1104 002f 0E       		.uleb128 0xe
 1105 0030 3A       		.uleb128 0x3a
 1106 0031 0B       		.uleb128 0xb
 1107 0032 3B       		.uleb128 0x3b
 1108 0033 0B       		.uleb128 0xb
 1109 0034 49       		.uleb128 0x49
 1110 0035 13       		.uleb128 0x13
 1111 0036 00       		.byte	0
 1112 0037 00       		.byte	0
 1113 0038 05       		.uleb128 0x5
 1114 0039 35       		.uleb128 0x35
 1115 003a 00       		.byte	0
 1116 003b 49       		.uleb128 0x49
 1117 003c 13       		.uleb128 0x13
 1118 003d 00       		.byte	0
 1119 003e 00       		.byte	0
 1120 003f 06       		.uleb128 0x6
 1121 0040 04       		.uleb128 0x4
 1122 0041 01       		.byte	0x1
 1123 0042 0B       		.uleb128 0xb
 1124 0043 0B       		.uleb128 0xb
 1125 0044 3A       		.uleb128 0x3a
 1126 0045 0B       		.uleb128 0xb
 1127 0046 3B       		.uleb128 0x3b
 1128 0047 0B       		.uleb128 0xb
 1129 0048 01       		.uleb128 0x1
 1130 0049 13       		.uleb128 0x13
 1131 004a 00       		.byte	0
 1132 004b 00       		.byte	0
 1133 004c 07       		.uleb128 0x7
 1134 004d 28       		.uleb128 0x28
ARM GAS  /tmp/ccyL7nT3.s 			page 21


 1135 004e 00       		.byte	0
 1136 004f 03       		.uleb128 0x3
 1137 0050 0E       		.uleb128 0xe
 1138 0051 1C       		.uleb128 0x1c
 1139 0052 0D       		.uleb128 0xd
 1140 0053 00       		.byte	0
 1141 0054 00       		.byte	0
 1142 0055 08       		.uleb128 0x8
 1143 0056 13       		.uleb128 0x13
 1144 0057 01       		.byte	0x1
 1145 0058 03       		.uleb128 0x3
 1146 0059 0E       		.uleb128 0xe
 1147 005a 0B       		.uleb128 0xb
 1148 005b 0B       		.uleb128 0xb
 1149 005c 3A       		.uleb128 0x3a
 1150 005d 0B       		.uleb128 0xb
 1151 005e 3B       		.uleb128 0x3b
 1152 005f 0B       		.uleb128 0xb
 1153 0060 01       		.uleb128 0x1
 1154 0061 13       		.uleb128 0x13
 1155 0062 00       		.byte	0
 1156 0063 00       		.byte	0
 1157 0064 09       		.uleb128 0x9
 1158 0065 0D       		.uleb128 0xd
 1159 0066 00       		.byte	0
 1160 0067 03       		.uleb128 0x3
 1161 0068 08       		.uleb128 0x8
 1162 0069 3A       		.uleb128 0x3a
 1163 006a 0B       		.uleb128 0xb
 1164 006b 3B       		.uleb128 0x3b
 1165 006c 0B       		.uleb128 0xb
 1166 006d 49       		.uleb128 0x49
 1167 006e 13       		.uleb128 0x13
 1168 006f 38       		.uleb128 0x38
 1169 0070 0A       		.uleb128 0xa
 1170 0071 00       		.byte	0
 1171 0072 00       		.byte	0
 1172 0073 0A       		.uleb128 0xa
 1173 0074 0D       		.uleb128 0xd
 1174 0075 00       		.byte	0
 1175 0076 03       		.uleb128 0x3
 1176 0077 0E       		.uleb128 0xe
 1177 0078 3A       		.uleb128 0x3a
 1178 0079 0B       		.uleb128 0xb
 1179 007a 3B       		.uleb128 0x3b
 1180 007b 0B       		.uleb128 0xb
 1181 007c 49       		.uleb128 0x49
 1182 007d 13       		.uleb128 0x13
 1183 007e 38       		.uleb128 0x38
 1184 007f 0A       		.uleb128 0xa
 1185 0080 00       		.byte	0
 1186 0081 00       		.byte	0
 1187 0082 0B       		.uleb128 0xb
 1188 0083 01       		.uleb128 0x1
 1189 0084 01       		.byte	0x1
 1190 0085 49       		.uleb128 0x49
 1191 0086 13       		.uleb128 0x13
ARM GAS  /tmp/ccyL7nT3.s 			page 22


 1192 0087 01       		.uleb128 0x1
 1193 0088 13       		.uleb128 0x13
 1194 0089 00       		.byte	0
 1195 008a 00       		.byte	0
 1196 008b 0C       		.uleb128 0xc
 1197 008c 21       		.uleb128 0x21
 1198 008d 00       		.byte	0
 1199 008e 49       		.uleb128 0x49
 1200 008f 13       		.uleb128 0x13
 1201 0090 2F       		.uleb128 0x2f
 1202 0091 0B       		.uleb128 0xb
 1203 0092 00       		.byte	0
 1204 0093 00       		.byte	0
 1205 0094 0D       		.uleb128 0xd
 1206 0095 28       		.uleb128 0x28
 1207 0096 00       		.byte	0
 1208 0097 03       		.uleb128 0x3
 1209 0098 08       		.uleb128 0x8
 1210 0099 1C       		.uleb128 0x1c
 1211 009a 0D       		.uleb128 0xd
 1212 009b 00       		.byte	0
 1213 009c 00       		.byte	0
 1214 009d 0E       		.uleb128 0xe
 1215 009e 2E       		.uleb128 0x2e
 1216 009f 01       		.byte	0x1
 1217 00a0 3F       		.uleb128 0x3f
 1218 00a1 0C       		.uleb128 0xc
 1219 00a2 03       		.uleb128 0x3
 1220 00a3 0E       		.uleb128 0xe
 1221 00a4 3A       		.uleb128 0x3a
 1222 00a5 0B       		.uleb128 0xb
 1223 00a6 3B       		.uleb128 0x3b
 1224 00a7 0B       		.uleb128 0xb
 1225 00a8 27       		.uleb128 0x27
 1226 00a9 0C       		.uleb128 0xc
 1227 00aa 49       		.uleb128 0x49
 1228 00ab 13       		.uleb128 0x13
 1229 00ac 11       		.uleb128 0x11
 1230 00ad 01       		.uleb128 0x1
 1231 00ae 12       		.uleb128 0x12
 1232 00af 01       		.uleb128 0x1
 1233 00b0 40       		.uleb128 0x40
 1234 00b1 06       		.uleb128 0x6
 1235 00b2 01       		.uleb128 0x1
 1236 00b3 13       		.uleb128 0x13
 1237 00b4 00       		.byte	0
 1238 00b5 00       		.byte	0
 1239 00b6 0F       		.uleb128 0xf
 1240 00b7 05       		.uleb128 0x5
 1241 00b8 00       		.byte	0
 1242 00b9 03       		.uleb128 0x3
 1243 00ba 08       		.uleb128 0x8
 1244 00bb 3A       		.uleb128 0x3a
 1245 00bc 0B       		.uleb128 0xb
 1246 00bd 3B       		.uleb128 0x3b
 1247 00be 0B       		.uleb128 0xb
 1248 00bf 49       		.uleb128 0x49
ARM GAS  /tmp/ccyL7nT3.s 			page 23


 1249 00c0 13       		.uleb128 0x13
 1250 00c1 02       		.uleb128 0x2
 1251 00c2 06       		.uleb128 0x6
 1252 00c3 00       		.byte	0
 1253 00c4 00       		.byte	0
 1254 00c5 10       		.uleb128 0x10
 1255 00c6 05       		.uleb128 0x5
 1256 00c7 00       		.byte	0
 1257 00c8 03       		.uleb128 0x3
 1258 00c9 0E       		.uleb128 0xe
 1259 00ca 3A       		.uleb128 0x3a
 1260 00cb 0B       		.uleb128 0xb
 1261 00cc 3B       		.uleb128 0x3b
 1262 00cd 0B       		.uleb128 0xb
 1263 00ce 49       		.uleb128 0x49
 1264 00cf 13       		.uleb128 0x13
 1265 00d0 02       		.uleb128 0x2
 1266 00d1 06       		.uleb128 0x6
 1267 00d2 00       		.byte	0
 1268 00d3 00       		.byte	0
 1269 00d4 11       		.uleb128 0x11
 1270 00d5 34       		.uleb128 0x34
 1271 00d6 00       		.byte	0
 1272 00d7 03       		.uleb128 0x3
 1273 00d8 08       		.uleb128 0x8
 1274 00d9 3A       		.uleb128 0x3a
 1275 00da 0B       		.uleb128 0xb
 1276 00db 3B       		.uleb128 0x3b
 1277 00dc 0B       		.uleb128 0xb
 1278 00dd 49       		.uleb128 0x49
 1279 00de 13       		.uleb128 0x13
 1280 00df 02       		.uleb128 0x2
 1281 00e0 06       		.uleb128 0x6
 1282 00e1 00       		.byte	0
 1283 00e2 00       		.byte	0
 1284 00e3 12       		.uleb128 0x12
 1285 00e4 34       		.uleb128 0x34
 1286 00e5 00       		.byte	0
 1287 00e6 03       		.uleb128 0x3
 1288 00e7 0E       		.uleb128 0xe
 1289 00e8 3A       		.uleb128 0x3a
 1290 00e9 0B       		.uleb128 0xb
 1291 00ea 3B       		.uleb128 0x3b
 1292 00eb 0B       		.uleb128 0xb
 1293 00ec 49       		.uleb128 0x49
 1294 00ed 13       		.uleb128 0x13
 1295 00ee 00       		.byte	0
 1296 00ef 00       		.byte	0
 1297 00f0 13       		.uleb128 0x13
 1298 00f1 0F       		.uleb128 0xf
 1299 00f2 00       		.byte	0
 1300 00f3 0B       		.uleb128 0xb
 1301 00f4 0B       		.uleb128 0xb
 1302 00f5 49       		.uleb128 0x49
 1303 00f6 13       		.uleb128 0x13
 1304 00f7 00       		.byte	0
 1305 00f8 00       		.byte	0
ARM GAS  /tmp/ccyL7nT3.s 			page 24


 1306 00f9 14       		.uleb128 0x14
 1307 00fa 2E       		.uleb128 0x2e
 1308 00fb 01       		.byte	0x1
 1309 00fc 3F       		.uleb128 0x3f
 1310 00fd 0C       		.uleb128 0xc
 1311 00fe 03       		.uleb128 0x3
 1312 00ff 0E       		.uleb128 0xe
 1313 0100 3A       		.uleb128 0x3a
 1314 0101 0B       		.uleb128 0xb
 1315 0102 3B       		.uleb128 0x3b
 1316 0103 0B       		.uleb128 0xb
 1317 0104 27       		.uleb128 0x27
 1318 0105 0C       		.uleb128 0xc
 1319 0106 11       		.uleb128 0x11
 1320 0107 01       		.uleb128 0x1
 1321 0108 12       		.uleb128 0x12
 1322 0109 01       		.uleb128 0x1
 1323 010a 40       		.uleb128 0x40
 1324 010b 06       		.uleb128 0x6
 1325 010c 01       		.uleb128 0x1
 1326 010d 13       		.uleb128 0x13
 1327 010e 00       		.byte	0
 1328 010f 00       		.byte	0
 1329 0110 15       		.uleb128 0x15
 1330 0111 34       		.uleb128 0x34
 1331 0112 00       		.byte	0
 1332 0113 03       		.uleb128 0x3
 1333 0114 0E       		.uleb128 0xe
 1334 0115 3A       		.uleb128 0x3a
 1335 0116 0B       		.uleb128 0xb
 1336 0117 3B       		.uleb128 0x3b
 1337 0118 0B       		.uleb128 0xb
 1338 0119 49       		.uleb128 0x49
 1339 011a 13       		.uleb128 0x13
 1340 011b 02       		.uleb128 0x2
 1341 011c 0A       		.uleb128 0xa
 1342 011d 00       		.byte	0
 1343 011e 00       		.byte	0
 1344 011f 16       		.uleb128 0x16
 1345 0120 34       		.uleb128 0x34
 1346 0121 00       		.byte	0
 1347 0122 03       		.uleb128 0x3
 1348 0123 0E       		.uleb128 0xe
 1349 0124 3A       		.uleb128 0x3a
 1350 0125 0B       		.uleb128 0xb
 1351 0126 3B       		.uleb128 0x3b
 1352 0127 05       		.uleb128 0x5
 1353 0128 49       		.uleb128 0x49
 1354 0129 13       		.uleb128 0x13
 1355 012a 3F       		.uleb128 0x3f
 1356 012b 0C       		.uleb128 0xc
 1357 012c 3C       		.uleb128 0x3c
 1358 012d 0C       		.uleb128 0xc
 1359 012e 00       		.byte	0
 1360 012f 00       		.byte	0
 1361 0130 00       		.byte	0
 1362              		.section	.debug_loc,"",%progbits
ARM GAS  /tmp/ccyL7nT3.s 			page 25


 1363              	.Ldebug_loc0:
 1364              	.LLST0:
 1365 0000 00000000 		.4byte	.LFB63
 1366 0004 02000000 		.4byte	.LCFI0
 1367 0008 0200     		.2byte	0x2
 1368 000a 7D       		.byte	0x7d
 1369 000b 00       		.sleb128 0
 1370 000c 02000000 		.4byte	.LCFI0
 1371 0010 32000000 		.4byte	.LFE63
 1372 0014 0200     		.2byte	0x2
 1373 0016 7D       		.byte	0x7d
 1374 0017 10       		.sleb128 16
 1375 0018 00000000 		.4byte	0
 1376 001c 00000000 		.4byte	0
 1377              	.LLST1:
 1378 0020 00000000 		.4byte	.LVL0
 1379 0024 09000000 		.4byte	.LVL1-1
 1380 0028 0100     		.2byte	0x1
 1381 002a 50       		.byte	0x50
 1382 002b 00000000 		.4byte	0
 1383 002f 00000000 		.4byte	0
 1384              	.LLST2:
 1385 0033 00000000 		.4byte	.LVL0
 1386 0037 09000000 		.4byte	.LVL1-1
 1387 003b 0100     		.2byte	0x1
 1388 003d 51       		.byte	0x51
 1389 003e 00000000 		.4byte	0
 1390 0042 00000000 		.4byte	0
 1391              	.LLST3:
 1392 0046 00000000 		.4byte	.LFB64
 1393 004a 02000000 		.4byte	.LCFI1
 1394 004e 0200     		.2byte	0x2
 1395 0050 7D       		.byte	0x7d
 1396 0051 00       		.sleb128 0
 1397 0052 02000000 		.4byte	.LCFI1
 1398 0056 20000000 		.4byte	.LFE64
 1399 005a 0200     		.2byte	0x2
 1400 005c 7D       		.byte	0x7d
 1401 005d 08       		.sleb128 8
 1402 005e 00000000 		.4byte	0
 1403 0062 00000000 		.4byte	0
 1404              	.LLST4:
 1405 0066 06000000 		.4byte	.LVL2
 1406 006a 1C000000 		.4byte	.LVL3
 1407 006e 0100     		.2byte	0x1
 1408 0070 50       		.byte	0x50
 1409 0071 1E000000 		.4byte	.LVL4
 1410 0075 20000000 		.4byte	.LFE64
 1411 0079 0100     		.2byte	0x1
 1412 007b 50       		.byte	0x50
 1413 007c 00000000 		.4byte	0
 1414 0080 00000000 		.4byte	0
 1415              	.LLST5:
 1416 0084 00000000 		.4byte	.LFB65
 1417 0088 02000000 		.4byte	.LCFI2
 1418 008c 0200     		.2byte	0x2
 1419 008e 7D       		.byte	0x7d
ARM GAS  /tmp/ccyL7nT3.s 			page 26


 1420 008f 00       		.sleb128 0
 1421 0090 02000000 		.4byte	.LCFI2
 1422 0094 36010000 		.4byte	.LFE65
 1423 0098 0200     		.2byte	0x2
 1424 009a 7D       		.byte	0x7d
 1425 009b 08       		.sleb128 8
 1426 009c 00000000 		.4byte	0
 1427 00a0 00000000 		.4byte	0
 1428              	.LLST6:
 1429 00a4 00000000 		.4byte	.LVL5
 1430 00a8 06000000 		.4byte	.LVL6
 1431 00ac 0100     		.2byte	0x1
 1432 00ae 50       		.byte	0x50
 1433 00af 00000000 		.4byte	0
 1434 00b3 00000000 		.4byte	0
 1435              	.LLST7:
 1436 00b7 0E000000 		.4byte	.LVL7
 1437 00bb 34000000 		.4byte	.LVL8
 1438 00bf 0100     		.2byte	0x1
 1439 00c1 50       		.byte	0x50
 1440 00c2 3A000000 		.4byte	.LVL9
 1441 00c6 4A000000 		.4byte	.LVL10
 1442 00ca 0100     		.2byte	0x1
 1443 00cc 50       		.byte	0x50
 1444 00cd 52000000 		.4byte	.LVL11
 1445 00d1 58000000 		.4byte	.LVL12
 1446 00d5 0100     		.2byte	0x1
 1447 00d7 50       		.byte	0x50
 1448 00d8 5E000000 		.4byte	.LVL13
 1449 00dc 60000000 		.4byte	.LVL14
 1450 00e0 0100     		.2byte	0x1
 1451 00e2 50       		.byte	0x50
 1452 00e3 64000000 		.4byte	.LVL15
 1453 00e7 66000000 		.4byte	.LVL16
 1454 00eb 0100     		.2byte	0x1
 1455 00ed 50       		.byte	0x50
 1456 00ee 6A000000 		.4byte	.LVL17
 1457 00f2 6C000000 		.4byte	.LVL18
 1458 00f6 0100     		.2byte	0x1
 1459 00f8 50       		.byte	0x50
 1460 00f9 72000000 		.4byte	.LVL19
 1461 00fd 7A000000 		.4byte	.LVL20
 1462 0101 0100     		.2byte	0x1
 1463 0103 50       		.byte	0x50
 1464 0104 7C000000 		.4byte	.LVL21
 1465 0108 88000000 		.4byte	.LVL22
 1466 010c 0100     		.2byte	0x1
 1467 010e 50       		.byte	0x50
 1468 010f 8A000000 		.4byte	.LVL23
 1469 0113 8C000000 		.4byte	.LVL24
 1470 0117 0100     		.2byte	0x1
 1471 0119 50       		.byte	0x50
 1472 011a 96000000 		.4byte	.LVL25
 1473 011e A2000000 		.4byte	.LVL26
 1474 0122 0100     		.2byte	0x1
 1475 0124 50       		.byte	0x50
 1476 0125 A4000000 		.4byte	.LVL27
ARM GAS  /tmp/ccyL7nT3.s 			page 27


 1477 0129 AC000000 		.4byte	.LVL28
 1478 012d 0100     		.2byte	0x1
 1479 012f 50       		.byte	0x50
 1480 0130 AE000000 		.4byte	.LVL29
 1481 0134 B4000000 		.4byte	.LVL30
 1482 0138 0100     		.2byte	0x1
 1483 013a 50       		.byte	0x50
 1484 013b B6000000 		.4byte	.LVL31
 1485 013f BC000000 		.4byte	.LVL32
 1486 0143 0100     		.2byte	0x1
 1487 0145 50       		.byte	0x50
 1488 0146 BE000000 		.4byte	.LVL33
 1489 014a C4000000 		.4byte	.LVL34
 1490 014e 0100     		.2byte	0x1
 1491 0150 50       		.byte	0x50
 1492 0151 C6000000 		.4byte	.LVL35
 1493 0155 C8000000 		.4byte	.LVL36
 1494 0159 0100     		.2byte	0x1
 1495 015b 50       		.byte	0x50
 1496 015c CE000000 		.4byte	.LVL37
 1497 0160 D6000000 		.4byte	.LVL38
 1498 0164 0100     		.2byte	0x1
 1499 0166 50       		.byte	0x50
 1500 0167 D8000000 		.4byte	.LVL39
 1501 016b E0000000 		.4byte	.LVL40
 1502 016f 0100     		.2byte	0x1
 1503 0171 50       		.byte	0x50
 1504 0172 E2000000 		.4byte	.LVL41
 1505 0176 E8000000 		.4byte	.LVL42
 1506 017a 0100     		.2byte	0x1
 1507 017c 50       		.byte	0x50
 1508 017d EA000000 		.4byte	.LVL43
 1509 0181 F0000000 		.4byte	.LVL44
 1510 0185 0100     		.2byte	0x1
 1511 0187 50       		.byte	0x50
 1512 0188 F2000000 		.4byte	.LVL45
 1513 018c F8000000 		.4byte	.LVL46
 1514 0190 0100     		.2byte	0x1
 1515 0192 50       		.byte	0x50
 1516 0193 FA000000 		.4byte	.LVL47
 1517 0197 FC000000 		.4byte	.LVL48
 1518 019b 0100     		.2byte	0x1
 1519 019d 50       		.byte	0x50
 1520 019e 02010000 		.4byte	.LVL49
 1521 01a2 04010000 		.4byte	.LVL50
 1522 01a6 0100     		.2byte	0x1
 1523 01a8 50       		.byte	0x50
 1524 01a9 0C010000 		.4byte	.LVL51
 1525 01ad 0E010000 		.4byte	.LVL52
 1526 01b1 0100     		.2byte	0x1
 1527 01b3 50       		.byte	0x50
 1528 01b4 18010000 		.4byte	.LVL53
 1529 01b8 1A010000 		.4byte	.LVL54
 1530 01bc 0100     		.2byte	0x1
 1531 01be 50       		.byte	0x50
 1532 01bf 22010000 		.4byte	.LVL55
 1533 01c3 24010000 		.4byte	.LVL56
ARM GAS  /tmp/ccyL7nT3.s 			page 28


 1534 01c7 0100     		.2byte	0x1
 1535 01c9 50       		.byte	0x50
 1536 01ca 26010000 		.4byte	.LVL57
 1537 01ce 28010000 		.4byte	.LVL58
 1538 01d2 0100     		.2byte	0x1
 1539 01d4 50       		.byte	0x50
 1540 01d5 32010000 		.4byte	.LVL59
 1541 01d9 34010000 		.4byte	.LVL60
 1542 01dd 0100     		.2byte	0x1
 1543 01df 50       		.byte	0x50
 1544 01e0 00000000 		.4byte	0
 1545 01e4 00000000 		.4byte	0
 1546              	.LLST8:
 1547 01e8 00000000 		.4byte	.LFB66
 1548 01ec 02000000 		.4byte	.LCFI3
 1549 01f0 0200     		.2byte	0x2
 1550 01f2 7D       		.byte	0x7d
 1551 01f3 00       		.sleb128 0
 1552 01f4 02000000 		.4byte	.LCFI3
 1553 01f8 38000000 		.4byte	.LFE66
 1554 01fc 0200     		.2byte	0x2
 1555 01fe 7D       		.byte	0x7d
 1556 01ff 10       		.sleb128 16
 1557 0200 00000000 		.4byte	0
 1558 0204 00000000 		.4byte	0
 1559              	.LLST9:
 1560 0208 00000000 		.4byte	.LVL61
 1561 020c 10000000 		.4byte	.LVL62
 1562 0210 0100     		.2byte	0x1
 1563 0212 50       		.byte	0x50
 1564 0213 00000000 		.4byte	0
 1565 0217 00000000 		.4byte	0
 1566              		.section	.debug_aranges,"",%progbits
 1567 0000 34000000 		.4byte	0x34
 1568 0004 0200     		.2byte	0x2
 1569 0006 00000000 		.4byte	.Ldebug_info0
 1570 000a 04       		.byte	0x4
 1571 000b 00       		.byte	0
 1572 000c 0000     		.2byte	0
 1573 000e 0000     		.2byte	0
 1574 0010 00000000 		.4byte	.LFB63
 1575 0014 32000000 		.4byte	.LFE63-.LFB63
 1576 0018 00000000 		.4byte	.LFB64
 1577 001c 20000000 		.4byte	.LFE64-.LFB64
 1578 0020 00000000 		.4byte	.LFB65
 1579 0024 36010000 		.4byte	.LFE65-.LFB65
 1580 0028 00000000 		.4byte	.LFB66
 1581 002c 38000000 		.4byte	.LFE66-.LFB66
 1582 0030 00000000 		.4byte	0
 1583 0034 00000000 		.4byte	0
 1584              		.section	.debug_ranges,"",%progbits
 1585              	.Ldebug_ranges0:
 1586 0000 00000000 		.4byte	.LFB63
 1587 0004 32000000 		.4byte	.LFE63
 1588 0008 00000000 		.4byte	.LFB64
 1589 000c 20000000 		.4byte	.LFE64
 1590 0010 00000000 		.4byte	.LFB65
ARM GAS  /tmp/ccyL7nT3.s 			page 29


 1591 0014 36010000 		.4byte	.LFE65
 1592 0018 00000000 		.4byte	.LFB66
 1593 001c 38000000 		.4byte	.LFE66
 1594 0020 00000000 		.4byte	0
 1595 0024 00000000 		.4byte	0
 1596              		.section	.debug_line,"",%progbits
 1597              	.Ldebug_line0:
 1598 0000 D2010000 		.section	.debug_str,"MS",%progbits,1
 1598      02001001 
 1598      00000201 
 1598      FB0E0D00 
 1598      01010101 
 1599              	.LASF41:
 1600 0000 6163635F 		.ascii	"acc_x\000"
 1600      7800
 1601              	.LASF40:
 1602 0006 6163635F 		.ascii	"acc_y\000"
 1602      7900
 1603              	.LASF14:
 1604 000c 6B566578 		.ascii	"kVexDigital_None\000"
 1604      44696769 
 1604      74616C5F 
 1604      4E6F6E65 
 1604      00
 1605              	.LASF39:
 1606 001d 6B496D65 		.ascii	"kImeChannelNone\000"
 1606      4368616E 
 1606      6E656C4E 
 1606      6F6E6500 
 1607              	.LASF30:
 1608 002d 6B496D65 		.ascii	"kImeChannel_1\000"
 1608      4368616E 
 1608      6E656C5F 
 1608      3100
 1609              	.LASF31:
 1610 003b 6B496D65 		.ascii	"kImeChannel_2\000"
 1610      4368616E 
 1610      6E656C5F 
 1610      3200
 1611              	.LASF32:
 1612 0049 6B496D65 		.ascii	"kImeChannel_3\000"
 1612      4368616E 
 1612      6E656C5F 
 1612      3300
 1613              	.LASF33:
 1614 0057 6B496D65 		.ascii	"kImeChannel_4\000"
 1614      4368616E 
 1614      6E656C5F 
 1614      3400
 1615              	.LASF34:
 1616 0065 6B496D65 		.ascii	"kImeChannel_5\000"
 1616      4368616E 
 1616      6E656C5F 
 1616      3500
 1617              	.LASF35:
 1618 0073 6B496D65 		.ascii	"kImeChannel_6\000"
 1618      4368616E 
ARM GAS  /tmp/ccyL7nT3.s 			page 30


 1618      6E656C5F 
 1618      3600
 1619              	.LASF36:
 1620 0081 6B496D65 		.ascii	"kImeChannel_7\000"
 1620      4368616E 
 1620      6E656C5F 
 1620      3700
 1621              	.LASF37:
 1622 008f 6B496D65 		.ascii	"kImeChannel_8\000"
 1622      4368616E 
 1622      6E656C5F 
 1622      3800
 1623              	.LASF109:
 1624 009d 2F686F6D 		.ascii	"/home/aolsen/pros/9999-0.13\000"
 1624      652F616F 
 1624      6C73656E 
 1624      2F70726F 
 1624      732F3939 
 1625              	.LASF66:
 1626 00b9 43683258 		.ascii	"Ch2Xmtr2\000"
 1626      6D747232 
 1626      00
 1627              	.LASF42:
 1628 00c2 6163635F 		.ascii	"acc_z\000"
 1628      7A00
 1629              	.LASF107:
 1630 00c8 474E5520 		.ascii	"GNU C 4.6.3\000"
 1630      4320342E 
 1630      362E3300 
 1631              	.LASF38:
 1632 00d4 6B496D65 		.ascii	"kImeTotal\000"
 1632      546F7461 
 1632      6C00
 1633              	.LASF83:
 1634 00de 4163636C 		.ascii	"AcclZXmtr2\000"
 1634      5A586D74 
 1634      723200
 1635              	.LASF94:
 1636 00e9 6B466C61 		.ascii	"kFlagCompetitionSwitch\000"
 1636      67436F6D 
 1636      70657469 
 1636      74696F6E 
 1636      53776974 
 1637              	.LASF106:
 1638 0100 7665784C 		.ascii	"vexLocalCompState\000"
 1638      6F63616C 
 1638      436F6D70 
 1638      53746174 
 1638      6500
 1639              	.LASF3:
 1640 0112 73686F72 		.ascii	"short int\000"
 1640      7420696E 
 1640      7400
 1641              	.LASF29:
 1642 011c 6B566578 		.ascii	"kVexDigitalOutput\000"
 1642      44696769 
 1642      74616C4F 
ARM GAS  /tmp/ccyL7nT3.s 			page 31


 1642      75747075 
 1642      7400
 1643              	.LASF55:
 1644 012e 42746E36 		.ascii	"Btn6D\000"
 1644      4400
 1645              	.LASF108:
 1646 0134 2E2E2F63 		.ascii	"../convex/cortex/fw/vexctl.c\000"
 1646      6F6E7665 
 1646      782F636F 
 1646      72746578 
 1646      2F66772F 
 1647              	.LASF57:
 1648 0151 4163636C 		.ascii	"AcclX\000"
 1648      5800
 1649              	.LASF58:
 1650 0157 4163636C 		.ascii	"AcclY\000"
 1650      5900
 1651              	.LASF59:
 1652 015d 4163636C 		.ascii	"AcclZ\000"
 1652      5A00
 1653              	.LASF103:
 1654 0163 696E6465 		.ascii	"index\000"
 1654      7800
 1655              	.LASF56:
 1656 0169 42746E36 		.ascii	"Btn6U\000"
 1656      5500
 1657              	.LASF93:
 1658 016f 6B466C61 		.ascii	"kFlagBit2\000"
 1658      67426974 
 1658      3200
 1659              	.LASF24:
 1660 0179 6B566578 		.ascii	"kVexDigital_10\000"
 1660      44696769 
 1660      74616C5F 
 1660      313000
 1661              	.LASF25:
 1662 0188 6B566578 		.ascii	"kVexDigital_11\000"
 1662      44696769 
 1662      74616C5F 
 1662      313100
 1663              	.LASF26:
 1664 0197 6B566578 		.ascii	"kVexDigital_12\000"
 1664      44696769 
 1664      74616C5F 
 1664      313200
 1665              	.LASF75:
 1666 01a6 42746E37 		.ascii	"Btn7UXmtr2\000"
 1666      55586D74 
 1666      723200
 1667              	.LASF76:
 1668 01b1 42746E37 		.ascii	"Btn7RXmtr2\000"
 1668      52586D74 
 1668      723200
 1669              	.LASF0:
 1670 01bc 756E7369 		.ascii	"unsigned int\000"
 1670      676E6564 
 1670      20696E74 
ARM GAS  /tmp/ccyL7nT3.s 			page 32


 1670      00
 1671              	.LASF10:
 1672 01c9 6C6F6E67 		.ascii	"long long int\000"
 1672      206C6F6E 
 1672      6720696E 
 1672      7400
 1673              	.LASF79:
 1674 01d7 42746E36 		.ascii	"Btn6DXmtr2\000"
 1674      44586D74 
 1674      723200
 1675              	.LASF74:
 1676 01e2 42746E37 		.ascii	"Btn7LXmtr2\000"
 1676      4C586D74 
 1676      723200
 1677              	.LASF104:
 1678 01ed 616E616C 		.ascii	"analog\000"
 1678      6F6700
 1679              	.LASF8:
 1680 01f4 6C6F6E67 		.ascii	"long int\000"
 1680      20696E74 
 1680      00
 1681              	.LASF64:
 1682 01fd 42746E41 		.ascii	"BtnAny\000"
 1682      6E7900
 1683              	.LASF68:
 1684 0204 43683458 		.ascii	"Ch4Xmtr2\000"
 1684      6D747232 
 1684      00
 1685              	.LASF87:
 1686 020d 42746E38 		.ascii	"Btn8mXtr2\000"
 1686      6D587472 
 1686      3200
 1687              	.LASF28:
 1688 0217 6B566578 		.ascii	"kVexDigitalInput\000"
 1688      44696769 
 1688      74616C49 
 1688      6E707574 
 1688      00
 1689              	.LASF95:
 1690 0228 6B466C61 		.ascii	"kFlagResetSlave\000"
 1690      67526573 
 1690      6574536C 
 1690      61766500 
 1691              	.LASF100:
 1692 0238 76657843 		.ascii	"vexControllerCompetitionStateSet\000"
 1692      6F6E7472 
 1692      6F6C6C65 
 1692      72436F6D 
 1692      70657469 
 1693              	.LASF90:
 1694 0259 6B466C61 		.ascii	"kFlagNoXmiters\000"
 1694      674E6F58 
 1694      6D697465 
 1694      727300
 1695              	.LASF69:
 1696 0268 42746E38 		.ascii	"Btn8DXmtr2\000"
 1696      44586D74 
ARM GAS  /tmp/ccyL7nT3.s 			page 33


 1696      723200
 1697              	.LASF97:
 1698 0273 6B466C61 		.ascii	"kFlagAutonomousMode\000"
 1698      67417574 
 1698      6F6E6F6D 
 1698      6F75734D 
 1698      6F646500 
 1699              	.LASF43:
 1700 0287 62746E73 		.ascii	"btns\000"
 1700      00
 1701              	.LASF49:
 1702 028c 42746E37 		.ascii	"Btn7D\000"
 1702      4400
 1703              	.LASF2:
 1704 0292 756E7369 		.ascii	"unsigned char\000"
 1704      676E6564 
 1704      20636861 
 1704      7200
 1705              	.LASF84:
 1706 02a0 42746E35 		.ascii	"Btn5Xmtr2\000"
 1706      586D7472 
 1706      3200
 1707              	.LASF65:
 1708 02aa 43683158 		.ascii	"Ch1Xmtr2\000"
 1708      6D747232 
 1708      00
 1709              	.LASF50:
 1710 02b3 42746E37 		.ascii	"Btn7L\000"
 1710      4C00
 1711              	.LASF1:
 1712 02b9 7369676E 		.ascii	"signed char\000"
 1712      65642063 
 1712      68617200 
 1713              	.LASF11:
 1714 02c5 6C6F6E67 		.ascii	"long long unsigned int\000"
 1714      206C6F6E 
 1714      6720756E 
 1714      7369676E 
 1714      65642069 
 1715              	.LASF51:
 1716 02dc 42746E37 		.ascii	"Btn7U\000"
 1716      5500
 1717              	.LASF17:
 1718 02e2 6B566578 		.ascii	"kVexDigital_3\000"
 1718      44696769 
 1718      74616C5F 
 1718      3300
 1719              	.LASF5:
 1720 02f0 75696E74 		.ascii	"uint16_t\000"
 1720      31365F74 
 1720      00
 1721              	.LASF53:
 1722 02f9 42746E35 		.ascii	"Btn5D\000"
 1722      4400
 1723              	.LASF86:
 1724 02ff 42746E37 		.ascii	"Btn7Xmtr2\000"
 1724      586D7472 
ARM GAS  /tmp/ccyL7nT3.s 			page 34


 1724      3200
 1725              	.LASF67:
 1726 0309 43683358 		.ascii	"Ch3Xmtr2\000"
 1726      6D747232 
 1726      00
 1727              	.LASF78:
 1728 0312 42746E35 		.ascii	"Btn5UXmtr2\000"
 1728      55586D74 
 1728      723200
 1729              	.LASF6:
 1730 031d 73686F72 		.ascii	"short unsigned int\000"
 1730      7420756E 
 1730      7369676E 
 1730      65642069 
 1730      6E7400
 1731              	.LASF13:
 1732 0330 63686172 		.ascii	"char\000"
 1732      00
 1733              	.LASF15:
 1734 0335 6B566578 		.ascii	"kVexDigital_1\000"
 1734      44696769 
 1734      74616C5F 
 1734      3100
 1735              	.LASF16:
 1736 0343 6B566578 		.ascii	"kVexDigital_2\000"
 1736      44696769 
 1736      74616C5F 
 1736      3200
 1737              	.LASF7:
 1738 0351 696E7433 		.ascii	"int32_t\000"
 1738      325F7400 
 1739              	.LASF18:
 1740 0359 6B566578 		.ascii	"kVexDigital_4\000"
 1740      44696769 
 1740      74616C5F 
 1740      3400
 1741              	.LASF19:
 1742 0367 6B566578 		.ascii	"kVexDigital_5\000"
 1742      44696769 
 1742      74616C5F 
 1742      3500
 1743              	.LASF20:
 1744 0375 6B566578 		.ascii	"kVexDigital_6\000"
 1744      44696769 
 1744      74616C5F 
 1744      3600
 1745              	.LASF21:
 1746 0383 6B566578 		.ascii	"kVexDigital_7\000"
 1746      44696769 
 1746      74616C5F 
 1746      3700
 1747              	.LASF22:
 1748 0391 6B566578 		.ascii	"kVexDigital_8\000"
 1748      44696769 
 1748      74616C5F 
 1748      3800
 1749              	.LASF23:
ARM GAS  /tmp/ccyL7nT3.s 			page 35


 1750 039f 6B566578 		.ascii	"kVexDigital_9\000"
 1750      44696769 
 1750      74616C5F 
 1750      3900
 1751              	.LASF12:
 1752 03ad 5F426F6F 		.ascii	"_Bool\000"
 1752      6C00
 1753              	.LASF110:
 1754 03b3 5F6A7364 		.ascii	"_jsdata\000"
 1754      61746100 
 1755              	.LASF54:
 1756 03bb 42746E35 		.ascii	"Btn5U\000"
 1756      5500
 1757              	.LASF82:
 1758 03c1 4163636C 		.ascii	"AcclYXmtr2\000"
 1758      59586D74 
 1758      723200
 1759              	.LASF45:
 1760 03cc 42746E38 		.ascii	"Btn8D\000"
 1760      4400
 1761              	.LASF111:
 1762 03d2 76657843 		.ascii	"vexControllerReleaseWait\000"
 1762      6F6E7472 
 1762      6F6C6C65 
 1762      7252656C 
 1762      65617365 
 1763              	.LASF9:
 1764 03eb 6C6F6E67 		.ascii	"long unsigned int\000"
 1764      20756E73 
 1764      69676E65 
 1764      6420696E 
 1764      7400
 1765              	.LASF80:
 1766 03fd 42746E36 		.ascii	"Btn6UXmtr2\000"
 1766      55586D74 
 1766      723200
 1767              	.LASF52:
 1768 0408 42746E37 		.ascii	"Btn7R\000"
 1768      5200
 1769              	.LASF46:
 1770 040e 42746E38 		.ascii	"Btn8L\000"
 1770      4C00
 1771              	.LASF81:
 1772 0414 4163636C 		.ascii	"AcclXXmtr2\000"
 1772      58586D74 
 1772      723200
 1773              	.LASF101:
 1774 041f 76657843 		.ascii	"vexControllerCompetitonState\000"
 1774      6F6E7472 
 1774      6F6C6C65 
 1774      72436F6D 
 1774      70657469 
 1775              	.LASF44:
 1776 043c 6A736461 		.ascii	"jsdata\000"
 1776      746100
 1777              	.LASF48:
 1778 0443 42746E38 		.ascii	"Btn8R\000"
ARM GAS  /tmp/ccyL7nT3.s 			page 36


 1778      5200
 1779              	.LASF88:
 1780 0449 42746E41 		.ascii	"BtnAnyXmtr2\000"
 1780      6E79586D 
 1780      74723200 
 1781              	.LASF99:
 1782 0455 6D61736B 		.ascii	"mask\000"
 1782      00
 1783              	.LASF77:
 1784 045a 42746E35 		.ascii	"Btn5DXmtr2\000"
 1784      44586D74 
 1784      723200
 1785              	.LASF47:
 1786 0465 42746E38 		.ascii	"Btn8U\000"
 1786      5500
 1787              	.LASF71:
 1788 046b 42746E38 		.ascii	"Btn8UXmtr2\000"
 1788      55586D74 
 1788      723200
 1789              	.LASF72:
 1790 0476 42746E38 		.ascii	"Btn8RXmtr2\000"
 1790      52586D74 
 1790      723200
 1791              	.LASF96:
 1792 0481 6B466C61 		.ascii	"kFlagGameController\000"
 1792      6747616D 
 1792      65436F6E 
 1792      74726F6C 
 1792      6C657200 
 1793              	.LASF27:
 1794 0495 6B566578 		.ascii	"kVexDigital_Num\000"
 1794      44696769 
 1794      74616C5F 
 1794      4E756D00 
 1795              	.LASF91:
 1796 04a5 6B466C61 		.ascii	"kFlagXmit1\000"
 1796      67586D69 
 1796      743100
 1797              	.LASF92:
 1798 04b0 6B466C61 		.ascii	"kFlagXmit2\000"
 1798      67586D69 
 1798      743200
 1799              	.LASF4:
 1800 04bb 696E7431 		.ascii	"int16_t\000"
 1800      365F7400 
 1801              	.LASF70:
 1802 04c3 42746E38 		.ascii	"Btn8LXmtr2\000"
 1802      4C586D74 
 1802      723200
 1803              	.LASF73:
 1804 04ce 42746E37 		.ascii	"Btn7DXmtr2\000"
 1804      44586D74 
 1804      723200
 1805              	.LASF102:
 1806 04d9 76657843 		.ascii	"vexControllerGet\000"
 1806      6F6E7472 
 1806      6F6C6C65 
ARM GAS  /tmp/ccyL7nT3.s 			page 37


 1806      72476574 
 1806      00
 1807              	.LASF112:
 1808 04ea 49544D5F 		.ascii	"ITM_RxBuffer\000"
 1808      52784275 
 1808      66666572 
 1808      00
 1809              	.LASF60:
 1810 04f7 42746E35 		.ascii	"Btn5\000"
 1810      00
 1811              	.LASF61:
 1812 04fc 42746E36 		.ascii	"Btn6\000"
 1812      00
 1813              	.LASF62:
 1814 0501 42746E37 		.ascii	"Btn7\000"
 1814      00
 1815              	.LASF63:
 1816 0506 42746E38 		.ascii	"Btn8\000"
 1816      00
 1817              	.LASF98:
 1818 050b 6B466C61 		.ascii	"kFlagDisabled\000"
 1818      67446973 
 1818      61626C65 
 1818      6400
 1819              	.LASF89:
 1820 0519 7443746C 		.ascii	"tCtlIndex\000"
 1820      496E6465 
 1820      7800
 1821              	.LASF105:
 1822 0523 74696D65 		.ascii	"timeout\000"
 1822      6F757400 
 1823              	.LASF85:
 1824 052b 42746E36 		.ascii	"Btn6Xmtr2\000"
 1824      586D7472 
 1824      3200
 1825              		.ident	"GCC: (Sourcery CodeBench Lite 2012.03-56) 4.6.3"
ARM GAS  /tmp/ccyL7nT3.s 			page 38


DEFINED SYMBOLS
                            *ABS*:00000000 vexctl.c
     /tmp/ccyL7nT3.s:19     .text.vexControllerCompetitionStateSet:00000000 $t
     /tmp/ccyL7nT3.s:25     .text.vexControllerCompetitionStateSet:00000000 vexControllerCompetitionStateSet
     /tmp/ccyL7nT3.s:475    .bss.vexLocalCompState:00000000 .LANCHOR0
     /tmp/ccyL7nT3.s:79     .text.vexControllerCompetitonState:00000000 $t
     /tmp/ccyL7nT3.s:85     .text.vexControllerCompetitonState:00000000 vexControllerCompetitonState
     /tmp/ccyL7nT3.s:124    .text.vexControllerGet:00000000 $t
     /tmp/ccyL7nT3.s:130    .text.vexControllerGet:00000000 vexControllerGet
     /tmp/ccyL7nT3.s:159    .text.vexControllerGet:0000001c $d
     /tmp/ccyL7nT3.s:183    .text.vexControllerGet:00000034 $t
     /tmp/ccyL7nT3.s:412    .text.vexControllerReleaseWait:00000000 $t
     /tmp/ccyL7nT3.s:418    .text.vexControllerReleaseWait:00000000 vexControllerReleaseWait
     /tmp/ccyL7nT3.s:474    .bss.vexLocalCompState:00000000 $d
     /tmp/ccyL7nT3.s:478    .bss.vexLocalCompState:00000000 vexLocalCompState
                     .debug_frame:00000010 $d

UNDEFINED SYMBOLS
vexSpiGetControl
vexSpiGetJoystickDataPtr
vexSleep
